[ 2016-12-31T20:29:12+08:00 ] 127.0.0.1 /tp/admin.php
INFO: [ app_init ] --START--
INFO: Run Behavior\BuildLiteBehavior [ RunTime:0.000025s ]
INFO: [ app_init ] --END-- [ RunTime:0.000145s ]
INFO: [ app_begin ] --START--
INFO: Run Behavior\ReadHtmlCacheBehavior [ RunTime:0.002089s ]
INFO: [ app_begin ] --END-- [ RunTime:0.002232s ]
INFO: [ view_parse ] --START--
NOTIC: [2] file_get_contents(./Application/Admin/Admin/View/Admin/header.html): failed to open stream: No such file or directory C:\wamp\www\tp\ThinkPHP\Library\Think\Template.class.php 第 696 行.
NOTIC: [2] file_get_contents(./Application/Admin/Admin/View/Admin/footer.html): failed to open stream: No such file or directory C:\wamp\www\tp\ThinkPHP\Library\Think\Template.class.php 第 696 行.
INFO: [ template_filter ] --START--
INFO: Run Behavior\ContentReplaceBehavior [ RunTime:0.000113s ]
INFO: [ template_filter ] --END-- [ RunTime:0.000271s ]
INFO: Run Behavior\ParseTemplateBehavior [ RunTime:0.028105s ]
INFO: [ view_parse ] --END-- [ RunTime:0.028225s ]
INFO: [ view_filter ] --START--
INFO: Run Behavior\WriteHtmlCacheBehavior [ RunTime:0.001787s ]
INFO: [ view_filter ] --END-- [ RunTime:0.001867s ]
INFO: [ app_end ] --START--
INFO: Run Behavior\ShowPageTraceBehavior [ RunTime:0.002102s ]
INFO: [ app_end ] --END-- [ RunTime:0.002195s ]

[ 2016-12-31T20:29:12+08:00 ] 127.0.0.1 /tp/admin.php/Index/VerifyCode
INFO: [ app_init ] --START--
INFO: Run Behavior\BuildLiteBehavior [ RunTime:0.000024s ]
INFO: [ app_init ] --END-- [ RunTime:0.000133s ]
INFO: [ app_begin ] --START--
INFO: Run Behavior\ReadHtmlCacheBehavior [ RunTime:0.002413s ]
INFO: [ app_begin ] --END-- [ RunTime:0.002541s ]
INFO: [ app_end ] --START--
INFO: Run Behavior\ShowPageTraceBehavior [ RunTime:0.002660s ]
INFO: [ app_end ] --END-- [ RunTime:0.002780s ]

[ 2016-12-31T20:29:47+08:00 ] 127.0.0.1 /tp/admin.php/Index/check
INFO: [ app_init ] --START--
INFO: Run Behavior\BuildLiteBehavior [ RunTime:0.000020s ]
INFO: [ app_init ] --END-- [ RunTime:0.000111s ]
INFO: [ app_begin ] --START--
INFO: Run Behavior\ReadHtmlCacheBehavior [ RunTime:0.002946s ]
INFO: [ app_begin ] --END-- [ RunTime:0.003052s ]
SQL: SHOW COLUMNS FROM `think_admin` [ RunTime:0.0277s ]
SQL: SELECT * FROM `think_admin` WHERE `username` = 'niuhaiyang' LIMIT 1   [ RunTime:0.0005s ]

[ 2016-12-31T22:18:23+08:00 ] 127.0.0.1 /tp/admin.php/Index/check
INFO: [ app_init ] --START--
INFO: Run Behavior\BuildLiteBehavior [ RunTime:0.000021s ]
INFO: [ app_init ] --END-- [ RunTime:0.000126s ]
INFO: [ app_begin ] --START--
INFO: Run Behavior\ReadHtmlCacheBehavior [ RunTime:0.002563s ]
INFO: [ app_begin ] --END-- [ RunTime:0.002702s ]
SQL: SHOW COLUMNS FROM `think_admin` [ RunTime:0.0093s ]
SQL: SELECT * FROM `think_admin` WHERE `username` = 'yzj' LIMIT 1   [ RunTime:0.0004s ]

[ 2016-12-31T22:19:08+08:00 ] 127.0.0.1 /tp/admin.php/Index/check
INFO: [ app_init ] --START--
INFO: Run Behavior\BuildLiteBehavior [ RunTime:0.000021s ]
INFO: [ app_init ] --END-- [ RunTime:0.000113s ]
INFO: [ app_begin ] --START--
INFO: Run Behavior\ReadHtmlCacheBehavior [ RunTime:0.001646s ]
INFO: [ app_begin ] --END-- [ RunTime:0.001745s ]
SQL: SHOW COLUMNS FROM `think_admin` [ RunTime:0.0077s ]
SQL: SELECT * FROM `think_admin` WHERE `username` = 'yzj' LIMIT 1   [ RunTime:0.0005s ]

[ 2016-12-31T22:19:09+08:00 ] 127.0.0.1 /tp/admin.php
INFO: [ app_init ] --START--
INFO: Run Behavior\BuildLiteBehavior [ RunTime:0.000022s ]
INFO: [ app_init ] --END-- [ RunTime:0.000114s ]
INFO: [ app_begin ] --START--
INFO: Run Behavior\ReadHtmlCacheBehavior [ RunTime:0.001860s ]
INFO: [ app_begin ] --END-- [ RunTime:0.002039s ]
INFO: [ view_parse ] --START--
NOTIC: [2] file_get_contents(./Application/Admin/Admin/View/Admin/header.html): failed to open stream: No such file or directory C:\wamp\www\tp\ThinkPHP\Library\Think\Template.class.php 第 696 行.
NOTIC: [2] file_get_contents(./Application/Admin/Admin/View/Admin/footer.html): failed to open stream: No such file or directory C:\wamp\www\tp\ThinkPHP\Library\Think\Template.class.php 第 696 行.
INFO: [ template_filter ] --START--
INFO: Run Behavior\ContentReplaceBehavior [ RunTime:0.000061s ]
INFO: [ template_filter ] --END-- [ RunTime:0.000148s ]
INFO: Run Behavior\ParseTemplateBehavior [ RunTime:0.025352s ]
INFO: [ view_parse ] --END-- [ RunTime:0.025471s ]
INFO: [ view_filter ] --START--
INFO: Run Behavior\WriteHtmlCacheBehavior [ RunTime:0.002107s ]
INFO: [ view_filter ] --END-- [ RunTime:0.002198s ]
INFO: [ app_end ] --START--
INFO: Run Behavior\ShowPageTraceBehavior [ RunTime:0.002283s ]
INFO: [ app_end ] --END-- [ RunTime:0.002362s ]

[ 2016-12-31T22:19:10+08:00 ] 127.0.0.1 /tp/admin.php/Index/VerifyCode
INFO: [ app_init ] --START--
INFO: Run Behavior\BuildLiteBehavior [ RunTime:0.000023s ]
INFO: [ app_init ] --END-- [ RunTime:0.000125s ]
INFO: [ app_begin ] --START--
INFO: Run Behavior\ReadHtmlCacheBehavior [ RunTime:0.002387s ]
INFO: [ app_begin ] --END-- [ RunTime:0.002520s ]
INFO: [ app_end ] --START--
INFO: Run Behavior\ShowPageTraceBehavior [ RunTime:0.001982s ]
INFO: [ app_end ] --END-- [ RunTime:0.002181s ]

[ 2016-12-31T22:19:28+08:00 ] 127.0.0.1 /tp/admin.php/Index/check
INFO: [ app_init ] --START--
INFO: Run Behavior\BuildLiteBehavior [ RunTime:0.000021s ]
INFO: [ app_init ] --END-- [ RunTime:0.000111s ]
INFO: [ app_begin ] --START--
INFO: Run Behavior\ReadHtmlCacheBehavior [ RunTime:0.001637s ]
INFO: [ app_begin ] --END-- [ RunTime:0.001731s ]
SQL: SHOW COLUMNS FROM `think_admin` [ RunTime:0.0076s ]
SQL: SELECT * FROM `think_admin` WHERE `username` = 'yzj' LIMIT 1   [ RunTime:0.0006s ]

[ 2016-12-31T22:19:28+08:00 ] 127.0.0.1 /tp/admin.php
INFO: [ app_init ] --START--
INFO: Run Behavior\BuildLiteBehavior [ RunTime:0.000022s ]
INFO: [ app_init ] --END-- [ RunTime:0.000115s ]
INFO: [ app_begin ] --START--
INFO: Run Behavior\ReadHtmlCacheBehavior [ RunTime:0.001995s ]
INFO: [ app_begin ] --END-- [ RunTime:0.002128s ]
SQL: SHOW COLUMNS FROM `think_admin` [ RunTime:0.0091s ]
SQL: SELECT * FROM `think_admin` WHERE `username` = 'yzj' LIMIT 1   [ RunTime:0.0004s ]
SQL: SHOW COLUMNS FROM `think_level` [ RunTime:0.0185s ]
SQL: SELECT * FROM `think_level` WHERE `id` = 2 LIMIT 1   [ RunTime:0.0003s ]

[ 2016-12-31T22:19:28+08:00 ] 127.0.0.1 /tp/admin.php/Index/main.html
INFO: [ app_init ] --START--
INFO: Run Behavior\BuildLiteBehavior [ RunTime:0.000022s ]
INFO: [ app_init ] --END-- [ RunTime:0.000121s ]
INFO: [ app_begin ] --START--
INFO: Run Behavior\ReadHtmlCacheBehavior [ RunTime:0.001637s ]
INFO: [ app_begin ] --END-- [ RunTime:0.001746s ]
INFO: [ view_parse ] --START--
NOTIC: [2] file_get_contents(./Application/Admin/Admin/View/Admin/header.html): failed to open stream: No such file or directory C:\wamp\www\tp\ThinkPHP\Library\Think\Template.class.php 第 696 行.
NOTIC: [2] file_get_contents(./Application/Admin/Admin/View/Admin/footer.html): failed to open stream: No such file or directory C:\wamp\www\tp\ThinkPHP\Library\Think\Template.class.php 第 696 行.
INFO: [ template_filter ] --START--
INFO: Run Behavior\ContentReplaceBehavior [ RunTime:0.000112s ]
INFO: [ template_filter ] --END-- [ RunTime:0.000248s ]
NOTIC: [8] Use of undefined constant username - assumed 'username' C:\wamp\www\tp\Application\Admin\Runtime\Cache\Admin\90d0c5640f78d590bcfc4d7a10441ee7.php 第 46 行.
INFO: Run Behavior\ParseTemplateBehavior [ RunTime:0.028165s ]
INFO: [ view_parse ] --END-- [ RunTime:0.028257s ]
INFO: [ view_filter ] --START--
INFO: Run Behavior\WriteHtmlCacheBehavior [ RunTime:0.001435s ]
INFO: [ view_filter ] --END-- [ RunTime:0.001513s ]
INFO: [ view_parse ] --START--
NOTIC: [2] file_get_contents(./Application/Admin/Admin/View/Admin/header.html): failed to open stream: No such file or directory C:\wamp\www\tp\ThinkPHP\Library\Think\Template.class.php 第 696 行.
NOTIC: [2] file_get_contents(./Application/Admin/Admin/View/Admin/footer.html): failed to open stream: No such file or directory C:\wamp\www\tp\ThinkPHP\Library\Think\Template.class.php 第 696 行.
INFO: [ template_filter ] --START--
INFO: Run Behavior\ContentReplaceBehavior [ RunTime:0.000045s ]
INFO: [ template_filter ] --END-- [ RunTime:-0.020223s ]
INFO: Run Behavior\ParseTemplateBehavior [ RunTime:0.012528s ]
INFO: [ view_parse ] --END-- [ RunTime:-0.003289s ]
INFO: [ view_filter ] --START--
INFO: Run Behavior\WriteHtmlCacheBehavior [ RunTime:0.000022s ]
INFO: [ view_filter ] --END-- [ RunTime:-0.014418s ]
INFO: [ view_parse ] --START--
NOTIC: [2] file_get_contents(./Application/Admin/Admin/View/Admin/header.html): failed to open stream: No such file or directory C:\wamp\www\tp\ThinkPHP\Library\Think\Template.class.php 第 696 行.
NOTIC: [2] file_get_contents(./Application/Admin/Admin/View/Admin/footer.html): failed to open stream: No such file or directory C:\wamp\www\tp\ThinkPHP\Library\Think\Template.class.php 第 696 行.
INFO: [ template_filter ] --START--
INFO: Run Behavior\ContentReplaceBehavior [ RunTime:0.000056s ]
INFO: [ template_filter ] --END-- [ RunTime:-0.035015s ]
INFO: Run Behavior\ParseTemplateBehavior [ RunTime:0.013376s ]
INFO: [ view_parse ] --END-- [ RunTime:-0.017275s ]
INFO: [ view_filter ] --START--
INFO: Run Behavior\WriteHtmlCacheBehavior [ RunTime:0.000024s ]
INFO: [ view_filter ] --END-- [ RunTime:-0.029210s ]
INFO: [ app_end ] --START--
INFO: Run Behavior\ShowPageTraceBehavior [ RunTime:0.001659s ]
INFO: [ app_end ] --END-- [ RunTime:0.001735s ]

[ 2016-12-31T22:19:29+08:00 ] 127.0.0.1 /tp/admin.php/Index/resources/images/closelabel.gif
INFO: [ app_init ] --START--
INFO: Run Behavior\BuildLiteBehavior [ RunTime:0.000023s ]
INFO: [ app_init ] --END-- [ RunTime:0.000125s ]

[ 2016-12-31T22:19:29+08:00 ] 127.0.0.1 /tp/admin.php/Index/resources/images/loading.gif
INFO: [ app_init ] --START--
INFO: Run Behavior\BuildLiteBehavior [ RunTime:0.000024s ]
INFO: [ app_init ] --END-- [ RunTime:0.000137s ]

[ 2016-12-31T22:19:36+08:00 ] 127.0.0.1 /tp/admin.php/Single/message.html
INFO: [ app_init ] --START--
INFO: Run Behavior\BuildLiteBehavior [ RunTime:0.000022s ]
INFO: [ app_init ] --END-- [ RunTime:0.000120s ]
INFO: [ app_begin ] --START--
INFO: Run Behavior\ReadHtmlCacheBehavior [ RunTime:0.001640s ]
INFO: [ app_begin ] --END-- [ RunTime:0.001748s ]
SQL: SHOW COLUMNS FROM `think_message` [ RunTime:0.0081s ]
SQL: SELECT * FROM `think_message`  [ RunTime:0.0005s ]
INFO: [ view_parse ] --START--
NOTIC: [2] file_get_contents(./Application/Admin/Admin/View/Admin/header.html): failed to open stream: No such file or directory C:\wamp\www\tp\ThinkPHP\Library\Think\Template.class.php 第 696 行.
NOTIC: [2] file_get_contents(./Application/Admin/Admin/View/Admin/footer.html): failed to open stream: No such file or directory C:\wamp\www\tp\ThinkPHP\Library\Think\Template.class.php 第 696 行.
INFO: [ template_filter ] --START--
INFO: Run Behavior\ContentReplaceBehavior [ RunTime:0.000082s ]
INFO: [ template_filter ] --END-- [ RunTime:0.000180s ]
NOTIC: [8] Use of undefined constant username - assumed 'username' C:\wamp\www\tp\Application\Admin\Runtime\Cache\Admin\90d0c5640f78d590bcfc4d7a10441ee7.php 第 46 行.
INFO: Run Behavior\ParseTemplateBehavior [ RunTime:0.029887s ]
INFO: [ view_parse ] --END-- [ RunTime:0.030001s ]
INFO: [ view_filter ] --START--
INFO: Run Behavior\WriteHtmlCacheBehavior [ RunTime:0.001700s ]
INFO: [ view_filter ] --END-- [ RunTime:0.001788s ]
INFO: [ view_parse ] --START--
NOTIC: [2] file_get_contents(./Application/Admin/Admin/View/Admin/header.html): failed to open stream: No such file or directory C:\wamp\www\tp\ThinkPHP\Library\Think\Template.class.php 第 696 行.
NOTIC: [2] file_get_contents(./Application/Admin/Admin/View/Admin/footer.html): failed to open stream: No such file or directory C:\wamp\www\tp\ThinkPHP\Library\Think\Template.class.php 第 696 行.
INFO: [ template_filter ] --START--
INFO: Run Behavior\ContentReplaceBehavior [ RunTime:0.000057s ]
INFO: [ template_filter ] --END-- [ RunTime:-0.024827s ]
INFO: Run Behavior\ParseTemplateBehavior [ RunTime:0.031071s ]
INFO: [ view_parse ] --END-- [ RunTime:-0.003747s ]
INFO: [ view_filter ] --START--
INFO: Run Behavior\WriteHtmlCacheBehavior [ RunTime:0.000025s ]
INFO: [ view_filter ] --END-- [ RunTime:-0.033201s ]
INFO: [ view_parse ] --START--
NOTIC: [2] file_get_contents(./Application/Admin/Admin/View/Admin/header.html): failed to open stream: No such file or directory C:\wamp\www\tp\ThinkPHP\Library\Think\Template.class.php 第 696 行.
NOTIC: [2] file_get_contents(./Application/Admin/Admin/View/Admin/footer.html): failed to open stream: No such file or directory C:\wamp\www\tp\ThinkPHP\Library\Think\Template.class.php 第 696 行.
INFO: [ template_filter ] --START--
INFO: Run Behavior\ContentReplaceBehavior [ RunTime:0.000055s ]
INFO: [ template_filter ] --END-- [ RunTime:-0.057130s ]
INFO: Run Behavior\ParseTemplateBehavior [ RunTime:0.014762s ]
INFO: [ view_parse ] --END-- [ RunTime:-0.038531s ]
INFO: [ view_filter ] --START--
INFO: Run Behavior\WriteHtmlCacheBehavior [ RunTime:0.000037s ]
INFO: [ view_filter ] --END-- [ RunTime:-0.051694s ]
INFO: [ app_end ] --START--
INFO: Run Behavior\ShowPageTraceBehavior [ RunTime:0.001944s ]
INFO: [ app_end ] --END-- [ RunTime:0.002031s ]

[ 2016-12-31T22:19:36+08:00 ] 127.0.0.1 /tp/admin.php/Single/resources/images/closelabel.gif
INFO: [ app_init ] --START--
INFO: Run Behavior\BuildLiteBehavior [ RunTime:0.000023s ]
INFO: [ app_init ] --END-- [ RunTime:0.000129s ]

[ 2016-12-31T22:19:36+08:00 ] 127.0.0.1 /tp/admin.php/Single/resources/images/loading.gif
INFO: [ app_init ] --START--
INFO: Run Behavior\BuildLiteBehavior [ RunTime:0.000026s ]
INFO: [ app_init ] --END-- [ RunTime:0.000147s ]

[ 2016-12-31T22:19:42+08:00 ] 127.0.0.1 /tp/admin.php/Single/viewMessage/id/15
INFO: [ app_init ] --START--
INFO: Run Behavior\BuildLiteBehavior [ RunTime:0.000020s ]
INFO: [ app_init ] --END-- [ RunTime:0.000113s ]
INFO: [ app_begin ] --START--
INFO: Run Behavior\ReadHtmlCacheBehavior [ RunTime:0.002016s ]
INFO: [ app_begin ] --END-- [ RunTime:0.002161s ]
SQL: SHOW COLUMNS FROM `think_message` [ RunTime:0.0080s ]
SQL: SELECT * FROM `think_message` WHERE `id` = 15 LIMIT 1   [ RunTime:0.0004s ]
INFO: [ view_parse ] --START--
NOTIC: [2] file_get_contents(./Application/Admin/Admin/View/Admin/header.html): failed to open stream: No such file or directory C:\wamp\www\tp\ThinkPHP\Library\Think\Template.class.php 第 696 行.
NOTIC: [2] file_get_contents(./Application/Admin/Admin/View/Admin/footer.html): failed to open stream: No such file or directory C:\wamp\www\tp\ThinkPHP\Library\Think\Template.class.php 第 696 行.
INFO: [ template_filter ] --START--
INFO: Run Behavior\ContentReplaceBehavior [ RunTime:0.000080s ]
INFO: [ template_filter ] --END-- [ RunTime:0.000174s ]
NOTIC: [8] Use of undefined constant username - assumed 'username' C:\wamp\www\tp\Application\Admin\Runtime\Cache\Admin\90d0c5640f78d590bcfc4d7a10441ee7.php 第 46 行.
INFO: Run Behavior\ParseTemplateBehavior [ RunTime:0.029359s ]
INFO: [ view_parse ] --END-- [ RunTime:0.029477s ]
INFO: [ view_filter ] --START--
INFO: Run Behavior\WriteHtmlCacheBehavior [ RunTime:0.001566s ]
INFO: [ view_filter ] --END-- [ RunTime:0.001648s ]
INFO: [ view_parse ] --START--
NOTIC: [2] file_get_contents(./Application/Admin/Admin/View/Admin/header.html): failed to open stream: No such file or directory C:\wamp\www\tp\ThinkPHP\Library\Think\Template.class.php 第 696 行.
NOTIC: [2] file_get_contents(./Application/Admin/Admin/View/Admin/footer.html): failed to open stream: No such file or directory C:\wamp\www\tp\ThinkPHP\Library\Think\Template.class.php 第 696 行.
INFO: [ template_filter ] --START--
INFO: Run Behavior\ContentReplaceBehavior [ RunTime:0.000049s ]
INFO: [ template_filter ] --END-- [ RunTime:-0.040775s ]
INFO: Run Behavior\ParseTemplateBehavior [ RunTime:0.026216s ]
INFO: [ view_parse ] --END-- [ RunTime:-0.010836s ]
INFO: [ view_filter ] --START--
INFO: Run Behavior\WriteHtmlCacheBehavior [ RunTime:0.000026s ]
INFO: [ view_filter ] --END-- [ RunTime:-0.035497s ]
INFO: [ view_parse ] --START--
NOTIC: [2] file_get_contents(./Application/Admin/Admin/View/Admin/header.html): failed to open stream: No such file or directory C:\wamp\www\tp\ThinkPHP\Library\Think\Template.class.php 第 696 行.
NOTIC: [2] file_get_contents(./Application/Admin/Admin/View/Admin/footer.html): failed to open stream: No such file or directory C:\wamp\www\tp\ThinkPHP\Library\Think\Template.class.php 第 696 行.
INFO: [ template_filter ] --START--
INFO: Run Behavior\ContentReplaceBehavior [ RunTime:0.000068s ]
INFO: [ template_filter ] --END-- [ RunTime:-0.057133s ]
INFO: Run Behavior\ParseTemplateBehavior [ RunTime:0.014606s ]
INFO: [ view_parse ] --END-- [ RunTime:-0.038818s ]
INFO: [ view_filter ] --START--
INFO: Run Behavior\WriteHtmlCacheBehavior [ RunTime:0.000026s ]
INFO: [ view_filter ] --END-- [ RunTime:-0.051865s ]
INFO: [ app_end ] --START--
INFO: Run Behavior\ShowPageTraceBehavior [ RunTime:0.001757s ]
INFO: [ app_end ] --END-- [ RunTime:0.001844s ]

[ 2016-12-31T22:19:43+08:00 ] 127.0.0.1 /tp/admin.php/Single/viewMessage/id/resources/images/closelabel.gif
INFO: [ app_init ] --START--
INFO: Run Behavior\BuildLiteBehavior [ RunTime:0.000022s ]
INFO: [ app_init ] --END-- [ RunTime:0.000118s ]

[ 2016-12-31T22:19:43+08:00 ] 127.0.0.1 /tp/admin.php/Single/viewMessage/id/resources/images/loading.gif
INFO: [ app_init ] --START--
INFO: Run Behavior\BuildLiteBehavior [ RunTime:0.000049s ]
INFO: [ app_init ] --END-- [ RunTime:0.000247s ]

[ 2016-12-31T22:19:48+08:00 ] 127.0.0.1 /tp/admin.php/Single/images.html
INFO: [ app_init ] --START--
INFO: Run Behavior\BuildLiteBehavior [ RunTime:0.000022s ]
INFO: [ app_init ] --END-- [ RunTime:0.000112s ]
INFO: [ app_begin ] --START--
INFO: Run Behavior\ReadHtmlCacheBehavior [ RunTime:0.002551s ]
INFO: [ app_begin ] --END-- [ RunTime:0.002661s ]
SQL: SHOW COLUMNS FROM `think_banner` [ RunTime:0.0091s ]
SQL: SELECT * FROM `think_banner`  [ RunTime:0.0004s ]
INFO: [ view_parse ] --START--
NOTIC: [2] file_get_contents(./Application/Admin/Admin/View/Admin/header.html): failed to open stream: No such file or directory C:\wamp\www\tp\ThinkPHP\Library\Think\Template.class.php 第 696 行.
NOTIC: [2] file_get_contents(./Application/Admin/Admin/View/Admin/footer.html): failed to open stream: No such file or directory C:\wamp\www\tp\ThinkPHP\Library\Think\Template.class.php 第 696 行.
INFO: [ template_filter ] --START--
INFO: Run Behavior\ContentReplaceBehavior [ RunTime:0.000080s ]
INFO: [ template_filter ] --END-- [ RunTime:0.000175s ]
NOTIC: [8] Use of undefined constant username - assumed 'username' C:\wamp\www\tp\Application\Admin\Runtime\Cache\Admin\90d0c5640f78d590bcfc4d7a10441ee7.php 第 46 行.
INFO: Run Behavior\ParseTemplateBehavior [ RunTime:0.029452s ]
INFO: [ view_parse ] --END-- [ RunTime:0.029543s ]
INFO: [ view_filter ] --START--
INFO: Run Behavior\WriteHtmlCacheBehavior [ RunTime:0.001559s ]
INFO: [ view_filter ] --END-- [ RunTime:0.001639s ]
INFO: [ view_parse ] --START--
NOTIC: [2] file_get_contents(./Application/Admin/Admin/View/Admin/header.html): failed to open stream: No such file or directory C:\wamp\www\tp\ThinkPHP\Library\Think\Template.class.php 第 696 行.
NOTIC: [2] file_get_contents(./Application/Admin/Admin/View/Admin/footer.html): failed to open stream: No such file or directory C:\wamp\www\tp\ThinkPHP\Library\Think\Template.class.php 第 696 行.
INFO: [ template_filter ] --START--
INFO: Run Behavior\ContentReplaceBehavior [ RunTime:0.000053s ]
INFO: [ template_filter ] --END-- [ RunTime:-0.032660s ]
NOTIC: [8] Undefined variable: page C:\wamp\www\tp\Application\Admin\Runtime\Cache\Admin\4b3f2f4e7ffc8783c247c6af288a721a.php 第 42 行.
INFO: Run Behavior\ParseTemplateBehavior [ RunTime:0.026474s ]
INFO: [ view_parse ] --END-- [ RunTime:-0.003514s ]
INFO: [ view_filter ] --START--
INFO: Run Behavior\WriteHtmlCacheBehavior [ RunTime:0.000023s ]
INFO: [ view_filter ] --END-- [ RunTime:-0.028438s ]
INFO: [ view_parse ] --START--
NOTIC: [2] file_get_contents(./Application/Admin/Admin/View/Admin/header.html): failed to open stream: No such file or directory C:\wamp\www\tp\ThinkPHP\Library\Think\Template.class.php 第 696 行.
NOTIC: [2] file_get_contents(./Application/Admin/Admin/View/Admin/footer.html): failed to open stream: No such file or directory C:\wamp\www\tp\ThinkPHP\Library\Think\Template.class.php 第 696 行.
INFO: [ template_filter ] --START--
INFO: Run Behavior\ContentReplaceBehavior [ RunTime:0.000054s ]
INFO: [ template_filter ] --END-- [ RunTime:-0.049440s ]
INFO: Run Behavior\ParseTemplateBehavior [ RunTime:0.012819s ]
INFO: [ view_parse ] --END-- [ RunTime:-0.031786s ]
INFO: [ view_filter ] --START--
INFO: Run Behavior\WriteHtmlCacheBehavior [ RunTime:0.000086s ]
INFO: [ view_filter ] --END-- [ RunTime:-0.043076s ]
INFO: [ app_end ] --START--
INFO: Run Behavior\ShowPageTraceBehavior [ RunTime:0.002688s ]
INFO: [ app_end ] --END-- [ RunTime:0.002778s ]

[ 2016-12-31T22:19:49+08:00 ] 127.0.0.1 /tp/admin.php/Single/resources/images/closelabel.gif
INFO: [ app_init ] --START--
INFO: Run Behavior\BuildLiteBehavior [ RunTime:0.000023s ]
INFO: [ app_init ] --END-- [ RunTime:0.000128s ]

[ 2016-12-31T22:19:49+08:00 ] 127.0.0.1 /tp/admin.php/Single/resources/images/loading.gif
INFO: [ app_init ] --START--
INFO: Run Behavior\BuildLiteBehavior [ RunTime:0.000024s ]
INFO: [ app_init ] --END-- [ RunTime:0.000126s ]

[ 2016-12-31T22:19:55+08:00 ] 127.0.0.1 /tp/admin.php/Single/message.html
INFO: [ app_init ] --START--
INFO: Run Behavior\BuildLiteBehavior [ RunTime:0.000022s ]
INFO: [ app_init ] --END-- [ RunTime:0.000117s ]
INFO: [ app_begin ] --START--
INFO: Run Behavior\ReadHtmlCacheBehavior [ RunTime:0.002556s ]
INFO: [ app_begin ] --END-- [ RunTime:0.002673s ]
SQL: SHOW COLUMNS FROM `think_message` [ RunTime:0.0082s ]
SQL: SELECT * FROM `think_message`  [ RunTime:0.0005s ]
INFO: [ view_parse ] --START--
NOTIC: [2] file_get_contents(./Application/Admin/Admin/View/Admin/header.html): failed to open stream: No such file or directory C:\wamp\www\tp\ThinkPHP\Library\Think\Template.class.php 第 696 行.
NOTIC: [2] file_get_contents(./Application/Admin/Admin/View/Admin/footer.html): failed to open stream: No such file or directory C:\wamp\www\tp\ThinkPHP\Library\Think\Template.class.php 第 696 行.
INFO: [ template_filter ] --START--
INFO: Run Behavior\ContentReplaceBehavior [ RunTime:0.000078s ]
INFO: [ template_filter ] --END-- [ RunTime:0.000174s ]
NOTIC: [8] Use of undefined constant username - assumed 'username' C:\wamp\www\tp\Application\Admin\Runtime\Cache\Admin\90d0c5640f78d590bcfc4d7a10441ee7.php 第 46 行.
INFO: Run Behavior\ParseTemplateBehavior [ RunTime:0.032547s ]
INFO: [ view_parse ] --END-- [ RunTime:0.032710s ]
INFO: [ view_filter ] --START--
INFO: Run Behavior\WriteHtmlCacheBehavior [ RunTime:0.003161s ]
INFO: [ view_filter ] --END-- [ RunTime:0.003244s ]
INFO: [ view_parse ] --START--
NOTIC: [2] file_get_contents(./Application/Admin/Admin/View/Admin/header.html): failed to open stream: No such file or directory C:\wamp\www\tp\ThinkPHP\Library\Think\Template.class.php 第 696 行.
NOTIC: [2] file_get_contents(./Application/Admin/Admin/View/Admin/footer.html): failed to open stream: No such file or directory C:\wamp\www\tp\ThinkPHP\Library\Think\Template.class.php 第 696 行.
INFO: [ template_filter ] --START--
INFO: Run Behavior\ContentReplaceBehavior [ RunTime:0.000059s ]
INFO: [ template_filter ] --END-- [ RunTime:-0.024614s ]
INFO: Run Behavior\ParseTemplateBehavior [ RunTime:0.017171s ]
INFO: [ view_parse ] --END-- [ RunTime:-0.004707s ]
INFO: [ view_filter ] --START--
INFO: Run Behavior\WriteHtmlCacheBehavior [ RunTime:0.000027s ]
INFO: [ view_filter ] --END-- [ RunTime:-0.018726s ]
INFO: [ view_parse ] --START--
NOTIC: [2] file_get_contents(./Application/Admin/Admin/View/Admin/header.html): failed to open stream: No such file or directory C:\wamp\www\tp\ThinkPHP\Library\Think\Template.class.php 第 696 行.
NOTIC: [2] file_get_contents(./Application/Admin/Admin/View/Admin/footer.html): failed to open stream: No such file or directory C:\wamp\www\tp\ThinkPHP\Library\Think\Template.class.php 第 696 行.
INFO: [ template_filter ] --START--
INFO: Run Behavior\ContentReplaceBehavior [ RunTime:0.000057s ]
INFO: [ template_filter ] --END-- [ RunTime:-0.041927s ]
INFO: Run Behavior\ParseTemplateBehavior [ RunTime:0.014446s ]
INFO: [ view_parse ] --END-- [ RunTime:-0.023690s ]
INFO: [ view_filter ] --START--
INFO: Run Behavior\WriteHtmlCacheBehavior [ RunTime:0.000027s ]
INFO: [ view_filter ] --END-- [ RunTime:-0.034991s ]
INFO: [ app_end ] --START--
INFO: Run Behavior\ShowPageTraceBehavior [ RunTime:0.002455s ]
INFO: [ app_end ] --END-- [ RunTime:0.002549s ]

[ 2016-12-31T22:19:56+08:00 ] 127.0.0.1 /tp/admin.php/Single/resources/images/loading.gif
INFO: [ app_init ] --START--
INFO: Run Behavior\BuildLiteBehavior [ RunTime:0.000022s ]
INFO: [ app_init ] --END-- [ RunTime:0.000117s ]

[ 2016-12-31T22:19:56+08:00 ] 127.0.0.1 /tp/admin.php/Single/resources/images/closelabel.gif
INFO: [ app_init ] --START--
INFO: Run Behavior\BuildLiteBehavior [ RunTime:0.000025s ]
INFO: [ app_init ] --END-- [ RunTime:0.000131s ]

[ 2016-12-31T22:21:22+08:00 ] 127.0.0.1 /tp/admin.php/Single/message.html
INFO: [ app_init ] --START--
INFO: Run Behavior\BuildLiteBehavior [ RunTime:0.000022s ]
INFO: [ app_init ] --END-- [ RunTime:0.000128s ]
INFO: [ app_begin ] --START--
INFO: Run Behavior\ReadHtmlCacheBehavior [ RunTime:0.001704s ]
INFO: [ app_begin ] --END-- [ RunTime:0.001818s ]
SQL: SHOW COLUMNS FROM `think_message` [ RunTime:0.0088s ]
SQL: SELECT * FROM `think_message`  [ RunTime:0.0005s ]
INFO: [ view_parse ] --START--
NOTIC: [2] file_get_contents(./Application/Admin/Admin/View/Admin/header.html): failed to open stream: No such file or directory C:\wamp\www\tp\ThinkPHP\Library\Think\Template.class.php 第 696 行.
NOTIC: [2] file_get_contents(./Application/Admin/Admin/View/Admin/footer.html): failed to open stream: No such file or directory C:\wamp\www\tp\ThinkPHP\Library\Think\Template.class.php 第 696 行.
INFO: [ template_filter ] --START--
INFO: Run Behavior\ContentReplaceBehavior [ RunTime:0.000082s ]
INFO: [ template_filter ] --END-- [ RunTime:0.000180s ]
NOTIC: [8] Use of undefined constant username - assumed 'username' C:\wamp\www\tp\Application\Admin\Runtime\Cache\Admin\90d0c5640f78d590bcfc4d7a10441ee7.php 第 46 行.
INFO: Run Behavior\ParseTemplateBehavior [ RunTime:0.028445s ]
INFO: [ view_parse ] --END-- [ RunTime:0.028552s ]
INFO: [ view_filter ] --START--
INFO: Run Behavior\WriteHtmlCacheBehavior [ RunTime:0.001415s ]
INFO: [ view_filter ] --END-- [ RunTime:0.001491s ]
INFO: [ view_parse ] --START--
NOTIC: [2] file_get_contents(./Application/Admin/Admin/View/Admin/header.html): failed to open stream: No such file or directory C:\wamp\www\tp\ThinkPHP\Library\Think\Template.class.php 第 696 行.
NOTIC: [2] file_get_contents(./Application/Admin/Admin/View/Admin/footer.html): failed to open stream: No such file or directory C:\wamp\www\tp\ThinkPHP\Library\Think\Template.class.php 第 696 行.
INFO: [ template_filter ] --START--
INFO: Run Behavior\ContentReplaceBehavior [ RunTime:0.000056s ]
INFO: [ template_filter ] --END-- [ RunTime:-0.022364s ]
INFO: Run Behavior\ParseTemplateBehavior [ RunTime:0.017064s ]
INFO: [ view_parse ] --END-- [ RunTime:-0.002867s ]
INFO: [ view_filter ] --START--
INFO: Run Behavior\WriteHtmlCacheBehavior [ RunTime:0.000025s ]
INFO: [ view_filter ] --END-- [ RunTime:-0.018545s ]
INFO: [ view_parse ] --START--
NOTIC: [2] file_get_contents(./Application/Admin/Admin/View/Admin/header.html): failed to open stream: No such file or directory C:\wamp\www\tp\ThinkPHP\Library\Think\Template.class.php 第 696 行.
NOTIC: [2] file_get_contents(./Application/Admin/Admin/View/Admin/footer.html): failed to open stream: No such file or directory C:\wamp\www\tp\ThinkPHP\Library\Think\Template.class.php 第 696 行.
INFO: [ template_filter ] --START--
INFO: Run Behavior\ContentReplaceBehavior [ RunTime:0.000057s ]
INFO: [ template_filter ] --END-- [ RunTime:-0.041048s ]
INFO: Run Behavior\ParseTemplateBehavior [ RunTime:0.015641s ]
INFO: [ view_parse ] --END-- [ RunTime:-0.022354s ]
INFO: [ view_filter ] --START--
INFO: Run Behavior\WriteHtmlCacheBehavior [ RunTime:0.000027s ]
INFO: [ view_filter ] --END-- [ RunTime:-0.036624s ]
INFO: [ app_end ] --START--
INFO: Run Behavior\ShowPageTraceBehavior [ RunTime:0.001671s ]
INFO: [ app_end ] --END-- [ RunTime:0.001749s ]

[ 2016-12-31T22:21:23+08:00 ] 127.0.0.1 /tp/admin.php/Single/resources/images/loading.gif
INFO: [ app_init ] --START--
INFO: Run Behavior\BuildLiteBehavior [ RunTime:0.000023s ]
INFO: [ app_init ] --END-- [ RunTime:0.000116s ]

[ 2016-12-31T22:21:23+08:00 ] 127.0.0.1 /tp/admin.php/Single/resources/images/closelabel.gif
INFO: [ app_init ] --START--
INFO: Run Behavior\BuildLiteBehavior [ RunTime:0.000024s ]
INFO: [ app_init ] --END-- [ RunTime:0.000122s ]

