[ 2017-06-20T17:34:59+08:00 ] ::1 /tp2/admin.php/login/index
INFO: [ app_init ] --START--
INFO: Run Behavior\BuildLiteBehavior [ RunTime:0.000014s ]
INFO: [ app_init ] --END-- [ RunTime:0.000086s ]
INFO: [ app_begin ] --START--
INFO: Run Behavior\ReadHtmlCacheBehavior [ RunTime:0.001325s ]
INFO: [ app_begin ] --END-- [ RunTime:0.001410s ]
ERR: 无法加载控制器:Login

[ 2017-06-20T17:35:09+08:00 ] ::1 /tp2/admin.php/index/index
INFO: [ app_init ] --START--
INFO: Run Behavior\BuildLiteBehavior [ RunTime:0.000015s ]
INFO: [ app_init ] --END-- [ RunTime:0.000138s ]
INFO: [ app_begin ] --START--
INFO: Run Behavior\ReadHtmlCacheBehavior [ RunTime:0.000562s ]
INFO: [ app_begin ] --END-- [ RunTime:0.000607s ]
INFO: [ view_parse ] --START--
NOTIC: [2] file_get_contents(./Application/Admin/Admin/View/Admin/header.html): failed to open stream: No such file or directory D:\phpStudy\WWW\tp2\ThinkPHP\Library\Think\Template.class.php 第 696 行.
NOTIC: [2] file_get_contents(./Application/Admin/Admin/View/Admin/footer.html): failed to open stream: No such file or directory D:\phpStudy\WWW\tp2\ThinkPHP\Library\Think\Template.class.php 第 696 行.
INFO: [ template_filter ] --START--
INFO: Run Behavior\ContentReplaceBehavior [ RunTime:0.000037s ]
INFO: [ template_filter ] --END-- [ RunTime:0.000080s ]
INFO: Run Behavior\ParseTemplateBehavior [ RunTime:0.167875s ]
INFO: [ view_parse ] --END-- [ RunTime:0.167942s ]
INFO: [ view_filter ] --START--
INFO: Run Behavior\WriteHtmlCacheBehavior [ RunTime:0.005361s ]
INFO: [ view_filter ] --END-- [ RunTime:0.005411s ]
INFO: [ app_end ] --START--
INFO: Run Behavior\ShowPageTraceBehavior [ RunTime:0.011385s ]
INFO: [ app_end ] --END-- [ RunTime:0.011433s ]

[ 2017-06-20T17:35:09+08:00 ] ::1 /tp2/admin.php/Index/VerifyCode
INFO: [ app_init ] --START--
INFO: Run Behavior\BuildLiteBehavior [ RunTime:0.000012s ]
INFO: [ app_init ] --END-- [ RunTime:0.000067s ]
INFO: [ app_begin ] --START--
INFO: Run Behavior\ReadHtmlCacheBehavior [ RunTime:0.000540s ]
INFO: [ app_begin ] --END-- [ RunTime:0.000593s ]
INFO: [ app_end ] --START--
INFO: Run Behavior\ShowPageTraceBehavior [ RunTime:0.000747s ]
INFO: [ app_end ] --END-- [ RunTime:0.000866s ]

[ 2017-06-20T17:35:09+08:00 ] ::1 /tp2/admin.php/index/resources/images/loading.gif
INFO: [ app_init ] --START--
INFO: Run Behavior\BuildLiteBehavior [ RunTime:0.000046s ]
INFO: [ app_init ] --END-- [ RunTime:0.000132s ]

[ 2017-06-20T17:35:09+08:00 ] ::1 /tp2/admin.php/index/resources/images/closelabel.gif
INFO: [ app_init ] --START--
INFO: Run Behavior\BuildLiteBehavior [ RunTime:0.000349s ]
INFO: [ app_init ] --END-- [ RunTime:0.000576s ]

[ 2017-06-20T17:35:35+08:00 ] ::1 /tp2/admin.php/Index/check
INFO: [ app_init ] --START--
INFO: Run Behavior\BuildLiteBehavior [ RunTime:0.000012s ]
INFO: [ app_init ] --END-- [ RunTime:0.000069s ]
INFO: [ app_begin ] --START--
INFO: Run Behavior\ReadHtmlCacheBehavior [ RunTime:0.000545s ]
INFO: [ app_begin ] --END-- [ RunTime:0.000586s ]
SQL: SHOW COLUMNS FROM `think_admin` [ RunTime:0.0096s ]
SQL: SELECT * FROM `think_admin` WHERE `username` = 'yzj' LIMIT 1   [ RunTime:0.0005s ]

[ 2017-06-20T17:35:36+08:00 ] ::1 /tp2/admin.php/index/index
INFO: [ app_init ] --START--
INFO: Run Behavior\BuildLiteBehavior [ RunTime:0.000009s ]
INFO: [ app_init ] --END-- [ RunTime:0.000048s ]
INFO: [ app_begin ] --START--
INFO: Run Behavior\ReadHtmlCacheBehavior [ RunTime:0.000514s ]
INFO: [ app_begin ] --END-- [ RunTime:0.000557s ]
SQL: SHOW COLUMNS FROM `think_admin` [ RunTime:0.0050s ]
SQL: SELECT * FROM `think_admin` WHERE `username` = 'yzj' LIMIT 1   [ RunTime:0.0004s ]
SQL: SHOW COLUMNS FROM `think_level` [ RunTime:0.0052s ]
SQL: SELECT * FROM `think_level` WHERE `id` = 2 LIMIT 1   [ RunTime:0.0141s ]

[ 2017-06-20T17:35:36+08:00 ] ::1 /tp2/admin.php/Index/main.html
INFO: [ app_init ] --START--
INFO: Run Behavior\BuildLiteBehavior [ RunTime:0.000009s ]
INFO: [ app_init ] --END-- [ RunTime:0.000046s ]
INFO: [ app_begin ] --START--
INFO: Run Behavior\ReadHtmlCacheBehavior [ RunTime:0.000559s ]
INFO: [ app_begin ] --END-- [ RunTime:0.000601s ]
INFO: [ view_parse ] --START--
NOTIC: [2] file_get_contents(./Application/Admin/Admin/View/Admin/header.html): failed to open stream: No such file or directory D:\phpStudy\WWW\tp2\ThinkPHP\Library\Think\Template.class.php 第 696 行.
NOTIC: [2] file_get_contents(./Application/Admin/Admin/View/Admin/footer.html): failed to open stream: No such file or directory D:\phpStudy\WWW\tp2\ThinkPHP\Library\Think\Template.class.php 第 696 行.
INFO: [ template_filter ] --START--
INFO: Run Behavior\ContentReplaceBehavior [ RunTime:0.000061s ]
INFO: [ template_filter ] --END-- [ RunTime:0.000127s ]
INFO: Run Behavior\ParseTemplateBehavior [ RunTime:0.020605s ]
INFO: [ view_parse ] --END-- [ RunTime:0.020663s ]
INFO: [ view_filter ] --START--
INFO: Run Behavior\WriteHtmlCacheBehavior [ RunTime:0.000424s ]
INFO: [ view_filter ] --END-- [ RunTime:0.000457s ]
INFO: [ view_parse ] --START--
NOTIC: [2] file_get_contents(./Application/Admin/Admin/View/Admin/header.html): failed to open stream: No such file or directory D:\phpStudy\WWW\tp2\ThinkPHP\Library\Think\Template.class.php 第 696 行.
NOTIC: [2] file_get_contents(./Application/Admin/Admin/View/Admin/footer.html): failed to open stream: No such file or directory D:\phpStudy\WWW\tp2\ThinkPHP\Library\Think\Template.class.php 第 696 行.
INFO: [ template_filter ] --START--
INFO: Run Behavior\ContentReplaceBehavior [ RunTime:0.000027s ]
INFO: [ template_filter ] --END-- [ RunTime:-0.004798s ]
INFO: Run Behavior\ParseTemplateBehavior [ RunTime:0.002429s ]
INFO: [ view_parse ] --END-- [ RunTime:-0.000736s ]
INFO: [ view_filter ] --START--
INFO: Run Behavior\WriteHtmlCacheBehavior [ RunTime:0.000011s ]
INFO: [ view_filter ] --END-- [ RunTime:-0.002752s ]
NOTIC: [2] Cannot modify header information - headers already sent by (output started at D:\phpStudy\WWW\tp2\ThinkPHP\Library\Think\View.class.php:95) D:\phpStudy\WWW\tp2\ThinkPHP\Library\Think\View.class.php 第 91 行.
NOTIC: [2] Cannot modify header information - headers already sent by (output started at D:\phpStudy\WWW\tp2\ThinkPHP\Library\Think\View.class.php:95) D:\phpStudy\WWW\tp2\ThinkPHP\Library\Think\View.class.php 第 92 行.
NOTIC: [2] Cannot modify header information - headers already sent by (output started at D:\phpStudy\WWW\tp2\ThinkPHP\Library\Think\View.class.php:95) D:\phpStudy\WWW\tp2\ThinkPHP\Library\Think\View.class.php 第 93 行.
INFO: [ view_parse ] --START--
NOTIC: [2] file_get_contents(./Application/Admin/Admin/View/Admin/header.html): failed to open stream: No such file or directory D:\phpStudy\WWW\tp2\ThinkPHP\Library\Think\Template.class.php 第 696 行.
NOTIC: [2] file_get_contents(./Application/Admin/Admin/View/Admin/footer.html): failed to open stream: No such file or directory D:\phpStudy\WWW\tp2\ThinkPHP\Library\Think\Template.class.php 第 696 行.
INFO: [ template_filter ] --START--
INFO: Run Behavior\ContentReplaceBehavior [ RunTime:0.000034s ]
INFO: [ template_filter ] --END-- [ RunTime:-0.018425s ]
INFO: Run Behavior\ParseTemplateBehavior [ RunTime:0.079829s ]
INFO: [ view_parse ] --END-- [ RunTime:-0.003511s ]
INFO: [ view_filter ] --START--
INFO: Run Behavior\WriteHtmlCacheBehavior [ RunTime:0.000010s ]
INFO: [ view_filter ] --END-- [ RunTime:-0.082932s ]
NOTIC: [2] Cannot modify header information - headers already sent by (output started at D:\phpStudy\WWW\tp2\ThinkPHP\Library\Think\View.class.php:95) D:\phpStudy\WWW\tp2\ThinkPHP\Library\Think\View.class.php 第 91 行.
NOTIC: [2] Cannot modify header information - headers already sent by (output started at D:\phpStudy\WWW\tp2\ThinkPHP\Library\Think\View.class.php:95) D:\phpStudy\WWW\tp2\ThinkPHP\Library\Think\View.class.php 第 92 行.
NOTIC: [2] Cannot modify header information - headers already sent by (output started at D:\phpStudy\WWW\tp2\ThinkPHP\Library\Think\View.class.php:95) D:\phpStudy\WWW\tp2\ThinkPHP\Library\Think\View.class.php 第 93 行.
INFO: [ app_end ] --START--
INFO: Run Behavior\ShowPageTraceBehavior [ RunTime:0.000550s ]
INFO: [ app_end ] --END-- [ RunTime:0.000581s ]

[ 2017-06-20T17:35:37+08:00 ] ::1 /tp2/admin.php/Index/resources/images/closelabel.gif
INFO: [ app_init ] --START--
INFO: Run Behavior\BuildLiteBehavior [ RunTime:0.000014s ]
INFO: [ app_init ] --END-- [ RunTime:0.000076s ]

[ 2017-06-20T17:35:37+08:00 ] ::1 /tp2/admin.php/Index/resources/images/loading.gif
INFO: [ app_init ] --START--
INFO: Run Behavior\BuildLiteBehavior [ RunTime:0.000013s ]
INFO: [ app_init ] --END-- [ RunTime:0.000080s ]

[ 2017-06-20T17:48:26+08:00 ] ::1 /tp2/admin.php/Single/images.html
INFO: [ app_init ] --START--
INFO: Run Behavior\BuildLiteBehavior [ RunTime:0.000009s ]
INFO: [ app_init ] --END-- [ RunTime:0.000069s ]
INFO: [ app_begin ] --START--
INFO: Run Behavior\ReadHtmlCacheBehavior [ RunTime:0.000547s ]
INFO: [ app_begin ] --END-- [ RunTime:0.000587s ]
SQL: SHOW COLUMNS FROM `think_banner` [ RunTime:0.0724s ]
SQL: SELECT * FROM `think_banner`  [ RunTime:0.0003s ]
INFO: [ view_parse ] --START--
NOTIC: [2] file_get_contents(./Application/Admin/Admin/View/Admin/header.html): failed to open stream: No such file or directory D:\phpStudy\WWW\tp2\ThinkPHP\Library\Think\Template.class.php 第 696 行.
NOTIC: [2] file_get_contents(./Application/Admin/Admin/View/Admin/footer.html): failed to open stream: No such file or directory D:\phpStudy\WWW\tp2\ThinkPHP\Library\Think\Template.class.php 第 696 行.
INFO: [ template_filter ] --START--
INFO: Run Behavior\ContentReplaceBehavior [ RunTime:0.000060s ]
INFO: [ template_filter ] --END-- [ RunTime:0.000109s ]
INFO: Run Behavior\ParseTemplateBehavior [ RunTime:0.009093s ]
INFO: [ view_parse ] --END-- [ RunTime:0.009142s ]
INFO: [ view_filter ] --START--
INFO: Run Behavior\WriteHtmlCacheBehavior [ RunTime:0.000548s ]
INFO: [ view_filter ] --END-- [ RunTime:0.000591s ]
INFO: [ view_parse ] --START--
NOTIC: [2] file_get_contents(./Application/Admin/Admin/View/Admin/header.html): failed to open stream: No such file or directory D:\phpStudy\WWW\tp2\ThinkPHP\Library\Think\Template.class.php 第 696 行.
NOTIC: [2] file_get_contents(./Application/Admin/Admin/View/Admin/footer.html): failed to open stream: No such file or directory D:\phpStudy\WWW\tp2\ThinkPHP\Library\Think\Template.class.php 第 696 行.
INFO: [ template_filter ] --START--
INFO: Run Behavior\ContentReplaceBehavior [ RunTime:0.000033s ]
INFO: [ template_filter ] --END-- [ RunTime:-0.099872s ]
NOTIC: [8] Undefined variable: page D:\phpStudy\WWW\tp2\Application\Admin\Runtime\Cache\Admin\4b3f2f4e7ffc8783c247c6af288a721a.php 第 42 行.
INFO: Run Behavior\ParseTemplateBehavior [ RunTime:0.011808s ]
INFO: [ view_parse ] --END-- [ RunTime:-0.088068s ]
INFO: [ view_filter ] --START--
INFO: Run Behavior\WriteHtmlCacheBehavior [ RunTime:0.000013s ]
INFO: [ view_filter ] --END-- [ RunTime:-0.099358s ]
NOTIC: [2] Cannot modify header information - headers already sent by (output started at D:\phpStudy\WWW\tp2\ThinkPHP\Library\Think\View.class.php:95) D:\phpStudy\WWW\tp2\ThinkPHP\Library\Think\View.class.php 第 91 行.
NOTIC: [2] Cannot modify header information - headers already sent by (output started at D:\phpStudy\WWW\tp2\ThinkPHP\Library\Think\View.class.php:95) D:\phpStudy\WWW\tp2\ThinkPHP\Library\Think\View.class.php 第 92 行.
NOTIC: [2] Cannot modify header information - headers already sent by (output started at D:\phpStudy\WWW\tp2\ThinkPHP\Library\Think\View.class.php:95) D:\phpStudy\WWW\tp2\ThinkPHP\Library\Think\View.class.php 第 93 行.
INFO: [ view_parse ] --START--
NOTIC: [2] file_get_contents(./Application/Admin/Admin/View/Admin/header.html): failed to open stream: No such file or directory D:\phpStudy\WWW\tp2\ThinkPHP\Library\Think\Template.class.php 第 696 行.
NOTIC: [2] file_get_contents(./Application/Admin/Admin/View/Admin/footer.html): failed to open stream: No such file or directory D:\phpStudy\WWW\tp2\ThinkPHP\Library\Think\Template.class.php 第 696 行.
INFO: [ template_filter ] --START--
INFO: Run Behavior\ContentReplaceBehavior [ RunTime:0.000033s ]
INFO: [ template_filter ] --END-- [ RunTime:-0.104396s ]
INFO: Run Behavior\ParseTemplateBehavior [ RunTime:0.003467s ]
INFO: [ view_parse ] --END-- [ RunTime:-0.100405s ]
INFO: [ view_filter ] --START--
INFO: Run Behavior\WriteHtmlCacheBehavior [ RunTime:0.000015s ]
INFO: [ view_filter ] --END-- [ RunTime:-0.103374s ]
NOTIC: [2] Cannot modify header information - headers already sent by (output started at D:\phpStudy\WWW\tp2\ThinkPHP\Library\Think\View.class.php:95) D:\phpStudy\WWW\tp2\ThinkPHP\Library\Think\View.class.php 第 91 行.
NOTIC: [2] Cannot modify header information - headers already sent by (output started at D:\phpStudy\WWW\tp2\ThinkPHP\Library\Think\View.class.php:95) D:\phpStudy\WWW\tp2\ThinkPHP\Library\Think\View.class.php 第 92 行.
NOTIC: [2] Cannot modify header information - headers already sent by (output started at D:\phpStudy\WWW\tp2\ThinkPHP\Library\Think\View.class.php:95) D:\phpStudy\WWW\tp2\ThinkPHP\Library\Think\View.class.php 第 93 行.
INFO: [ app_end ] --START--
INFO: Run Behavior\ShowPageTraceBehavior [ RunTime:0.001293s ]
INFO: [ app_end ] --END-- [ RunTime:0.001358s ]

[ 2017-06-20T17:48:26+08:00 ] ::1 /tp2/admin.php/Single/resources/images/closelabel.gif
INFO: [ app_init ] --START--
INFO: Run Behavior\BuildLiteBehavior [ RunTime:0.000032s ]
INFO: [ app_init ] --END-- [ RunTime:0.000101s ]

[ 2017-06-20T17:48:26+08:00 ] ::1 /tp2/admin.php/Single/resources/images/loading.gif
INFO: [ app_init ] --START--
INFO: Run Behavior\BuildLiteBehavior [ RunTime:0.000014s ]
INFO: [ app_init ] --END-- [ RunTime:0.000080s ]

[ 2017-06-20T18:03:00+08:00 ] ::1 /tp2/admin.php/Index/index
INFO: [ app_init ] --START--
INFO: Run Behavior\BuildLiteBehavior [ RunTime:0.000016s ]
INFO: [ app_init ] --END-- [ RunTime:0.000104s ]
INFO: [ app_begin ] --START--
INFO: Run Behavior\ReadHtmlCacheBehavior [ RunTime:0.000604s ]
INFO: [ app_begin ] --END-- [ RunTime:0.000653s ]
INFO: [ view_parse ] --START--
NOTIC: [2] file_get_contents(./Application/Admin/Admin/View/Admin/header.html): failed to open stream: No such file or directory D:\phpStudy\WWW\tp2\ThinkPHP\Library\Think\Template.class.php 第 696 行.
NOTIC: [2] file_get_contents(./Application/Admin/Admin/View/Admin/footer.html): failed to open stream: No such file or directory D:\phpStudy\WWW\tp2\ThinkPHP\Library\Think\Template.class.php 第 696 行.
INFO: [ template_filter ] --START--
INFO: Run Behavior\ContentReplaceBehavior [ RunTime:0.000037s ]
INFO: [ template_filter ] --END-- [ RunTime:0.000078s ]
INFO: Run Behavior\ParseTemplateBehavior [ RunTime:0.005525s ]
INFO: [ view_parse ] --END-- [ RunTime:0.005571s ]
INFO: [ view_filter ] --START--
INFO: Run Behavior\WriteHtmlCacheBehavior [ RunTime:0.000381s ]
INFO: [ view_filter ] --END-- [ RunTime:0.000412s ]
INFO: [ app_end ] --START--
INFO: Run Behavior\ShowPageTraceBehavior [ RunTime:0.000966s ]
INFO: [ app_end ] --END-- [ RunTime:0.001024s ]

[ 2017-06-20T18:03:00+08:00 ] ::1 /tp2/admin.php/Index/VerifyCode
INFO: [ app_init ] --START--
INFO: Run Behavior\BuildLiteBehavior [ RunTime:0.000014s ]
INFO: [ app_init ] --END-- [ RunTime:0.000087s ]
INFO: [ app_begin ] --START--
INFO: Run Behavior\ReadHtmlCacheBehavior [ RunTime:0.000735s ]
INFO: [ app_begin ] --END-- [ RunTime:0.000793s ]
INFO: [ app_end ] --START--
INFO: Run Behavior\ShowPageTraceBehavior [ RunTime:0.000589s ]
INFO: [ app_end ] --END-- [ RunTime:0.000642s ]

[ 2017-06-20T18:03:00+08:00 ] ::1 /tp2/admin.php/Index/resources/images/closelabel.gif
INFO: [ app_init ] --START--
INFO: Run Behavior\BuildLiteBehavior [ RunTime:0.000014s ]
INFO: [ app_init ] --END-- [ RunTime:0.000064s ]

[ 2017-06-20T18:03:00+08:00 ] ::1 /tp2/admin.php/Index/resources/images/loading.gif
INFO: [ app_init ] --START--
INFO: Run Behavior\BuildLiteBehavior [ RunTime:0.000008s ]
INFO: [ app_init ] --END-- [ RunTime:0.000051s ]

[ 2017-06-20T18:03:04+08:00 ] ::1 /tp2/admin.php/Index/check
INFO: [ app_init ] --START--
INFO: Run Behavior\BuildLiteBehavior [ RunTime:0.000009s ]
INFO: [ app_init ] --END-- [ RunTime:0.000049s ]
INFO: [ app_begin ] --START--
INFO: Run Behavior\ReadHtmlCacheBehavior [ RunTime:0.000578s ]
INFO: [ app_begin ] --END-- [ RunTime:0.000620s ]
SQL: SHOW COLUMNS FROM `think_admin` [ RunTime:0.0056s ]
SQL: SELECT * FROM `think_admin` WHERE `username` = '' LIMIT 1   [ RunTime:0.0004s ]

[ 2017-06-20T18:03:19+08:00 ] ::1 /tp2/admin.php/Index/check
INFO: [ app_init ] --START--
INFO: Run Behavior\BuildLiteBehavior [ RunTime:0.000009s ]
INFO: [ app_init ] --END-- [ RunTime:0.000048s ]
INFO: [ app_begin ] --START--
INFO: Run Behavior\ReadHtmlCacheBehavior [ RunTime:0.000540s ]
INFO: [ app_begin ] --END-- [ RunTime:0.000579s ]
SQL: SHOW COLUMNS FROM `think_admin` [ RunTime:0.0077s ]
SQL: SELECT * FROM `think_admin` WHERE `username` = 'yzj' LIMIT 1   [ RunTime:0.0004s ]

[ 2017-06-20T18:03:20+08:00 ] ::1 /tp2/admin.php/Index/index
INFO: [ app_init ] --START--
INFO: Run Behavior\BuildLiteBehavior [ RunTime:0.000015s ]
INFO: [ app_init ] --END-- [ RunTime:0.000078s ]
INFO: [ app_begin ] --START--
INFO: Run Behavior\ReadHtmlCacheBehavior [ RunTime:0.000734s ]
INFO: [ app_begin ] --END-- [ RunTime:0.000809s ]
SQL: SHOW COLUMNS FROM `think_admin` [ RunTime:0.0049s ]
SQL: SELECT * FROM `think_admin` WHERE `username` = 'yzj' LIMIT 1   [ RunTime:0.0003s ]
SQL: SHOW COLUMNS FROM `think_level` [ RunTime:0.0042s ]
SQL: SELECT * FROM `think_level` WHERE `id` = 2 LIMIT 1   [ RunTime:0.0004s ]

[ 2017-06-20T18:03:20+08:00 ] ::1 /tp2/admin.php/Index/main.html
INFO: [ app_init ] --START--
INFO: Run Behavior\BuildLiteBehavior [ RunTime:0.000014s ]
INFO: [ app_init ] --END-- [ RunTime:0.000069s ]
INFO: [ app_begin ] --START--
INFO: Run Behavior\ReadHtmlCacheBehavior [ RunTime:0.000544s ]
INFO: [ app_begin ] --END-- [ RunTime:0.000588s ]
INFO: [ view_parse ] --START--
NOTIC: [2] file_get_contents(./Application/Admin/Admin/View/Admin/header.html): failed to open stream: No such file or directory D:\phpStudy\WWW\tp2\ThinkPHP\Library\Think\Template.class.php 第 696 行.
NOTIC: [2] file_get_contents(./Application/Admin/Admin/View/Admin/footer.html): failed to open stream: No such file or directory D:\phpStudy\WWW\tp2\ThinkPHP\Library\Think\Template.class.php 第 696 行.
INFO: [ template_filter ] --START--
INFO: Run Behavior\ContentReplaceBehavior [ RunTime:0.000096s ]
INFO: [ template_filter ] --END-- [ RunTime:0.000165s ]
INFO: Run Behavior\ParseTemplateBehavior [ RunTime:0.009376s ]
INFO: [ view_parse ] --END-- [ RunTime:0.009434s ]
INFO: [ view_filter ] --START--
INFO: Run Behavior\WriteHtmlCacheBehavior [ RunTime:0.000515s ]
INFO: [ view_filter ] --END-- [ RunTime:0.000564s ]
INFO: [ view_parse ] --START--
NOTIC: [2] file_get_contents(./Application/Admin/Admin/View/Admin/header.html): failed to open stream: No such file or directory D:\phpStudy\WWW\tp2\ThinkPHP\Library\Think\Template.class.php 第 696 行.
NOTIC: [2] file_get_contents(./Application/Admin/Admin/View/Admin/footer.html): failed to open stream: No such file or directory D:\phpStudy\WWW\tp2\ThinkPHP\Library\Think\Template.class.php 第 696 行.
INFO: [ template_filter ] --START--
INFO: Run Behavior\ContentReplaceBehavior [ RunTime:0.000031s ]
INFO: [ template_filter ] --END-- [ RunTime:-0.005117s ]
INFO: Run Behavior\ParseTemplateBehavior [ RunTime:0.002591s ]
INFO: [ view_parse ] --END-- [ RunTime:-0.000914s ]
INFO: [ view_filter ] --START--
INFO: Run Behavior\WriteHtmlCacheBehavior [ RunTime:0.000012s ]
INFO: [ view_filter ] --END-- [ RunTime:-0.003000s ]
NOTIC: [2] Cannot modify header information - headers already sent by (output started at D:\phpStudy\WWW\tp2\ThinkPHP\Library\Think\View.class.php:95) D:\phpStudy\WWW\tp2\ThinkPHP\Library\Think\View.class.php 第 91 行.
NOTIC: [2] Cannot modify header information - headers already sent by (output started at D:\phpStudy\WWW\tp2\ThinkPHP\Library\Think\View.class.php:95) D:\phpStudy\WWW\tp2\ThinkPHP\Library\Think\View.class.php 第 92 行.
NOTIC: [2] Cannot modify header information - headers already sent by (output started at D:\phpStudy\WWW\tp2\ThinkPHP\Library\Think\View.class.php:95) D:\phpStudy\WWW\tp2\ThinkPHP\Library\Think\View.class.php 第 93 行.
INFO: [ view_parse ] --START--
NOTIC: [2] file_get_contents(./Application/Admin/Admin/View/Admin/header.html): failed to open stream: No such file or directory D:\phpStudy\WWW\tp2\ThinkPHP\Library\Think\Template.class.php 第 696 行.
NOTIC: [2] file_get_contents(./Application/Admin/Admin/View/Admin/footer.html): failed to open stream: No such file or directory D:\phpStudy\WWW\tp2\ThinkPHP\Library\Think\Template.class.php 第 696 行.
INFO: [ template_filter ] --START--
INFO: Run Behavior\ContentReplaceBehavior [ RunTime:0.000033s ]
INFO: [ template_filter ] --END-- [ RunTime:-0.009099s ]
INFO: Run Behavior\ParseTemplateBehavior [ RunTime:0.003126s ]
INFO: [ view_parse ] --END-- [ RunTime:-0.004095s ]
INFO: [ view_filter ] --START--
INFO: Run Behavior\WriteHtmlCacheBehavior [ RunTime:0.000010s ]
INFO: [ view_filter ] --END-- [ RunTime:-0.006724s ]
NOTIC: [2] Cannot modify header information - headers already sent by (output started at D:\phpStudy\WWW\tp2\ThinkPHP\Library\Think\View.class.php:95) D:\phpStudy\WWW\tp2\ThinkPHP\Library\Think\View.class.php 第 91 行.
NOTIC: [2] Cannot modify header information - headers already sent by (output started at D:\phpStudy\WWW\tp2\ThinkPHP\Library\Think\View.class.php:95) D:\phpStudy\WWW\tp2\ThinkPHP\Library\Think\View.class.php 第 92 行.
NOTIC: [2] Cannot modify header information - headers already sent by (output started at D:\phpStudy\WWW\tp2\ThinkPHP\Library\Think\View.class.php:95) D:\phpStudy\WWW\tp2\ThinkPHP\Library\Think\View.class.php 第 93 行.
INFO: [ app_end ] --START--
INFO: Run Behavior\ShowPageTraceBehavior [ RunTime:0.000556s ]
INFO: [ app_end ] --END-- [ RunTime:0.000592s ]

[ 2017-06-20T18:03:20+08:00 ] ::1 /tp2/admin.php/Index/resources/images/loading.gif
INFO: [ app_init ] --START--
INFO: Run Behavior\BuildLiteBehavior [ RunTime:0.000014s ]
INFO: [ app_init ] --END-- [ RunTime:0.000079s ]

[ 2017-06-20T18:03:20+08:00 ] ::1 /tp2/admin.php/Index/resources/images/closelabel.gif
INFO: [ app_init ] --START--
INFO: Run Behavior\BuildLiteBehavior [ RunTime:0.000028s ]
INFO: [ app_init ] --END-- [ RunTime:0.000105s ]

[ 2017-06-20T18:48:37+08:00 ] ::1 /tp2/admin.php/Single/images.html
INFO: [ app_init ] --START--
INFO: Run Behavior\BuildLiteBehavior [ RunTime:0.000012s ]
INFO: [ app_init ] --END-- [ RunTime:0.000150s ]
INFO: [ app_begin ] --START--
INFO: Run Behavior\ReadHtmlCacheBehavior [ RunTime:0.000741s ]
INFO: [ app_begin ] --END-- [ RunTime:0.000807s ]
SQL: SHOW COLUMNS FROM `think_banner` [ RunTime:0.0132s ]
SQL: SELECT * FROM `think_banner`  [ RunTime:0.0010s ]
INFO: [ view_parse ] --START--
NOTIC: [2] file_get_contents(./Application/Admin/Admin/View/Admin/header.html): failed to open stream: No such file or directory D:\phpStudy\WWW\tp2\ThinkPHP\Library\Think\Template.class.php 第 696 行.
NOTIC: [2] file_get_contents(./Application/Admin/Admin/View/Admin/footer.html): failed to open stream: No such file or directory D:\phpStudy\WWW\tp2\ThinkPHP\Library\Think\Template.class.php 第 696 行.
INFO: [ template_filter ] --START--
INFO: Run Behavior\ContentReplaceBehavior [ RunTime:0.000172s ]
INFO: [ template_filter ] --END-- [ RunTime:0.000318s ]
INFO: Run Behavior\ParseTemplateBehavior [ RunTime:0.027729s ]
INFO: [ view_parse ] --END-- [ RunTime:0.027836s ]
INFO: [ view_filter ] --START--
INFO: Run Behavior\WriteHtmlCacheBehavior [ RunTime:0.000752s ]
INFO: [ view_filter ] --END-- [ RunTime:0.000830s ]
INFO: [ view_parse ] --START--
NOTIC: [2] file_get_contents(./Application/Admin/Admin/View/Admin/header.html): failed to open stream: No such file or directory D:\phpStudy\WWW\tp2\ThinkPHP\Library\Think\Template.class.php 第 696 行.
NOTIC: [2] file_get_contents(./Application/Admin/Admin/View/Admin/footer.html): failed to open stream: No such file or directory D:\phpStudy\WWW\tp2\ThinkPHP\Library\Think\Template.class.php 第 696 行.
INFO: [ template_filter ] --START--
INFO: Run Behavior\ContentReplaceBehavior [ RunTime:0.000046s ]
INFO: [ template_filter ] --END-- [ RunTime:-0.012277s ]
NOTIC: [8] Undefined variable: page D:\phpStudy\WWW\tp2\Application\Admin\Runtime\Cache\Admin\4b3f2f4e7ffc8783c247c6af288a721a.php 第 42 行.
INFO: Run Behavior\ParseTemplateBehavior [ RunTime:0.008837s ]
INFO: [ view_parse ] --END-- [ RunTime:-0.001522s ]
INFO: [ view_filter ] --START--
INFO: Run Behavior\WriteHtmlCacheBehavior [ RunTime:0.000017s ]
INFO: [ view_filter ] --END-- [ RunTime:-0.009614s ]
NOTIC: [2] Cannot modify header information - headers already sent by (output started at D:\phpStudy\WWW\tp2\ThinkPHP\Library\Think\View.class.php:95) D:\phpStudy\WWW\tp2\ThinkPHP\Library\Think\View.class.php 第 91 行.
NOTIC: [2] Cannot modify header information - headers already sent by (output started at D:\phpStudy\WWW\tp2\ThinkPHP\Library\Think\View.class.php:95) D:\phpStudy\WWW\tp2\ThinkPHP\Library\Think\View.class.php 第 92 行.
NOTIC: [2] Cannot modify header information - headers already sent by (output started at D:\phpStudy\WWW\tp2\ThinkPHP\Library\Think\View.class.php:95) D:\phpStudy\WWW\tp2\ThinkPHP\Library\Think\View.class.php 第 93 行.
INFO: [ view_parse ] --START--
NOTIC: [2] file_get_contents(./Application/Admin/Admin/View/Admin/header.html): failed to open stream: No such file or directory D:\phpStudy\WWW\tp2\ThinkPHP\Library\Think\Template.class.php 第 696 行.
NOTIC: [2] file_get_contents(./Application/Admin/Admin/View/Admin/footer.html): failed to open stream: No such file or directory D:\phpStudy\WWW\tp2\ThinkPHP\Library\Think\Template.class.php 第 696 行.
INFO: [ template_filter ] --START--
INFO: Run Behavior\ContentReplaceBehavior [ RunTime:0.000066s ]
INFO: [ template_filter ] --END-- [ RunTime:-0.018660s ]
INFO: Run Behavior\ParseTemplateBehavior [ RunTime:0.005328s ]
INFO: [ view_parse ] --END-- [ RunTime:-0.010957s ]
INFO: [ view_filter ] --START--
INFO: Run Behavior\WriteHtmlCacheBehavior [ RunTime:0.000018s ]
INFO: [ view_filter ] --END-- [ RunTime:-0.015537s ]
NOTIC: [2] Cannot modify header information - headers already sent by (output started at D:\phpStudy\WWW\tp2\ThinkPHP\Library\Think\View.class.php:95) D:\phpStudy\WWW\tp2\ThinkPHP\Library\Think\View.class.php 第 91 行.
NOTIC: [2] Cannot modify header information - headers already sent by (output started at D:\phpStudy\WWW\tp2\ThinkPHP\Library\Think\View.class.php:95) D:\phpStudy\WWW\tp2\ThinkPHP\Library\Think\View.class.php 第 92 行.
NOTIC: [2] Cannot modify header information - headers already sent by (output started at D:\phpStudy\WWW\tp2\ThinkPHP\Library\Think\View.class.php:95) D:\phpStudy\WWW\tp2\ThinkPHP\Library\Think\View.class.php 第 93 行.
INFO: [ app_end ] --START--
INFO: Run Behavior\ShowPageTraceBehavior [ RunTime:0.001000s ]
INFO: [ app_end ] --END-- [ RunTime:0.001066s ]

[ 2017-06-20T18:48:37+08:00 ] ::1 /tp2/admin.php/Single/resources/images/closelabel.gif
INFO: [ app_init ] --START--
INFO: Run Behavior\BuildLiteBehavior [ RunTime:0.000014s ]
INFO: [ app_init ] --END-- [ RunTime:0.000073s ]

[ 2017-06-20T18:48:37+08:00 ] ::1 /tp2/admin.php/Single/resources/images/loading.gif
INFO: [ app_init ] --START--
INFO: Run Behavior\BuildLiteBehavior [ RunTime:0.000021s ]
INFO: [ app_init ] --END-- [ RunTime:0.000129s ]

[ 2017-06-20T18:53:53+08:00 ] ::1 /tp2/admin.php/Single/brand.html
INFO: [ app_init ] --START--
INFO: Run Behavior\BuildLiteBehavior [ RunTime:0.000009s ]
INFO: [ app_init ] --END-- [ RunTime:0.000052s ]
INFO: [ app_begin ] --START--
INFO: Run Behavior\ReadHtmlCacheBehavior [ RunTime:0.000620s ]
INFO: [ app_begin ] --END-- [ RunTime:0.000664s ]
SQL: SHOW COLUMNS FROM `think_brand` [ RunTime:0.0141s ]
SQL: SELECT * FROM `think_brand`  [ RunTime:0.0007s ]
INFO: [ view_parse ] --START--
NOTIC: [2] file_get_contents(./Application/Admin/Admin/View/Admin/header.html): failed to open stream: No such file or directory D:\phpStudy\WWW\tp2\ThinkPHP\Library\Think\Template.class.php 第 696 行.
NOTIC: [2] file_get_contents(./Application/Admin/Admin/View/Admin/footer.html): failed to open stream: No such file or directory D:\phpStudy\WWW\tp2\ThinkPHP\Library\Think\Template.class.php 第 696 行.
INFO: [ template_filter ] --START--
INFO: Run Behavior\ContentReplaceBehavior [ RunTime:0.000143s ]
INFO: [ template_filter ] --END-- [ RunTime:0.000242s ]
INFO: Run Behavior\ParseTemplateBehavior [ RunTime:0.028041s ]
INFO: [ view_parse ] --END-- [ RunTime:0.028174s ]
INFO: [ view_filter ] --START--
INFO: Run Behavior\WriteHtmlCacheBehavior [ RunTime:0.001442s ]
INFO: [ view_filter ] --END-- [ RunTime:0.001543s ]
INFO: [ view_parse ] --START--
NOTIC: [2] file_get_contents(./Application/Admin/Admin/View/Admin/header.html): failed to open stream: No such file or directory D:\phpStudy\WWW\tp2\ThinkPHP\Library\Think\Template.class.php 第 696 行.
NOTIC: [2] file_get_contents(./Application/Admin/Admin/View/Admin/footer.html): failed to open stream: No such file or directory D:\phpStudy\WWW\tp2\ThinkPHP\Library\Think\Template.class.php 第 696 行.
INFO: [ template_filter ] --START--
INFO: Run Behavior\ContentReplaceBehavior [ RunTime:0.000049s ]
INFO: [ template_filter ] --END-- [ RunTime:-0.075303s ]
NOTIC: [8] Undefined variable: page D:\phpStudy\WWW\tp2\Application\Admin\Runtime\Cache\Admin\861cc7345763ab8aba98ac275d763451.php 第 44 行.
INFO: Run Behavior\ParseTemplateBehavior [ RunTime:0.129488s ]
INFO: [ view_parse ] --END-- [ RunTime:-0.002332s ]
INFO: [ view_filter ] --START--
INFO: Run Behavior\WriteHtmlCacheBehavior [ RunTime:0.000012s ]
INFO: [ view_filter ] --END-- [ RunTime:-0.130340s ]
NOTIC: [2] Cannot modify header information - headers already sent by (output started at D:\phpStudy\WWW\tp2\ThinkPHP\Library\Think\View.class.php:95) D:\phpStudy\WWW\tp2\ThinkPHP\Library\Think\View.class.php 第 91 行.
NOTIC: [2] Cannot modify header information - headers already sent by (output started at D:\phpStudy\WWW\tp2\ThinkPHP\Library\Think\View.class.php:95) D:\phpStudy\WWW\tp2\ThinkPHP\Library\Think\View.class.php 第 92 行.
NOTIC: [2] Cannot modify header information - headers already sent by (output started at D:\phpStudy\WWW\tp2\ThinkPHP\Library\Think\View.class.php:95) D:\phpStudy\WWW\tp2\ThinkPHP\Library\Think\View.class.php 第 93 行.
INFO: [ view_parse ] --START--
NOTIC: [2] file_get_contents(./Application/Admin/Admin/View/Admin/header.html): failed to open stream: No such file or directory D:\phpStudy\WWW\tp2\ThinkPHP\Library\Think\Template.class.php 第 696 行.
NOTIC: [2] file_get_contents(./Application/Admin/Admin/View/Admin/footer.html): failed to open stream: No such file or directory D:\phpStudy\WWW\tp2\ThinkPHP\Library\Think\Template.class.php 第 696 行.
INFO: [ template_filter ] --START--
INFO: Run Behavior\ContentReplaceBehavior [ RunTime:0.000046s ]
INFO: [ template_filter ] --END-- [ RunTime:-0.141690s ]
INFO: Run Behavior\ParseTemplateBehavior [ RunTime:0.003899s ]
INFO: [ view_parse ] --END-- [ RunTime:-0.132592s ]
INFO: [ view_filter ] --START--
INFO: Run Behavior\WriteHtmlCacheBehavior [ RunTime:0.000012s ]
INFO: [ view_filter ] --END-- [ RunTime:-0.135015s ]
NOTIC: [2] Cannot modify header information - headers already sent by (output started at D:\phpStudy\WWW\tp2\ThinkPHP\Library\Think\View.class.php:95) D:\phpStudy\WWW\tp2\ThinkPHP\Library\Think\View.class.php 第 91 行.
NOTIC: [2] Cannot modify header information - headers already sent by (output started at D:\phpStudy\WWW\tp2\ThinkPHP\Library\Think\View.class.php:95) D:\phpStudy\WWW\tp2\ThinkPHP\Library\Think\View.class.php 第 92 行.
NOTIC: [2] Cannot modify header information - headers already sent by (output started at D:\phpStudy\WWW\tp2\ThinkPHP\Library\Think\View.class.php:95) D:\phpStudy\WWW\tp2\ThinkPHP\Library\Think\View.class.php 第 93 行.
INFO: [ app_end ] --START--
INFO: Run Behavior\ShowPageTraceBehavior [ RunTime:0.000706s ]
INFO: [ app_end ] --END-- [ RunTime:0.000754s ]

[ 2017-06-20T18:53:54+08:00 ] ::1 /tp2/admin.php/Single/resources/images/closelabel.gif
INFO: [ app_init ] --START--
INFO: Run Behavior\BuildLiteBehavior [ RunTime:0.000013s ]
INFO: [ app_init ] --END-- [ RunTime:0.000071s ]

[ 2017-06-20T18:53:54+08:00 ] ::1 /tp2/admin.php/Single/resources/images/loading.gif
INFO: [ app_init ] --START--
INFO: Run Behavior\BuildLiteBehavior [ RunTime:0.000013s ]
INFO: [ app_init ] --END-- [ RunTime:0.000072s ]

[ 2017-06-20T18:54:33+08:00 ] ::1 /tp2/admin.php/Single/images.html
INFO: [ app_init ] --START--
INFO: Run Behavior\BuildLiteBehavior [ RunTime:0.000010s ]
INFO: [ app_init ] --END-- [ RunTime:0.000056s ]
INFO: [ app_begin ] --START--
INFO: Run Behavior\ReadHtmlCacheBehavior [ RunTime:0.000543s ]
INFO: [ app_begin ] --END-- [ RunTime:0.000587s ]
SQL: SHOW COLUMNS FROM `think_banner` [ RunTime:0.0147s ]
SQL: SELECT * FROM `think_banner`  [ RunTime:0.0011s ]
INFO: [ view_parse ] --START--
NOTIC: [2] file_get_contents(./Application/Admin/Admin/View/Admin/header.html): failed to open stream: No such file or directory D:\phpStudy\WWW\tp2\ThinkPHP\Library\Think\Template.class.php 第 696 行.
NOTIC: [2] file_get_contents(./Application/Admin/Admin/View/Admin/footer.html): failed to open stream: No such file or directory D:\phpStudy\WWW\tp2\ThinkPHP\Library\Think\Template.class.php 第 696 行.
INFO: [ template_filter ] --START--
INFO: Run Behavior\ContentReplaceBehavior [ RunTime:0.000125s ]
INFO: [ template_filter ] --END-- [ RunTime:0.000224s ]
INFO: Run Behavior\ParseTemplateBehavior [ RunTime:0.039011s ]
INFO: [ view_parse ] --END-- [ RunTime:0.039168s ]
INFO: [ view_filter ] --START--
INFO: Run Behavior\WriteHtmlCacheBehavior [ RunTime:0.000940s ]
INFO: [ view_filter ] --END-- [ RunTime:0.001028s ]
INFO: [ view_parse ] --START--
NOTIC: [2] file_get_contents(./Application/Admin/Admin/View/Admin/header.html): failed to open stream: No such file or directory D:\phpStudy\WWW\tp2\ThinkPHP\Library\Think\Template.class.php 第 696 行.
NOTIC: [2] file_get_contents(./Application/Admin/Admin/View/Admin/footer.html): failed to open stream: No such file or directory D:\phpStudy\WWW\tp2\ThinkPHP\Library\Think\Template.class.php 第 696 行.
INFO: [ template_filter ] --START--
INFO: Run Behavior\ContentReplaceBehavior [ RunTime:0.000077s ]
INFO: [ template_filter ] --END-- [ RunTime:-0.013725s ]
NOTIC: [8] Undefined variable: page D:\phpStudy\WWW\tp2\Application\Admin\Runtime\Cache\Admin\4b3f2f4e7ffc8783c247c6af288a721a.php 第 42 行.
INFO: Run Behavior\ParseTemplateBehavior [ RunTime:0.007968s ]
INFO: [ view_parse ] --END-- [ RunTime:-0.001929s ]
INFO: [ view_filter ] --START--
INFO: Run Behavior\WriteHtmlCacheBehavior [ RunTime:0.000018s ]
INFO: [ view_filter ] --END-- [ RunTime:-0.008963s ]
NOTIC: [2] Cannot modify header information - headers already sent by (output started at D:\phpStudy\WWW\tp2\ThinkPHP\Library\Think\View.class.php:95) D:\phpStudy\WWW\tp2\ThinkPHP\Library\Think\View.class.php 第 91 行.
NOTIC: [2] Cannot modify header information - headers already sent by (output started at D:\phpStudy\WWW\tp2\ThinkPHP\Library\Think\View.class.php:95) D:\phpStudy\WWW\tp2\ThinkPHP\Library\Think\View.class.php 第 92 行.
NOTIC: [2] Cannot modify header information - headers already sent by (output started at D:\phpStudy\WWW\tp2\ThinkPHP\Library\Think\View.class.php:95) D:\phpStudy\WWW\tp2\ThinkPHP\Library\Think\View.class.php 第 93 行.
INFO: [ view_parse ] --START--
NOTIC: [2] file_get_contents(./Application/Admin/Admin/View/Admin/header.html): failed to open stream: No such file or directory D:\phpStudy\WWW\tp2\ThinkPHP\Library\Think\Template.class.php 第 696 行.
NOTIC: [2] file_get_contents(./Application/Admin/Admin/View/Admin/footer.html): failed to open stream: No such file or directory D:\phpStudy\WWW\tp2\ThinkPHP\Library\Think\Template.class.php 第 696 行.
INFO: [ template_filter ] --START--
INFO: Run Behavior\ContentReplaceBehavior [ RunTime:0.000053s ]
INFO: [ template_filter ] --END-- [ RunTime:-0.021057s ]
INFO: Run Behavior\ParseTemplateBehavior [ RunTime:0.006158s ]
INFO: [ view_parse ] --END-- [ RunTime:-0.010473s ]
INFO: [ view_filter ] --START--
INFO: Run Behavior\WriteHtmlCacheBehavior [ RunTime:0.000019s ]
INFO: [ view_filter ] --END-- [ RunTime:-0.015685s ]
NOTIC: [2] Cannot modify header information - headers already sent by (output started at D:\phpStudy\WWW\tp2\ThinkPHP\Library\Think\View.class.php:95) D:\phpStudy\WWW\tp2\ThinkPHP\Library\Think\View.class.php 第 91 行.
NOTIC: [2] Cannot modify header information - headers already sent by (output started at D:\phpStudy\WWW\tp2\ThinkPHP\Library\Think\View.class.php:95) D:\phpStudy\WWW\tp2\ThinkPHP\Library\Think\View.class.php 第 92 行.
NOTIC: [2] Cannot modify header information - headers already sent by (output started at D:\phpStudy\WWW\tp2\ThinkPHP\Library\Think\View.class.php:95) D:\phpStudy\WWW\tp2\ThinkPHP\Library\Think\View.class.php 第 93 行.
INFO: [ app_end ] --START--
INFO: Run Behavior\ShowPageTraceBehavior [ RunTime:0.001112s ]
INFO: [ app_end ] --END-- [ RunTime:0.001175s ]

[ 2017-06-20T18:54:33+08:00 ] ::1 /tp2/admin.php/Single/resources/images/closelabel.gif
INFO: [ app_init ] --START--
INFO: Run Behavior\BuildLiteBehavior [ RunTime:0.000013s ]
INFO: [ app_init ] --END-- [ RunTime:0.000070s ]

[ 2017-06-20T18:54:33+08:00 ] ::1 /tp2/admin.php/Single/resources/images/loading.gif
INFO: [ app_init ] --START--
INFO: Run Behavior\BuildLiteBehavior [ RunTime:0.000014s ]
INFO: [ app_init ] --END-- [ RunTime:0.000077s ]

[ 2017-06-20T18:56:17+08:00 ] ::1 /tp2/admin.php/Single/message.html
INFO: [ app_init ] --START--
INFO: Run Behavior\BuildLiteBehavior [ RunTime:0.000009s ]
INFO: [ app_init ] --END-- [ RunTime:0.000052s ]
INFO: [ app_begin ] --START--
INFO: Run Behavior\ReadHtmlCacheBehavior [ RunTime:0.000645s ]
INFO: [ app_begin ] --END-- [ RunTime:0.000687s ]
SQL: SHOW COLUMNS FROM `think_message` [ RunTime:0.0469s ]
SQL: SELECT * FROM `think_message`  [ RunTime:0.0011s ]
INFO: [ view_parse ] --START--
NOTIC: [2] file_get_contents(./Application/Admin/Admin/View/Admin/header.html): failed to open stream: No such file or directory D:\phpStudy\WWW\tp2\ThinkPHP\Library\Think\Template.class.php 第 696 行.
NOTIC: [2] file_get_contents(./Application/Admin/Admin/View/Admin/footer.html): failed to open stream: No such file or directory D:\phpStudy\WWW\tp2\ThinkPHP\Library\Think\Template.class.php 第 696 行.
INFO: [ template_filter ] --START--
INFO: Run Behavior\ContentReplaceBehavior [ RunTime:0.000230s ]
INFO: [ template_filter ] --END-- [ RunTime:0.000487s ]
INFO: Run Behavior\ParseTemplateBehavior [ RunTime:0.033697s ]
INFO: [ view_parse ] --END-- [ RunTime:0.033826s ]
INFO: [ view_filter ] --START--
INFO: Run Behavior\WriteHtmlCacheBehavior [ RunTime:0.001306s ]
INFO: [ view_filter ] --END-- [ RunTime:0.001409s ]
INFO: [ view_parse ] --START--
NOTIC: [2] file_get_contents(./Application/Admin/Admin/View/Admin/header.html): failed to open stream: No such file or directory D:\phpStudy\WWW\tp2\ThinkPHP\Library\Think\Template.class.php 第 696 行.
NOTIC: [2] file_get_contents(./Application/Admin/Admin/View/Admin/footer.html): failed to open stream: No such file or directory D:\phpStudy\WWW\tp2\ThinkPHP\Library\Think\Template.class.php 第 696 行.
INFO: [ template_filter ] --START--
INFO: Run Behavior\ContentReplaceBehavior [ RunTime:0.000101s ]
INFO: [ template_filter ] --END-- [ RunTime:-0.054469s ]
INFO: Run Behavior\ParseTemplateBehavior [ RunTime:0.047102s ]
INFO: [ view_parse ] --END-- [ RunTime:-0.002601s ]
INFO: [ view_filter ] --START--
INFO: Run Behavior\WriteHtmlCacheBehavior [ RunTime:0.000021s ]
INFO: [ view_filter ] --END-- [ RunTime:-0.048418s ]
NOTIC: [2] Cannot modify header information - headers already sent by (output started at D:\phpStudy\WWW\tp2\ThinkPHP\Library\Think\View.class.php:95) D:\phpStudy\WWW\tp2\ThinkPHP\Library\Think\View.class.php 第 91 行.
NOTIC: [2] Cannot modify header information - headers already sent by (output started at D:\phpStudy\WWW\tp2\ThinkPHP\Library\Think\View.class.php:95) D:\phpStudy\WWW\tp2\ThinkPHP\Library\Think\View.class.php 第 92 行.
NOTIC: [2] Cannot modify header information - headers already sent by (output started at D:\phpStudy\WWW\tp2\ThinkPHP\Library\Think\View.class.php:95) D:\phpStudy\WWW\tp2\ThinkPHP\Library\Think\View.class.php 第 93 行.
INFO: [ view_parse ] --START--
NOTIC: [2] file_get_contents(./Application/Admin/Admin/View/Admin/header.html): failed to open stream: No such file or directory D:\phpStudy\WWW\tp2\ThinkPHP\Library\Think\Template.class.php 第 696 行.
NOTIC: [2] file_get_contents(./Application/Admin/Admin/View/Admin/footer.html): failed to open stream: No such file or directory D:\phpStudy\WWW\tp2\ThinkPHP\Library\Think\Template.class.php 第 696 行.
INFO: [ template_filter ] --START--
INFO: Run Behavior\ContentReplaceBehavior [ RunTime:0.000051s ]
INFO: [ template_filter ] --END-- [ RunTime:-0.061960s ]
INFO: Run Behavior\ParseTemplateBehavior [ RunTime:0.004853s ]
INFO: [ view_parse ] --END-- [ RunTime:-0.050985s ]
INFO: [ view_filter ] --START--
INFO: Run Behavior\WriteHtmlCacheBehavior [ RunTime:0.000012s ]
INFO: [ view_filter ] --END-- [ RunTime:-0.054470s ]
NOTIC: [2] Cannot modify header information - headers already sent by (output started at D:\phpStudy\WWW\tp2\ThinkPHP\Library\Think\View.class.php:95) D:\phpStudy\WWW\tp2\ThinkPHP\Library\Think\View.class.php 第 91 行.
NOTIC: [2] Cannot modify header information - headers already sent by (output started at D:\phpStudy\WWW\tp2\ThinkPHP\Library\Think\View.class.php:95) D:\phpStudy\WWW\tp2\ThinkPHP\Library\Think\View.class.php 第 92 行.
NOTIC: [2] Cannot modify header information - headers already sent by (output started at D:\phpStudy\WWW\tp2\ThinkPHP\Library\Think\View.class.php:95) D:\phpStudy\WWW\tp2\ThinkPHP\Library\Think\View.class.php 第 93 行.
INFO: [ app_end ] --START--
INFO: Run Behavior\ShowPageTraceBehavior [ RunTime:0.001045s ]
INFO: [ app_end ] --END-- [ RunTime:0.001112s ]

[ 2017-06-20T18:56:18+08:00 ] ::1 /tp2/admin.php/Single/resources/images/closelabel.gif
INFO: [ app_init ] --START--
INFO: Run Behavior\BuildLiteBehavior [ RunTime:0.000008s ]
INFO: [ app_init ] --END-- [ RunTime:0.000046s ]

[ 2017-06-20T18:56:18+08:00 ] ::1 /tp2/admin.php/Single/resources/images/loading.gif
INFO: [ app_init ] --START--
INFO: Run Behavior\BuildLiteBehavior [ RunTime:0.000014s ]
INFO: [ app_init ] --END-- [ RunTime:0.000075s ]

[ 2017-06-20T18:57:07+08:00 ] ::1 /tp2/admin.php/Single/contact.html
INFO: [ app_init ] --START--
INFO: Run Behavior\BuildLiteBehavior [ RunTime:0.000009s ]
INFO: [ app_init ] --END-- [ RunTime:0.000053s ]
INFO: [ app_begin ] --START--
INFO: Run Behavior\ReadHtmlCacheBehavior [ RunTime:0.000515s ]
INFO: [ app_begin ] --END-- [ RunTime:0.000562s ]
SQL: SHOW COLUMNS FROM `think_contact` [ RunTime:0.0151s ]
SQL: SELECT * FROM `think_contact`  [ RunTime:0.0007s ]
INFO: [ view_parse ] --START--
NOTIC: [2] file_get_contents(./Application/Admin/Admin/View/Admin/header.html): failed to open stream: No such file or directory D:\phpStudy\WWW\tp2\ThinkPHP\Library\Think\Template.class.php 第 696 行.
NOTIC: [2] file_get_contents(./Application/Admin/Admin/View/Admin/footer.html): failed to open stream: No such file or directory D:\phpStudy\WWW\tp2\ThinkPHP\Library\Think\Template.class.php 第 696 行.
INFO: [ template_filter ] --START--
INFO: Run Behavior\ContentReplaceBehavior [ RunTime:0.000132s ]
INFO: [ template_filter ] --END-- [ RunTime:0.000236s ]
INFO: Run Behavior\ParseTemplateBehavior [ RunTime:0.028335s ]
INFO: [ view_parse ] --END-- [ RunTime:0.028458s ]
INFO: [ view_filter ] --START--
INFO: Run Behavior\WriteHtmlCacheBehavior [ RunTime:0.001119s ]
INFO: [ view_filter ] --END-- [ RunTime:0.001233s ]
INFO: [ view_parse ] --START--
NOTIC: [2] file_get_contents(./Application/Admin/Admin/View/Admin/header.html): failed to open stream: No such file or directory D:\phpStudy\WWW\tp2\ThinkPHP\Library\Think\Template.class.php 第 696 行.
NOTIC: [2] file_get_contents(./Application/Admin/Admin/View/Admin/footer.html): failed to open stream: No such file or directory D:\phpStudy\WWW\tp2\ThinkPHP\Library\Think\Template.class.php 第 696 行.
INFO: [ template_filter ] --START--
INFO: Run Behavior\ContentReplaceBehavior [ RunTime:0.000049s ]
INFO: [ template_filter ] --END-- [ RunTime:-0.074054s ]
INFO: Run Behavior\ParseTemplateBehavior [ RunTime:0.066632s ]
INFO: [ view_parse ] --END-- [ RunTime:-0.002229s ]
INFO: [ view_filter ] --START--
INFO: Run Behavior\WriteHtmlCacheBehavior [ RunTime:0.000013s ]
INFO: [ view_filter ] --END-- [ RunTime:-0.067708s ]
NOTIC: [2] Cannot modify header information - headers already sent by (output started at D:\phpStudy\WWW\tp2\ThinkPHP\Library\Think\View.class.php:95) D:\phpStudy\WWW\tp2\ThinkPHP\Library\Think\View.class.php 第 91 行.
NOTIC: [2] Cannot modify header information - headers already sent by (output started at D:\phpStudy\WWW\tp2\ThinkPHP\Library\Think\View.class.php:95) D:\phpStudy\WWW\tp2\ThinkPHP\Library\Think\View.class.php 第 92 行.
NOTIC: [2] Cannot modify header information - headers already sent by (output started at D:\phpStudy\WWW\tp2\ThinkPHP\Library\Think\View.class.php:95) D:\phpStudy\WWW\tp2\ThinkPHP\Library\Think\View.class.php 第 93 行.
INFO: [ view_parse ] --START--
NOTIC: [2] file_get_contents(./Application/Admin/Admin/View/Admin/header.html): failed to open stream: No such file or directory D:\phpStudy\WWW\tp2\ThinkPHP\Library\Think\Template.class.php 第 696 行.
NOTIC: [2] file_get_contents(./Application/Admin/Admin/View/Admin/footer.html): failed to open stream: No such file or directory D:\phpStudy\WWW\tp2\ThinkPHP\Library\Think\Template.class.php 第 696 行.
INFO: [ template_filter ] --START--
INFO: Run Behavior\ContentReplaceBehavior [ RunTime:0.000073s ]
INFO: [ template_filter ] --END-- [ RunTime:-0.079261s ]
INFO: Run Behavior\ParseTemplateBehavior [ RunTime:0.004880s ]
INFO: [ view_parse ] --END-- [ RunTime:-0.069356s ]
INFO: [ view_filter ] --START--
INFO: Run Behavior\WriteHtmlCacheBehavior [ RunTime:0.000020s ]
INFO: [ view_filter ] --END-- [ RunTime:-0.073078s ]
NOTIC: [2] Cannot modify header information - headers already sent by (output started at D:\phpStudy\WWW\tp2\ThinkPHP\Library\Think\View.class.php:95) D:\phpStudy\WWW\tp2\ThinkPHP\Library\Think\View.class.php 第 91 行.
NOTIC: [2] Cannot modify header information - headers already sent by (output started at D:\phpStudy\WWW\tp2\ThinkPHP\Library\Think\View.class.php:95) D:\phpStudy\WWW\tp2\ThinkPHP\Library\Think\View.class.php 第 92 行.
NOTIC: [2] Cannot modify header information - headers already sent by (output started at D:\phpStudy\WWW\tp2\ThinkPHP\Library\Think\View.class.php:95) D:\phpStudy\WWW\tp2\ThinkPHP\Library\Think\View.class.php 第 93 行.
INFO: [ app_end ] --START--
INFO: Run Behavior\ShowPageTraceBehavior [ RunTime:0.001712s ]
INFO: [ app_end ] --END-- [ RunTime:0.001800s ]

[ 2017-06-20T18:57:08+08:00 ] ::1 /tp2/admin.php/Single/resources/images/closelabel.gif
INFO: [ app_init ] --START--
INFO: Run Behavior\BuildLiteBehavior [ RunTime:0.000013s ]
INFO: [ app_init ] --END-- [ RunTime:0.000074s ]

[ 2017-06-20T18:57:08+08:00 ] ::1 /tp2/admin.php/Single/resources/images/loading.gif
INFO: [ app_init ] --START--
INFO: Run Behavior\BuildLiteBehavior [ RunTime:0.000011s ]
INFO: [ app_init ] --END-- [ RunTime:0.000058s ]

