[ 2017-01-12T11:15:17+08:00 ] 127.0.0.1 /tp/admin.php/
INFO: [ app_init ] --START--
INFO: Run Behavior\BuildLiteBehavior [ RunTime:0.000020s ]
INFO: [ app_init ] --END-- [ RunTime:0.000110s ]
INFO: [ app_begin ] --START--
INFO: Run Behavior\ReadHtmlCacheBehavior [ RunTime:0.002877s ]
INFO: [ app_begin ] --END-- [ RunTime:0.003004s ]
INFO: [ view_parse ] --START--
NOTIC: [2] file_get_contents(./Application/Admin/Admin/View/Admin/header.html): failed to open stream: No such file or directory C:\wamp\www\tp\ThinkPHP\Library\Think\Template.class.php 第 696 行.
NOTIC: [2] file_get_contents(./Application/Admin/Admin/View/Admin/footer.html): failed to open stream: No such file or directory C:\wamp\www\tp\ThinkPHP\Library\Think\Template.class.php 第 696 行.
INFO: [ template_filter ] --START--
INFO: Run Behavior\ContentReplaceBehavior [ RunTime:0.000067s ]
INFO: [ template_filter ] --END-- [ RunTime:0.000170s ]
INFO: Run Behavior\ParseTemplateBehavior [ RunTime:0.034121s ]
INFO: [ view_parse ] --END-- [ RunTime:0.034228s ]
INFO: [ view_filter ] --START--
INFO: Run Behavior\WriteHtmlCacheBehavior [ RunTime:0.002585s ]
INFO: [ view_filter ] --END-- [ RunTime:0.002680s ]
INFO: [ app_end ] --START--
INFO: Run Behavior\ShowPageTraceBehavior [ RunTime:0.002831s ]
INFO: [ app_end ] --END-- [ RunTime:0.002921s ]

[ 2017-01-12T11:15:17+08:00 ] 127.0.0.1 /tp/admin.php/Index/VerifyCode
INFO: [ app_init ] --START--
INFO: Run Behavior\BuildLiteBehavior [ RunTime:0.000049s ]
INFO: [ app_init ] --END-- [ RunTime:0.000245s ]
INFO: [ app_begin ] --START--
INFO: Run Behavior\ReadHtmlCacheBehavior [ RunTime:0.002192s ]
INFO: [ app_begin ] --END-- [ RunTime:0.002307s ]
INFO: [ app_end ] --START--
INFO: Run Behavior\ShowPageTraceBehavior [ RunTime:0.002392s ]
INFO: [ app_end ] --END-- [ RunTime:0.002514s ]

[ 2017-01-12T11:15:17+08:00 ] 127.0.0.1 /tp/admin.php/resources/images/closelabel.gif
INFO: [ app_init ] --START--
INFO: Run Behavior\BuildLiteBehavior [ RunTime:0.000023s ]
INFO: [ app_init ] --END-- [ RunTime:0.000123s ]

[ 2017-01-12T11:15:17+08:00 ] 127.0.0.1 /tp/admin.php/resources/images/loading.gif
INFO: [ app_init ] --START--
INFO: Run Behavior\BuildLiteBehavior [ RunTime:0.000023s ]
INFO: [ app_init ] --END-- [ RunTime:0.000125s ]

[ 2017-01-12T11:15:29+08:00 ] 127.0.0.1 /tp/admin.php/Index/check
INFO: [ app_init ] --START--
INFO: Run Behavior\BuildLiteBehavior [ RunTime:0.000021s ]
INFO: [ app_init ] --END-- [ RunTime:0.000108s ]
INFO: [ app_begin ] --START--
INFO: Run Behavior\ReadHtmlCacheBehavior [ RunTime:0.002949s ]
INFO: [ app_begin ] --END-- [ RunTime:0.003038s ]
SQL: SHOW COLUMNS FROM `think_admin` [ RunTime:0.0547s ]
SQL: SELECT * FROM `think_admin` WHERE `username` = 'yzj' LIMIT 1   [ RunTime:0.0244s ]

[ 2017-01-12T11:15:31+08:00 ] 127.0.0.1 /tp/admin.php/Index/VerifyCode?0.060630571897400176
INFO: [ app_init ] --START--
INFO: Run Behavior\BuildLiteBehavior [ RunTime:0.000021s ]
INFO: [ app_init ] --END-- [ RunTime:0.000142s ]
INFO: [ app_begin ] --START--
INFO: Run Behavior\ReadHtmlCacheBehavior [ RunTime:0.002246s ]
INFO: [ app_begin ] --END-- [ RunTime:0.002363s ]
INFO: [ app_end ] --START--
INFO: Run Behavior\ShowPageTraceBehavior [ RunTime:0.002789s ]
INFO: [ app_end ] --END-- [ RunTime:0.002897s ]

[ 2017-01-12T11:15:36+08:00 ] 127.0.0.1 /tp/admin.php/Index/check
INFO: [ app_init ] --START--
INFO: Run Behavior\BuildLiteBehavior [ RunTime:0.000021s ]
INFO: [ app_init ] --END-- [ RunTime:0.000107s ]
INFO: [ app_begin ] --START--
INFO: Run Behavior\ReadHtmlCacheBehavior [ RunTime:0.002068s ]
INFO: [ app_begin ] --END-- [ RunTime:0.002150s ]
SQL: SHOW COLUMNS FROM `think_admin` [ RunTime:0.0283s ]
SQL: SELECT * FROM `think_admin` WHERE `username` = 'yzj' LIMIT 1   [ RunTime:0.0265s ]

[ 2017-01-12T11:15:36+08:00 ] 127.0.0.1 /tp/admin.php/
INFO: [ app_init ] --START--
INFO: Run Behavior\BuildLiteBehavior [ RunTime:0.000022s ]
INFO: [ app_init ] --END-- [ RunTime:0.000107s ]
INFO: [ app_begin ] --START--
INFO: Run Behavior\ReadHtmlCacheBehavior [ RunTime:0.002028s ]
INFO: [ app_begin ] --END-- [ RunTime:0.002131s ]
SQL: SHOW COLUMNS FROM `think_admin` [ RunTime:0.0251s ]
SQL: SELECT * FROM `think_admin` WHERE `username` = 'yzj' LIMIT 1   [ RunTime:0.0246s ]
SQL: SHOW COLUMNS FROM `think_level` [ RunTime:0.0474s ]
SQL: SELECT * FROM `think_level` WHERE `id` = 2 LIMIT 1   [ RunTime:0.0245s ]

[ 2017-01-12T11:15:37+08:00 ] 127.0.0.1 /tp/admin.php/Index/main.html
INFO: [ app_init ] --START--
INFO: Run Behavior\BuildLiteBehavior [ RunTime:0.000022s ]
INFO: [ app_init ] --END-- [ RunTime:0.000111s ]
INFO: [ app_begin ] --START--
INFO: Run Behavior\ReadHtmlCacheBehavior [ RunTime:0.002015s ]
INFO: [ app_begin ] --END-- [ RunTime:0.002120s ]
INFO: [ view_parse ] --START--
NOTIC: [2] file_get_contents(./Application/Admin/Admin/View/Admin/header.html): failed to open stream: No such file or directory C:\wamp\www\tp\ThinkPHP\Library\Think\Template.class.php 第 696 行.
NOTIC: [2] file_get_contents(./Application/Admin/Admin/View/Admin/footer.html): failed to open stream: No such file or directory C:\wamp\www\tp\ThinkPHP\Library\Think\Template.class.php 第 696 行.
INFO: [ template_filter ] --START--
INFO: Run Behavior\ContentReplaceBehavior [ RunTime:0.000080s ]
INFO: [ template_filter ] --END-- [ RunTime:0.000175s ]
INFO: Run Behavior\ParseTemplateBehavior [ RunTime:0.039312s ]
INFO: [ view_parse ] --END-- [ RunTime:0.039427s ]
INFO: [ view_filter ] --START--
INFO: Run Behavior\WriteHtmlCacheBehavior [ RunTime:0.003258s ]
INFO: [ view_filter ] --END-- [ RunTime:0.003348s ]
INFO: [ view_parse ] --START--
NOTIC: [2] file_get_contents(./Application/Admin/Admin/View/Admin/header.html): failed to open stream: No such file or directory C:\wamp\www\tp\ThinkPHP\Library\Think\Template.class.php 第 696 行.
NOTIC: [2] file_get_contents(./Application/Admin/Admin/View/Admin/footer.html): failed to open stream: No such file or directory C:\wamp\www\tp\ThinkPHP\Library\Think\Template.class.php 第 696 行.
INFO: [ template_filter ] --START--
INFO: Run Behavior\ContentReplaceBehavior [ RunTime:0.000040s ]
INFO: [ template_filter ] --END-- [ RunTime:-0.025122s ]
INFO: Run Behavior\ParseTemplateBehavior [ RunTime:0.015570s ]
INFO: [ view_parse ] --END-- [ RunTime:-0.005373s ]
INFO: [ view_filter ] --START--
INFO: Run Behavior\WriteHtmlCacheBehavior [ RunTime:0.000024s ]
INFO: [ view_filter ] --END-- [ RunTime:-0.017744s ]
INFO: [ view_parse ] --START--
NOTIC: [2] file_get_contents(./Application/Admin/Admin/View/Admin/header.html): failed to open stream: No such file or directory C:\wamp\www\tp\ThinkPHP\Library\Think\Template.class.php 第 696 行.
NOTIC: [2] file_get_contents(./Application/Admin/Admin/View/Admin/footer.html): failed to open stream: No such file or directory C:\wamp\www\tp\ThinkPHP\Library\Think\Template.class.php 第 696 行.
INFO: [ template_filter ] --START--
INFO: Run Behavior\ContentReplaceBehavior [ RunTime:0.000085s ]
INFO: [ template_filter ] --END-- [ RunTime:-0.043760s ]
INFO: Run Behavior\ParseTemplateBehavior [ RunTime:0.017381s ]
INFO: [ view_parse ] --END-- [ RunTime:-0.023326s ]
INFO: [ view_filter ] --START--
INFO: Run Behavior\WriteHtmlCacheBehavior [ RunTime:0.000023s ]
INFO: [ view_filter ] --END-- [ RunTime:-0.037450s ]
INFO: [ app_end ] --START--
INFO: Run Behavior\ShowPageTraceBehavior [ RunTime:0.002015s ]
INFO: [ app_end ] --END-- [ RunTime:0.002092s ]

[ 2017-01-12T11:15:37+08:00 ] 127.0.0.1 /tp/admin.php/Index/resources/images/closelabel.gif
INFO: [ app_init ] --START--
INFO: Run Behavior\BuildLiteBehavior [ RunTime:0.000024s ]
INFO: [ app_init ] --END-- [ RunTime:0.000127s ]

[ 2017-01-12T11:15:38+08:00 ] 127.0.0.1 /tp/admin.php/Index/resources/images/loading.gif
INFO: [ app_init ] --START--
INFO: Run Behavior\BuildLiteBehavior [ RunTime:0.000027s ]
INFO: [ app_init ] --END-- [ RunTime:0.000142s ]

[ 2017-01-12T11:15:41+08:00 ] 127.0.0.1 /tp/admin.php/Product/add.html
INFO: [ app_init ] --START--
INFO: Run Behavior\BuildLiteBehavior [ RunTime:0.000024s ]
INFO: [ app_init ] --END-- [ RunTime:0.000129s ]
INFO: [ app_begin ] --START--
INFO: Run Behavior\ReadHtmlCacheBehavior [ RunTime:0.002039s ]
INFO: [ app_begin ] --END-- [ RunTime:0.002159s ]
SQL: SHOW COLUMNS FROM `think_category` [ RunTime:0.0270s ]
SQL: SELECT * FROM `think_category`  [ RunTime:0.0271s ]
INFO: [ view_parse ] --START--
NOTIC: [2] file_get_contents(./Application/Admin/Admin/View/Admin/header.html): failed to open stream: No such file or directory C:\wamp\www\tp\ThinkPHP\Library\Think\Template.class.php 第 696 行.
NOTIC: [2] file_get_contents(./Application/Admin/Admin/View/Admin/footer.html): failed to open stream: No such file or directory C:\wamp\www\tp\ThinkPHP\Library\Think\Template.class.php 第 696 行.
INFO: [ template_filter ] --START--
INFO: Run Behavior\ContentReplaceBehavior [ RunTime:0.000077s ]
INFO: [ template_filter ] --END-- [ RunTime:0.000160s ]
INFO: Run Behavior\ParseTemplateBehavior [ RunTime:0.030191s ]
INFO: [ view_parse ] --END-- [ RunTime:0.030364s ]
INFO: [ view_filter ] --START--
INFO: Run Behavior\WriteHtmlCacheBehavior [ RunTime:0.002434s ]
INFO: [ view_filter ] --END-- [ RunTime:0.002524s ]
INFO: [ view_parse ] --START--
NOTIC: [2] file_get_contents(./Application/Admin/Admin/View/Admin/header.html): failed to open stream: No such file or directory C:\wamp\www\tp\ThinkPHP\Library\Think\Template.class.php 第 696 行.
NOTIC: [2] file_get_contents(./Application/Admin/Admin/View/Admin/footer.html): failed to open stream: No such file or directory C:\wamp\www\tp\ThinkPHP\Library\Think\Template.class.php 第 696 行.
INFO: [ template_filter ] --START--
INFO: Run Behavior\ContentReplaceBehavior [ RunTime:0.000051s ]
INFO: [ template_filter ] --END-- [ RunTime:-0.035896s ]
INFO: Run Behavior\ParseTemplateBehavior [ RunTime:0.028869s ]
INFO: [ view_parse ] --END-- [ RunTime:-0.005027s ]
INFO: [ view_filter ] --START--
INFO: Run Behavior\WriteHtmlCacheBehavior [ RunTime:0.000025s ]
INFO: [ view_filter ] --END-- [ RunTime:-0.031457s ]
INFO: [ view_parse ] --START--
NOTIC: [2] file_get_contents(./Application/Admin/Admin/View/Admin/header.html): failed to open stream: No such file or directory C:\wamp\www\tp\ThinkPHP\Library\Think\Template.class.php 第 696 行.
NOTIC: [2] file_get_contents(./Application/Admin/Admin/View/Admin/footer.html): failed to open stream: No such file or directory C:\wamp\www\tp\ThinkPHP\Library\Think\Template.class.php 第 696 行.
INFO: [ template_filter ] --START--
INFO: Run Behavior\ContentReplaceBehavior [ RunTime:0.000054s ]
INFO: [ template_filter ] --END-- [ RunTime:-0.054633s ]
INFO: Run Behavior\ParseTemplateBehavior [ RunTime:0.015766s ]
INFO: [ view_parse ] --END-- [ RunTime:-0.035944s ]
INFO: [ view_filter ] --START--
INFO: Run Behavior\WriteHtmlCacheBehavior [ RunTime:0.000025s ]
INFO: [ view_filter ] --END-- [ RunTime:-0.049338s ]
INFO: [ app_end ] --START--
INFO: Run Behavior\ShowPageTraceBehavior [ RunTime:0.002578s ]
INFO: [ app_end ] --END-- [ RunTime:0.002654s ]

[ 2017-01-12T11:15:42+08:00 ] 127.0.0.1 /tp/admin.php/Product/resources/images/closelabel.gif
INFO: [ app_init ] --START--
INFO: Run Behavior\BuildLiteBehavior [ RunTime:0.000022s ]
INFO: [ app_init ] --END-- [ RunTime:0.000114s ]

[ 2017-01-12T11:15:42+08:00 ] 127.0.0.1 /tp/admin.php/Product/resources/images/loading.gif
INFO: [ app_init ] --START--
INFO: Run Behavior\BuildLiteBehavior [ RunTime:0.000023s ]
INFO: [ app_init ] --END-- [ RunTime:0.000124s ]

[ 2017-01-12T11:16:17+08:00 ] 127.0.0.1 /tp/admin.php/Product/add.html
INFO: [ app_init ] --START--
INFO: Run Behavior\BuildLiteBehavior [ RunTime:0.000024s ]
INFO: [ app_init ] --END-- [ RunTime:0.000128s ]
INFO: [ app_begin ] --START--
INFO: Run Behavior\ReadHtmlCacheBehavior [ RunTime:0.002011s ]
INFO: [ app_begin ] --END-- [ RunTime:0.002108s ]
SQL: SHOW COLUMNS FROM `think_category` [ RunTime:0.0280s ]
SQL: SELECT * FROM `think_category`  [ RunTime:0.0270s ]
SQL: SHOW COLUMNS FROM `think_product` [ RunTime:0.0270s ]
NOTIC: [2] call_user_func() expects parameter 1 to be a valid callback, no array or string given C:\wamp\www\tp\ThinkPHP\Library\Think\Upload.class.php 第 170 行.
SQL: INSERT INTO `think_product` (`pro_name`,`market_price`,`shop_price`,`pro_num`,`pro_cate`,`pro_time`,`img_path`,`pro_img`) VALUES ('asfdsf','33','33','2','4','1484190977','./Public/Uploads/2017-01-12/','5876f5017dada.jpg') [ RunTime:0.1231s ]

[ 2017-01-12T11:16:18+08:00 ] 127.0.0.1 /tp/admin.php/Product/index.html
INFO: [ app_init ] --START--
INFO: Run Behavior\BuildLiteBehavior [ RunTime:0.000022s ]
INFO: [ app_init ] --END-- [ RunTime:0.000113s ]
INFO: [ app_begin ] --START--
INFO: Run Behavior\ReadHtmlCacheBehavior [ RunTime:0.006769s ]
INFO: [ app_begin ] --END-- [ RunTime:0.006891s ]
SQL: SHOW COLUMNS FROM `think_product` [ RunTime:0.0245s ]
SQL: SELECT COUNT(*) AS tp_count FROM `think_product` LIMIT 1   [ RunTime:0.0246s ]
SQL: SHOW COLUMNS FROM `think_product` [ RunTime:0.0251s ]
SQL: SHOW COLUMNS FROM `think_category` [ RunTime:0.0254s ]
NOTIC: [2] Invalid argument supplied for foreach() C:\wamp\www\tp\ThinkPHP\Library\Think\Db\Driver.class.php 第 504 行.
SQL: SELECT Product.id AS id,Product.pro_name AS pro_name,Product.market_price AS market_price,Product.shop_price AS shop_price,Product.pro_num AS pro_num,Product.pro_cate AS pro_cate,Product.description AS description,Product.pro_img AS pro_img,Product.img_path AS img_path,Product.pro_time AS pro_time,Category.name AS name FROM think_product Product  JOIN think_category Category ON Product.pro_cate=Category.id ORDER BY Product.id DESC LIMIT 0,5   [ RunTime:0.0246s ]
INFO: [ view_parse ] --START--
NOTIC: [2] file_get_contents(./Application/Admin/Admin/View/Admin/header.html): failed to open stream: No such file or directory C:\wamp\www\tp\ThinkPHP\Library\Think\Template.class.php 第 696 行.
NOTIC: [2] file_get_contents(./Application/Admin/Admin/View/Admin/footer.html): failed to open stream: No such file or directory C:\wamp\www\tp\ThinkPHP\Library\Think\Template.class.php 第 696 行.
INFO: [ template_filter ] --START--
INFO: Run Behavior\ContentReplaceBehavior [ RunTime:0.000078s ]
INFO: [ template_filter ] --END-- [ RunTime:0.000167s ]
INFO: Run Behavior\ParseTemplateBehavior [ RunTime:0.062586s ]
INFO: [ view_parse ] --END-- [ RunTime:0.062717s ]
INFO: [ view_filter ] --START--
INFO: Run Behavior\WriteHtmlCacheBehavior [ RunTime:0.007163s ]
INFO: [ view_filter ] --END-- [ RunTime:0.007289s ]
INFO: [ view_parse ] --START--
NOTIC: [2] file_get_contents(./Application/Admin/Admin/View/Admin/header.html): failed to open stream: No such file or directory C:\wamp\www\tp\ThinkPHP\Library\Think\Template.class.php 第 696 行.
NOTIC: [2] file_get_contents(./Application/Admin/Admin/View/Admin/footer.html): failed to open stream: No such file or directory C:\wamp\www\tp\ThinkPHP\Library\Think\Template.class.php 第 696 行.
INFO: [ template_filter ] --START--
INFO: Run Behavior\ContentReplaceBehavior [ RunTime:0.000058s ]
INFO: [ template_filter ] --END-- [ RunTime:-0.052019s ]
NOTIC: [8] Use of undefined constant pro_img - assumed 'pro_img' C:\wamp\www\tp\Application\Admin\Runtime\Cache\Admin\b41d90d39c5b7a2d9dc25a69a2ce6f78.php 第 65 行.
NOTIC: [8] Use of undefined constant pro_img - assumed 'pro_img' C:\wamp\www\tp\Application\Admin\Runtime\Cache\Admin\b41d90d39c5b7a2d9dc25a69a2ce6f78.php 第 65 行.
NOTIC: [8] Use of undefined constant pro_img - assumed 'pro_img' C:\wamp\www\tp\Application\Admin\Runtime\Cache\Admin\b41d90d39c5b7a2d9dc25a69a2ce6f78.php 第 65 行.
NOTIC: [8] Use of undefined constant pro_img - assumed 'pro_img' C:\wamp\www\tp\Application\Admin\Runtime\Cache\Admin\b41d90d39c5b7a2d9dc25a69a2ce6f78.php 第 65 行.
NOTIC: [8] Use of undefined constant pro_img - assumed 'pro_img' C:\wamp\www\tp\Application\Admin\Runtime\Cache\Admin\b41d90d39c5b7a2d9dc25a69a2ce6f78.php 第 65 行.
INFO: Run Behavior\ParseTemplateBehavior [ RunTime:0.040240s ]
INFO: [ view_parse ] --END-- [ RunTime:-0.010113s ]
INFO: [ view_filter ] --START--
INFO: Run Behavior\WriteHtmlCacheBehavior [ RunTime:0.000021s ]
INFO: [ view_filter ] --END-- [ RunTime:-0.043145s ]
INFO: [ view_parse ] --START--
NOTIC: [2] file_get_contents(./Application/Admin/Admin/View/Admin/header.html): failed to open stream: No such file or directory C:\wamp\www\tp\ThinkPHP\Library\Think\Template.class.php 第 696 行.
NOTIC: [2] file_get_contents(./Application/Admin/Admin/View/Admin/footer.html): failed to open stream: No such file or directory C:\wamp\www\tp\ThinkPHP\Library\Think\Template.class.php 第 696 行.
INFO: [ template_filter ] --START--
INFO: Run Behavior\ContentReplaceBehavior [ RunTime:0.000054s ]
INFO: [ template_filter ] --END-- [ RunTime:-0.081515s ]
INFO: Run Behavior\ParseTemplateBehavior [ RunTime:0.024203s ]
INFO: [ view_parse ] --END-- [ RunTime:-0.053875s ]
INFO: [ view_filter ] --START--
INFO: Run Behavior\WriteHtmlCacheBehavior [ RunTime:0.000026s ]
INFO: [ view_filter ] --END-- [ RunTime:-0.070899s ]
INFO: [ app_end ] --START--
INFO: Run Behavior\ShowPageTraceBehavior [ RunTime:0.007006s ]
INFO: [ app_end ] --END-- [ RunTime:0.007101s ]

[ 2017-01-12T11:16:18+08:00 ] 127.0.0.1 /tp/admin.php/Product/resources/images/loading.gif
INFO: [ app_init ] --START--
INFO: Run Behavior\BuildLiteBehavior [ RunTime:0.000022s ]
INFO: [ app_init ] --END-- [ RunTime:0.000119s ]

[ 2017-01-12T11:16:19+08:00 ] 127.0.0.1 /tp/admin.php/Product/resources/images/closelabel.gif
INFO: [ app_init ] --START--
INFO: Run Behavior\BuildLiteBehavior [ RunTime:0.000026s ]
INFO: [ app_init ] --END-- [ RunTime:0.000998s ]

[ 2017-01-12T11:16:24+08:00 ] 127.0.0.1 /tp/admin.php/Product/add.html
INFO: [ app_init ] --START--
INFO: Run Behavior\BuildLiteBehavior [ RunTime:0.000050s ]
INFO: [ app_init ] --END-- [ RunTime:0.000266s ]
INFO: [ app_begin ] --START--
INFO: Run Behavior\ReadHtmlCacheBehavior [ RunTime:0.006802s ]
INFO: [ app_begin ] --END-- [ RunTime:0.006932s ]
SQL: SHOW COLUMNS FROM `think_category` [ RunTime:0.0274s ]
SQL: SELECT * FROM `think_category`  [ RunTime:0.0262s ]
INFO: [ view_parse ] --START--
NOTIC: [2] file_get_contents(./Application/Admin/Admin/View/Admin/header.html): failed to open stream: No such file or directory C:\wamp\www\tp\ThinkPHP\Library\Think\Template.class.php 第 696 行.
NOTIC: [2] file_get_contents(./Application/Admin/Admin/View/Admin/footer.html): failed to open stream: No such file or directory C:\wamp\www\tp\ThinkPHP\Library\Think\Template.class.php 第 696 行.
INFO: [ template_filter ] --START--
INFO: Run Behavior\ContentReplaceBehavior [ RunTime:0.000077s ]
INFO: [ template_filter ] --END-- [ RunTime:0.000163s ]
INFO: Run Behavior\ParseTemplateBehavior [ RunTime:0.067061s ]
INFO: [ view_parse ] --END-- [ RunTime:0.067225s ]
INFO: [ view_filter ] --START--
INFO: Run Behavior\WriteHtmlCacheBehavior [ RunTime:0.006574s ]
INFO: [ view_filter ] --END-- [ RunTime:0.006652s ]
INFO: [ view_parse ] --START--
NOTIC: [2] file_get_contents(./Application/Admin/Admin/View/Admin/header.html): failed to open stream: No such file or directory C:\wamp\www\tp\ThinkPHP\Library\Think\Template.class.php 第 696 行.
NOTIC: [2] file_get_contents(./Application/Admin/Admin/View/Admin/footer.html): failed to open stream: No such file or directory C:\wamp\www\tp\ThinkPHP\Library\Think\Template.class.php 第 696 行.
INFO: [ template_filter ] --START--
INFO: Run Behavior\ContentReplaceBehavior [ RunTime:0.000051s ]
INFO: [ template_filter ] --END-- [ RunTime:-0.037485s ]
INFO: Run Behavior\ParseTemplateBehavior [ RunTime:0.024530s ]
INFO: [ view_parse ] --END-- [ RunTime:-0.009289s ]
INFO: [ view_filter ] --START--
INFO: Run Behavior\WriteHtmlCacheBehavior [ RunTime:0.000024s ]
INFO: [ view_filter ] --END-- [ RunTime:-0.027242s ]
INFO: [ view_parse ] --START--
NOTIC: [2] file_get_contents(./Application/Admin/Admin/View/Admin/header.html): failed to open stream: No such file or directory C:\wamp\www\tp\ThinkPHP\Library\Think\Template.class.php 第 696 行.
NOTIC: [2] file_get_contents(./Application/Admin/Admin/View/Admin/footer.html): failed to open stream: No such file or directory C:\wamp\www\tp\ThinkPHP\Library\Think\Template.class.php 第 696 行.
INFO: [ template_filter ] --START--
INFO: Run Behavior\ContentReplaceBehavior [ RunTime:0.000054s ]
INFO: [ template_filter ] --END-- [ RunTime:-0.064966s ]
INFO: Run Behavior\ParseTemplateBehavior [ RunTime:0.023946s ]
INFO: [ view_parse ] --END-- [ RunTime:-0.036845s ]
INFO: [ view_filter ] --START--
INFO: Run Behavior\WriteHtmlCacheBehavior [ RunTime:0.000024s ]
INFO: [ view_filter ] --END-- [ RunTime:-0.054212s ]
INFO: [ app_end ] --START--
INFO: Run Behavior\ShowPageTraceBehavior [ RunTime:0.006939s ]
INFO: [ app_end ] --END-- [ RunTime:0.007019s ]

[ 2017-01-12T11:16:24+08:00 ] 127.0.0.1 /tp/admin.php/Product/resources/images/closelabel.gif
INFO: [ app_init ] --START--
INFO: Run Behavior\BuildLiteBehavior [ RunTime:0.000025s ]
INFO: [ app_init ] --END-- [ RunTime:0.000158s ]

[ 2017-01-12T11:16:24+08:00 ] 127.0.0.1 /tp/admin.php/Product/resources/images/loading.gif
INFO: [ app_init ] --START--
INFO: Run Behavior\BuildLiteBehavior [ RunTime:0.000023s ]
INFO: [ app_init ] --END-- [ RunTime:0.000114s ]

[ 2017-01-12T11:16:37+08:00 ] 127.0.0.1 /tp/admin.php/Product/add.html
INFO: [ app_init ] --START--
INFO: Run Behavior\BuildLiteBehavior [ RunTime:0.000022s ]
INFO: [ app_init ] --END-- [ RunTime:0.000130s ]
INFO: [ app_begin ] --START--
INFO: Run Behavior\ReadHtmlCacheBehavior [ RunTime:0.006823s ]
INFO: [ app_begin ] --END-- [ RunTime:0.006953s ]
SQL: SHOW COLUMNS FROM `think_category` [ RunTime:0.0255s ]
SQL: SELECT * FROM `think_category`  [ RunTime:0.0243s ]
SQL: SHOW COLUMNS FROM `think_product` [ RunTime:0.0262s ]
NOTIC: [2] call_user_func() expects parameter 1 to be a valid callback, no array or string given C:\wamp\www\tp\ThinkPHP\Library\Think\Upload.class.php 第 170 行.
SQL: INSERT INTO `think_product` (`pro_name`,`market_price`,`shop_price`,`pro_num`,`pro_cate`,`pro_time`,`img_path`,`pro_img`) VALUES ('fsdf','3','33','2','4','1484190996','./Public/Uploads/2017-01-12/','5876f514e67b9.jpg') [ RunTime:0.0699s ]

[ 2017-01-12T11:16:37+08:00 ] 127.0.0.1 /tp/admin.php/Product/index.html
INFO: [ app_init ] --START--
INFO: Run Behavior\BuildLiteBehavior [ RunTime:0.000021s ]
INFO: [ app_init ] --END-- [ RunTime:0.000111s ]
INFO: [ app_begin ] --START--
INFO: Run Behavior\ReadHtmlCacheBehavior [ RunTime:0.003428s ]
INFO: [ app_begin ] --END-- [ RunTime:0.003624s ]
SQL: SHOW COLUMNS FROM `think_product` [ RunTime:0.0254s ]
SQL: SELECT COUNT(*) AS tp_count FROM `think_product` LIMIT 1   [ RunTime:0.0252s ]
SQL: SHOW COLUMNS FROM `think_product` [ RunTime:0.0259s ]
SQL: SHOW COLUMNS FROM `think_category` [ RunTime:0.0260s ]
NOTIC: [2] Invalid argument supplied for foreach() C:\wamp\www\tp\ThinkPHP\Library\Think\Db\Driver.class.php 第 504 行.
SQL: SELECT Product.id AS id,Product.pro_name AS pro_name,Product.market_price AS market_price,Product.shop_price AS shop_price,Product.pro_num AS pro_num,Product.pro_cate AS pro_cate,Product.description AS description,Product.pro_img AS pro_img,Product.img_path AS img_path,Product.pro_time AS pro_time,Category.name AS name FROM think_product Product  JOIN think_category Category ON Product.pro_cate=Category.id ORDER BY Product.id DESC LIMIT 0,5   [ RunTime:0.0245s ]
INFO: [ view_parse ] --START--
NOTIC: [2] file_get_contents(./Application/Admin/Admin/View/Admin/header.html): failed to open stream: No such file or directory C:\wamp\www\tp\ThinkPHP\Library\Think\Template.class.php 第 696 行.
NOTIC: [2] file_get_contents(./Application/Admin/Admin/View/Admin/footer.html): failed to open stream: No such file or directory C:\wamp\www\tp\ThinkPHP\Library\Think\Template.class.php 第 696 行.
INFO: [ template_filter ] --START--
INFO: Run Behavior\ContentReplaceBehavior [ RunTime:0.000082s ]
INFO: [ template_filter ] --END-- [ RunTime:0.000179s ]
INFO: Run Behavior\ParseTemplateBehavior [ RunTime:0.039226s ]
INFO: [ view_parse ] --END-- [ RunTime:0.041152s ]
INFO: [ view_filter ] --START--
INFO: Run Behavior\WriteHtmlCacheBehavior [ RunTime:0.003539s ]
INFO: [ view_filter ] --END-- [ RunTime:0.003681s ]
INFO: [ view_parse ] --START--
NOTIC: [2] file_get_contents(./Application/Admin/Admin/View/Admin/header.html): failed to open stream: No such file or directory C:\wamp\www\tp\ThinkPHP\Library\Think\Template.class.php 第 696 行.
NOTIC: [2] file_get_contents(./Application/Admin/Admin/View/Admin/footer.html): failed to open stream: No such file or directory C:\wamp\www\tp\ThinkPHP\Library\Think\Template.class.php 第 696 行.
INFO: [ template_filter ] --START--
INFO: Run Behavior\ContentReplaceBehavior [ RunTime:0.000060s ]
INFO: [ template_filter ] --END-- [ RunTime:-0.029657s ]
NOTIC: [8] Use of undefined constant pro_img - assumed 'pro_img' C:\wamp\www\tp\Application\Admin\Runtime\Cache\Admin\b41d90d39c5b7a2d9dc25a69a2ce6f78.php 第 65 行.
NOTIC: [8] Use of undefined constant pro_img - assumed 'pro_img' C:\wamp\www\tp\Application\Admin\Runtime\Cache\Admin\b41d90d39c5b7a2d9dc25a69a2ce6f78.php 第 65 行.
NOTIC: [8] Use of undefined constant pro_img - assumed 'pro_img' C:\wamp\www\tp\Application\Admin\Runtime\Cache\Admin\b41d90d39c5b7a2d9dc25a69a2ce6f78.php 第 65 行.
NOTIC: [8] Use of undefined constant pro_img - assumed 'pro_img' C:\wamp\www\tp\Application\Admin\Runtime\Cache\Admin\b41d90d39c5b7a2d9dc25a69a2ce6f78.php 第 65 行.
NOTIC: [8] Use of undefined constant pro_img - assumed 'pro_img' C:\wamp\www\tp\Application\Admin\Runtime\Cache\Admin\b41d90d39c5b7a2d9dc25a69a2ce6f78.php 第 65 行.
INFO: Run Behavior\ParseTemplateBehavior [ RunTime:0.018731s ]
INFO: [ view_parse ] --END-- [ RunTime:-0.005462s ]
INFO: [ view_filter ] --START--
INFO: Run Behavior\WriteHtmlCacheBehavior [ RunTime:0.000022s ]
INFO: [ view_filter ] --END-- [ RunTime:-0.020498s ]
INFO: [ view_parse ] --START--
NOTIC: [2] file_get_contents(./Application/Admin/Admin/View/Admin/header.html): failed to open stream: No such file or directory C:\wamp\www\tp\ThinkPHP\Library\Think\Template.class.php 第 696 行.
NOTIC: [2] file_get_contents(./Application/Admin/Admin/View/Admin/footer.html): failed to open stream: No such file or directory C:\wamp\www\tp\ThinkPHP\Library\Think\Template.class.php 第 696 行.
INFO: [ template_filter ] --START--
INFO: Run Behavior\ContentReplaceBehavior [ RunTime:0.000054s ]
INFO: [ template_filter ] --END-- [ RunTime:-0.047022s ]
INFO: Run Behavior\ParseTemplateBehavior [ RunTime:0.013010s ]
INFO: [ view_parse ] --END-- [ RunTime:-0.026516s ]
INFO: [ view_filter ] --START--
INFO: Run Behavior\WriteHtmlCacheBehavior [ RunTime:0.000023s ]
INFO: [ view_filter ] --END-- [ RunTime:-0.035881s ]
INFO: [ app_end ] --START--
INFO: Run Behavior\ShowPageTraceBehavior [ RunTime:0.002468s ]
INFO: [ app_end ] --END-- [ RunTime:0.002545s ]

[ 2017-01-12T11:16:38+08:00 ] 127.0.0.1 /tp/admin.php/Product/resources/images/closelabel.gif
INFO: [ app_init ] --START--
INFO: Run Behavior\BuildLiteBehavior [ RunTime:0.000021s ]
INFO: [ app_init ] --END-- [ RunTime:0.000123s ]

[ 2017-01-12T11:16:38+08:00 ] 127.0.0.1 /tp/admin.php/Product/resources/images/loading.gif
INFO: [ app_init ] --START--
INFO: Run Behavior\BuildLiteBehavior [ RunTime:0.000022s ]
INFO: [ app_init ] --END-- [ RunTime:0.000133s ]

[ 2017-01-12T11:16:39+08:00 ] 127.0.0.1 /tp/admin.php/Product/add.html
INFO: [ app_init ] --START--
INFO: Run Behavior\BuildLiteBehavior [ RunTime:0.000021s ]
INFO: [ app_init ] --END-- [ RunTime:0.000109s ]
INFO: [ app_begin ] --START--
INFO: Run Behavior\ReadHtmlCacheBehavior [ RunTime:0.002004s ]
INFO: [ app_begin ] --END-- [ RunTime:0.002196s ]
SQL: SHOW COLUMNS FROM `think_category` [ RunTime:0.0280s ]
SQL: SELECT * FROM `think_category`  [ RunTime:0.0261s ]
INFO: [ view_parse ] --START--
NOTIC: [2] file_get_contents(./Application/Admin/Admin/View/Admin/header.html): failed to open stream: No such file or directory C:\wamp\www\tp\ThinkPHP\Library\Think\Template.class.php 第 696 行.
NOTIC: [2] file_get_contents(./Application/Admin/Admin/View/Admin/footer.html): failed to open stream: No such file or directory C:\wamp\www\tp\ThinkPHP\Library\Think\Template.class.php 第 696 行.
INFO: [ template_filter ] --START--
INFO: Run Behavior\ContentReplaceBehavior [ RunTime:0.000104s ]
INFO: [ template_filter ] --END-- [ RunTime:0.000219s ]
INFO: Run Behavior\ParseTemplateBehavior [ RunTime:0.040174s ]
INFO: [ view_parse ] --END-- [ RunTime:0.040311s ]
INFO: [ view_filter ] --START--
INFO: Run Behavior\WriteHtmlCacheBehavior [ RunTime:0.001486s ]
INFO: [ view_filter ] --END-- [ RunTime:0.001565s ]
INFO: [ view_parse ] --START--
NOTIC: [2] file_get_contents(./Application/Admin/Admin/View/Admin/header.html): failed to open stream: No such file or directory C:\wamp\www\tp\ThinkPHP\Library\Think\Template.class.php 第 696 行.
NOTIC: [2] file_get_contents(./Application/Admin/Admin/View/Admin/footer.html): failed to open stream: No such file or directory C:\wamp\www\tp\ThinkPHP\Library\Think\Template.class.php 第 696 行.
INFO: [ template_filter ] --START--
INFO: Run Behavior\ContentReplaceBehavior [ RunTime:0.000053s ]
INFO: [ template_filter ] --END-- [ RunTime:-0.023565s ]
INFO: Run Behavior\ParseTemplateBehavior [ RunTime:0.014903s ]
INFO: [ view_parse ] --END-- [ RunTime:-0.003004s ]
INFO: [ view_filter ] --START--
INFO: Run Behavior\WriteHtmlCacheBehavior [ RunTime:0.000033s ]
INFO: [ view_filter ] --END-- [ RunTime:-0.016472s ]
INFO: [ view_parse ] --START--
NOTIC: [2] file_get_contents(./Application/Admin/Admin/View/Admin/header.html): failed to open stream: No such file or directory C:\wamp\www\tp\ThinkPHP\Library\Think\Template.class.php 第 696 行.
NOTIC: [2] file_get_contents(./Application/Admin/Admin/View/Admin/footer.html): failed to open stream: No such file or directory C:\wamp\www\tp\ThinkPHP\Library\Think\Template.class.php 第 696 行.
INFO: [ template_filter ] --START--
INFO: Run Behavior\ContentReplaceBehavior [ RunTime:0.000053s ]
INFO: [ template_filter ] --END-- [ RunTime:-0.039485s ]
INFO: Run Behavior\ParseTemplateBehavior [ RunTime:0.013137s ]
INFO: [ view_parse ] --END-- [ RunTime:-0.019841s ]
INFO: [ view_filter ] --START--
INFO: Run Behavior\WriteHtmlCacheBehavior [ RunTime:0.000025s ]
INFO: [ view_filter ] --END-- [ RunTime:-0.031533s ]
INFO: [ app_end ] --START--
INFO: Run Behavior\ShowPageTraceBehavior [ RunTime:0.001811s ]
INFO: [ app_end ] --END-- [ RunTime:0.001888s ]

[ 2017-01-12T11:16:39+08:00 ] 127.0.0.1 /tp/admin.php/Product/resources/images/closelabel.gif
INFO: [ app_init ] --START--
INFO: Run Behavior\BuildLiteBehavior [ RunTime:0.000020s ]
INFO: [ app_init ] --END-- [ RunTime:0.000107s ]

[ 2017-01-12T11:16:39+08:00 ] 127.0.0.1 /tp/admin.php/Product/resources/images/loading.gif
INFO: [ app_init ] --START--
INFO: Run Behavior\BuildLiteBehavior [ RunTime:0.000024s ]
INFO: [ app_init ] --END-- [ RunTime:0.000128s ]

[ 2017-01-12T11:16:54+08:00 ] 127.0.0.1 /tp/admin.php/Product/add.html
INFO: [ app_init ] --START--
INFO: Run Behavior\BuildLiteBehavior [ RunTime:0.000050s ]
INFO: [ app_init ] --END-- [ RunTime:0.000250s ]
INFO: [ app_begin ] --START--
INFO: Run Behavior\ReadHtmlCacheBehavior [ RunTime:0.006672s ]
INFO: [ app_begin ] --END-- [ RunTime:0.006774s ]
SQL: SHOW COLUMNS FROM `think_category` [ RunTime:0.0281s ]
SQL: SELECT * FROM `think_category`  [ RunTime:0.0265s ]
SQL: SHOW COLUMNS FROM `think_product` [ RunTime:0.0268s ]
NOTIC: [2] call_user_func() expects parameter 1 to be a valid callback, no array or string given C:\wamp\www\tp\ThinkPHP\Library\Think\Upload.class.php 第 170 行.
SQL: INSERT INTO `think_product` (`pro_name`,`market_price`,`shop_price`,`pro_num`,`pro_cate`,`pro_time`,`img_path`,`pro_img`) VALUES ('gfh','43','434','3','6','1484191013','./Public/Uploads/2017-01-12/','5876f5260adaa.gif') [ RunTime:0.0747s ]

[ 2017-01-12T11:16:54+08:00 ] 127.0.0.1 /tp/admin.php/Product/index.html
INFO: [ app_init ] --START--
INFO: Run Behavior\BuildLiteBehavior [ RunTime:0.000023s ]
INFO: [ app_init ] --END-- [ RunTime:0.000116s ]
INFO: [ app_begin ] --START--
INFO: Run Behavior\ReadHtmlCacheBehavior [ RunTime:0.002143s ]
INFO: [ app_begin ] --END-- [ RunTime:0.002288s ]
SQL: SHOW COLUMNS FROM `think_product` [ RunTime:0.0274s ]
SQL: SELECT COUNT(*) AS tp_count FROM `think_product` LIMIT 1   [ RunTime:0.0272s ]
SQL: SHOW COLUMNS FROM `think_product` [ RunTime:0.0284s ]
SQL: SHOW COLUMNS FROM `think_category` [ RunTime:0.0271s ]
NOTIC: [2] Invalid argument supplied for foreach() C:\wamp\www\tp\ThinkPHP\Library\Think\Db\Driver.class.php 第 504 行.
SQL: SELECT Product.id AS id,Product.pro_name AS pro_name,Product.market_price AS market_price,Product.shop_price AS shop_price,Product.pro_num AS pro_num,Product.pro_cate AS pro_cate,Product.description AS description,Product.pro_img AS pro_img,Product.img_path AS img_path,Product.pro_time AS pro_time,Category.name AS name FROM think_product Product  JOIN think_category Category ON Product.pro_cate=Category.id ORDER BY Product.id DESC LIMIT 0,5   [ RunTime:0.0274s ]
INFO: [ view_parse ] --START--
NOTIC: [2] file_get_contents(./Application/Admin/Admin/View/Admin/header.html): failed to open stream: No such file or directory C:\wamp\www\tp\ThinkPHP\Library\Think\Template.class.php 第 696 行.
NOTIC: [2] file_get_contents(./Application/Admin/Admin/View/Admin/footer.html): failed to open stream: No such file or directory C:\wamp\www\tp\ThinkPHP\Library\Think\Template.class.php 第 696 行.
INFO: [ template_filter ] --START--
INFO: Run Behavior\ContentReplaceBehavior [ RunTime:0.000113s ]
INFO: [ template_filter ] --END-- [ RunTime:0.000238s ]
INFO: Run Behavior\ParseTemplateBehavior [ RunTime:0.040706s ]
INFO: [ view_parse ] --END-- [ RunTime:0.040845s ]
INFO: [ view_filter ] --START--
INFO: Run Behavior\WriteHtmlCacheBehavior [ RunTime:0.001965s ]
INFO: [ view_filter ] --END-- [ RunTime:0.002072s ]
INFO: [ view_parse ] --START--
NOTIC: [2] file_get_contents(./Application/Admin/Admin/View/Admin/header.html): failed to open stream: No such file or directory C:\wamp\www\tp\ThinkPHP\Library\Think\Template.class.php 第 696 行.
NOTIC: [2] file_get_contents(./Application/Admin/Admin/View/Admin/footer.html): failed to open stream: No such file or directory C:\wamp\www\tp\ThinkPHP\Library\Think\Template.class.php 第 696 行.
INFO: [ template_filter ] --START--
INFO: Run Behavior\ContentReplaceBehavior [ RunTime:0.000060s ]
INFO: [ template_filter ] --END-- [ RunTime:-0.024355s ]
NOTIC: [8] Use of undefined constant pro_img - assumed 'pro_img' C:\wamp\www\tp\Application\Admin\Runtime\Cache\Admin\b41d90d39c5b7a2d9dc25a69a2ce6f78.php 第 65 行.
NOTIC: [8] Use of undefined constant pro_img - assumed 'pro_img' C:\wamp\www\tp\Application\Admin\Runtime\Cache\Admin\b41d90d39c5b7a2d9dc25a69a2ce6f78.php 第 65 行.
NOTIC: [8] Use of undefined constant pro_img - assumed 'pro_img' C:\wamp\www\tp\Application\Admin\Runtime\Cache\Admin\b41d90d39c5b7a2d9dc25a69a2ce6f78.php 第 65 行.
NOTIC: [8] Use of undefined constant pro_img - assumed 'pro_img' C:\wamp\www\tp\Application\Admin\Runtime\Cache\Admin\b41d90d39c5b7a2d9dc25a69a2ce6f78.php 第 65 行.
NOTIC: [8] Use of undefined constant pro_img - assumed 'pro_img' C:\wamp\www\tp\Application\Admin\Runtime\Cache\Admin\b41d90d39c5b7a2d9dc25a69a2ce6f78.php 第 65 行.
INFO: Run Behavior\ParseTemplateBehavior [ RunTime:0.018777s ]
INFO: [ view_parse ] --END-- [ RunTime:-0.004051s ]
INFO: [ view_filter ] --START--
INFO: Run Behavior\WriteHtmlCacheBehavior [ RunTime:0.000021s ]
INFO: [ view_filter ] --END-- [ RunTime:-0.020776s ]
INFO: [ view_parse ] --START--
NOTIC: [2] file_get_contents(./Application/Admin/Admin/View/Admin/header.html): failed to open stream: No such file or directory C:\wamp\www\tp\ThinkPHP\Library\Think\Template.class.php 第 696 行.
NOTIC: [2] file_get_contents(./Application/Admin/Admin/View/Admin/footer.html): failed to open stream: No such file or directory C:\wamp\www\tp\ThinkPHP\Library\Think\Template.class.php 第 696 行.
INFO: [ template_filter ] --START--
INFO: Run Behavior\ContentReplaceBehavior [ RunTime:0.000072s ]
INFO: [ template_filter ] --END-- [ RunTime:-0.042001s ]
INFO: Run Behavior\ParseTemplateBehavior [ RunTime:0.013571s ]
INFO: [ view_parse ] --END-- [ RunTime:-0.024992s ]
INFO: [ view_filter ] --START--
INFO: Run Behavior\WriteHtmlCacheBehavior [ RunTime:0.000024s ]
INFO: [ view_filter ] --END-- [ RunTime:-0.036525s ]
INFO: [ app_end ] --START--
INFO: Run Behavior\ShowPageTraceBehavior [ RunTime:0.001708s ]
INFO: [ app_end ] --END-- [ RunTime:0.001785s ]

[ 2017-01-12T11:16:55+08:00 ] 127.0.0.1 /tp/admin.php/Product/resources/images/closelabel.gif
INFO: [ app_init ] --START--
INFO: Run Behavior\BuildLiteBehavior [ RunTime:0.000021s ]
INFO: [ app_init ] --END-- [ RunTime:0.000125s ]

[ 2017-01-12T11:16:55+08:00 ] 127.0.0.1 /tp/admin.php/Product/resources/images/loading.gif
INFO: [ app_init ] --START--
INFO: Run Behavior\BuildLiteBehavior [ RunTime:0.000026s ]
INFO: [ app_init ] --END-- [ RunTime:0.000192s ]

[ 2017-01-12T15:05:07+08:00 ] 127.0.0.1 /tp/admin.php
INFO: [ app_init ] --START--
INFO: Run Behavior\BuildLiteBehavior [ RunTime:0.000062s ]
INFO: [ app_init ] --END-- [ RunTime:0.000301s ]
INFO: [ app_begin ] --START--
INFO: Run Behavior\ReadHtmlCacheBehavior [ RunTime:0.002790s ]
INFO: [ app_begin ] --END-- [ RunTime:0.002914s ]
INFO: [ view_parse ] --START--
NOTIC: [2] file_get_contents(./Application/Admin/Admin/View/Admin/header.html): failed to open stream: No such file or directory C:\wamp\www\tp\ThinkPHP\Library\Think\Template.class.php 第 696 行.
NOTIC: [2] file_get_contents(./Application/Admin/Admin/View/Admin/footer.html): failed to open stream: No such file or directory C:\wamp\www\tp\ThinkPHP\Library\Think\Template.class.php 第 696 行.
INFO: [ template_filter ] --START--
INFO: Run Behavior\ContentReplaceBehavior [ RunTime:0.000068s ]
INFO: [ template_filter ] --END-- [ RunTime:0.000169s ]
INFO: Run Behavior\ParseTemplateBehavior [ RunTime:0.028497s ]
INFO: [ view_parse ] --END-- [ RunTime:0.028611s ]
INFO: [ view_filter ] --START--
INFO: Run Behavior\WriteHtmlCacheBehavior [ RunTime:0.002156s ]
INFO: [ view_filter ] --END-- [ RunTime:0.002248s ]
INFO: [ app_end ] --START--
INFO: Run Behavior\ShowPageTraceBehavior [ RunTime:0.002469s ]
INFO: [ app_end ] --END-- [ RunTime:0.002560s ]

[ 2017-01-12T15:05:07+08:00 ] 127.0.0.1 /tp/admin.php/Index/VerifyCode
INFO: [ app_init ] --START--
INFO: Run Behavior\BuildLiteBehavior [ RunTime:0.000024s ]
INFO: [ app_init ] --END-- [ RunTime:0.000137s ]
INFO: [ app_begin ] --START--
INFO: Run Behavior\ReadHtmlCacheBehavior [ RunTime:0.003455s ]
INFO: [ app_begin ] --END-- [ RunTime:0.003589s ]
INFO: [ app_end ] --START--
INFO: Run Behavior\ShowPageTraceBehavior [ RunTime:0.012074s ]
INFO: [ app_end ] --END-- [ RunTime:0.012223s ]

[ 2017-01-12T15:05:22+08:00 ] 127.0.0.1 /tp/admin.php/Index/check
INFO: [ app_init ] --START--
INFO: Run Behavior\BuildLiteBehavior [ RunTime:0.000023s ]
INFO: [ app_init ] --END-- [ RunTime:0.000121s ]
INFO: [ app_begin ] --START--
INFO: Run Behavior\ReadHtmlCacheBehavior [ RunTime:0.001748s ]
INFO: [ app_begin ] --END-- [ RunTime:0.001861s ]
SQL: SHOW COLUMNS FROM `think_admin` [ RunTime:0.0604s ]
SQL: SELECT * FROM `think_admin` WHERE `username` = 'yzj' LIMIT 1   [ RunTime:0.0275s ]

[ 2017-01-12T15:05:23+08:00 ] 127.0.0.1 /tp/admin.php
INFO: [ app_init ] --START--
INFO: Run Behavior\BuildLiteBehavior [ RunTime:0.000055s ]
INFO: [ app_init ] --END-- [ RunTime:0.000305s ]
INFO: [ app_begin ] --START--
INFO: Run Behavior\ReadHtmlCacheBehavior [ RunTime:0.001756s ]
INFO: [ app_begin ] --END-- [ RunTime:0.001876s ]
SQL: SHOW COLUMNS FROM `think_admin` [ RunTime:0.0274s ]
SQL: SELECT * FROM `think_admin` WHERE `username` = 'yzj' LIMIT 1   [ RunTime:0.0265s ]
SQL: SHOW COLUMNS FROM `think_level` [ RunTime:0.0462s ]
SQL: SELECT * FROM `think_level` WHERE `id` = 2 LIMIT 1   [ RunTime:0.0267s ]

[ 2017-01-12T15:05:23+08:00 ] 127.0.0.1 /tp/admin.php/Index/main.html
INFO: [ app_init ] --START--
INFO: Run Behavior\BuildLiteBehavior [ RunTime:0.000022s ]
INFO: [ app_init ] --END-- [ RunTime:0.000110s ]
INFO: [ app_begin ] --START--
INFO: Run Behavior\ReadHtmlCacheBehavior [ RunTime:0.002220s ]
INFO: [ app_begin ] --END-- [ RunTime:0.002343s ]
INFO: [ view_parse ] --START--
NOTIC: [2] file_get_contents(./Application/Admin/Admin/View/Admin/header.html): failed to open stream: No such file or directory C:\wamp\www\tp\ThinkPHP\Library\Think\Template.class.php 第 696 行.
NOTIC: [2] file_get_contents(./Application/Admin/Admin/View/Admin/footer.html): failed to open stream: No such file or directory C:\wamp\www\tp\ThinkPHP\Library\Think\Template.class.php 第 696 行.
INFO: [ template_filter ] --START--
INFO: Run Behavior\ContentReplaceBehavior [ RunTime:0.000076s ]
INFO: [ template_filter ] --END-- [ RunTime:0.000155s ]
INFO: Run Behavior\ParseTemplateBehavior [ RunTime:0.028832s ]
INFO: [ view_parse ] --END-- [ RunTime:0.028927s ]
INFO: [ view_filter ] --START--
INFO: Run Behavior\WriteHtmlCacheBehavior [ RunTime:0.001432s ]
INFO: [ view_filter ] --END-- [ RunTime:0.001508s ]
INFO: [ view_parse ] --START--
NOTIC: [2] file_get_contents(./Application/Admin/Admin/View/Admin/header.html): failed to open stream: No such file or directory C:\wamp\www\tp\ThinkPHP\Library\Think\Template.class.php 第 696 行.
NOTIC: [2] file_get_contents(./Application/Admin/Admin/View/Admin/footer.html): failed to open stream: No such file or directory C:\wamp\www\tp\ThinkPHP\Library\Think\Template.class.php 第 696 行.
INFO: [ template_filter ] --START--
INFO: Run Behavior\ContentReplaceBehavior [ RunTime:0.000077s ]
INFO: [ template_filter ] --END-- [ RunTime:-0.019015s ]
INFO: Run Behavior\ParseTemplateBehavior [ RunTime:0.013393s ]
INFO: [ view_parse ] --END-- [ RunTime:-0.002887s ]
INFO: [ view_filter ] --START--
INFO: Run Behavior\WriteHtmlCacheBehavior [ RunTime:0.000023s ]
INFO: [ view_filter ] --END-- [ RunTime:-0.014862s ]
INFO: [ view_parse ] --START--
NOTIC: [2] file_get_contents(./Application/Admin/Admin/View/Admin/header.html): failed to open stream: No such file or directory C:\wamp\www\tp\ThinkPHP\Library\Think\Template.class.php 第 696 行.
NOTIC: [2] file_get_contents(./Application/Admin/Admin/View/Admin/footer.html): failed to open stream: No such file or directory C:\wamp\www\tp\ThinkPHP\Library\Think\Template.class.php 第 696 行.
INFO: [ template_filter ] --START--
INFO: Run Behavior\ContentReplaceBehavior [ RunTime:0.000058s ]
INFO: [ template_filter ] --END-- [ RunTime:-0.034795s ]
INFO: Run Behavior\ParseTemplateBehavior [ RunTime:0.012851s ]
INFO: [ view_parse ] --END-- [ RunTime:-0.018019s ]
INFO: [ view_filter ] --START--
INFO: Run Behavior\WriteHtmlCacheBehavior [ RunTime:0.000023s ]
INFO: [ view_filter ] --END-- [ RunTime:-0.029452s ]
INFO: [ app_end ] --START--
INFO: Run Behavior\ShowPageTraceBehavior [ RunTime:0.001694s ]
INFO: [ app_end ] --END-- [ RunTime:0.001769s ]

[ 2017-01-12T15:05:24+08:00 ] 127.0.0.1 /tp/admin.php/Index/resources/images/loading.gif
INFO: [ app_init ] --START--
INFO: Run Behavior\BuildLiteBehavior [ RunTime:0.000023s ]
INFO: [ app_init ] --END-- [ RunTime:0.000125s ]

[ 2017-01-12T15:05:24+08:00 ] 127.0.0.1 /tp/admin.php/Index/resources/images/closelabel.gif
INFO: [ app_init ] --START--
INFO: Run Behavior\BuildLiteBehavior [ RunTime:0.000026s ]
INFO: [ app_init ] --END-- [ RunTime:0.000368s ]

[ 2017-01-12T15:05:30+08:00 ] 127.0.0.1 /tp/admin.php/Product/index.html
INFO: [ app_init ] --START--
INFO: Run Behavior\BuildLiteBehavior [ RunTime:0.000021s ]
INFO: [ app_init ] --END-- [ RunTime:0.000125s ]
INFO: [ app_begin ] --START--
INFO: Run Behavior\ReadHtmlCacheBehavior [ RunTime:0.003295s ]
INFO: [ app_begin ] --END-- [ RunTime:0.003422s ]
SQL: SHOW COLUMNS FROM `think_product` [ RunTime:0.0275s ]
SQL: SELECT COUNT(*) AS tp_count FROM `think_product` LIMIT 1   [ RunTime:0.0256s ]
SQL: SHOW COLUMNS FROM `think_product` [ RunTime:0.0297s ]
SQL: SHOW COLUMNS FROM `think_category` [ RunTime:0.0279s ]
NOTIC: [2] Invalid argument supplied for foreach() C:\wamp\www\tp\ThinkPHP\Library\Think\Db\Driver.class.php 第 504 行.
SQL: SELECT Product.id AS id,Product.pro_name AS pro_name,Product.market_price AS market_price,Product.shop_price AS shop_price,Product.pro_num AS pro_num,Product.pro_cate AS pro_cate,Product.description AS description,Product.pro_img AS pro_img,Product.img_path AS img_path,Product.pro_time AS pro_time,Category.name AS name FROM think_product Product  JOIN think_category Category ON Product.pro_cate=Category.id ORDER BY Product.id DESC LIMIT 0,5   [ RunTime:0.0271s ]
INFO: [ view_parse ] --START--
NOTIC: [2] file_get_contents(./Application/Admin/Admin/View/Admin/header.html): failed to open stream: No such file or directory C:\wamp\www\tp\ThinkPHP\Library\Think\Template.class.php 第 696 行.
NOTIC: [2] file_get_contents(./Application/Admin/Admin/View/Admin/footer.html): failed to open stream: No such file or directory C:\wamp\www\tp\ThinkPHP\Library\Think\Template.class.php 第 696 行.
INFO: [ template_filter ] --START--
INFO: Run Behavior\ContentReplaceBehavior [ RunTime:0.000092s ]
INFO: [ template_filter ] --END-- [ RunTime:0.000203s ]
INFO: Run Behavior\ParseTemplateBehavior [ RunTime:0.062529s ]
INFO: [ view_parse ] --END-- [ RunTime:0.062680s ]
INFO: [ view_filter ] --START--
INFO: Run Behavior\WriteHtmlCacheBehavior [ RunTime:0.003292s ]
INFO: [ view_filter ] --END-- [ RunTime:0.003391s ]
INFO: [ view_parse ] --START--
NOTIC: [2] file_get_contents(./Application/Admin/Admin/View/Admin/header.html): failed to open stream: No such file or directory C:\wamp\www\tp\ThinkPHP\Library\Think\Template.class.php 第 696 行.
NOTIC: [2] file_get_contents(./Application/Admin/Admin/View/Admin/footer.html): failed to open stream: No such file or directory C:\wamp\www\tp\ThinkPHP\Library\Think\Template.class.php 第 696 行.
INFO: [ template_filter ] --START--
INFO: Run Behavior\ContentReplaceBehavior [ RunTime:0.000060s ]
INFO: [ template_filter ] --END-- [ RunTime:-0.031699s ]
NOTIC: [8] Use of undefined constant pro_img - assumed 'pro_img' C:\wamp\www\tp\Application\Admin\Runtime\Cache\Admin\b41d90d39c5b7a2d9dc25a69a2ce6f78.php 第 65 行.
NOTIC: [8] Use of undefined constant pro_img - assumed 'pro_img' C:\wamp\www\tp\Application\Admin\Runtime\Cache\Admin\b41d90d39c5b7a2d9dc25a69a2ce6f78.php 第 65 行.
NOTIC: [8] Use of undefined constant pro_img - assumed 'pro_img' C:\wamp\www\tp\Application\Admin\Runtime\Cache\Admin\b41d90d39c5b7a2d9dc25a69a2ce6f78.php 第 65 行.
NOTIC: [8] Use of undefined constant pro_img - assumed 'pro_img' C:\wamp\www\tp\Application\Admin\Runtime\Cache\Admin\b41d90d39c5b7a2d9dc25a69a2ce6f78.php 第 65 行.
NOTIC: [8] Use of undefined constant pro_img - assumed 'pro_img' C:\wamp\www\tp\Application\Admin\Runtime\Cache\Admin\b41d90d39c5b7a2d9dc25a69a2ce6f78.php 第 65 行.
INFO: Run Behavior\ParseTemplateBehavior [ RunTime:0.024093s ]
INFO: [ view_parse ] --END-- [ RunTime:-0.005398s ]
INFO: [ view_filter ] --START--
INFO: Run Behavior\WriteHtmlCacheBehavior [ RunTime:0.000022s ]
INFO: [ view_filter ] --END-- [ RunTime:-0.026173s ]
INFO: [ view_parse ] --START--
NOTIC: [2] file_get_contents(./Application/Admin/Admin/View/Admin/header.html): failed to open stream: No such file or directory C:\wamp\www\tp\ThinkPHP\Library\Think\Template.class.php 第 696 行.
NOTIC: [2] file_get_contents(./Application/Admin/Admin/View/Admin/footer.html): failed to open stream: No such file or directory C:\wamp\www\tp\ThinkPHP\Library\Think\Template.class.php 第 696 行.
INFO: [ template_filter ] --START--
INFO: Run Behavior\ContentReplaceBehavior [ RunTime:0.000061s ]
INFO: [ template_filter ] --END-- [ RunTime:-0.053581s ]
INFO: Run Behavior\ParseTemplateBehavior [ RunTime:0.017652s ]
INFO: [ view_parse ] --END-- [ RunTime:-0.031799s ]
INFO: [ view_filter ] --START--
INFO: Run Behavior\WriteHtmlCacheBehavior [ RunTime:0.000025s ]
INFO: [ view_filter ] --END-- [ RunTime:-0.046134s ]
INFO: [ app_end ] --START--
INFO: Run Behavior\ShowPageTraceBehavior [ RunTime:0.003226s ]
INFO: [ app_end ] --END-- [ RunTime:0.003306s ]

[ 2017-01-12T15:05:30+08:00 ] 127.0.0.1 /tp/admin.php/Product/resources/images/closelabel.gif
INFO: [ app_init ] --START--
INFO: Run Behavior\BuildLiteBehavior [ RunTime:0.000090s ]
INFO: [ app_init ] --END-- [ RunTime:0.000480s ]

[ 2017-01-12T15:05:30+08:00 ] 127.0.0.1 /tp/admin.php/Product/resources/images/loading.gif
INFO: [ app_init ] --START--
INFO: Run Behavior\BuildLiteBehavior [ RunTime:0.000022s ]
INFO: [ app_init ] --END-- [ RunTime:0.000118s ]

[ 2017-01-12T15:05:34+08:00 ] 127.0.0.1 /tp/admin.php/Product/update/id/62.html
INFO: [ app_init ] --START--
INFO: Run Behavior\BuildLiteBehavior [ RunTime:0.000021s ]
INFO: [ app_init ] --END-- [ RunTime:0.000122s ]
INFO: [ app_begin ] --START--
INFO: Run Behavior\ReadHtmlCacheBehavior [ RunTime:0.002917s ]
INFO: [ app_begin ] --END-- [ RunTime:0.003158s ]
SQL: SHOW COLUMNS FROM `think_product` [ RunTime:0.0274s ]
SQL: SELECT * FROM `think_product` WHERE `id` = 62 LIMIT 1   [ RunTime:0.0263s ]
SQL: SHOW COLUMNS FROM `think_product` [ RunTime:0.0285s ]
SQL: SELECT * FROM `think_product` WHERE `id` = 62 LIMIT 1   [ RunTime:0.0262s ]
SQL: SHOW COLUMNS FROM `think_category` [ RunTime:0.0271s ]
SQL: SELECT * FROM `think_category`  [ RunTime:0.0265s ]
INFO: [ view_parse ] --START--
NOTIC: [2] file_get_contents(./Application/Admin/Admin/View/Admin/header.html): failed to open stream: No such file or directory C:\wamp\www\tp\ThinkPHP\Library\Think\Template.class.php 第 696 行.
NOTIC: [2] file_get_contents(./Application/Admin/Admin/View/Admin/footer.html): failed to open stream: No such file or directory C:\wamp\www\tp\ThinkPHP\Library\Think\Template.class.php 第 696 行.
INFO: [ template_filter ] --START--
INFO: Run Behavior\ContentReplaceBehavior [ RunTime:0.000080s ]
INFO: [ template_filter ] --END-- [ RunTime:0.000169s ]
INFO: Run Behavior\ParseTemplateBehavior [ RunTime:0.054193s ]
INFO: [ view_parse ] --END-- [ RunTime:0.054417s ]
INFO: [ view_filter ] --START--
INFO: Run Behavior\WriteHtmlCacheBehavior [ RunTime:0.003694s ]
INFO: [ view_filter ] --END-- [ RunTime:0.003873s ]
INFO: [ view_parse ] --START--
NOTIC: [2] file_get_contents(./Application/Admin/Admin/View/Admin/header.html): failed to open stream: No such file or directory C:\wamp\www\tp\ThinkPHP\Library\Think\Template.class.php 第 696 行.
NOTIC: [2] file_get_contents(./Application/Admin/Admin/View/Admin/footer.html): failed to open stream: No such file or directory C:\wamp\www\tp\ThinkPHP\Library\Think\Template.class.php 第 696 行.
INFO: [ template_filter ] --START--
INFO: Run Behavior\ContentReplaceBehavior [ RunTime:0.000057s ]
INFO: [ template_filter ] --END-- [ RunTime:-0.039399s ]
NOTIC: [8] Use of undefined constant pro_cate - assumed 'pro_cate' C:\wamp\www\tp\Application\Admin\Runtime\Cache\Admin\2b7d1220ae195324988e72110f5ca46f.php 第 39 行.
NOTIC: [8] Use of undefined constant pro_cate - assumed 'pro_cate' C:\wamp\www\tp\Application\Admin\Runtime\Cache\Admin\2b7d1220ae195324988e72110f5ca46f.php 第 39 行.
NOTIC: [8] Use of undefined constant pro_cate - assumed 'pro_cate' C:\wamp\www\tp\Application\Admin\Runtime\Cache\Admin\2b7d1220ae195324988e72110f5ca46f.php 第 39 行.
NOTIC: [8] Use of undefined constant pro_cate - assumed 'pro_cate' C:\wamp\www\tp\Application\Admin\Runtime\Cache\Admin\2b7d1220ae195324988e72110f5ca46f.php 第 39 行.
NOTIC: [8] Undefined index: pro_img[] C:\wamp\www\tp\Application\Admin\Runtime\Cache\Admin\2b7d1220ae195324988e72110f5ca46f.php 第 54 行.
INFO: Run Behavior\ParseTemplateBehavior [ RunTime:0.031210s ]
INFO: [ view_parse ] --END-- [ RunTime:-0.006538s ]
INFO: [ view_filter ] --START--
INFO: Run Behavior\WriteHtmlCacheBehavior [ RunTime:0.000023s ]
INFO: [ view_filter ] --END-- [ RunTime:-0.033923s ]
INFO: [ view_parse ] --START--
NOTIC: [2] file_get_contents(./Application/Admin/Admin/View/Admin/header.html): failed to open stream: No such file or directory C:\wamp\www\tp\ThinkPHP\Library\Think\Template.class.php 第 696 行.
NOTIC: [2] file_get_contents(./Application/Admin/Admin/View/Admin/footer.html): failed to open stream: No such file or directory C:\wamp\www\tp\ThinkPHP\Library\Think\Template.class.php 第 696 行.
INFO: [ template_filter ] --START--
INFO: Run Behavior\ContentReplaceBehavior [ RunTime:0.000053s ]
INFO: [ template_filter ] --END-- [ RunTime:-0.059604s ]
INFO: Run Behavior\ParseTemplateBehavior [ RunTime:0.016536s ]
INFO: [ view_parse ] --END-- [ RunTime:-0.039836s ]
INFO: [ view_filter ] --START--
INFO: Run Behavior\WriteHtmlCacheBehavior [ RunTime:0.000025s ]
INFO: [ view_filter ] --END-- [ RunTime:-0.052527s ]
INFO: [ app_end ] --START--
INFO: Run Behavior\ShowPageTraceBehavior [ RunTime:0.002746s ]
INFO: [ app_end ] --END-- [ RunTime:0.002824s ]

[ 2017-01-12T15:05:35+08:00 ] 127.0.0.1 /tp/admin.php/Product/update/id/resources/images/loading.gif
INFO: [ app_init ] --START--
INFO: Run Behavior\BuildLiteBehavior [ RunTime:0.000021s ]
INFO: [ app_init ] --END-- [ RunTime:0.000110s ]

[ 2017-01-12T15:05:35+08:00 ] 127.0.0.1 /tp/admin.php/Product/update/id/resources/images/closelabel.gif
INFO: [ app_init ] --START--
INFO: Run Behavior\BuildLiteBehavior [ RunTime:0.000020s ]
INFO: [ app_init ] --END-- [ RunTime:0.000113s ]

[ 2017-01-12T15:05:39+08:00 ] 127.0.0.1 /tp/admin.php/product/delImg.html
INFO: [ app_init ] --START--
INFO: Run Behavior\BuildLiteBehavior [ RunTime:0.000023s ]
INFO: [ app_init ] --END-- [ RunTime:0.000131s ]
INFO: [ app_begin ] --START--
INFO: Run Behavior\ReadHtmlCacheBehavior [ RunTime:0.003184s ]
INFO: [ app_begin ] --END-- [ RunTime:0.003306s ]
SQL: SHOW COLUMNS FROM `think_product` [ RunTime:0.0276s ]
SQL: SELECT * FROM `think_product` WHERE `id` = 62 LIMIT 1   [ RunTime:0.0263s ]
SQL: UPDATE `think_product` SET `pro_name`='gfh',`market_price`='43',`shop_price`='434',`pro_num`='3',`pro_cate`='6',`description`='',`pro_img`='',`img_path`='./Public/Uploads/2017-01-12/',`pro_time`='1484191013' WHERE `id` = 62 [ RunTime:0.0342s ]
NOTIC: [2] unlink(Uploads/Public/Uploads/2017-01-12/58771c6c145c9.jpg): No such file or directory C:\wamp\www\tp\Application\Admin\Admin\Controller\ProductController.class.php 第 103 行.
NOTIC: [2] unlink(Uploads/Public/Uploads/2017-01-12/thumb_58771c6c145c9.jpg): No such file or directory C:\wamp\www\tp\Application\Admin\Admin\Controller\ProductController.class.php 第 105 行.

[ 2017-01-12T15:10:13+08:00 ] 127.0.0.1 /tp/admin.php/Product/update/id/62.html
INFO: [ app_init ] --START--
INFO: Run Behavior\BuildLiteBehavior [ RunTime:0.000023s ]
INFO: [ app_init ] --END-- [ RunTime:0.000135s ]
INFO: [ app_begin ] --START--
INFO: Run Behavior\ReadHtmlCacheBehavior [ RunTime:0.004320s ]
INFO: [ app_begin ] --END-- [ RunTime:0.004457s ]
SQL: SHOW COLUMNS FROM `think_product` [ RunTime:0.0286s ]
SQL: SELECT * FROM `think_product` WHERE `id` = 62 LIMIT 1   [ RunTime:0.0273s ]
SQL: SHOW COLUMNS FROM `think_product` [ RunTime:0.0264s ]
SQL: SELECT * FROM `think_product` WHERE `id` = 62 LIMIT 1   [ RunTime:0.0267s ]
NOTIC: [2] call_user_func() expects parameter 1 to be a valid callback, no array or string given C:\wamp\www\tp\ThinkPHP\Library\Think\Upload.class.php 第 170 行.
SQL: SHOW COLUMNS FROM `think_product` [ RunTime:0.0266s ]
SQL: SELECT * FROM `think_product` WHERE `id` = 62 LIMIT 1   [ RunTime:0.0269s ]
SQL: UPDATE `think_product` SET `pro_name`='gfh',`market_price`='43',`shop_price`='434',`pro_num`='3',`pro_cate`='6',`description`='',`id`='62',`img_path`='./Public/Uploads/2017-01-12/',`pro_img`='58772bd56461e.jpg' WHERE `id` = 62 [ RunTime:0.0415s ]

[ 2017-01-12T15:10:14+08:00 ] 127.0.0.1 /tp/admin.php/Product/index.html
INFO: [ app_init ] --START--
INFO: Run Behavior\BuildLiteBehavior [ RunTime:0.000022s ]
INFO: [ app_init ] --END-- [ RunTime:0.000122s ]
INFO: [ app_begin ] --START--
INFO: Run Behavior\ReadHtmlCacheBehavior [ RunTime:0.003672s ]
INFO: [ app_begin ] --END-- [ RunTime:0.003800s ]
SQL: SHOW COLUMNS FROM `think_product` [ RunTime:0.0256s ]
SQL: SELECT COUNT(*) AS tp_count FROM `think_product` LIMIT 1   [ RunTime:0.0240s ]
SQL: SHOW COLUMNS FROM `think_product` [ RunTime:0.0248s ]
SQL: SHOW COLUMNS FROM `think_category` [ RunTime:0.0254s ]
NOTIC: [2] Invalid argument supplied for foreach() C:\wamp\www\tp\ThinkPHP\Library\Think\Db\Driver.class.php 第 504 行.
SQL: SELECT Product.id AS id,Product.pro_name AS pro_name,Product.market_price AS market_price,Product.shop_price AS shop_price,Product.pro_num AS pro_num,Product.pro_cate AS pro_cate,Product.description AS description,Product.pro_img AS pro_img,Product.img_path AS img_path,Product.pro_time AS pro_time,Category.name AS name FROM think_product Product  JOIN think_category Category ON Product.pro_cate=Category.id ORDER BY Product.id DESC LIMIT 0,5   [ RunTime:0.0247s ]
INFO: [ view_parse ] --START--
NOTIC: [2] file_get_contents(./Application/Admin/Admin/View/Admin/header.html): failed to open stream: No such file or directory C:\wamp\www\tp\ThinkPHP\Library\Think\Template.class.php 第 696 行.
NOTIC: [2] file_get_contents(./Application/Admin/Admin/View/Admin/footer.html): failed to open stream: No such file or directory C:\wamp\www\tp\ThinkPHP\Library\Think\Template.class.php 第 696 行.
INFO: [ template_filter ] --START--
INFO: Run Behavior\ContentReplaceBehavior [ RunTime:0.000086s ]
INFO: [ template_filter ] --END-- [ RunTime:0.000185s ]
INFO: Run Behavior\ParseTemplateBehavior [ RunTime:0.057047s ]
INFO: [ view_parse ] --END-- [ RunTime:0.057191s ]
INFO: [ view_filter ] --START--
INFO: Run Behavior\WriteHtmlCacheBehavior [ RunTime:0.004019s ]
INFO: [ view_filter ] --END-- [ RunTime:0.004120s ]
INFO: [ view_parse ] --START--
NOTIC: [2] file_get_contents(./Application/Admin/Admin/View/Admin/header.html): failed to open stream: No such file or directory C:\wamp\www\tp\ThinkPHP\Library\Think\Template.class.php 第 696 行.
NOTIC: [2] file_get_contents(./Application/Admin/Admin/View/Admin/footer.html): failed to open stream: No such file or directory C:\wamp\www\tp\ThinkPHP\Library\Think\Template.class.php 第 696 行.
INFO: [ template_filter ] --START--
INFO: Run Behavior\ContentReplaceBehavior [ RunTime:0.000060s ]
INFO: [ template_filter ] --END-- [ RunTime:-0.028575s ]
NOTIC: [8] Use of undefined constant pro_img - assumed 'pro_img' C:\wamp\www\tp\Application\Admin\Runtime\Cache\Admin\b41d90d39c5b7a2d9dc25a69a2ce6f78.php 第 65 行.
NOTIC: [8] Use of undefined constant pro_img - assumed 'pro_img' C:\wamp\www\tp\Application\Admin\Runtime\Cache\Admin\b41d90d39c5b7a2d9dc25a69a2ce6f78.php 第 65 行.
NOTIC: [8] Use of undefined constant pro_img - assumed 'pro_img' C:\wamp\www\tp\Application\Admin\Runtime\Cache\Admin\b41d90d39c5b7a2d9dc25a69a2ce6f78.php 第 65 行.
NOTIC: [8] Use of undefined constant pro_img - assumed 'pro_img' C:\wamp\www\tp\Application\Admin\Runtime\Cache\Admin\b41d90d39c5b7a2d9dc25a69a2ce6f78.php 第 65 行.
NOTIC: [8] Use of undefined constant pro_img - assumed 'pro_img' C:\wamp\www\tp\Application\Admin\Runtime\Cache\Admin\b41d90d39c5b7a2d9dc25a69a2ce6f78.php 第 65 行.
INFO: Run Behavior\ParseTemplateBehavior [ RunTime:0.020971s ]
INFO: [ view_parse ] --END-- [ RunTime:-0.006073s ]
INFO: [ view_filter ] --START--
INFO: Run Behavior\WriteHtmlCacheBehavior [ RunTime:0.000021s ]
INFO: [ view_filter ] --END-- [ RunTime:-0.023033s ]
INFO: [ view_parse ] --START--
NOTIC: [2] file_get_contents(./Application/Admin/Admin/View/Admin/header.html): failed to open stream: No such file or directory C:\wamp\www\tp\ThinkPHP\Library\Think\Template.class.php 第 696 行.
NOTIC: [2] file_get_contents(./Application/Admin/Admin/View/Admin/footer.html): failed to open stream: No such file or directory C:\wamp\www\tp\ThinkPHP\Library\Think\Template.class.php 第 696 行.
INFO: [ template_filter ] --START--
INFO: Run Behavior\ContentReplaceBehavior [ RunTime:0.000059s ]
INFO: [ template_filter ] --END-- [ RunTime:-0.049744s ]
INFO: Run Behavior\ParseTemplateBehavior [ RunTime:0.017059s ]
INFO: [ view_parse ] --END-- [ RunTime:-0.029174s ]
INFO: [ view_filter ] --START--
INFO: Run Behavior\WriteHtmlCacheBehavior [ RunTime:0.000025s ]
INFO: [ view_filter ] --END-- [ RunTime:-0.042211s ]
INFO: [ app_end ] --START--
INFO: Run Behavior\ShowPageTraceBehavior [ RunTime:0.002715s ]
INFO: [ app_end ] --END-- [ RunTime:0.002795s ]

[ 2017-01-12T15:10:15+08:00 ] 127.0.0.1 /tp/admin.php/Product/resources/images/closelabel.gif
INFO: [ app_init ] --START--
INFO: Run Behavior\BuildLiteBehavior [ RunTime:0.000024s ]
INFO: [ app_init ] --END-- [ RunTime:0.000143s ]

[ 2017-01-12T15:10:15+08:00 ] 127.0.0.1 /tp/admin.php/Product/resources/images/loading.gif
INFO: [ app_init ] --START--
INFO: Run Behavior\BuildLiteBehavior [ RunTime:0.000030s ]
INFO: [ app_init ] --END-- [ RunTime:0.000187s ]

[ 2017-01-12T15:10:18+08:00 ] 127.0.0.1 /tp/admin.php/Product/update/id/61.html
INFO: [ app_init ] --START--
INFO: Run Behavior\BuildLiteBehavior [ RunTime:0.000021s ]
INFO: [ app_init ] --END-- [ RunTime:0.000126s ]
INFO: [ app_begin ] --START--
INFO: Run Behavior\ReadHtmlCacheBehavior [ RunTime:0.003109s ]
INFO: [ app_begin ] --END-- [ RunTime:0.003246s ]
SQL: SHOW COLUMNS FROM `think_product` [ RunTime:0.0260s ]
SQL: SELECT * FROM `think_product` WHERE `id` = 61 LIMIT 1   [ RunTime:0.0246s ]
SQL: SHOW COLUMNS FROM `think_product` [ RunTime:0.0244s ]
SQL: SELECT * FROM `think_product` WHERE `id` = 61 LIMIT 1   [ RunTime:0.0246s ]
SQL: SHOW COLUMNS FROM `think_category` [ RunTime:0.0261s ]
SQL: SELECT * FROM `think_category`  [ RunTime:0.0245s ]
INFO: [ view_parse ] --START--
NOTIC: [2] file_get_contents(./Application/Admin/Admin/View/Admin/header.html): failed to open stream: No such file or directory C:\wamp\www\tp\ThinkPHP\Library\Think\Template.class.php 第 696 行.
NOTIC: [2] file_get_contents(./Application/Admin/Admin/View/Admin/footer.html): failed to open stream: No such file or directory C:\wamp\www\tp\ThinkPHP\Library\Think\Template.class.php 第 696 行.
INFO: [ template_filter ] --START--
INFO: Run Behavior\ContentReplaceBehavior [ RunTime:0.000079s ]
INFO: [ template_filter ] --END-- [ RunTime:0.000176s ]
INFO: Run Behavior\ParseTemplateBehavior [ RunTime:0.057015s ]
INFO: [ view_parse ] --END-- [ RunTime:0.057159s ]
INFO: [ view_filter ] --START--
INFO: Run Behavior\WriteHtmlCacheBehavior [ RunTime:0.002984s ]
INFO: [ view_filter ] --END-- [ RunTime:0.003074s ]
INFO: [ view_parse ] --START--
NOTIC: [2] file_get_contents(./Application/Admin/Admin/View/Admin/header.html): failed to open stream: No such file or directory C:\wamp\www\tp\ThinkPHP\Library\Think\Template.class.php 第 696 行.
NOTIC: [2] file_get_contents(./Application/Admin/Admin/View/Admin/footer.html): failed to open stream: No such file or directory C:\wamp\www\tp\ThinkPHP\Library\Think\Template.class.php 第 696 行.
INFO: [ template_filter ] --START--
INFO: Run Behavior\ContentReplaceBehavior [ RunTime:0.000059s ]
INFO: [ template_filter ] --END-- [ RunTime:-0.027763s ]
NOTIC: [8] Use of undefined constant pro_cate - assumed 'pro_cate' C:\wamp\www\tp\Application\Admin\Runtime\Cache\Admin\2b7d1220ae195324988e72110f5ca46f.php 第 39 行.
NOTIC: [8] Use of undefined constant pro_cate - assumed 'pro_cate' C:\wamp\www\tp\Application\Admin\Runtime\Cache\Admin\2b7d1220ae195324988e72110f5ca46f.php 第 39 行.
NOTIC: [8] Use of undefined constant pro_cate - assumed 'pro_cate' C:\wamp\www\tp\Application\Admin\Runtime\Cache\Admin\2b7d1220ae195324988e72110f5ca46f.php 第 39 行.
NOTIC: [8] Use of undefined constant pro_cate - assumed 'pro_cate' C:\wamp\www\tp\Application\Admin\Runtime\Cache\Admin\2b7d1220ae195324988e72110f5ca46f.php 第 39 行.
NOTIC: [8] Undefined index: pro_img[] C:\wamp\www\tp\Application\Admin\Runtime\Cache\Admin\2b7d1220ae195324988e72110f5ca46f.php 第 54 行.
INFO: Run Behavior\ParseTemplateBehavior [ RunTime:0.021695s ]
INFO: [ view_parse ] --END-- [ RunTime:-0.004805s ]
INFO: [ view_filter ] --START--
INFO: Run Behavior\WriteHtmlCacheBehavior [ RunTime:0.000035s ]
INFO: [ view_filter ] --END-- [ RunTime:-0.023522s ]
INFO: [ view_parse ] --START--
NOTIC: [2] file_get_contents(./Application/Admin/Admin/View/Admin/header.html): failed to open stream: No such file or directory C:\wamp\www\tp\ThinkPHP\Library\Think\Template.class.php 第 696 行.
NOTIC: [2] file_get_contents(./Application/Admin/Admin/View/Admin/footer.html): failed to open stream: No such file or directory C:\wamp\www\tp\ThinkPHP\Library\Think\Template.class.php 第 696 行.
INFO: [ template_filter ] --START--
INFO: Run Behavior\ContentReplaceBehavior [ RunTime:0.000055s ]
INFO: [ template_filter ] --END-- [ RunTime:-0.049299s ]
INFO: Run Behavior\ParseTemplateBehavior [ RunTime:0.017323s ]
INFO: [ view_parse ] --END-- [ RunTime:-0.028813s ]
INFO: [ view_filter ] --START--
INFO: Run Behavior\WriteHtmlCacheBehavior [ RunTime:0.000025s ]
INFO: [ view_filter ] --END-- [ RunTime:-0.043181s ]
INFO: [ app_end ] --START--
INFO: Run Behavior\ShowPageTraceBehavior [ RunTime:0.002742s ]
INFO: [ app_end ] --END-- [ RunTime:0.002821s ]

[ 2017-01-12T15:10:19+08:00 ] 127.0.0.1 /tp/admin.php/Product/update/id/resources/images/loading.gif
INFO: [ app_init ] --START--
INFO: Run Behavior\BuildLiteBehavior [ RunTime:0.000022s ]
INFO: [ app_init ] --END-- [ RunTime:0.000134s ]

[ 2017-01-12T15:10:19+08:00 ] 127.0.0.1 /tp/admin.php/Product/update/id/resources/images/closelabel.gif
INFO: [ app_init ] --START--
INFO: Run Behavior\BuildLiteBehavior [ RunTime:0.000021s ]
INFO: [ app_init ] --END-- [ RunTime:0.000132s ]

[ 2017-01-12T15:10:22+08:00 ] 127.0.0.1 /tp/admin.php/product/delImg.html
INFO: [ app_init ] --START--
INFO: Run Behavior\BuildLiteBehavior [ RunTime:0.000021s ]
INFO: [ app_init ] --END-- [ RunTime:0.000126s ]
INFO: [ app_begin ] --START--
INFO: Run Behavior\ReadHtmlCacheBehavior [ RunTime:0.002979s ]
INFO: [ app_begin ] --END-- [ RunTime:0.003125s ]
SQL: SHOW COLUMNS FROM `think_product` [ RunTime:0.0249s ]
SQL: SELECT * FROM `think_product` WHERE `id` = 61 LIMIT 1   [ RunTime:0.0245s ]
SQL: UPDATE `think_product` SET `pro_name`='fsdf',`market_price`='3',`shop_price`='33',`pro_num`='2',`pro_cate`='4',`description`='',`pro_img`='',`img_path`='./Public/Uploads/2017-01-12/',`pro_time`='1484190996' WHERE `id` = 61 [ RunTime:0.0617s ]
NOTIC: [2] unlink(Uploads/Public/Uploads/2017-01-12/58771c795c8bd.jpg): No such file or directory C:\wamp\www\tp\Application\Admin\Admin\Controller\ProductController.class.php 第 103 行.
NOTIC: [2] unlink(Uploads/Public/Uploads/2017-01-12/thumb_58771c795c8bd.jpg): No such file or directory C:\wamp\www\tp\Application\Admin\Admin\Controller\ProductController.class.php 第 105 行.

[ 2017-01-12T15:10:27+08:00 ] 127.0.0.1 /tp/admin.php/Product/update/id/61.html
INFO: [ app_init ] --START--
INFO: Run Behavior\BuildLiteBehavior [ RunTime:0.000020s ]
INFO: [ app_init ] --END-- [ RunTime:0.000119s ]
INFO: [ app_begin ] --START--
INFO: Run Behavior\ReadHtmlCacheBehavior [ RunTime:0.003143s ]
INFO: [ app_begin ] --END-- [ RunTime:0.003272s ]
SQL: SHOW COLUMNS FROM `think_product` [ RunTime:0.0277s ]
SQL: SELECT * FROM `think_product` WHERE `id` = 61 LIMIT 1   [ RunTime:0.0266s ]
SQL: SHOW COLUMNS FROM `think_product` [ RunTime:0.0286s ]
SQL: SELECT * FROM `think_product` WHERE `id` = 61 LIMIT 1   [ RunTime:0.0275s ]
NOTIC: [2] call_user_func() expects parameter 1 to be a valid callback, no array or string given C:\wamp\www\tp\ThinkPHP\Library\Think\Upload.class.php 第 170 行.
SQL: SHOW COLUMNS FROM `think_product` [ RunTime:0.0293s ]
SQL: SELECT * FROM `think_product` WHERE `id` = 61 LIMIT 1   [ RunTime:0.0265s ]
SQL: UPDATE `think_product` SET `pro_name`='fsdf',`market_price`='3',`shop_price`='33',`pro_num`='2',`pro_cate`='4',`description`='',`id`='61',`img_path`='./Public/Uploads/2017-01-12/',`pro_img`='58772be30f41e.jpg' WHERE `id` = 61 [ RunTime:0.0437s ]

[ 2017-01-12T15:10:27+08:00 ] 127.0.0.1 /tp/admin.php/Product/index.html
INFO: [ app_init ] --START--
INFO: Run Behavior\BuildLiteBehavior [ RunTime:0.000020s ]
INFO: [ app_init ] --END-- [ RunTime:0.000118s ]
INFO: [ app_begin ] --START--
INFO: Run Behavior\ReadHtmlCacheBehavior [ RunTime:0.003024s ]
INFO: [ app_begin ] --END-- [ RunTime:0.003149s ]
SQL: SHOW COLUMNS FROM `think_product` [ RunTime:0.0262s ]
SQL: SELECT COUNT(*) AS tp_count FROM `think_product` LIMIT 1   [ RunTime:0.0234s ]
SQL: SHOW COLUMNS FROM `think_product` [ RunTime:0.0261s ]
SQL: SHOW COLUMNS FROM `think_category` [ RunTime:0.0255s ]
NOTIC: [2] Invalid argument supplied for foreach() C:\wamp\www\tp\ThinkPHP\Library\Think\Db\Driver.class.php 第 504 行.
SQL: SELECT Product.id AS id,Product.pro_name AS pro_name,Product.market_price AS market_price,Product.shop_price AS shop_price,Product.pro_num AS pro_num,Product.pro_cate AS pro_cate,Product.description AS description,Product.pro_img AS pro_img,Product.img_path AS img_path,Product.pro_time AS pro_time,Category.name AS name FROM think_product Product  JOIN think_category Category ON Product.pro_cate=Category.id ORDER BY Product.id DESC LIMIT 0,5   [ RunTime:0.0252s ]
INFO: [ view_parse ] --START--
NOTIC: [2] file_get_contents(./Application/Admin/Admin/View/Admin/header.html): failed to open stream: No such file or directory C:\wamp\www\tp\ThinkPHP\Library\Think\Template.class.php 第 696 行.
NOTIC: [2] file_get_contents(./Application/Admin/Admin/View/Admin/footer.html): failed to open stream: No such file or directory C:\wamp\www\tp\ThinkPHP\Library\Think\Template.class.php 第 696 行.
INFO: [ template_filter ] --START--
INFO: Run Behavior\ContentReplaceBehavior [ RunTime:0.000136s ]
INFO: [ template_filter ] --END-- [ RunTime:0.000301s ]
INFO: Run Behavior\ParseTemplateBehavior [ RunTime:0.062093s ]
INFO: [ view_parse ] --END-- [ RunTime:0.062265s ]
INFO: [ view_filter ] --START--
INFO: Run Behavior\WriteHtmlCacheBehavior [ RunTime:0.003359s ]
INFO: [ view_filter ] --END-- [ RunTime:0.003469s ]
INFO: [ view_parse ] --START--
NOTIC: [2] file_get_contents(./Application/Admin/Admin/View/Admin/header.html): failed to open stream: No such file or directory C:\wamp\www\tp\ThinkPHP\Library\Think\Template.class.php 第 696 行.
NOTIC: [2] file_get_contents(./Application/Admin/Admin/View/Admin/footer.html): failed to open stream: No such file or directory C:\wamp\www\tp\ThinkPHP\Library\Think\Template.class.php 第 696 行.
INFO: [ template_filter ] --START--
INFO: Run Behavior\ContentReplaceBehavior [ RunTime:0.000061s ]
INFO: [ template_filter ] --END-- [ RunTime:-0.032373s ]
NOTIC: [8] Use of undefined constant pro_img - assumed 'pro_img' C:\wamp\www\tp\Application\Admin\Runtime\Cache\Admin\b41d90d39c5b7a2d9dc25a69a2ce6f78.php 第 65 行.
NOTIC: [8] Use of undefined constant pro_img - assumed 'pro_img' C:\wamp\www\tp\Application\Admin\Runtime\Cache\Admin\b41d90d39c5b7a2d9dc25a69a2ce6f78.php 第 65 行.
NOTIC: [8] Use of undefined constant pro_img - assumed 'pro_img' C:\wamp\www\tp\Application\Admin\Runtime\Cache\Admin\b41d90d39c5b7a2d9dc25a69a2ce6f78.php 第 65 行.
NOTIC: [8] Use of undefined constant pro_img - assumed 'pro_img' C:\wamp\www\tp\Application\Admin\Runtime\Cache\Admin\b41d90d39c5b7a2d9dc25a69a2ce6f78.php 第 65 行.
NOTIC: [8] Use of undefined constant pro_img - assumed 'pro_img' C:\wamp\www\tp\Application\Admin\Runtime\Cache\Admin\b41d90d39c5b7a2d9dc25a69a2ce6f78.php 第 65 行.
INFO: Run Behavior\ParseTemplateBehavior [ RunTime:0.023323s ]
INFO: [ view_parse ] --END-- [ RunTime:-0.005478s ]
INFO: [ view_filter ] --START--
INFO: Run Behavior\WriteHtmlCacheBehavior [ RunTime:0.000022s ]
INFO: [ view_filter ] --END-- [ RunTime:-0.025410s ]
INFO: [ view_parse ] --START--
NOTIC: [2] file_get_contents(./Application/Admin/Admin/View/Admin/header.html): failed to open stream: No such file or directory C:\wamp\www\tp\ThinkPHP\Library\Think\Template.class.php 第 696 行.
NOTIC: [2] file_get_contents(./Application/Admin/Admin/View/Admin/footer.html): failed to open stream: No such file or directory C:\wamp\www\tp\ThinkPHP\Library\Think\Template.class.php 第 696 行.
INFO: [ template_filter ] --START--
INFO: Run Behavior\ContentReplaceBehavior [ RunTime:0.000084s ]
INFO: [ template_filter ] --END-- [ RunTime:-0.053573s ]
INFO: Run Behavior\ParseTemplateBehavior [ RunTime:0.017867s ]
INFO: [ view_parse ] --END-- [ RunTime:-0.030874s ]
INFO: [ view_filter ] --START--
INFO: Run Behavior\WriteHtmlCacheBehavior [ RunTime:0.000025s ]
INFO: [ view_filter ] --END-- [ RunTime:-0.045355s ]
INFO: [ app_end ] --START--
INFO: Run Behavior\ShowPageTraceBehavior [ RunTime:0.002683s ]
INFO: [ app_end ] --END-- [ RunTime:0.002760s ]

[ 2017-01-12T15:10:28+08:00 ] 127.0.0.1 /tp/admin.php/Product/resources/images/closelabel.gif
INFO: [ app_init ] --START--
INFO: Run Behavior\BuildLiteBehavior [ RunTime:0.000021s ]
INFO: [ app_init ] --END-- [ RunTime:0.000128s ]

[ 2017-01-12T15:10:28+08:00 ] 127.0.0.1 /tp/admin.php/Product/resources/images/loading.gif
INFO: [ app_init ] --START--
INFO: Run Behavior\BuildLiteBehavior [ RunTime:0.000022s ]
INFO: [ app_init ] --END-- [ RunTime:0.000132s ]

[ 2017-01-12T15:10:31+08:00 ] 127.0.0.1 /tp/admin.php/Product/update/id/60.html
INFO: [ app_init ] --START--
INFO: Run Behavior\BuildLiteBehavior [ RunTime:0.000023s ]
INFO: [ app_init ] --END-- [ RunTime:0.000138s ]
INFO: [ app_begin ] --START--
INFO: Run Behavior\ReadHtmlCacheBehavior [ RunTime:0.003840s ]
INFO: [ app_begin ] --END-- [ RunTime:0.004045s ]
SQL: SHOW COLUMNS FROM `think_product` [ RunTime:0.0276s ]
SQL: SELECT * FROM `think_product` WHERE `id` = 60 LIMIT 1   [ RunTime:0.0291s ]
SQL: SHOW COLUMNS FROM `think_product` [ RunTime:0.0270s ]
SQL: SELECT * FROM `think_product` WHERE `id` = 60 LIMIT 1   [ RunTime:0.0267s ]
SQL: SHOW COLUMNS FROM `think_category` [ RunTime:0.0279s ]
SQL: SELECT * FROM `think_category`  [ RunTime:0.0258s ]
INFO: [ view_parse ] --START--
NOTIC: [2] file_get_contents(./Application/Admin/Admin/View/Admin/header.html): failed to open stream: No such file or directory C:\wamp\www\tp\ThinkPHP\Library\Think\Template.class.php 第 696 行.
NOTIC: [2] file_get_contents(./Application/Admin/Admin/View/Admin/footer.html): failed to open stream: No such file or directory C:\wamp\www\tp\ThinkPHP\Library\Think\Template.class.php 第 696 行.
INFO: [ template_filter ] --START--
INFO: Run Behavior\ContentReplaceBehavior [ RunTime:0.000082s ]
INFO: [ template_filter ] --END-- [ RunTime:0.000184s ]
INFO: Run Behavior\ParseTemplateBehavior [ RunTime:0.038328s ]
INFO: [ view_parse ] --END-- [ RunTime:0.038449s ]
INFO: [ view_filter ] --START--
INFO: Run Behavior\WriteHtmlCacheBehavior [ RunTime:0.003129s ]
INFO: [ view_filter ] --END-- [ RunTime:0.003230s ]
INFO: [ view_parse ] --START--
NOTIC: [2] file_get_contents(./Application/Admin/Admin/View/Admin/header.html): failed to open stream: No such file or directory C:\wamp\www\tp\ThinkPHP\Library\Think\Template.class.php 第 696 行.
NOTIC: [2] file_get_contents(./Application/Admin/Admin/View/Admin/footer.html): failed to open stream: No such file or directory C:\wamp\www\tp\ThinkPHP\Library\Think\Template.class.php 第 696 行.
INFO: [ template_filter ] --START--
INFO: Run Behavior\ContentReplaceBehavior [ RunTime:0.000061s ]
INFO: [ template_filter ] --END-- [ RunTime:-0.029798s ]
NOTIC: [8] Use of undefined constant pro_cate - assumed 'pro_cate' C:\wamp\www\tp\Application\Admin\Runtime\Cache\Admin\2b7d1220ae195324988e72110f5ca46f.php 第 39 行.
NOTIC: [8] Use of undefined constant pro_cate - assumed 'pro_cate' C:\wamp\www\tp\Application\Admin\Runtime\Cache\Admin\2b7d1220ae195324988e72110f5ca46f.php 第 39 行.
NOTIC: [8] Use of undefined constant pro_cate - assumed 'pro_cate' C:\wamp\www\tp\Application\Admin\Runtime\Cache\Admin\2b7d1220ae195324988e72110f5ca46f.php 第 39 行.
NOTIC: [8] Use of undefined constant pro_cate - assumed 'pro_cate' C:\wamp\www\tp\Application\Admin\Runtime\Cache\Admin\2b7d1220ae195324988e72110f5ca46f.php 第 39 行.
NOTIC: [8] Undefined index: pro_img[] C:\wamp\www\tp\Application\Admin\Runtime\Cache\Admin\2b7d1220ae195324988e72110f5ca46f.php 第 54 行.
INFO: Run Behavior\ParseTemplateBehavior [ RunTime:0.022659s ]
INFO: [ view_parse ] --END-- [ RunTime:-0.004977s ]
INFO: [ view_filter ] --START--
INFO: Run Behavior\WriteHtmlCacheBehavior [ RunTime:0.000025s ]
INFO: [ view_filter ] --END-- [ RunTime:-0.024508s ]
INFO: [ view_parse ] --START--
NOTIC: [2] file_get_contents(./Application/Admin/Admin/View/Admin/header.html): failed to open stream: No such file or directory C:\wamp\www\tp\ThinkPHP\Library\Think\Template.class.php 第 696 行.
NOTIC: [2] file_get_contents(./Application/Admin/Admin/View/Admin/footer.html): failed to open stream: No such file or directory C:\wamp\www\tp\ThinkPHP\Library\Think\Template.class.php 第 696 行.
INFO: [ template_filter ] --START--
INFO: Run Behavior\ContentReplaceBehavior [ RunTime:0.000058s ]
INFO: [ template_filter ] --END-- [ RunTime:-0.050436s ]
INFO: Run Behavior\ParseTemplateBehavior [ RunTime:0.017061s ]
INFO: [ view_parse ] --END-- [ RunTime:-0.029790s ]
INFO: [ view_filter ] --START--
INFO: Run Behavior\WriteHtmlCacheBehavior [ RunTime:0.000027s ]
INFO: [ view_filter ] --END-- [ RunTime:-0.043737s ]
INFO: [ app_end ] --START--
INFO: Run Behavior\ShowPageTraceBehavior [ RunTime:0.002781s ]
INFO: [ app_end ] --END-- [ RunTime:0.002918s ]

[ 2017-01-12T15:10:32+08:00 ] 127.0.0.1 /tp/admin.php/Product/update/id/resources/images/closelabel.gif
INFO: [ app_init ] --START--
INFO: Run Behavior\BuildLiteBehavior [ RunTime:0.000026s ]
INFO: [ app_init ] --END-- [ RunTime:0.000187s ]

[ 2017-01-12T15:10:32+08:00 ] 127.0.0.1 /tp/admin.php/Product/update/id/resources/images/loading.gif
INFO: [ app_init ] --START--
INFO: Run Behavior\BuildLiteBehavior [ RunTime:0.000027s ]
INFO: [ app_init ] --END-- [ RunTime:0.000146s ]

[ 2017-01-12T15:10:36+08:00 ] 127.0.0.1 /tp/admin.php/product/delImg.html
INFO: [ app_init ] --START--
INFO: Run Behavior\BuildLiteBehavior [ RunTime:0.000022s ]
INFO: [ app_init ] --END-- [ RunTime:0.000130s ]
INFO: [ app_begin ] --START--
INFO: Run Behavior\ReadHtmlCacheBehavior [ RunTime:0.002965s ]
INFO: [ app_begin ] --END-- [ RunTime:0.003089s ]
SQL: SHOW COLUMNS FROM `think_product` [ RunTime:0.0277s ]
SQL: SELECT * FROM `think_product` WHERE `id` = 60 LIMIT 1   [ RunTime:0.0261s ]
SQL: UPDATE `think_product` SET `pro_name`='asfdsf',`market_price`='33',`shop_price`='33',`pro_num`='2',`pro_cate`='3',`description`='',`pro_img`='',`img_path`='./Public/Uploads/2017-01-12/',`pro_time`='1484190977' WHERE `id` = 60 [ RunTime:0.0381s ]
NOTIC: [2] unlink(Uploads/Public/Uploads/2017-01-12/58771c868b953.jpg): No such file or directory C:\wamp\www\tp\Application\Admin\Admin\Controller\ProductController.class.php 第 103 行.
NOTIC: [2] unlink(Uploads/Public/Uploads/2017-01-12/thumb_58771c868b953.jpg): No such file or directory C:\wamp\www\tp\Application\Admin\Admin\Controller\ProductController.class.php 第 105 行.

[ 2017-01-12T15:10:40+08:00 ] 127.0.0.1 /tp/admin.php/Product/update/id/60.html
INFO: [ app_init ] --START--
INFO: Run Behavior\BuildLiteBehavior [ RunTime:0.000026s ]
INFO: [ app_init ] --END-- [ RunTime:0.000150s ]
INFO: [ app_begin ] --START--
INFO: Run Behavior\ReadHtmlCacheBehavior [ RunTime:0.004749s ]
INFO: [ app_begin ] --END-- [ RunTime:0.004892s ]
SQL: SHOW COLUMNS FROM `think_product` [ RunTime:0.0273s ]
SQL: SELECT * FROM `think_product` WHERE `id` = 60 LIMIT 1   [ RunTime:0.0265s ]
SQL: SHOW COLUMNS FROM `think_product` [ RunTime:0.0265s ]
SQL: SELECT * FROM `think_product` WHERE `id` = 60 LIMIT 1   [ RunTime:0.0262s ]
NOTIC: [2] call_user_func() expects parameter 1 to be a valid callback, no array or string given C:\wamp\www\tp\ThinkPHP\Library\Think\Upload.class.php 第 170 行.
SQL: SHOW COLUMNS FROM `think_product` [ RunTime:0.0277s ]
SQL: SELECT * FROM `think_product` WHERE `id` = 60 LIMIT 1   [ RunTime:0.0269s ]
SQL: UPDATE `think_product` SET `pro_name`='asfdsf',`market_price`='33',`shop_price`='33',`pro_num`='2',`pro_cate`='3',`description`='',`id`='60',`img_path`='./Public/Uploads/2017-01-12/',`pro_img`='58772bf065b2f.jpg' WHERE `id` = 60 [ RunTime:0.0486s ]

[ 2017-01-12T15:10:41+08:00 ] 127.0.0.1 /tp/admin.php/Product/index.html
INFO: [ app_init ] --START--
INFO: Run Behavior\BuildLiteBehavior [ RunTime:0.000022s ]
INFO: [ app_init ] --END-- [ RunTime:0.000124s ]
INFO: [ app_begin ] --START--
INFO: Run Behavior\ReadHtmlCacheBehavior [ RunTime:0.003522s ]
INFO: [ app_begin ] --END-- [ RunTime:0.003722s ]
SQL: SHOW COLUMNS FROM `think_product` [ RunTime:0.0283s ]
SQL: SELECT COUNT(*) AS tp_count FROM `think_product` LIMIT 1   [ RunTime:0.0257s ]
SQL: SHOW COLUMNS FROM `think_product` [ RunTime:0.0267s ]
SQL: SHOW COLUMNS FROM `think_category` [ RunTime:0.0277s ]
NOTIC: [2] Invalid argument supplied for foreach() C:\wamp\www\tp\ThinkPHP\Library\Think\Db\Driver.class.php 第 504 行.
SQL: SELECT Product.id AS id,Product.pro_name AS pro_name,Product.market_price AS market_price,Product.shop_price AS shop_price,Product.pro_num AS pro_num,Product.pro_cate AS pro_cate,Product.description AS description,Product.pro_img AS pro_img,Product.img_path AS img_path,Product.pro_time AS pro_time,Category.name AS name FROM think_product Product  JOIN think_category Category ON Product.pro_cate=Category.id ORDER BY Product.id DESC LIMIT 0,5   [ RunTime:0.0267s ]
INFO: [ view_parse ] --START--
NOTIC: [2] file_get_contents(./Application/Admin/Admin/View/Admin/header.html): failed to open stream: No such file or directory C:\wamp\www\tp\ThinkPHP\Library\Think\Template.class.php 第 696 行.
NOTIC: [2] file_get_contents(./Application/Admin/Admin/View/Admin/footer.html): failed to open stream: No such file or directory C:\wamp\www\tp\ThinkPHP\Library\Think\Template.class.php 第 696 行.
INFO: [ template_filter ] --START--
INFO: Run Behavior\ContentReplaceBehavior [ RunTime:0.000084s ]
INFO: [ template_filter ] --END-- [ RunTime:0.000188s ]
INFO: Run Behavior\ParseTemplateBehavior [ RunTime:0.043046s ]
INFO: [ view_parse ] --END-- [ RunTime:0.043163s ]
INFO: [ view_filter ] --START--
INFO: Run Behavior\WriteHtmlCacheBehavior [ RunTime:0.002954s ]
INFO: [ view_filter ] --END-- [ RunTime:0.003051s ]
INFO: [ view_parse ] --START--
NOTIC: [2] file_get_contents(./Application/Admin/Admin/View/Admin/header.html): failed to open stream: No such file or directory C:\wamp\www\tp\ThinkPHP\Library\Think\Template.class.php 第 696 行.
NOTIC: [2] file_get_contents(./Application/Admin/Admin/View/Admin/footer.html): failed to open stream: No such file or directory C:\wamp\www\tp\ThinkPHP\Library\Think\Template.class.php 第 696 行.
INFO: [ template_filter ] --START--
INFO: Run Behavior\ContentReplaceBehavior [ RunTime:0.000061s ]
INFO: [ template_filter ] --END-- [ RunTime:-0.027369s ]
NOTIC: [8] Use of undefined constant pro_img - assumed 'pro_img' C:\wamp\www\tp\Application\Admin\Runtime\Cache\Admin\b41d90d39c5b7a2d9dc25a69a2ce6f78.php 第 65 行.
NOTIC: [8] Use of undefined constant pro_img - assumed 'pro_img' C:\wamp\www\tp\Application\Admin\Runtime\Cache\Admin\b41d90d39c5b7a2d9dc25a69a2ce6f78.php 第 65 行.
NOTIC: [8] Use of undefined constant pro_img - assumed 'pro_img' C:\wamp\www\tp\Application\Admin\Runtime\Cache\Admin\b41d90d39c5b7a2d9dc25a69a2ce6f78.php 第 65 行.
NOTIC: [8] Use of undefined constant pro_img - assumed 'pro_img' C:\wamp\www\tp\Application\Admin\Runtime\Cache\Admin\b41d90d39c5b7a2d9dc25a69a2ce6f78.php 第 65 行.
NOTIC: [8] Use of undefined constant pro_img - assumed 'pro_img' C:\wamp\www\tp\Application\Admin\Runtime\Cache\Admin\b41d90d39c5b7a2d9dc25a69a2ce6f78.php 第 65 行.
INFO: Run Behavior\ParseTemplateBehavior [ RunTime:0.020681s ]
INFO: [ view_parse ] --END-- [ RunTime:-0.004809s ]
INFO: [ view_filter ] --START--
INFO: Run Behavior\WriteHtmlCacheBehavior [ RunTime:0.000022s ]
INFO: [ view_filter ] --END-- [ RunTime:-0.022526s ]
INFO: [ view_parse ] --START--
NOTIC: [2] file_get_contents(./Application/Admin/Admin/View/Admin/header.html): failed to open stream: No such file or directory C:\wamp\www\tp\ThinkPHP\Library\Think\Template.class.php 第 696 行.
NOTIC: [2] file_get_contents(./Application/Admin/Admin/View/Admin/footer.html): failed to open stream: No such file or directory C:\wamp\www\tp\ThinkPHP\Library\Think\Template.class.php 第 696 行.
INFO: [ template_filter ] --START--
INFO: Run Behavior\ContentReplaceBehavior [ RunTime:0.000057s ]
INFO: [ template_filter ] --END-- [ RunTime:-0.049480s ]
INFO: Run Behavior\ParseTemplateBehavior [ RunTime:0.016574s ]
INFO: [ view_parse ] --END-- [ RunTime:-0.028849s ]
INFO: [ view_filter ] --START--
INFO: Run Behavior\WriteHtmlCacheBehavior [ RunTime:0.000024s ]
INFO: [ view_filter ] --END-- [ RunTime:-0.042476s ]
INFO: [ app_end ] --START--
INFO: Run Behavior\ShowPageTraceBehavior [ RunTime:0.002751s ]
INFO: [ app_end ] --END-- [ RunTime:0.002840s ]

[ 2017-01-12T15:10:42+08:00 ] 127.0.0.1 /tp/admin.php/Product/resources/images/closelabel.gif
INFO: [ app_init ] --START--
INFO: Run Behavior\BuildLiteBehavior [ RunTime:0.000025s ]
INFO: [ app_init ] --END-- [ RunTime:0.000143s ]

[ 2017-01-12T15:10:42+08:00 ] 127.0.0.1 /tp/admin.php/Product/resources/images/loading.gif
INFO: [ app_init ] --START--
INFO: Run Behavior\BuildLiteBehavior [ RunTime:0.000021s ]
INFO: [ app_init ] --END-- [ RunTime:0.000114s ]

