[ 2017-01-13T10:07:08+08:00 ] 127.0.0.1 /tp/index.php/cart/index.html
INFO: [ app_init ] --START--
INFO: Run Behavior\BuildLiteBehavior [ RunTime:0.000025s ]
INFO: [ app_init ] --END-- [ RunTime:0.002412s ]
INFO: [ app_begin ] --START--
INFO: Run Behavior\ReadHtmlCacheBehavior [ RunTime:0.003280s ]
INFO: [ app_begin ] --END-- [ RunTime:0.003380s ]

[ 2017-01-13T10:07:53+08:00 ] 127.0.0.1 /tp/index.php/cart/index.html
INFO: [ app_init ] --START--
INFO: Run Behavior\BuildLiteBehavior [ RunTime:0.000025s ]
INFO: [ app_init ] --END-- [ RunTime:0.002235s ]
INFO: [ app_begin ] --START--
INFO: Run Behavior\ReadHtmlCacheBehavior [ RunTime:0.002081s ]
INFO: [ app_begin ] --END-- [ RunTime:0.002185s ]
NOTIC: [8] Undefined index: cart C:\wamp\www\tp\Application\Home\Home\Controller\CartController.class.php 第 6 行.

[ 2017-01-13T10:07:55+08:00 ] 127.0.0.1 /tp/index.php/cart/index.html
INFO: [ app_init ] --START--
INFO: Run Behavior\BuildLiteBehavior [ RunTime:0.000057s ]
INFO: [ app_init ] --END-- [ RunTime:0.001800s ]
INFO: [ app_begin ] --START--
INFO: Run Behavior\ReadHtmlCacheBehavior [ RunTime:0.002078s ]
INFO: [ app_begin ] --END-- [ RunTime:0.002188s ]
NOTIC: [8] Undefined index: cart C:\wamp\www\tp\Application\Home\Home\Controller\CartController.class.php 第 6 行.

[ 2017-01-13T10:08:01+08:00 ] 127.0.0.1 /tp/index.php/Order/index.html
INFO: [ app_init ] --START--
INFO: Run Behavior\BuildLiteBehavior [ RunTime:0.000025s ]
INFO: [ app_init ] --END-- [ RunTime:0.003675s ]
INFO: [ app_begin ] --START--
INFO: Run Behavior\ReadHtmlCacheBehavior [ RunTime:0.003111s ]
INFO: [ app_begin ] --END-- [ RunTime:0.003378s ]
NOTIC: [8] Undefined index: cartInfo C:\wamp\www\tp\Application\Home\Home\Controller\OrderController.class.php 第 29 行.
NOTIC: [2] Invalid argument supplied for foreach() C:\wamp\www\tp\Application\Home\Home\Controller\OrderController.class.php 第 33 行.
INFO: [ view_parse ] --START--
INFO: [ template_filter ] --START--
INFO: Run Behavior\ContentReplaceBehavior [ RunTime:0.000068s ]
INFO: [ template_filter ] --END-- [ RunTime:0.000159s ]
NOTIC: [8] Undefined index: vip_name C:\wamp\www\tp\Application\Home\Runtime\Cache\Home\6c2dddfbcc6a1df9e1ce42a50bacb259.php 第 32 行.
INFO: Run Behavior\ParseTemplateBehavior [ RunTime:0.042087s ]
INFO: [ view_parse ] --END-- [ RunTime:0.042184s ]
INFO: [ view_filter ] --START--
INFO: Run Behavior\WriteHtmlCacheBehavior [ RunTime:0.006544s ]
INFO: [ view_filter ] --END-- [ RunTime:0.006638s ]
INFO: [ app_end ] --START--
INFO: Run Behavior\ShowPageTraceBehavior [ RunTime:0.003514s ]
INFO: [ app_end ] --END-- [ RunTime:0.003592s ]

[ 2017-01-13T10:08:05+08:00 ] 127.0.0.1 /tp/index.php/Order/index.html
INFO: [ app_init ] --START--
INFO: Run Behavior\BuildLiteBehavior [ RunTime:0.000023s ]
INFO: [ app_init ] --END-- [ RunTime:0.001188s ]
INFO: [ app_begin ] --START--
INFO: Run Behavior\ReadHtmlCacheBehavior [ RunTime:0.002086s ]
INFO: [ app_begin ] --END-- [ RunTime:0.002188s ]
NOTIC: [8] Undefined index: cartInfo C:\wamp\www\tp\Application\Home\Home\Controller\OrderController.class.php 第 29 行.
NOTIC: [2] Invalid argument supplied for foreach() C:\wamp\www\tp\Application\Home\Home\Controller\OrderController.class.php 第 33 行.
INFO: [ view_parse ] --START--
INFO: [ template_filter ] --START--
INFO: Run Behavior\ContentReplaceBehavior [ RunTime:0.000065s ]
INFO: [ template_filter ] --END-- [ RunTime:0.000178s ]
NOTIC: [8] Undefined index: vip_name C:\wamp\www\tp\Application\Home\Runtime\Cache\Home\6c2dddfbcc6a1df9e1ce42a50bacb259.php 第 32 行.
INFO: Run Behavior\ParseTemplateBehavior [ RunTime:0.040709s ]
INFO: [ view_parse ] --END-- [ RunTime:0.040877s ]
INFO: [ view_filter ] --START--
INFO: Run Behavior\WriteHtmlCacheBehavior [ RunTime:0.003378s ]
INFO: [ view_filter ] --END-- [ RunTime:0.003488s ]
INFO: [ app_end ] --START--
INFO: Run Behavior\ShowPageTraceBehavior [ RunTime:0.003483s ]
INFO: [ app_end ] --END-- [ RunTime:0.003564s ]

[ 2017-01-13T10:09:18+08:00 ] 127.0.0.1 /tp/index.php/Order/index.html
INFO: [ app_init ] --START--
INFO: Run Behavior\BuildLiteBehavior [ RunTime:0.000023s ]
INFO: [ app_init ] --END-- [ RunTime:0.001622s ]
INFO: [ app_begin ] --START--
INFO: Run Behavior\ReadHtmlCacheBehavior [ RunTime:0.003488s ]
INFO: [ app_begin ] --END-- [ RunTime:0.003695s ]
NOTIC: [8] Undefined index: cartInfo C:\wamp\www\tp\Application\Home\Home\Controller\OrderController.class.php 第 29 行.
NOTIC: [2] Invalid argument supplied for foreach() C:\wamp\www\tp\Application\Home\Home\Controller\OrderController.class.php 第 33 行.
INFO: [ view_parse ] --START--
INFO: [ template_filter ] --START--
INFO: Run Behavior\ContentReplaceBehavior [ RunTime:0.000081s ]
INFO: [ template_filter ] --END-- [ RunTime:0.000193s ]
NOTIC: [8] Undefined index: vip_name C:\wamp\www\tp\Application\Home\Runtime\Cache\Home\6c2dddfbcc6a1df9e1ce42a50bacb259.php 第 32 行.
INFO: Run Behavior\ParseTemplateBehavior [ RunTime:0.027379s ]
INFO: [ view_parse ] --END-- [ RunTime:0.027515s ]
INFO: [ view_filter ] --START--
INFO: Run Behavior\WriteHtmlCacheBehavior [ RunTime:0.004494s ]
INFO: [ view_filter ] --END-- [ RunTime:0.004595s ]
INFO: [ app_end ] --START--
INFO: Run Behavior\ShowPageTraceBehavior [ RunTime:0.004289s ]
INFO: [ app_end ] --END-- [ RunTime:0.004409s ]

[ 2017-01-13T10:09:19+08:00 ] 127.0.0.1 /tp/index.php/Product/index
INFO: [ app_init ] --START--
INFO: Run Behavior\BuildLiteBehavior [ RunTime:0.000023s ]
INFO: [ app_init ] --END-- [ RunTime:0.001174s ]
INFO: [ app_begin ] --START--
INFO: Run Behavior\ReadHtmlCacheBehavior [ RunTime:0.002260s ]
INFO: [ app_begin ] --END-- [ RunTime:0.002458s ]
SQL: SHOW COLUMNS FROM `think_banner` [ RunTime:0.0088s ]
SQL: SELECT * FROM `think_banner` WHERE `bid` = 1  [ RunTime:0.0008s ]
SQL: SHOW COLUMNS FROM `think_category` [ RunTime:0.0085s ]
SQL: SELECT * FROM `think_category` WHERE `pid` = 1  [ RunTime:0.0005s ]
SQL: SHOW COLUMNS FROM `think_product` [ RunTime:0.0101s ]
SQL: SELECT COUNT(*) AS tp_count FROM `think_product` LIMIT 1   [ RunTime:0.0003s ]
SQL: SELECT * FROM `think_product` ORDER BY id DESC LIMIT 0,5   [ RunTime:0.0006s ]
INFO: [ view_parse ] --START--
INFO: [ template_filter ] --START--
INFO: Run Behavior\ContentReplaceBehavior [ RunTime:0.000070s ]
INFO: [ template_filter ] --END-- [ RunTime:0.000204s ]
NOTIC: [8] Undefined index: vip_name C:\wamp\www\tp\Application\Home\Runtime\Cache\Home\e889839820909ebce868b8f174bc544a.php 第 36 行.
INFO: Run Behavior\ParseTemplateBehavior [ RunTime:0.022690s ]
INFO: [ view_parse ] --END-- [ RunTime:0.022796s ]
INFO: [ view_filter ] --START--
INFO: Run Behavior\WriteHtmlCacheBehavior [ RunTime:0.001804s ]
INFO: [ view_filter ] --END-- [ RunTime:0.001894s ]
INFO: [ view_parse ] --START--
INFO: [ template_filter ] --START--
INFO: Run Behavior\ContentReplaceBehavior [ RunTime:0.000057s ]
INFO: [ template_filter ] --END-- [ RunTime:-0.016961s ]
NOTIC: [8] Undefined index: id C:\wamp\www\tp\Application\Home\Runtime\Cache\Home\fe47ede11d4708d379be084d03f0503c.php 第 8 行.
NOTIC: [8] Undefined index: id C:\wamp\www\tp\Application\Home\Runtime\Cache\Home\fe47ede11d4708d379be084d03f0503c.php 第 8 行.
NOTIC: [8] Undefined index: id C:\wamp\www\tp\Application\Home\Runtime\Cache\Home\fe47ede11d4708d379be084d03f0503c.php 第 8 行.
NOTIC: [8] Undefined index: id C:\wamp\www\tp\Application\Home\Runtime\Cache\Home\fe47ede11d4708d379be084d03f0503c.php 第 8 行.
INFO: Run Behavior\ParseTemplateBehavior [ RunTime:0.013805s ]
INFO: [ view_parse ] --END-- [ RunTime:-0.003257s ]
INFO: [ view_filter ] --START--
INFO: Run Behavior\WriteHtmlCacheBehavior [ RunTime:0.000023s ]
INFO: [ view_filter ] --END-- [ RunTime:-0.015250s ]
INFO: [ view_parse ] --START--
INFO: [ template_filter ] --START--
INFO: Run Behavior\ContentReplaceBehavior [ RunTime:0.000051s ]
INFO: [ template_filter ] --END-- [ RunTime:-0.029543s ]
INFO: Run Behavior\ParseTemplateBehavior [ RunTime:0.007849s ]
INFO: [ view_parse ] --END-- [ RunTime:-0.018463s ]
INFO: [ view_filter ] --START--
INFO: Run Behavior\WriteHtmlCacheBehavior [ RunTime:0.000023s ]
INFO: [ view_filter ] --END-- [ RunTime:-0.024508s ]
INFO: [ app_end ] --START--
INFO: Run Behavior\ShowPageTraceBehavior [ RunTime:0.002003s ]
INFO: [ app_end ] --END-- [ RunTime:0.002078s ]

[ 2017-01-13T10:09:22+08:00 ] 127.0.0.1 /tp/index.php/Product/pro_details/id/55
INFO: [ app_init ] --START--
INFO: Run Behavior\BuildLiteBehavior [ RunTime:0.000040s ]
INFO: [ app_init ] --END-- [ RunTime:0.003269s ]
INFO: [ app_begin ] --START--
INFO: Run Behavior\ReadHtmlCacheBehavior [ RunTime:0.006389s ]
INFO: [ app_begin ] --END-- [ RunTime:0.006513s ]
SQL: SHOW COLUMNS FROM `think_banner` [ RunTime:0.0086s ]
SQL: SELECT * FROM `think_banner` WHERE `bid` = 1  [ RunTime:0.0004s ]
SQL: SHOW COLUMNS FROM `think_category` [ RunTime:0.0116s ]
SQL: SELECT * FROM `think_category` WHERE `pid` = 1  [ RunTime:0.0003s ]
SQL: SHOW COLUMNS FROM `think_product` [ RunTime:0.0088s ]
SQL: SELECT * FROM `think_product` WHERE `id` = 55 LIMIT 1   [ RunTime:0.0004s ]
SQL: SELECT * FROM `think_product` WHERE `id` = 55 LIMIT 1   [ RunTime:0.0004s ]
INFO: [ view_parse ] --START--
INFO: [ template_filter ] --START--
INFO: Run Behavior\ContentReplaceBehavior [ RunTime:0.000079s ]
INFO: [ template_filter ] --END-- [ RunTime:0.000202s ]
NOTIC: [8] Undefined index: vip_name C:\wamp\www\tp\Application\Home\Runtime\Cache\Home\e889839820909ebce868b8f174bc544a.php 第 36 行.
INFO: Run Behavior\ParseTemplateBehavior [ RunTime:0.025656s ]
INFO: [ view_parse ] --END-- [ RunTime:0.025876s ]
INFO: [ view_filter ] --START--
INFO: Run Behavior\WriteHtmlCacheBehavior [ RunTime:0.002315s ]
INFO: [ view_filter ] --END-- [ RunTime:0.002393s ]
INFO: [ view_parse ] --START--
INFO: [ template_filter ] --START--
INFO: Run Behavior\ContentReplaceBehavior [ RunTime:0.000060s ]
INFO: [ template_filter ] --END-- [ RunTime:-0.015764s ]
INFO: Run Behavior\ParseTemplateBehavior [ RunTime:0.010667s ]
INFO: [ view_parse ] --END-- [ RunTime:-0.004278s ]
INFO: [ view_filter ] --START--
INFO: Run Behavior\WriteHtmlCacheBehavior [ RunTime:0.000022s ]
INFO: [ view_filter ] --END-- [ RunTime:-0.012657s ]
INFO: [ view_parse ] --START--
INFO: [ template_filter ] --START--
INFO: Run Behavior\ContentReplaceBehavior [ RunTime:0.000037s ]
INFO: [ template_filter ] --END-- [ RunTime:-0.024397s ]
INFO: Run Behavior\ParseTemplateBehavior [ RunTime:0.006353s ]
INFO: [ view_parse ] --END-- [ RunTime:-0.016347s ]
INFO: [ view_filter ] --START--
INFO: Run Behavior\WriteHtmlCacheBehavior [ RunTime:0.000022s ]
INFO: [ view_filter ] --END-- [ RunTime:-0.020398s ]
INFO: [ app_end ] --START--
INFO: Run Behavior\ShowPageTraceBehavior [ RunTime:0.002852s ]
INFO: [ app_end ] --END-- [ RunTime:0.002930s ]

[ 2017-01-13T10:09:24+08:00 ] 127.0.0.1 /tp/index.php/Cart/addCart
INFO: [ app_init ] --START--
INFO: Run Behavior\BuildLiteBehavior [ RunTime:0.000023s ]
INFO: [ app_init ] --END-- [ RunTime:0.001145s ]
INFO: [ app_begin ] --START--
INFO: Run Behavior\ReadHtmlCacheBehavior [ RunTime:0.002118s ]
INFO: [ app_begin ] --END-- [ RunTime:0.002227s ]
SQL: SHOW COLUMNS FROM `think_product` [ RunTime:0.0079s ]
SQL: SELECT * FROM `think_product` WHERE `id` = 55 LIMIT 1   [ RunTime:0.0005s ]

[ 2017-01-13T10:09:24+08:00 ] 127.0.0.1 /tp/index.php/Cart/index.html
INFO: [ app_init ] --START--
INFO: Run Behavior\BuildLiteBehavior [ RunTime:0.000021s ]
INFO: [ app_init ] --END-- [ RunTime:0.001136s ]
INFO: [ app_begin ] --START--
INFO: Run Behavior\ReadHtmlCacheBehavior [ RunTime:0.002084s ]
INFO: [ app_begin ] --END-- [ RunTime:0.002194s ]

[ 2017-01-13T10:09:29+08:00 ] 127.0.0.1 /tp/index.php/Order/index.html
INFO: [ app_init ] --START--
INFO: Run Behavior\BuildLiteBehavior [ RunTime:0.000022s ]
INFO: [ app_init ] --END-- [ RunTime:0.001141s ]
INFO: [ app_begin ] --START--
INFO: Run Behavior\ReadHtmlCacheBehavior [ RunTime:0.002086s ]
INFO: [ app_begin ] --END-- [ RunTime:0.002209s ]
NOTIC: [8] Undefined index: cartInfo C:\wamp\www\tp\Application\Home\Home\Controller\OrderController.class.php 第 29 行.
NOTIC: [2] Invalid argument supplied for foreach() C:\wamp\www\tp\Application\Home\Home\Controller\OrderController.class.php 第 33 行.
INFO: [ view_parse ] --START--
INFO: [ template_filter ] --START--
INFO: Run Behavior\ContentReplaceBehavior [ RunTime:0.000067s ]
INFO: [ template_filter ] --END-- [ RunTime:0.000157s ]
NOTIC: [8] Undefined index: vip_name C:\wamp\www\tp\Application\Home\Runtime\Cache\Home\6c2dddfbcc6a1df9e1ce42a50bacb259.php 第 32 行.
INFO: Run Behavior\ParseTemplateBehavior [ RunTime:0.019787s ]
INFO: [ view_parse ] --END-- [ RunTime:0.019869s ]
INFO: [ view_filter ] --START--
INFO: Run Behavior\WriteHtmlCacheBehavior [ RunTime:0.001680s ]
INFO: [ view_filter ] --END-- [ RunTime:0.001753s ]
INFO: [ app_end ] --START--
INFO: Run Behavior\ShowPageTraceBehavior [ RunTime:0.002681s ]
INFO: [ app_end ] --END-- [ RunTime:0.002838s ]

[ 2017-01-13T10:09:32+08:00 ] 127.0.0.1 /tp/index.php/cart/index.html
INFO: [ app_init ] --START--
INFO: Run Behavior\BuildLiteBehavior [ RunTime:0.000023s ]
INFO: [ app_init ] --END-- [ RunTime:0.001226s ]
INFO: [ app_begin ] --START--
INFO: Run Behavior\ReadHtmlCacheBehavior [ RunTime:0.002571s ]
INFO: [ app_begin ] --END-- [ RunTime:0.002742s ]

[ 2017-01-13T10:10:24+08:00 ] 127.0.0.1 /tp/index.php/Order/index.html
INFO: [ app_init ] --START--
INFO: Run Behavior\BuildLiteBehavior [ RunTime:0.000021s ]
INFO: [ app_init ] --END-- [ RunTime:0.001215s ]
INFO: [ app_begin ] --START--
INFO: Run Behavior\ReadHtmlCacheBehavior [ RunTime:0.001984s ]
INFO: [ app_begin ] --END-- [ RunTime:0.002086s ]

[ 2017-01-13T10:10:49+08:00 ] 127.0.0.1 /tp/index.php/cart/index.html
INFO: [ app_init ] --START--
INFO: Run Behavior\BuildLiteBehavior [ RunTime:0.000021s ]
INFO: [ app_init ] --END-- [ RunTime:0.001107s ]
INFO: [ app_begin ] --START--
INFO: Run Behavior\ReadHtmlCacheBehavior [ RunTime:0.002193s ]
INFO: [ app_begin ] --END-- [ RunTime:0.002294s ]

[ 2017-01-13T10:10:50+08:00 ] 127.0.0.1 /tp/index.php/cart/index.html
INFO: [ app_init ] --START--
INFO: Run Behavior\BuildLiteBehavior [ RunTime:0.000024s ]
INFO: [ app_init ] --END-- [ RunTime:0.001246s ]
INFO: [ app_begin ] --START--
INFO: Run Behavior\ReadHtmlCacheBehavior [ RunTime:0.002698s ]
INFO: [ app_begin ] --END-- [ RunTime:0.002820s ]

[ 2017-01-13T10:37:16+08:00 ] 127.0.0.1 /tp/
INFO: [ app_init ] --START--
INFO: Run Behavior\BuildLiteBehavior [ RunTime:0.000022s ]
INFO: [ app_init ] --END-- [ RunTime:0.001514s ]
INFO: [ app_begin ] --START--
INFO: Run Behavior\ReadHtmlCacheBehavior [ RunTime:0.003665s ]
INFO: [ app_begin ] --END-- [ RunTime:0.003848s ]
SQL: SHOW COLUMNS FROM `think_banner` [ RunTime:0.0083s ]
SQL: SELECT * FROM `think_banner` WHERE `bid` = 1  [ RunTime:0.0004s ]
SQL: SHOW COLUMNS FROM `think_product` [ RunTime:0.0090s ]
SQL: SELECT * FROM `think_product` ORDER BY id DESC LIMIT 3   [ RunTime:0.0004s ]
SQL: SHOW COLUMNS FROM `think_product` [ RunTime:0.0093s ]
SQL: SHOW COLUMNS FROM `think_category` [ RunTime:0.0085s ]
NOTIC: [2] Invalid argument supplied for foreach() C:\wamp\www\tp\ThinkPHP\Library\Think\Db\Driver.class.php 第 504 行.
SQL: SELECT Product.id AS id,Product.pro_name AS pro_name,Product.market_price AS market_price,Product.shop_price AS shop_price,Product.pro_num AS pro_num,Product.pro_cate AS pro_cate,Product.description AS description,Product.pro_img AS pro_img,Product.img_path AS img_path,Product.pro_time AS pro_time,Category.name AS name FROM think_product Product  JOIN think_category Category ON Product.pro_cate=Category.id ORDER BY Product.id ASC LIMIT 3   [ RunTime:0.0005s ]
SQL: SHOW COLUMNS FROM `think_brand` [ RunTime:0.0102s ]
SQL: SELECT * FROM `think_brand` WHERE `id` = 1 LIMIT 1   [ RunTime:0.0003s ]
SQL: SELECT * FROM `think_brand` ORDER BY id ASC LIMIT 1,3   [ RunTime:0.0003s ]
INFO: [ view_parse ] --START--
INFO: [ template_filter ] --START--
INFO: Run Behavior\ContentReplaceBehavior [ RunTime:0.000057s ]
INFO: [ template_filter ] --END-- [ RunTime:0.000142s ]
NOTIC: [8] Undefined index: vip_name C:\wamp\www\tp\Application\Home\Runtime\Cache\Home\e889839820909ebce868b8f174bc544a.php 第 36 行.
INFO: Run Behavior\ParseTemplateBehavior [ RunTime:0.023935s ]
INFO: [ view_parse ] --END-- [ RunTime:0.024022s ]
INFO: [ view_filter ] --START--
INFO: Run Behavior\WriteHtmlCacheBehavior [ RunTime:0.002537s ]
INFO: [ view_filter ] --END-- [ RunTime:0.002618s ]
INFO: [ view_parse ] --START--
INFO: [ template_filter ] --START--
INFO: Run Behavior\ContentReplaceBehavior [ RunTime:0.000062s ]
INFO: [ template_filter ] --END-- [ RunTime:-0.017789s ]
INFO: Run Behavior\ParseTemplateBehavior [ RunTime:0.014126s ]
INFO: [ view_parse ] --END-- [ RunTime:-0.004112s ]
INFO: [ view_filter ] --START--
INFO: Run Behavior\WriteHtmlCacheBehavior [ RunTime:0.000029s ]
INFO: [ view_filter ] --END-- [ RunTime:-0.015793s ]
INFO: [ view_parse ] --START--
INFO: [ template_filter ] --START--
INFO: Run Behavior\ContentReplaceBehavior [ RunTime:0.000039s ]
INFO: [ template_filter ] --END-- [ RunTime:-0.030235s ]
INFO: Run Behavior\ParseTemplateBehavior [ RunTime:0.008048s ]
INFO: [ view_parse ] --END-- [ RunTime:-0.020386s ]
INFO: [ view_filter ] --START--
INFO: Run Behavior\WriteHtmlCacheBehavior [ RunTime:0.000023s ]
INFO: [ view_filter ] --END-- [ RunTime:-0.025933s ]
INFO: [ app_end ] --START--
INFO: Run Behavior\ShowPageTraceBehavior [ RunTime:0.002941s ]
INFO: [ app_end ] --END-- [ RunTime:0.003023s ]

[ 2017-01-13T10:37:18+08:00 ] 127.0.0.1 /tp/index.php/Product/index
INFO: [ app_init ] --START--
INFO: Run Behavior\BuildLiteBehavior [ RunTime:0.000023s ]
INFO: [ app_init ] --END-- [ RunTime:0.001639s ]
INFO: [ app_begin ] --START--
INFO: Run Behavior\ReadHtmlCacheBehavior [ RunTime:0.002851s ]
INFO: [ app_begin ] --END-- [ RunTime:0.002950s ]
SQL: SHOW COLUMNS FROM `think_banner` [ RunTime:0.0075s ]
SQL: SELECT * FROM `think_banner` WHERE `bid` = 1  [ RunTime:0.0003s ]
SQL: SHOW COLUMNS FROM `think_category` [ RunTime:0.0073s ]
SQL: SELECT * FROM `think_category` WHERE `pid` = 1  [ RunTime:0.0010s ]
SQL: SHOW COLUMNS FROM `think_product` [ RunTime:0.0080s ]
SQL: SELECT COUNT(*) AS tp_count FROM `think_product` LIMIT 1   [ RunTime:0.0004s ]
SQL: SELECT * FROM `think_product` ORDER BY id DESC LIMIT 0,5   [ RunTime:0.0009s ]
INFO: [ view_parse ] --START--
INFO: [ template_filter ] --START--
INFO: Run Behavior\ContentReplaceBehavior [ RunTime:0.000060s ]
INFO: [ template_filter ] --END-- [ RunTime:0.000151s ]
NOTIC: [8] Undefined index: vip_name C:\wamp\www\tp\Application\Home\Runtime\Cache\Home\e889839820909ebce868b8f174bc544a.php 第 36 行.
INFO: Run Behavior\ParseTemplateBehavior [ RunTime:0.021382s ]
INFO: [ view_parse ] --END-- [ RunTime:0.021478s ]
INFO: [ view_filter ] --START--
INFO: Run Behavior\WriteHtmlCacheBehavior [ RunTime:0.002328s ]
INFO: [ view_filter ] --END-- [ RunTime:0.002452s ]
INFO: [ view_parse ] --START--
INFO: [ template_filter ] --START--
INFO: Run Behavior\ContentReplaceBehavior [ RunTime:0.000057s ]
INFO: [ template_filter ] --END-- [ RunTime:-0.015179s ]
NOTIC: [8] Undefined index: id C:\wamp\www\tp\Application\Home\Runtime\Cache\Home\fe47ede11d4708d379be084d03f0503c.php 第 8 行.
NOTIC: [8] Undefined index: id C:\wamp\www\tp\Application\Home\Runtime\Cache\Home\fe47ede11d4708d379be084d03f0503c.php 第 8 行.
NOTIC: [8] Undefined index: id C:\wamp\www\tp\Application\Home\Runtime\Cache\Home\fe47ede11d4708d379be084d03f0503c.php 第 8 行.
NOTIC: [8] Undefined index: id C:\wamp\www\tp\Application\Home\Runtime\Cache\Home\fe47ede11d4708d379be084d03f0503c.php 第 8 行.
INFO: Run Behavior\ParseTemplateBehavior [ RunTime:0.011736s ]
INFO: [ view_parse ] --END-- [ RunTime:-0.003869s ]
INFO: [ view_filter ] --START--
INFO: Run Behavior\WriteHtmlCacheBehavior [ RunTime:0.000021s ]
INFO: [ view_filter ] --END-- [ RunTime:-0.013243s ]
INFO: [ view_parse ] --START--
INFO: [ template_filter ] --START--
INFO: Run Behavior\ContentReplaceBehavior [ RunTime:0.000037s ]
INFO: [ template_filter ] --END-- [ RunTime:-0.024305s ]
INFO: Run Behavior\ParseTemplateBehavior [ RunTime:0.008463s ]
INFO: [ view_parse ] --END-- [ RunTime:-0.016988s ]
INFO: [ view_filter ] --START--
INFO: Run Behavior\WriteHtmlCacheBehavior [ RunTime:0.000060s ]
INFO: [ view_filter ] --END-- [ RunTime:-0.023260s ]
INFO: [ app_end ] --START--
INFO: Run Behavior\ShowPageTraceBehavior [ RunTime:0.003527s ]
INFO: [ app_end ] --END-- [ RunTime:0.003629s ]

[ 2017-01-13T10:37:26+08:00 ] 127.0.0.1 /tp/index.php/Product/pro_details/id/55
INFO: [ app_init ] --START--
INFO: Run Behavior\BuildLiteBehavior [ RunTime:0.000022s ]
INFO: [ app_init ] --END-- [ RunTime:0.001443s ]
INFO: [ app_begin ] --START--
INFO: Run Behavior\ReadHtmlCacheBehavior [ RunTime:0.005402s ]
INFO: [ app_begin ] --END-- [ RunTime:0.005594s ]
SQL: SHOW COLUMNS FROM `think_banner` [ RunTime:0.0089s ]
SQL: SELECT * FROM `think_banner` WHERE `bid` = 1  [ RunTime:0.0005s ]
SQL: SHOW COLUMNS FROM `think_category` [ RunTime:0.0083s ]
SQL: SELECT * FROM `think_category` WHERE `pid` = 1  [ RunTime:0.0004s ]
SQL: SHOW COLUMNS FROM `think_product` [ RunTime:0.0079s ]
SQL: SELECT * FROM `think_product` WHERE `id` = 55 LIMIT 1   [ RunTime:0.0004s ]
SQL: SELECT * FROM `think_product` WHERE `id` = 55 LIMIT 1   [ RunTime:0.0002s ]
INFO: [ view_parse ] --START--
INFO: [ template_filter ] --START--
INFO: Run Behavior\ContentReplaceBehavior [ RunTime:0.000060s ]
INFO: [ template_filter ] --END-- [ RunTime:0.000147s ]
NOTIC: [8] Undefined index: vip_name C:\wamp\www\tp\Application\Home\Runtime\Cache\Home\e889839820909ebce868b8f174bc544a.php 第 36 行.
INFO: Run Behavior\ParseTemplateBehavior [ RunTime:0.022440s ]
INFO: [ view_parse ] --END-- [ RunTime:0.022543s ]
INFO: [ view_filter ] --START--
INFO: Run Behavior\WriteHtmlCacheBehavior [ RunTime:0.002517s ]
INFO: [ view_filter ] --END-- [ RunTime:0.002607s ]
INFO: [ view_parse ] --START--
INFO: [ template_filter ] --START--
INFO: Run Behavior\ContentReplaceBehavior [ RunTime:0.000059s ]
INFO: [ template_filter ] --END-- [ RunTime:-0.015044s ]
INFO: Run Behavior\ParseTemplateBehavior [ RunTime:0.011649s ]
INFO: [ view_parse ] --END-- [ RunTime:-0.004006s ]
INFO: [ view_filter ] --START--
INFO: Run Behavior\WriteHtmlCacheBehavior [ RunTime:0.000023s ]
INFO: [ view_filter ] --END-- [ RunTime:-0.013160s ]
INFO: [ view_parse ] --START--
INFO: [ template_filter ] --START--
INFO: Run Behavior\ContentReplaceBehavior [ RunTime:0.000046s ]
INFO: [ template_filter ] --END-- [ RunTime:-0.025633s ]
INFO: Run Behavior\ParseTemplateBehavior [ RunTime:0.006303s ]
INFO: [ view_parse ] --END-- [ RunTime:-0.017261s ]
INFO: [ view_filter ] --START--
INFO: Run Behavior\WriteHtmlCacheBehavior [ RunTime:0.000023s ]
INFO: [ view_filter ] --END-- [ RunTime:-0.021066s ]
INFO: [ app_end ] --START--
INFO: Run Behavior\ShowPageTraceBehavior [ RunTime:0.002768s ]
INFO: [ app_end ] --END-- [ RunTime:0.002856s ]

[ 2017-01-13T10:37:29+08:00 ] 127.0.0.1 /tp/index.php/Cart/addCart
INFO: [ app_init ] --START--
INFO: Run Behavior\BuildLiteBehavior [ RunTime:0.000033s ]
INFO: [ app_init ] --END-- [ RunTime:0.001186s ]
INFO: [ app_begin ] --START--
INFO: Run Behavior\ReadHtmlCacheBehavior [ RunTime:0.001941s ]
INFO: [ app_begin ] --END-- [ RunTime:0.002041s ]
SQL: SHOW COLUMNS FROM `think_product` [ RunTime:0.0102s ]
SQL: SELECT * FROM `think_product` WHERE `id` = 55 LIMIT 1   [ RunTime:0.0012s ]

[ 2017-01-13T10:37:29+08:00 ] 127.0.0.1 /tp/index.php/Cart/index.html
INFO: [ app_init ] --START--
INFO: Run Behavior\BuildLiteBehavior [ RunTime:0.000033s ]
INFO: [ app_init ] --END-- [ RunTime:0.001181s ]
INFO: [ app_begin ] --START--
INFO: Run Behavior\ReadHtmlCacheBehavior [ RunTime:0.002061s ]
INFO: [ app_begin ] --END-- [ RunTime:0.002178s ]

[ 2017-01-13T10:37:29+08:00 ] 127.0.0.1 /tp/index.php/Login/login.html
INFO: [ app_init ] --START--
INFO: Run Behavior\BuildLiteBehavior [ RunTime:0.000032s ]
INFO: [ app_init ] --END-- [ RunTime:0.001134s ]
INFO: [ app_begin ] --START--
INFO: Run Behavior\ReadHtmlCacheBehavior [ RunTime:0.002688s ]
INFO: [ app_begin ] --END-- [ RunTime:0.002938s ]
INFO: [ view_parse ] --START--
INFO: [ template_filter ] --START--
INFO: Run Behavior\ContentReplaceBehavior [ RunTime:0.000061s ]
INFO: [ template_filter ] --END-- [ RunTime:0.000149s ]
INFO: Run Behavior\ParseTemplateBehavior [ RunTime:0.016381s ]
INFO: [ view_parse ] --END-- [ RunTime:0.016473s ]
INFO: [ view_filter ] --START--
INFO: Run Behavior\WriteHtmlCacheBehavior [ RunTime:0.001669s ]
INFO: [ view_filter ] --END-- [ RunTime:0.001741s ]
INFO: [ app_end ] --START--
INFO: Run Behavior\ShowPageTraceBehavior [ RunTime:0.002310s ]
INFO: [ app_end ] --END-- [ RunTime:0.002397s ]

[ 2017-01-13T10:37:39+08:00 ] 127.0.0.1 /tp/index.php/Login/img/shop/check2.png
INFO: [ app_init ] --START--
INFO: Run Behavior\BuildLiteBehavior [ RunTime:0.000026s ]
INFO: [ app_init ] --END-- [ RunTime:0.001563s ]

[ 2017-01-13T10:37:40+08:00 ] 127.0.0.1 /tp/index.php/Login/login.html
INFO: [ app_init ] --START--
INFO: Run Behavior\BuildLiteBehavior [ RunTime:0.000051s ]
INFO: [ app_init ] --END-- [ RunTime:0.001773s ]
INFO: [ app_begin ] --START--
INFO: Run Behavior\ReadHtmlCacheBehavior [ RunTime:0.003060s ]
INFO: [ app_begin ] --END-- [ RunTime:0.003178s ]
SQL: SHOW COLUMNS FROM `think_vip` [ RunTime:0.0101s ]
SQL: SELECT * FROM `think_vip` WHERE `vip_name` = 'hhhhh' AND `password` = '202cb962ac59075b964b07152d234b70' LIMIT 1   [ RunTime:0.0032s ]

[ 2017-01-13T10:37:40+08:00 ] 127.0.0.1 /tp/index.php/User/index.html
INFO: [ app_init ] --START--
INFO: Run Behavior\BuildLiteBehavior [ RunTime:0.000021s ]
INFO: [ app_init ] --END-- [ RunTime:0.001099s ]
INFO: [ app_begin ] --START--
INFO: Run Behavior\ReadHtmlCacheBehavior [ RunTime:0.002796s ]
INFO: [ app_begin ] --END-- [ RunTime:0.002992s ]
SQL: SHOW COLUMNS FROM `think_vip` [ RunTime:0.0076s ]
SQL: SELECT * FROM `think_vip` WHERE `id` = 5 LIMIT 1   [ RunTime:0.0007s ]
SQL: SHOW COLUMNS FROM `think_product` [ RunTime:0.0089s ]
SQL: SELECT * FROM `think_product` ORDER BY rand() LIMIT 5   [ RunTime:0.0007s ]
SQL: SHOW COLUMNS FROM `think_category` [ RunTime:0.0075s ]
SQL: SELECT * FROM `think_category` WHERE `id` = 6  [ RunTime:0.0003s ]
SQL: SHOW COLUMNS FROM `think_product` [ RunTime:0.0077s ]
SQL: SELECT * FROM `think_category` WHERE `id` = 3  [ RunTime:0.0003s ]
SQL: SELECT * FROM `think_category` WHERE `id` = 3  [ RunTime:0.0003s ]
SQL: SELECT * FROM `think_category` WHERE `id` = 5  [ RunTime:0.0008s ]
SQL: SELECT * FROM `think_category` WHERE `id` = 3  [ RunTime:0.0005s ]
INFO: [ view_parse ] --START--
INFO: [ template_filter ] --START--
INFO: Run Behavior\ContentReplaceBehavior [ RunTime:0.000068s ]
INFO: [ template_filter ] --END-- [ RunTime:0.000152s ]
INFO: Run Behavior\ParseTemplateBehavior [ RunTime:0.019666s ]
INFO: [ view_parse ] --END-- [ RunTime:0.019816s ]
INFO: [ view_filter ] --START--
INFO: Run Behavior\WriteHtmlCacheBehavior [ RunTime:0.001839s ]
INFO: [ view_filter ] --END-- [ RunTime:0.001917s ]
INFO: [ app_end ] --START--
INFO: Run Behavior\ShowPageTraceBehavior [ RunTime:0.001957s ]
INFO: [ app_end ] --END-- [ RunTime:0.002033s ]

[ 2017-01-13T10:37:44+08:00 ] 127.0.0.1 /tp/index.php/Product/pro_details/id/31
INFO: [ app_init ] --START--
INFO: Run Behavior\BuildLiteBehavior [ RunTime:0.000029s ]
INFO: [ app_init ] --END-- [ RunTime:0.002118s ]
INFO: [ app_begin ] --START--
INFO: Run Behavior\ReadHtmlCacheBehavior [ RunTime:0.002121s ]
INFO: [ app_begin ] --END-- [ RunTime:0.002249s ]
SQL: SHOW COLUMNS FROM `think_banner` [ RunTime:0.0089s ]
SQL: SELECT * FROM `think_banner` WHERE `bid` = 1  [ RunTime:0.0004s ]
SQL: SHOW COLUMNS FROM `think_category` [ RunTime:0.0076s ]
SQL: SELECT * FROM `think_category` WHERE `pid` = 1  [ RunTime:0.0003s ]
SQL: SHOW COLUMNS FROM `think_product` [ RunTime:0.0091s ]
SQL: SELECT * FROM `think_product` WHERE `id` = 31 LIMIT 1   [ RunTime:0.0004s ]
SQL: SELECT * FROM `think_product` WHERE `id` = 31 LIMIT 1   [ RunTime:0.0002s ]
INFO: [ view_parse ] --START--
INFO: [ template_filter ] --START--
INFO: Run Behavior\ContentReplaceBehavior [ RunTime:0.000059s ]
INFO: [ template_filter ] --END-- [ RunTime:0.000144s ]
INFO: Run Behavior\ParseTemplateBehavior [ RunTime:0.016125s ]
INFO: [ view_parse ] --END-- [ RunTime:0.016225s ]
INFO: [ view_filter ] --START--
INFO: Run Behavior\WriteHtmlCacheBehavior [ RunTime:0.001718s ]
INFO: [ view_filter ] --END-- [ RunTime:0.001798s ]
INFO: [ view_parse ] --START--
INFO: [ template_filter ] --START--
INFO: Run Behavior\ContentReplaceBehavior [ RunTime:0.000085s ]
INFO: [ template_filter ] --END-- [ RunTime:-0.012482s ]
INFO: Run Behavior\ParseTemplateBehavior [ RunTime:0.010454s ]
INFO: [ view_parse ] --END-- [ RunTime:-0.002456s ]
INFO: [ view_filter ] --START--
INFO: Run Behavior\WriteHtmlCacheBehavior [ RunTime:0.000024s ]
INFO: [ view_filter ] --END-- [ RunTime:-0.011209s ]
INFO: [ view_parse ] --START--
INFO: [ template_filter ] --START--
INFO: Run Behavior\ContentReplaceBehavior [ RunTime:0.000038s ]
INFO: [ template_filter ] --END-- [ RunTime:-0.020054s ]
INFO: Run Behavior\ParseTemplateBehavior [ RunTime:0.005589s ]
INFO: [ view_parse ] --END-- [ RunTime:-0.013930s ]
INFO: [ view_filter ] --START--
INFO: Run Behavior\WriteHtmlCacheBehavior [ RunTime:0.000020s ]
INFO: [ view_filter ] --END-- [ RunTime:-0.017800s ]
INFO: [ app_end ] --START--
INFO: Run Behavior\ShowPageTraceBehavior [ RunTime:0.001984s ]
INFO: [ app_end ] --END-- [ RunTime:0.002058s ]

[ 2017-01-13T10:37:47+08:00 ] 127.0.0.1 /tp/index.php/Cart/addCart
INFO: [ app_init ] --START--
INFO: Run Behavior\BuildLiteBehavior [ RunTime:0.000022s ]
INFO: [ app_init ] --END-- [ RunTime:0.001186s ]
INFO: [ app_begin ] --START--
INFO: Run Behavior\ReadHtmlCacheBehavior [ RunTime:0.002289s ]
INFO: [ app_begin ] --END-- [ RunTime:0.002396s ]
SQL: SHOW COLUMNS FROM `think_product` [ RunTime:0.0096s ]
SQL: SELECT * FROM `think_product` WHERE `id` = 31 LIMIT 1   [ RunTime:0.0006s ]

[ 2017-01-13T10:37:47+08:00 ] 127.0.0.1 /tp/index.php/Cart/index.html
INFO: [ app_init ] --START--
INFO: Run Behavior\BuildLiteBehavior [ RunTime:0.000021s ]
INFO: [ app_init ] --END-- [ RunTime:0.001120s ]
INFO: [ app_begin ] --START--
INFO: Run Behavior\ReadHtmlCacheBehavior [ RunTime:0.002320s ]
INFO: [ app_begin ] --END-- [ RunTime:0.002437s ]
INFO: [ view_parse ] --START--
INFO: [ template_filter ] --START--
INFO: Run Behavior\ContentReplaceBehavior [ RunTime:0.000073s ]
INFO: [ template_filter ] --END-- [ RunTime:0.000160s ]
INFO: Run Behavior\ParseTemplateBehavior [ RunTime:0.020883s ]
INFO: [ view_parse ] --END-- [ RunTime:0.020975s ]
INFO: [ view_filter ] --START--
INFO: Run Behavior\WriteHtmlCacheBehavior [ RunTime:0.001700s ]
INFO: [ view_filter ] --END-- [ RunTime:0.001773s ]
INFO: [ app_end ] --START--
INFO: Run Behavior\ShowPageTraceBehavior [ RunTime:0.001965s ]
INFO: [ app_end ] --END-- [ RunTime:0.002041s ]

[ 2017-01-13T10:37:54+08:00 ] 127.0.0.1 /tp/index.php/Cart/delCart.html?str=55%2C
INFO: [ app_init ] --START--
INFO: Run Behavior\BuildLiteBehavior [ RunTime:0.000020s ]
INFO: [ app_init ] --END-- [ RunTime:0.001216s ]
INFO: [ app_begin ] --START--
INFO: Run Behavior\ReadHtmlCacheBehavior [ RunTime:0.002147s ]
INFO: [ app_begin ] --END-- [ RunTime:0.002283s ]
INFO: [ app_end ] --START--
INFO: Run Behavior\ShowPageTraceBehavior [ RunTime:0.002090s ]
INFO: [ app_end ] --END-- [ RunTime:0.002199s ]

[ 2017-01-13T10:40:01+08:00 ] 127.0.0.1 /tp/index.php/order/orderAdd.html
INFO: [ app_init ] --START--
INFO: Run Behavior\BuildLiteBehavior [ RunTime:0.000026s ]
INFO: [ app_init ] --END-- [ RunTime:0.002020s ]
INFO: [ app_begin ] --START--
INFO: Run Behavior\ReadHtmlCacheBehavior [ RunTime:0.002944s ]
INFO: [ app_begin ] --END-- [ RunTime:0.003060s ]

[ 2017-01-13T10:40:01+08:00 ] 127.0.0.1 /tp/index.php/order/index.html
INFO: [ app_init ] --START--
INFO: Run Behavior\BuildLiteBehavior [ RunTime:0.000020s ]
INFO: [ app_init ] --END-- [ RunTime:0.001106s ]
INFO: [ app_begin ] --START--
INFO: Run Behavior\ReadHtmlCacheBehavior [ RunTime:0.001963s ]
INFO: [ app_begin ] --END-- [ RunTime:0.002064s ]

[ 2017-01-13T10:42:38+08:00 ] 127.0.0.1 /tp/index.php/order/index.html
INFO: [ app_init ] --START--
INFO: Run Behavior\BuildLiteBehavior [ RunTime:0.000027s ]
INFO: [ app_init ] --END-- [ RunTime:0.003047s ]
INFO: [ app_begin ] --START--
INFO: Run Behavior\ReadHtmlCacheBehavior [ RunTime:0.003072s ]
INFO: [ app_begin ] --END-- [ RunTime:0.003202s ]

[ 2017-01-13T10:43:26+08:00 ] 127.0.0.1 /tp/index.php/order/orderAdd.html
INFO: [ app_init ] --START--
INFO: Run Behavior\BuildLiteBehavior [ RunTime:0.000024s ]
INFO: [ app_init ] --END-- [ RunTime:0.001631s ]
INFO: [ app_begin ] --START--
INFO: Run Behavior\ReadHtmlCacheBehavior [ RunTime:0.002951s ]
INFO: [ app_begin ] --END-- [ RunTime:0.003064s ]
NOTIC: [8] Undefined offset: 55 C:\wamp\www\tp\Application\Home\Home\Controller\OrderController.class.php 第 19 行.

[ 2017-01-13T10:43:26+08:00 ] 127.0.0.1 /tp/index.php/order/index.html
INFO: [ app_init ] --START--
INFO: Run Behavior\BuildLiteBehavior [ RunTime:0.000022s ]
INFO: [ app_init ] --END-- [ RunTime:0.001103s ]
INFO: [ app_begin ] --START--
INFO: Run Behavior\ReadHtmlCacheBehavior [ RunTime:0.001926s ]
INFO: [ app_begin ] --END-- [ RunTime:0.002021s ]

[ 2017-01-13T10:44:07+08:00 ] 127.0.0.1 /tp/index.php/order/index.html
INFO: [ app_init ] --START--
INFO: Run Behavior\BuildLiteBehavior [ RunTime:0.000023s ]
INFO: [ app_init ] --END-- [ RunTime:0.001275s ]
INFO: [ app_begin ] --START--
INFO: Run Behavior\ReadHtmlCacheBehavior [ RunTime:0.002032s ]
INFO: [ app_begin ] --END-- [ RunTime:0.002137s ]
INFO: [ view_parse ] --START--
INFO: [ template_filter ] --START--
INFO: Run Behavior\ContentReplaceBehavior [ RunTime:0.000105s ]
INFO: [ template_filter ] --END-- [ RunTime:0.000251s ]
NOTIC: [8] Use of undefined constant pro_img - assumed 'pro_img' C:\wamp\www\tp\Application\Home\Runtime\Cache\Home\6c2dddfbcc6a1df9e1ce42a50bacb259.php 第 76 行.
NOTIC: [8] Use of undefined constant pro_img - assumed 'pro_img' C:\wamp\www\tp\Application\Home\Runtime\Cache\Home\6c2dddfbcc6a1df9e1ce42a50bacb259.php 第 76 行.
INFO: Run Behavior\ParseTemplateBehavior [ RunTime:0.023105s ]
INFO: [ view_parse ] --END-- [ RunTime:0.023210s ]
INFO: [ view_filter ] --START--
INFO: Run Behavior\WriteHtmlCacheBehavior [ RunTime:0.002441s ]
INFO: [ view_filter ] --END-- [ RunTime:0.002525s ]
INFO: [ app_end ] --START--
INFO: Run Behavior\ShowPageTraceBehavior [ RunTime:0.002806s ]
INFO: [ app_end ] --END-- [ RunTime:0.002888s ]

[ 2017-01-13T10:44:34+08:00 ] 127.0.0.1 /tp/index.php/order/index.html
INFO: [ app_init ] --START--
INFO: Run Behavior\BuildLiteBehavior [ RunTime:0.000021s ]
INFO: [ app_init ] --END-- [ RunTime:0.001098s ]
INFO: [ app_begin ] --START--
INFO: Run Behavior\ReadHtmlCacheBehavior [ RunTime:0.002708s ]
INFO: [ app_begin ] --END-- [ RunTime:0.002861s ]

[ 2017-01-13T10:49:34+08:00 ] 127.0.0.1 /tp/index.php/order/index.html
INFO: [ app_init ] --START--
INFO: Run Behavior\BuildLiteBehavior [ RunTime:0.000023s ]
INFO: [ app_init ] --END-- [ RunTime:0.001586s ]
INFO: [ app_begin ] --START--
INFO: Run Behavior\ReadHtmlCacheBehavior [ RunTime:0.003385s ]
INFO: [ app_begin ] --END-- [ RunTime:0.003503s ]

[ 2017-01-13T10:49:57+08:00 ] 127.0.0.1 /tp/index.php/order/index.html
INFO: [ app_init ] --START--
INFO: Run Behavior\BuildLiteBehavior [ RunTime:0.000022s ]
INFO: [ app_init ] --END-- [ RunTime:0.001105s ]
INFO: [ app_begin ] --START--
INFO: Run Behavior\ReadHtmlCacheBehavior [ RunTime:0.002626s ]
INFO: [ app_begin ] --END-- [ RunTime:0.002841s ]
INFO: [ view_parse ] --START--
INFO: [ template_filter ] --START--
INFO: Run Behavior\ContentReplaceBehavior [ RunTime:0.000066s ]
INFO: [ template_filter ] --END-- [ RunTime:0.000153s ]
NOTIC: [8] Use of undefined constant pro_img - assumed 'pro_img' C:\wamp\www\tp\Application\Home\Runtime\Cache\Home\6c2dddfbcc6a1df9e1ce42a50bacb259.php 第 76 行.
NOTIC: [8] Use of undefined constant pro_img - assumed 'pro_img' C:\wamp\www\tp\Application\Home\Runtime\Cache\Home\6c2dddfbcc6a1df9e1ce42a50bacb259.php 第 76 行.
INFO: Run Behavior\ParseTemplateBehavior [ RunTime:0.023363s ]
INFO: [ view_parse ] --END-- [ RunTime:0.023466s ]
INFO: [ view_filter ] --START--
INFO: Run Behavior\WriteHtmlCacheBehavior [ RunTime:0.002340s ]
INFO: [ view_filter ] --END-- [ RunTime:0.002412s ]
INFO: [ app_end ] --START--
INFO: Run Behavior\ShowPageTraceBehavior [ RunTime:0.002612s ]
INFO: [ app_end ] --END-- [ RunTime:0.002698s ]

[ 2017-01-13T10:50:04+08:00 ] 127.0.0.1 /tp/index.php/order/orderAdd.html
INFO: [ app_init ] --START--
INFO: Run Behavior\BuildLiteBehavior [ RunTime:0.000025s ]
INFO: [ app_init ] --END-- [ RunTime:0.001537s ]
INFO: [ app_begin ] --START--
INFO: Run Behavior\ReadHtmlCacheBehavior [ RunTime:0.002921s ]
INFO: [ app_begin ] --END-- [ RunTime:0.003025s ]
NOTIC: [8] Undefined offset: 55 C:\wamp\www\tp\Application\Home\Home\Controller\OrderController.class.php 第 17 行.

[ 2017-01-13T10:50:04+08:00 ] 127.0.0.1 /tp/index.php/order/index.html
INFO: [ app_init ] --START--
INFO: Run Behavior\BuildLiteBehavior [ RunTime:0.000024s ]
INFO: [ app_init ] --END-- [ RunTime:0.001623s ]
INFO: [ app_begin ] --START--
INFO: Run Behavior\ReadHtmlCacheBehavior [ RunTime:0.002982s ]
INFO: [ app_begin ] --END-- [ RunTime:0.003101s ]
INFO: [ view_parse ] --START--
INFO: [ template_filter ] --START--
INFO: Run Behavior\ContentReplaceBehavior [ RunTime:0.000064s ]
INFO: [ template_filter ] --END-- [ RunTime:0.000150s ]
NOTIC: [8] Use of undefined constant pro_img - assumed 'pro_img' C:\wamp\www\tp\Application\Home\Runtime\Cache\Home\6c2dddfbcc6a1df9e1ce42a50bacb259.php 第 76 行.
NOTIC: [8] Use of undefined constant pro_img - assumed 'pro_img' C:\wamp\www\tp\Application\Home\Runtime\Cache\Home\6c2dddfbcc6a1df9e1ce42a50bacb259.php 第 76 行.
INFO: Run Behavior\ParseTemplateBehavior [ RunTime:0.025506s ]
INFO: [ view_parse ] --END-- [ RunTime:0.025594s ]
INFO: [ view_filter ] --START--
INFO: Run Behavior\WriteHtmlCacheBehavior [ RunTime:0.002391s ]
INFO: [ view_filter ] --END-- [ RunTime:0.002467s ]
INFO: [ app_end ] --START--
INFO: Run Behavior\ShowPageTraceBehavior [ RunTime:0.002571s ]
INFO: [ app_end ] --END-- [ RunTime:0.002647s ]

[ 2017-01-13T10:50:12+08:00 ] 127.0.0.1 /tp/index.php/order/index.html
INFO: [ app_init ] --START--
INFO: Run Behavior\BuildLiteBehavior [ RunTime:0.000023s ]
INFO: [ app_init ] --END-- [ RunTime:0.001193s ]
INFO: [ app_begin ] --START--
INFO: Run Behavior\ReadHtmlCacheBehavior [ RunTime:0.002756s ]
INFO: [ app_begin ] --END-- [ RunTime:0.002934s ]
INFO: [ view_parse ] --START--
INFO: [ template_filter ] --START--
INFO: Run Behavior\ContentReplaceBehavior [ RunTime:0.000066s ]
INFO: [ template_filter ] --END-- [ RunTime:0.000154s ]
NOTIC: [8] Use of undefined constant pro_img - assumed 'pro_img' C:\wamp\www\tp\Application\Home\Runtime\Cache\Home\6c2dddfbcc6a1df9e1ce42a50bacb259.php 第 76 行.
NOTIC: [8] Use of undefined constant pro_img - assumed 'pro_img' C:\wamp\www\tp\Application\Home\Runtime\Cache\Home\6c2dddfbcc6a1df9e1ce42a50bacb259.php 第 76 行.
INFO: Run Behavior\ParseTemplateBehavior [ RunTime:0.023474s ]
INFO: [ view_parse ] --END-- [ RunTime:0.023566s ]
INFO: [ view_filter ] --START--
INFO: Run Behavior\WriteHtmlCacheBehavior [ RunTime:0.002907s ]
INFO: [ view_filter ] --END-- [ RunTime:0.002990s ]
INFO: [ app_end ] --START--
INFO: Run Behavior\ShowPageTraceBehavior [ RunTime:0.002852s ]
INFO: [ app_end ] --END-- [ RunTime:0.002931s ]

[ 2017-01-13T10:50:14+08:00 ] 127.0.0.1 /tp/index.php/order/index.html
INFO: [ app_init ] --START--
INFO: Run Behavior\BuildLiteBehavior [ RunTime:0.000027s ]
INFO: [ app_init ] --END-- [ RunTime:0.001383s ]
INFO: [ app_begin ] --START--
INFO: Run Behavior\ReadHtmlCacheBehavior [ RunTime:0.002154s ]
INFO: [ app_begin ] --END-- [ RunTime:0.002261s ]
SQL: SHOW COLUMNS FROM `think_order` [ RunTime:0.0195s ]
SQL: INSERT INTO `think_order` (`user_info`,`product_info`,`order_id`,`total`,`member_id`,`time`,`status`) VALUES ('{\"name\":\"\",\"address\":\"\",\"phone\":\"\"}','[null,{\"id\":\"31\",\"pro_name\":\"\\u83ca\\u82b1\\u8336\",\"pro_img\":\"\\/tp\\/Uploads\\/Public\\/Uploads\\/2016-12-21\\/585a4fbac7199.jpg\",\"shop_price\":\"5000\",\"num\":\"1\",\"total\":5000}]','1484275814888','5000','hhhhh','2017-01-13 10:50:14','1') [ RunTime:0.0499s ]
SQL: SHOW COLUMNS FROM `think_order` [ RunTime:0.0082s ]

[ 2017-01-13T10:50:14+08:00 ] 127.0.0.1 /tp/index.php/Order/pay.html
INFO: [ app_init ] --START--
INFO: Run Behavior\BuildLiteBehavior [ RunTime:0.000025s ]
INFO: [ app_init ] --END-- [ RunTime:0.001407s ]
INFO: [ app_begin ] --START--
INFO: Run Behavior\ReadHtmlCacheBehavior [ RunTime:0.001982s ]
INFO: [ app_begin ] --END-- [ RunTime:0.002080s ]
SQL: SHOW COLUMNS FROM `think_order` [ RunTime:0.0098s ]
SQL: SELECT * FROM `think_order` WHERE `id` = 81 LIMIT 1   [ RunTime:0.0010s ]
INFO: [ view_parse ] --START--
INFO: [ template_filter ] --START--
INFO: Run Behavior\ContentReplaceBehavior [ RunTime:0.000069s ]
INFO: [ template_filter ] --END-- [ RunTime:0.000160s ]
INFO: Run Behavior\ParseTemplateBehavior [ RunTime:0.028893s ]
INFO: [ view_parse ] --END-- [ RunTime:0.029002s ]
INFO: [ view_filter ] --START--
INFO: Run Behavior\WriteHtmlCacheBehavior [ RunTime:0.001823s ]
INFO: [ view_filter ] --END-- [ RunTime:0.001909s ]
INFO: [ app_end ] --START--
INFO: Run Behavior\ShowPageTraceBehavior [ RunTime:0.002310s ]
INFO: [ app_end ] --END-- [ RunTime:0.002403s ]

[ 2017-01-13T10:50:21+08:00 ] 127.0.0.1 /tp/index.php/User/myorder.html
INFO: [ app_init ] --START--
INFO: Run Behavior\BuildLiteBehavior [ RunTime:0.000026s ]
INFO: [ app_init ] --END-- [ RunTime:0.002020s ]
INFO: [ app_begin ] --START--
INFO: Run Behavior\ReadHtmlCacheBehavior [ RunTime:0.003105s ]
INFO: [ app_begin ] --END-- [ RunTime:0.003251s ]
SQL: SHOW COLUMNS FROM `think_order` [ RunTime:0.0097s ]
NOTIC: [2] Missing argument 1 for Home\Model\OrderModel::getList(), called in C:\wamp\www\tp\Application\Home\Home\Controller\UserController.class.php on line 52 and defined C:\wamp\www\tp\Application\Home\Home\Model\OrderModel.class.php 第 31 行.
SQL: SHOW COLUMNS FROM `think_order` [ RunTime:0.0082s ]
SQL: SELECT COUNT(*) AS tp_count FROM `think_order` LIMIT 1   [ RunTime:0.0004s ]
NOTIC: [2] Creating default object from empty value C:\wamp\www\tp\Application\Home\Home\Model\OrderModel.class.php 第 34 行.
SQL: SELECT * FROM `think_order` ORDER BY id DESC LIMIT 0,5   [ RunTime:0.0005s ]
INFO: [ view_parse ] --START--
INFO: [ template_filter ] --START--
INFO: Run Behavior\ContentReplaceBehavior [ RunTime:0.000083s ]
INFO: [ template_filter ] --END-- [ RunTime:0.000195s ]
INFO: Run Behavior\ParseTemplateBehavior [ RunTime:0.038317s ]
INFO: [ view_parse ] --END-- [ RunTime:0.038439s ]
INFO: [ view_filter ] --START--
INFO: Run Behavior\WriteHtmlCacheBehavior [ RunTime:0.002424s ]
INFO: [ view_filter ] --END-- [ RunTime:0.002502s ]
INFO: [ app_end ] --START--
INFO: Run Behavior\ShowPageTraceBehavior [ RunTime:0.002682s ]
INFO: [ app_end ] --END-- [ RunTime:0.002778s ]

[ 2017-01-13T10:50:27+08:00 ] 127.0.0.1 /tp/index.php/Product/index
INFO: [ app_init ] --START--
INFO: Run Behavior\BuildLiteBehavior [ RunTime:0.000035s ]
INFO: [ app_init ] --END-- [ RunTime:0.001493s ]
INFO: [ app_begin ] --START--
INFO: Run Behavior\ReadHtmlCacheBehavior [ RunTime:0.002152s ]
INFO: [ app_begin ] --END-- [ RunTime:0.002320s ]
SQL: SHOW COLUMNS FROM `think_banner` [ RunTime:0.0077s ]
SQL: SELECT * FROM `think_banner` WHERE `bid` = 1  [ RunTime:0.0004s ]
SQL: SHOW COLUMNS FROM `think_category` [ RunTime:0.0089s ]
SQL: SELECT * FROM `think_category` WHERE `pid` = 1  [ RunTime:0.0004s ]
SQL: SHOW COLUMNS FROM `think_product` [ RunTime:0.0081s ]
SQL: SELECT COUNT(*) AS tp_count FROM `think_product` LIMIT 1   [ RunTime:0.0003s ]
SQL: SELECT * FROM `think_product` ORDER BY id DESC LIMIT 0,5   [ RunTime:0.0004s ]
INFO: [ view_parse ] --START--
INFO: [ template_filter ] --START--
INFO: Run Behavior\ContentReplaceBehavior [ RunTime:0.000058s ]
INFO: [ template_filter ] --END-- [ RunTime:0.000169s ]
INFO: Run Behavior\ParseTemplateBehavior [ RunTime:0.017303s ]
INFO: [ view_parse ] --END-- [ RunTime:0.017388s ]
INFO: [ view_filter ] --START--
INFO: Run Behavior\WriteHtmlCacheBehavior [ RunTime:0.001715s ]
INFO: [ view_filter ] --END-- [ RunTime:0.001790s ]
INFO: [ view_parse ] --START--
INFO: [ template_filter ] --START--
INFO: Run Behavior\ContentReplaceBehavior [ RunTime:0.000055s ]
INFO: [ template_filter ] --END-- [ RunTime:-0.013247s ]
NOTIC: [8] Undefined index: id C:\wamp\www\tp\Application\Home\Runtime\Cache\Home\fe47ede11d4708d379be084d03f0503c.php 第 8 行.
NOTIC: [8] Undefined index: id C:\wamp\www\tp\Application\Home\Runtime\Cache\Home\fe47ede11d4708d379be084d03f0503c.php 第 8 行.
NOTIC: [8] Undefined index: id C:\wamp\www\tp\Application\Home\Runtime\Cache\Home\fe47ede11d4708d379be084d03f0503c.php 第 8 行.
NOTIC: [8] Undefined index: id C:\wamp\www\tp\Application\Home\Runtime\Cache\Home\fe47ede11d4708d379be084d03f0503c.php 第 8 行.
INFO: Run Behavior\ParseTemplateBehavior [ RunTime:0.010611s ]
INFO: [ view_parse ] --END-- [ RunTime:-0.003468s ]
INFO: [ view_filter ] --START--
INFO: Run Behavior\WriteHtmlCacheBehavior [ RunTime:0.000021s ]
INFO: [ view_filter ] --END-- [ RunTime:-0.012412s ]
INFO: [ view_parse ] --START--
INFO: [ template_filter ] --START--
INFO: Run Behavior\ContentReplaceBehavior [ RunTime:0.000038s ]
INFO: [ template_filter ] --END-- [ RunTime:-0.022122s ]
INFO: Run Behavior\ParseTemplateBehavior [ RunTime:0.006240s ]
INFO: [ view_parse ] --END-- [ RunTime:-0.015562s ]
INFO: [ view_filter ] --START--
INFO: Run Behavior\WriteHtmlCacheBehavior [ RunTime:0.000024s ]
INFO: [ view_filter ] --END-- [ RunTime:-0.020107s ]
INFO: [ app_end ] --START--
INFO: Run Behavior\ShowPageTraceBehavior [ RunTime:0.002003s ]
INFO: [ app_end ] --END-- [ RunTime:0.002095s ]

[ 2017-01-13T10:50:31+08:00 ] 127.0.0.1 /tp/index.php/Product/pro_details/id/53
INFO: [ app_init ] --START--
INFO: Run Behavior\BuildLiteBehavior [ RunTime:0.000024s ]
INFO: [ app_init ] --END-- [ RunTime:0.001411s ]
INFO: [ app_begin ] --START--
INFO: Run Behavior\ReadHtmlCacheBehavior [ RunTime:0.002055s ]
INFO: [ app_begin ] --END-- [ RunTime:0.002176s ]
SQL: SHOW COLUMNS FROM `think_banner` [ RunTime:0.0086s ]
SQL: SELECT * FROM `think_banner` WHERE `bid` = 1  [ RunTime:0.0004s ]
SQL: SHOW COLUMNS FROM `think_category` [ RunTime:0.0083s ]
SQL: SELECT * FROM `think_category` WHERE `pid` = 1  [ RunTime:0.0007s ]
SQL: SHOW COLUMNS FROM `think_product` [ RunTime:0.0086s ]
SQL: SELECT * FROM `think_product` WHERE `id` = 53 LIMIT 1   [ RunTime:0.0004s ]
SQL: SELECT * FROM `think_product` WHERE `id` = 53 LIMIT 1   [ RunTime:0.0003s ]
INFO: [ view_parse ] --START--
INFO: [ template_filter ] --START--
INFO: Run Behavior\ContentReplaceBehavior [ RunTime:0.000058s ]
INFO: [ template_filter ] --END-- [ RunTime:0.000149s ]
INFO: Run Behavior\ParseTemplateBehavior [ RunTime:0.017402s ]
INFO: [ view_parse ] --END-- [ RunTime:0.017615s ]
INFO: [ view_filter ] --START--
INFO: Run Behavior\WriteHtmlCacheBehavior [ RunTime:0.001737s ]
INFO: [ view_filter ] --END-- [ RunTime:0.001810s ]
INFO: [ view_parse ] --START--
INFO: [ template_filter ] --START--
INFO: Run Behavior\ContentReplaceBehavior [ RunTime:0.000057s ]
INFO: [ template_filter ] --END-- [ RunTime:-0.013083s ]
INFO: Run Behavior\ParseTemplateBehavior [ RunTime:0.010813s ]
INFO: [ view_parse ] --END-- [ RunTime:-0.002821s ]
INFO: [ view_filter ] --START--
INFO: Run Behavior\WriteHtmlCacheBehavior [ RunTime:0.000025s ]
INFO: [ view_filter ] --END-- [ RunTime:-0.012017s ]
INFO: [ view_parse ] --START--
INFO: [ template_filter ] --START--
INFO: Run Behavior\ContentReplaceBehavior [ RunTime:0.000079s ]
INFO: [ template_filter ] --END-- [ RunTime:-0.022585s ]
INFO: Run Behavior\ParseTemplateBehavior [ RunTime:0.006815s ]
INFO: [ view_parse ] --END-- [ RunTime:-0.014947s ]
INFO: [ view_filter ] --START--
INFO: Run Behavior\WriteHtmlCacheBehavior [ RunTime:0.000023s ]
INFO: [ view_filter ] --END-- [ RunTime:-0.020044s ]
INFO: [ app_end ] --START--
INFO: Run Behavior\ShowPageTraceBehavior [ RunTime:0.002095s ]
INFO: [ app_end ] --END-- [ RunTime:0.002174s ]

[ 2017-01-13T10:50:35+08:00 ] 127.0.0.1 /tp/index.php/Cart/addCart
INFO: [ app_init ] --START--
INFO: Run Behavior\BuildLiteBehavior [ RunTime:0.000023s ]
INFO: [ app_init ] --END-- [ RunTime:0.001151s ]
INFO: [ app_begin ] --START--
INFO: Run Behavior\ReadHtmlCacheBehavior [ RunTime:0.002850s ]
INFO: [ app_begin ] --END-- [ RunTime:0.003078s ]
SQL: SHOW COLUMNS FROM `think_product` [ RunTime:0.0103s ]
SQL: SELECT * FROM `think_product` WHERE `id` = 53 LIMIT 1   [ RunTime:0.0004s ]

[ 2017-01-13T10:50:35+08:00 ] 127.0.0.1 /tp/index.php/Cart/index.html
INFO: [ app_init ] --START--
INFO: Run Behavior\BuildLiteBehavior [ RunTime:0.000026s ]
INFO: [ app_init ] --END-- [ RunTime:0.001669s ]
INFO: [ app_begin ] --START--
INFO: Run Behavior\ReadHtmlCacheBehavior [ RunTime:0.002039s ]
INFO: [ app_begin ] --END-- [ RunTime:0.002157s ]
INFO: [ view_parse ] --START--
INFO: [ template_filter ] --START--
INFO: Run Behavior\ContentReplaceBehavior [ RunTime:0.000086s ]
INFO: [ template_filter ] --END-- [ RunTime:0.000187s ]
INFO: Run Behavior\ParseTemplateBehavior [ RunTime:0.023848s ]
INFO: [ view_parse ] --END-- [ RunTime:0.024023s ]
INFO: [ view_filter ] --START--
INFO: Run Behavior\WriteHtmlCacheBehavior [ RunTime:0.002549s ]
INFO: [ view_filter ] --END-- [ RunTime:0.002673s ]
INFO: [ app_end ] --START--
INFO: Run Behavior\ShowPageTraceBehavior [ RunTime:0.003094s ]
INFO: [ app_end ] --END-- [ RunTime:0.003272s ]

[ 2017-01-13T10:51:05+08:00 ] 127.0.0.1 /tp/index.php/order/orderAdd.html
INFO: [ app_init ] --START--
INFO: Run Behavior\BuildLiteBehavior [ RunTime:0.000023s ]
INFO: [ app_init ] --END-- [ RunTime:0.001121s ]
INFO: [ app_begin ] --START--
INFO: Run Behavior\ReadHtmlCacheBehavior [ RunTime:0.002693s ]
INFO: [ app_begin ] --END-- [ RunTime:0.002883s ]

[ 2017-01-13T10:51:05+08:00 ] 127.0.0.1 /tp/index.php/order/index.html
INFO: [ app_init ] --START--
INFO: Run Behavior\BuildLiteBehavior [ RunTime:0.000030s ]
INFO: [ app_init ] --END-- [ RunTime:0.001265s ]
INFO: [ app_begin ] --START--
INFO: Run Behavior\ReadHtmlCacheBehavior [ RunTime:0.002008s ]
INFO: [ app_begin ] --END-- [ RunTime:0.002109s ]

[ 2017-01-13T10:54:14+08:00 ] 127.0.0.1 /tp/index.php/order/index.html
INFO: [ app_init ] --START--
INFO: Run Behavior\BuildLiteBehavior [ RunTime:0.000026s ]
INFO: [ app_init ] --END-- [ RunTime:0.001804s ]
INFO: [ app_begin ] --START--
INFO: Run Behavior\ReadHtmlCacheBehavior [ RunTime:0.002991s ]
INFO: [ app_begin ] --END-- [ RunTime:0.003102s ]

[ 2017-01-13T11:08:50+08:00 ] 127.0.0.1 /tp/index.php/order/index.html
INFO: [ app_init ] --START--
INFO: Run Behavior\BuildLiteBehavior [ RunTime:0.000024s ]
INFO: [ app_init ] --END-- [ RunTime:0.001491s ]
INFO: [ app_begin ] --START--
INFO: Run Behavior\ReadHtmlCacheBehavior [ RunTime:0.003065s ]
INFO: [ app_begin ] --END-- [ RunTime:0.003178s ]

[ 2017-01-13T11:09:18+08:00 ] 127.0.0.1 /tp/index.php/order/index.html
INFO: [ app_init ] --START--
INFO: Run Behavior\BuildLiteBehavior [ RunTime:0.000022s ]
INFO: [ app_init ] --END-- [ RunTime:0.001158s ]
INFO: [ app_begin ] --START--
INFO: Run Behavior\ReadHtmlCacheBehavior [ RunTime:0.001954s ]
INFO: [ app_begin ] --END-- [ RunTime:0.002051s ]

[ 2017-01-13T11:18:49+08:00 ] 127.0.0.1 /tp/index.php/Cart/delCart.html?str=53%2C
INFO: [ app_init ] --START--
INFO: Run Behavior\BuildLiteBehavior [ RunTime:0.000021s ]
INFO: [ app_init ] --END-- [ RunTime:0.001471s ]
INFO: [ app_begin ] --START--
INFO: Run Behavior\ReadHtmlCacheBehavior [ RunTime:0.002946s ]
INFO: [ app_begin ] --END-- [ RunTime:0.003096s ]

[ 2017-01-13T11:20:17+08:00 ] 127.0.0.1 /tp/index.php/order/orderAdd.html
INFO: [ app_init ] --START--
INFO: Run Behavior\BuildLiteBehavior [ RunTime:0.000022s ]
INFO: [ app_init ] --END-- [ RunTime:0.001179s ]
INFO: [ app_begin ] --START--
INFO: Run Behavior\ReadHtmlCacheBehavior [ RunTime:0.002009s ]
INFO: [ app_begin ] --END-- [ RunTime:0.002128s ]

[ 2017-01-13T11:20:17+08:00 ] 127.0.0.1 /tp/index.php/order/index.html
INFO: [ app_init ] --START--
INFO: Run Behavior\BuildLiteBehavior [ RunTime:0.000022s ]
INFO: [ app_init ] --END-- [ RunTime:0.001131s ]
INFO: [ app_begin ] --START--
INFO: Run Behavior\ReadHtmlCacheBehavior [ RunTime:0.001967s ]
INFO: [ app_begin ] --END-- [ RunTime:0.002063s ]
INFO: [ view_parse ] --START--
INFO: [ template_filter ] --START--
INFO: Run Behavior\ContentReplaceBehavior [ RunTime:0.000066s ]
INFO: [ template_filter ] --END-- [ RunTime:0.000172s ]
NOTIC: [8] Use of undefined constant pro_img - assumed 'pro_img' C:\wamp\www\tp\Application\Home\Runtime\Cache\Home\6c2dddfbcc6a1df9e1ce42a50bacb259.php 第 76 行.
INFO: Run Behavior\ParseTemplateBehavior [ RunTime:0.022876s ]
INFO: [ view_parse ] --END-- [ RunTime:0.022965s ]
INFO: [ view_filter ] --START--
INFO: Run Behavior\WriteHtmlCacheBehavior [ RunTime:0.002602s ]
INFO: [ view_filter ] --END-- [ RunTime:0.002681s ]
INFO: [ app_end ] --START--
INFO: Run Behavior\ShowPageTraceBehavior [ RunTime:0.002758s ]
INFO: [ app_end ] --END-- [ RunTime:0.002857s ]

[ 2017-01-13T11:20:23+08:00 ] 127.0.0.1 /tp/index.php/order/index.html
INFO: [ app_init ] --START--
INFO: Run Behavior\BuildLiteBehavior [ RunTime:0.000029s ]
INFO: [ app_init ] --END-- [ RunTime:0.001719s ]
INFO: [ app_begin ] --START--
INFO: Run Behavior\ReadHtmlCacheBehavior [ RunTime:0.002366s ]
INFO: [ app_begin ] --END-- [ RunTime:0.002496s ]
SQL: SHOW COLUMNS FROM `think_order` [ RunTime:0.0086s ]
SQL: INSERT INTO `think_order` (`user_info`,`product_info`,`order_id`,`total`,`member_id`,`time`,`status`) VALUES ('{\"name\":\"sfas\",\"address\":\"sdfs\",\"phone\":\"sdfsf\"}','[{\"id\":\"31\",\"pro_name\":\"\\u83ca\\u82b1\\u8336\",\"pro_img\":\"\\/tp\\/Uploads\\/Public\\/Uploads\\/2016-12-21\\/585a4fbac7199.jpg\",\"shop_price\":\"5000\",\"num\":\"1\",\"total\":5000}]','1484277623597','5000','hhhhh','2017-01-13 11:20:23','1') [ RunTime:0.0483s ]

[ 2017-01-13T11:25:23+08:00 ] 127.0.0.1 /tp/index.php/order/index.html
INFO: [ app_init ] --START--
INFO: Run Behavior\BuildLiteBehavior [ RunTime:0.000024s ]
INFO: [ app_init ] --END-- [ RunTime:0.001577s ]
INFO: [ app_begin ] --START--
INFO: Run Behavior\ReadHtmlCacheBehavior [ RunTime:0.003193s ]
INFO: [ app_begin ] --END-- [ RunTime:0.003297s ]
SQL: SHOW COLUMNS FROM `think_order` [ RunTime:0.0080s ]
SQL: INSERT INTO `think_order` (`user_info`,`product_info`,`order_id`,`total`,`member_id`,`time`,`status`) VALUES ('{\"name\":\"sfas\",\"address\":\"sdfs\",\"phone\":\"sdfsf\"}','[{\"id\":\"31\",\"pro_name\":\"\\u83ca\\u82b1\\u8336\",\"pro_img\":\"\\/tp\\/Uploads\\/Public\\/Uploads\\/2016-12-21\\/585a4fbac7199.jpg\",\"shop_price\":\"5000\",\"num\":\"1\",\"total\":5000}]','1484277923343','5000','hhhhh','2017-01-13 11:25:23','1') [ RunTime:0.0411s ]

[ 2017-01-13T11:28:30+08:00 ] 127.0.0.1 /tp/index.php/order/index.html
INFO: [ app_init ] --START--
INFO: Run Behavior\BuildLiteBehavior [ RunTime:0.000022s ]
INFO: [ app_init ] --END-- [ RunTime:0.001492s ]
INFO: [ app_begin ] --START--
INFO: Run Behavior\ReadHtmlCacheBehavior [ RunTime:0.003143s ]
INFO: [ app_begin ] --END-- [ RunTime:0.003255s ]
SQL: SHOW COLUMNS FROM `think_order` [ RunTime:0.0078s ]
SQL: INSERT INTO `think_order` (`user_info`,`product_info`,`order_id`,`total`,`member_id`,`time`,`status`) VALUES ('{\"name\":\"sfas\",\"address\":\"sdfs\",\"phone\":\"sdfsf\"}','[{\"id\":\"31\",\"pro_name\":\"\\u83ca\\u82b1\\u8336\",\"pro_img\":\"\\/tp\\/Uploads\\/Public\\/Uploads\\/2016-12-21\\/585a4fbac7199.jpg\",\"shop_price\":\"5000\",\"num\":\"1\",\"total\":5000}]','1484278110807','5000','hhhhh','2017-01-13 11:28:30','1') [ RunTime:0.0458s ]

[ 2017-01-13T11:28:46+08:00 ] 127.0.0.1 /tp/index.php/order/index.html
INFO: [ app_init ] --START--
INFO: Run Behavior\BuildLiteBehavior [ RunTime:0.000096s ]
INFO: [ app_init ] --END-- [ RunTime:0.001636s ]
INFO: [ app_begin ] --START--
INFO: Run Behavior\ReadHtmlCacheBehavior [ RunTime:0.002115s ]
INFO: [ app_begin ] --END-- [ RunTime:0.002241s ]
INFO: [ view_parse ] --START--
INFO: [ template_filter ] --START--
INFO: Run Behavior\ContentReplaceBehavior [ RunTime:0.000065s ]
INFO: [ template_filter ] --END-- [ RunTime:0.000152s ]
NOTIC: [8] Use of undefined constant pro_img - assumed 'pro_img' C:\wamp\www\tp\Application\Home\Runtime\Cache\Home\6c2dddfbcc6a1df9e1ce42a50bacb259.php 第 76 行.
INFO: Run Behavior\ParseTemplateBehavior [ RunTime:0.028515s ]
INFO: [ view_parse ] --END-- [ RunTime:0.028638s ]
INFO: [ view_filter ] --START--
INFO: Run Behavior\WriteHtmlCacheBehavior [ RunTime:0.003497s ]
INFO: [ view_filter ] --END-- [ RunTime:0.003592s ]
INFO: [ app_end ] --START--
INFO: Run Behavior\ShowPageTraceBehavior [ RunTime:0.003053s ]
INFO: [ app_end ] --END-- [ RunTime:0.003144s ]

[ 2017-01-13T11:28:51+08:00 ] 127.0.0.1 /tp/index.php/order/orderAdd.html
INFO: [ app_init ] --START--
INFO: Run Behavior\BuildLiteBehavior [ RunTime:0.000025s ]
INFO: [ app_init ] --END-- [ RunTime:0.001739s ]
INFO: [ app_begin ] --START--
INFO: Run Behavior\ReadHtmlCacheBehavior [ RunTime:0.002957s ]
INFO: [ app_begin ] --END-- [ RunTime:0.003060s ]

[ 2017-01-13T11:28:51+08:00 ] 127.0.0.1 /tp/index.php/order/index.html
INFO: [ app_init ] --START--
INFO: Run Behavior\BuildLiteBehavior [ RunTime:0.000023s ]
INFO: [ app_init ] --END-- [ RunTime:0.001616s ]
INFO: [ app_begin ] --START--
INFO: Run Behavior\ReadHtmlCacheBehavior [ RunTime:0.002978s ]
INFO: [ app_begin ] --END-- [ RunTime:0.003086s ]
INFO: [ view_parse ] --START--
INFO: [ template_filter ] --START--
INFO: Run Behavior\ContentReplaceBehavior [ RunTime:0.000068s ]
INFO: [ template_filter ] --END-- [ RunTime:0.000167s ]
NOTIC: [8] Use of undefined constant pro_img - assumed 'pro_img' C:\wamp\www\tp\Application\Home\Runtime\Cache\Home\6c2dddfbcc6a1df9e1ce42a50bacb259.php 第 76 行.
NOTIC: [8] Use of undefined constant pro_img - assumed 'pro_img' C:\wamp\www\tp\Application\Home\Runtime\Cache\Home\6c2dddfbcc6a1df9e1ce42a50bacb259.php 第 76 行.
INFO: Run Behavior\ParseTemplateBehavior [ RunTime:0.023370s ]
INFO: [ view_parse ] --END-- [ RunTime:0.023464s ]
INFO: [ view_filter ] --START--
INFO: Run Behavior\WriteHtmlCacheBehavior [ RunTime:0.002327s ]
INFO: [ view_filter ] --END-- [ RunTime:0.002401s ]
INFO: [ app_end ] --START--
INFO: Run Behavior\ShowPageTraceBehavior [ RunTime:0.002664s ]
INFO: [ app_end ] --END-- [ RunTime:0.002743s ]

[ 2017-01-13T11:28:55+08:00 ] 127.0.0.1 /tp/index.php/order/index.html
INFO: [ app_init ] --START--
INFO: Run Behavior\BuildLiteBehavior [ RunTime:0.000022s ]
INFO: [ app_init ] --END-- [ RunTime:0.001241s ]
INFO: [ app_begin ] --START--
INFO: Run Behavior\ReadHtmlCacheBehavior [ RunTime:0.002101s ]
INFO: [ app_begin ] --END-- [ RunTime:0.002230s ]
SQL: SHOW COLUMNS FROM `think_order` [ RunTime:0.0077s ]
SQL: INSERT INTO `think_order` (`user_info`,`product_info`,`order_id`,`total`,`member_id`,`time`,`status`) VALUES ('{\"name\":\"\",\"address\":\"\",\"phone\":\"\"}','[{\"id\":\"31\",\"pro_name\":\"\\u83ca\\u82b1\\u8336\",\"pro_img\":\"\\/tp\\/Uploads\\/Public\\/Uploads\\/2016-12-21\\/585a4fbac7199.jpg\",\"shop_price\":\"5000\",\"num\":\"1\",\"total\":5000},{\"id\":\"53\",\"pro_name\":\"\\u7ea2\\u8336\",\"pro_img\":\"\\/tp\\/Uploads\\/Public\\/Uploads\\/2016-12-27\\/58627825e533e.png\",\"shop_price\":\"99\",\"num\":\"1\",\"total\":99}]','1484278135551','5099','hhhhh','2017-01-13 11:28:55','1') [ RunTime:0.0387s ]

[ 2017-01-13T11:28:57+08:00 ] 127.0.0.1 /tp/index.php/order/index.html
INFO: [ app_init ] --START--
INFO: Run Behavior\BuildLiteBehavior [ RunTime:0.000024s ]
INFO: [ app_init ] --END-- [ RunTime:0.001464s ]
INFO: [ app_begin ] --START--
INFO: Run Behavior\ReadHtmlCacheBehavior [ RunTime:0.002177s ]
INFO: [ app_begin ] --END-- [ RunTime:0.002294s ]
INFO: [ view_parse ] --START--
INFO: [ template_filter ] --START--
INFO: Run Behavior\ContentReplaceBehavior [ RunTime:0.000100s ]
INFO: [ template_filter ] --END-- [ RunTime:0.000247s ]
NOTIC: [8] Use of undefined constant pro_img - assumed 'pro_img' C:\wamp\www\tp\Application\Home\Runtime\Cache\Home\6c2dddfbcc6a1df9e1ce42a50bacb259.php 第 76 行.
NOTIC: [8] Use of undefined constant pro_img - assumed 'pro_img' C:\wamp\www\tp\Application\Home\Runtime\Cache\Home\6c2dddfbcc6a1df9e1ce42a50bacb259.php 第 76 行.
INFO: Run Behavior\ParseTemplateBehavior [ RunTime:0.020939s ]
INFO: [ view_parse ] --END-- [ RunTime:0.021049s ]
INFO: [ view_filter ] --START--
INFO: Run Behavior\WriteHtmlCacheBehavior [ RunTime:0.001850s ]
INFO: [ view_filter ] --END-- [ RunTime:0.001927s ]
INFO: [ app_end ] --START--
INFO: Run Behavior\ShowPageTraceBehavior [ RunTime:0.003101s ]
INFO: [ app_end ] --END-- [ RunTime:0.003199s ]

[ 2017-01-13T11:29:07+08:00 ] 127.0.0.1 /tp/index.php/order/orderAdd.html
INFO: [ app_init ] --START--
INFO: Run Behavior\BuildLiteBehavior [ RunTime:0.000026s ]
INFO: [ app_init ] --END-- [ RunTime:0.001505s ]
INFO: [ app_begin ] --START--
INFO: Run Behavior\ReadHtmlCacheBehavior [ RunTime:0.002042s ]
INFO: [ app_begin ] --END-- [ RunTime:0.002146s ]

[ 2017-01-13T11:29:07+08:00 ] 127.0.0.1 /tp/index.php/order/index.html
INFO: [ app_init ] --START--
INFO: Run Behavior\BuildLiteBehavior [ RunTime:0.000022s ]
INFO: [ app_init ] --END-- [ RunTime:0.001126s ]
INFO: [ app_begin ] --START--
INFO: Run Behavior\ReadHtmlCacheBehavior [ RunTime:0.001930s ]
INFO: [ app_begin ] --END-- [ RunTime:0.002033s ]
INFO: [ view_parse ] --START--
INFO: [ template_filter ] --START--
INFO: Run Behavior\ContentReplaceBehavior [ RunTime:0.000091s ]
INFO: [ template_filter ] --END-- [ RunTime:0.000212s ]
NOTIC: [8] Use of undefined constant pro_img - assumed 'pro_img' C:\wamp\www\tp\Application\Home\Runtime\Cache\Home\6c2dddfbcc6a1df9e1ce42a50bacb259.php 第 76 行.
NOTIC: [8] Use of undefined constant pro_img - assumed 'pro_img' C:\wamp\www\tp\Application\Home\Runtime\Cache\Home\6c2dddfbcc6a1df9e1ce42a50bacb259.php 第 76 行.
INFO: Run Behavior\ParseTemplateBehavior [ RunTime:0.023805s ]
INFO: [ view_parse ] --END-- [ RunTime:0.023896s ]
INFO: [ view_filter ] --START--
INFO: Run Behavior\WriteHtmlCacheBehavior [ RunTime:0.002399s ]
INFO: [ view_filter ] --END-- [ RunTime:0.002475s ]
INFO: [ app_end ] --START--
INFO: Run Behavior\ShowPageTraceBehavior [ RunTime:0.002944s ]
INFO: [ app_end ] --END-- [ RunTime:0.003028s ]

[ 2017-01-13T11:29:09+08:00 ] 127.0.0.1 /tp/index.php/order/index.html
INFO: [ app_init ] --START--
INFO: Run Behavior\BuildLiteBehavior [ RunTime:0.000023s ]
INFO: [ app_init ] --END-- [ RunTime:0.001151s ]
INFO: [ app_begin ] --START--
INFO: Run Behavior\ReadHtmlCacheBehavior [ RunTime:0.001942s ]
INFO: [ app_begin ] --END-- [ RunTime:0.002041s ]
SQL: SHOW COLUMNS FROM `think_order` [ RunTime:0.0093s ]
SQL: INSERT INTO `think_order` (`user_info`,`product_info`,`order_id`,`total`,`member_id`,`time`,`status`) VALUES ('{\"name\":\"\",\"address\":\"\",\"phone\":\"\"}','[{\"id\":\"31\",\"pro_name\":\"\\u83ca\\u82b1\\u8336\",\"pro_img\":\"\\/tp\\/Uploads\\/Public\\/Uploads\\/2016-12-21\\/585a4fbac7199.jpg\",\"shop_price\":\"5000\",\"num\":\"1\",\"total\":5000},{\"id\":\"53\",\"pro_name\":\"\\u7ea2\\u8336\",\"pro_img\":\"\\/tp\\/Uploads\\/Public\\/Uploads\\/2016-12-27\\/58627825e533e.png\",\"shop_price\":\"99\",\"num\":\"1\",\"total\":99}]','1484278149845','5099','hhhhh','2017-01-13 11:29:09','1') [ RunTime:0.0542s ]

[ 2017-01-13T11:32:16+08:00 ] 127.0.0.1 /tp/index.php/order/index.html
INFO: [ app_init ] --START--
INFO: Run Behavior\BuildLiteBehavior [ RunTime:0.000030s ]
INFO: [ app_init ] --END-- [ RunTime:0.002187s ]
INFO: [ app_begin ] --START--
INFO: Run Behavior\ReadHtmlCacheBehavior [ RunTime:0.002911s ]
INFO: [ app_begin ] --END-- [ RunTime:0.003019s ]

[ 2017-01-13T11:32:25+08:00 ] 127.0.0.1 /tp/index.php/order/index.html
INFO: [ app_init ] --START--
INFO: Run Behavior\BuildLiteBehavior [ RunTime:0.000039s ]
INFO: [ app_init ] --END-- [ RunTime:0.002615s ]
INFO: [ app_begin ] --START--
INFO: Run Behavior\ReadHtmlCacheBehavior [ RunTime:0.002282s ]
INFO: [ app_begin ] --END-- [ RunTime:0.002412s ]
SQL: SHOW COLUMNS FROM `think_order` [ RunTime:0.0097s ]
SQL: INSERT INTO `think_order` (`user_info`,`product_info`,`order_id`,`total`,`member_id`,`time`,`status`) VALUES ('{\"name\":\"\",\"address\":\"\",\"phone\":\"\"}','[{\"id\":\"31\",\"pro_name\":\"\\u83ca\\u82b1\\u8336\",\"pro_img\":\"\\/tp\\/Uploads\\/Public\\/Uploads\\/2016-12-21\\/585a4fbac7199.jpg\",\"shop_price\":\"5000\",\"num\":\"1\",\"total\":5000},{\"id\":\"53\",\"pro_name\":\"\\u7ea2\\u8336\",\"pro_img\":\"\\/tp\\/Uploads\\/Public\\/Uploads\\/2016-12-27\\/58627825e533e.png\",\"shop_price\":\"99\",\"num\":\"1\",\"total\":99}]','1484278345352','5099','hhhhh','2017-01-13 11:32:25','1') [ RunTime:0.0625s ]

[ 2017-01-13T11:32:50+08:00 ] 127.0.0.1 /tp/index.php/order/index.html
INFO: [ app_init ] --START--
INFO: Run Behavior\BuildLiteBehavior [ RunTime:0.000023s ]
INFO: [ app_init ] --END-- [ RunTime:0.001134s ]
INFO: [ app_begin ] --START--
INFO: Run Behavior\ReadHtmlCacheBehavior [ RunTime:0.002126s ]
INFO: [ app_begin ] --END-- [ RunTime:0.002279s ]
INFO: [ view_parse ] --START--
INFO: [ template_filter ] --START--
INFO: Run Behavior\ContentReplaceBehavior [ RunTime:0.000068s ]
INFO: [ template_filter ] --END-- [ RunTime:0.000157s ]
NOTIC: [8] Use of undefined constant pro_img - assumed 'pro_img' C:\wamp\www\tp\Application\Home\Runtime\Cache\Home\6c2dddfbcc6a1df9e1ce42a50bacb259.php 第 76 行.
NOTIC: [8] Use of undefined constant pro_img - assumed 'pro_img' C:\wamp\www\tp\Application\Home\Runtime\Cache\Home\6c2dddfbcc6a1df9e1ce42a50bacb259.php 第 76 行.
INFO: Run Behavior\ParseTemplateBehavior [ RunTime:0.024644s ]
INFO: [ view_parse ] --END-- [ RunTime:0.024787s ]
INFO: [ view_filter ] --START--
INFO: Run Behavior\WriteHtmlCacheBehavior [ RunTime:0.003609s ]
INFO: [ view_filter ] --END-- [ RunTime:0.003756s ]
INFO: [ app_end ] --START--
INFO: Run Behavior\ShowPageTraceBehavior [ RunTime:0.003226s ]
INFO: [ app_end ] --END-- [ RunTime:0.003348s ]

[ 2017-01-13T11:33:44+08:00 ] 127.0.0.1 /tp/index.php/order/index.html
INFO: [ app_init ] --START--
INFO: Run Behavior\BuildLiteBehavior [ RunTime:0.000021s ]
INFO: [ app_init ] --END-- [ RunTime:0.001118s ]
INFO: [ app_begin ] --START--
INFO: Run Behavior\ReadHtmlCacheBehavior [ RunTime:0.002690s ]
INFO: [ app_begin ] --END-- [ RunTime:0.002818s ]
SQL: SHOW COLUMNS FROM `think_order` [ RunTime:0.0116s ]
SQL: INSERT INTO `think_order` (`user_info`,`product_info`,`order_id`,`total`,`member_id`,`time`,`status`) VALUES ('{\"name\":\"\",\"address\":\"\",\"phone\":\"\"}','[{\"id\":\"31\",\"pro_name\":\"\\u83ca\\u82b1\\u8336\",\"pro_img\":\"\\/tp\\/Uploads\\/Public\\/Uploads\\/2016-12-21\\/585a4fbac7199.jpg\",\"shop_price\":\"5000\",\"num\":\"1\",\"total\":5000},{\"id\":\"53\",\"pro_name\":\"\\u7ea2\\u8336\",\"pro_img\":\"\\/tp\\/Uploads\\/Public\\/Uploads\\/2016-12-27\\/58627825e533e.png\",\"shop_price\":\"99\",\"num\":\"1\",\"total\":99}]','1484278424723','5099','hhhhh','2017-01-13 11:33:44','1') [ RunTime:0.0429s ]

[ 2017-01-13T11:34:51+08:00 ] 127.0.0.1 /tp/index.php/order/index.html
INFO: [ app_init ] --START--
INFO: Run Behavior\BuildLiteBehavior [ RunTime:0.000024s ]
INFO: [ app_init ] --END-- [ RunTime:0.001546s ]
INFO: [ app_begin ] --START--
INFO: Run Behavior\ReadHtmlCacheBehavior [ RunTime:0.002937s ]
INFO: [ app_begin ] --END-- [ RunTime:0.003084s ]
SQL: SHOW COLUMNS FROM `think_order` [ RunTime:0.0090s ]
SQL: INSERT INTO `think_order` (`user_info`,`product_info`,`order_id`,`total`,`member_id`,`time`,`status`) VALUES ('{\"name\":\"\",\"address\":\"\",\"phone\":\"\"}','[{\"id\":\"31\",\"pro_name\":\"\\u83ca\\u82b1\\u8336\",\"pro_img\":\"\\/tp\\/Uploads\\/Public\\/Uploads\\/2016-12-21\\/585a4fbac7199.jpg\",\"shop_price\":\"5000\",\"num\":\"1\",\"total\":5000},{\"id\":\"53\",\"pro_name\":\"\\u7ea2\\u8336\",\"pro_img\":\"\\/tp\\/Uploads\\/Public\\/Uploads\\/2016-12-27\\/58627825e533e.png\",\"shop_price\":\"99\",\"num\":\"1\",\"total\":99}]','1484278491552','5099','hhhhh','2017-01-13 11:34:51','1') [ RunTime:0.0737s ]

[ 2017-01-13T11:45:17+08:00 ] 127.0.0.1 /tp/index.php/order/index.html
INFO: [ app_init ] --START--
INFO: Run Behavior\BuildLiteBehavior [ RunTime:0.000024s ]
INFO: [ app_init ] --END-- [ RunTime:0.001561s ]
INFO: [ app_begin ] --START--
INFO: Run Behavior\ReadHtmlCacheBehavior [ RunTime:0.002925s ]
INFO: [ app_begin ] --END-- [ RunTime:0.003037s ]
INFO: [ view_parse ] --START--
INFO: [ template_filter ] --START--
INFO: Run Behavior\ContentReplaceBehavior [ RunTime:0.000066s ]
INFO: [ template_filter ] --END-- [ RunTime:0.000151s ]
NOTIC: [8] Use of undefined constant pro_img - assumed 'pro_img' C:\wamp\www\tp\Application\Home\Runtime\Cache\Home\6c2dddfbcc6a1df9e1ce42a50bacb259.php 第 76 行.
NOTIC: [8] Use of undefined constant pro_img - assumed 'pro_img' C:\wamp\www\tp\Application\Home\Runtime\Cache\Home\6c2dddfbcc6a1df9e1ce42a50bacb259.php 第 76 行.
INFO: Run Behavior\ParseTemplateBehavior [ RunTime:0.023123s ]
INFO: [ view_parse ] --END-- [ RunTime:0.023227s ]
INFO: [ view_filter ] --START--
INFO: Run Behavior\WriteHtmlCacheBehavior [ RunTime:0.002770s ]
INFO: [ view_filter ] --END-- [ RunTime:0.002860s ]
INFO: [ app_end ] --START--
INFO: Run Behavior\ShowPageTraceBehavior [ RunTime:0.003117s ]
INFO: [ app_end ] --END-- [ RunTime:0.003238s ]

[ 2017-01-13T11:45:24+08:00 ] 127.0.0.1 /tp/index.php/order/index.html
INFO: [ app_init ] --START--
INFO: Run Behavior\BuildLiteBehavior [ RunTime:0.000044s ]
INFO: [ app_init ] --END-- [ RunTime:0.001958s ]
INFO: [ app_begin ] --START--
INFO: Run Behavior\ReadHtmlCacheBehavior [ RunTime:0.002165s ]
INFO: [ app_begin ] --END-- [ RunTime:0.002286s ]
SQL: SHOW COLUMNS FROM `think_order` [ RunTime:0.0086s ]
SQL: INSERT INTO `think_order` (`user_info`,`product_info`,`order_id`,`total`,`member_id`,`time`,`status`) VALUES ('{\"name\":\"\",\"address\":\"\",\"phone\":\"\"}','[{\"id\":\"31\",\"pro_name\":\"\\u83ca\\u82b1\\u8336\",\"pro_img\":\"\\/tp\\/Uploads\\/Public\\/Uploads\\/2016-12-21\\/585a4fbac7199.jpg\",\"shop_price\":\"5000\",\"num\":\"1\",\"total\":5000},{\"id\":\"53\",\"pro_name\":\"\\u7ea2\\u8336\",\"pro_img\":\"\\/tp\\/Uploads\\/Public\\/Uploads\\/2016-12-27\\/58627825e533e.png\",\"shop_price\":\"99\",\"num\":\"1\",\"total\":99}]','1484279124521','5099','hhhhh','2017-01-13 11:45:24','1') [ RunTime:0.0474s ]

[ 2017-01-13T11:47:50+08:00 ] 127.0.0.1 /tp/index.php/order/index.html
INFO: [ app_init ] --START--
INFO: Run Behavior\BuildLiteBehavior [ RunTime:0.000027s ]
INFO: [ app_init ] --END-- [ RunTime:0.001559s ]
INFO: [ app_begin ] --START--
INFO: Run Behavior\ReadHtmlCacheBehavior [ RunTime:0.003017s ]
INFO: [ app_begin ] --END-- [ RunTime:0.003125s ]
SQL: SHOW COLUMNS FROM `think_order` [ RunTime:0.0075s ]
SQL: INSERT INTO `think_order` (`user_info`,`product_info`,`order_id`,`total`,`member_id`,`time`,`status`) VALUES ('{\"name\":\"\",\"address\":\"\",\"phone\":\"\"}','[{\"id\":\"31\",\"pro_name\":\"\\u83ca\\u82b1\\u8336\",\"pro_img\":\"\\/tp\\/Uploads\\/Public\\/Uploads\\/2016-12-21\\/585a4fbac7199.jpg\",\"shop_price\":\"5000\",\"num\":\"1\",\"total\":5000},{\"id\":\"53\",\"pro_name\":\"\\u7ea2\\u8336\",\"pro_img\":\"\\/tp\\/Uploads\\/Public\\/Uploads\\/2016-12-27\\/58627825e533e.png\",\"shop_price\":\"99\",\"num\":\"1\",\"total\":99}]','1484279270792','5099','hhhhh','2017-01-13 11:47:50','1') [ RunTime:0.0503s ]

[ 2017-01-13T11:49:44+08:00 ] 127.0.0.1 /tp/index.php/order/index.html
INFO: [ app_init ] --START--
INFO: Run Behavior\BuildLiteBehavior [ RunTime:0.000023s ]
INFO: [ app_init ] --END-- [ RunTime:0.001270s ]
INFO: [ app_begin ] --START--
INFO: Run Behavior\ReadHtmlCacheBehavior [ RunTime:0.001998s ]
INFO: [ app_begin ] --END-- [ RunTime:0.002106s ]
SQL: SHOW COLUMNS FROM `think_order` [ RunTime:0.0214s ]
SQL: INSERT INTO `think_order` (`user_info`,`product_info`,`order_id`,`total`,`member_id`,`time`,`status`) VALUES ('{\"name\":\"\",\"address\":\"\",\"phone\":\"\"}','[{\"id\":\"31\",\"pro_name\":\"\\u83ca\\u82b1\\u8336\",\"pro_img\":\"\\/tp\\/Uploads\\/Public\\/Uploads\\/2016-12-21\\/585a4fbac7199.jpg\",\"shop_price\":\"5000\",\"num\":\"1\",\"total\":5000},{\"id\":\"53\",\"pro_name\":\"\\u7ea2\\u8336\",\"pro_img\":\"\\/tp\\/Uploads\\/Public\\/Uploads\\/2016-12-27\\/58627825e533e.png\",\"shop_price\":\"99\",\"num\":\"1\",\"total\":99}]','1484279383416','5099','hhhhh','2017-01-13 11:49:43','1') [ RunTime:0.0555s ]
SQL: SHOW COLUMNS FROM `think_order` [ RunTime:0.0088s ]

[ 2017-01-13T11:49:44+08:00 ] 127.0.0.1 /tp/index.php/Order/pay.html
INFO: [ app_init ] --START--
INFO: Run Behavior\BuildLiteBehavior [ RunTime:0.000022s ]
INFO: [ app_init ] --END-- [ RunTime:0.001203s ]
INFO: [ app_begin ] --START--
INFO: Run Behavior\ReadHtmlCacheBehavior [ RunTime:0.003038s ]
INFO: [ app_begin ] --END-- [ RunTime:0.003183s ]
SQL: SHOW COLUMNS FROM `think_order` [ RunTime:0.0084s ]
SQL: SELECT * FROM `think_order` WHERE `id` = 93 LIMIT 1   [ RunTime:0.0010s ]
INFO: [ view_parse ] --START--
INFO: [ template_filter ] --START--
INFO: Run Behavior\ContentReplaceBehavior [ RunTime:0.000068s ]
INFO: [ template_filter ] --END-- [ RunTime:0.000154s ]
INFO: Run Behavior\ParseTemplateBehavior [ RunTime:0.022234s ]
INFO: [ view_parse ] --END-- [ RunTime:0.022332s ]
INFO: [ view_filter ] --START--
INFO: Run Behavior\WriteHtmlCacheBehavior [ RunTime:0.002388s ]
INFO: [ view_filter ] --END-- [ RunTime:0.002462s ]
INFO: [ app_end ] --START--
INFO: Run Behavior\ShowPageTraceBehavior [ RunTime:0.003470s ]
INFO: [ app_end ] --END-- [ RunTime:0.003562s ]

[ 2017-01-13T11:49:48+08:00 ] 127.0.0.1 /tp/index.php/Cart/index
INFO: [ app_init ] --START--
INFO: Run Behavior\BuildLiteBehavior [ RunTime:0.000025s ]
INFO: [ app_init ] --END-- [ RunTime:0.001375s ]
INFO: [ app_begin ] --START--
INFO: Run Behavior\ReadHtmlCacheBehavior [ RunTime:0.002034s ]
INFO: [ app_begin ] --END-- [ RunTime:0.002143s ]
INFO: [ view_parse ] --START--
INFO: [ template_filter ] --START--
INFO: Run Behavior\ContentReplaceBehavior [ RunTime:0.000073s ]
INFO: [ template_filter ] --END-- [ RunTime:0.000163s ]
INFO: Run Behavior\ParseTemplateBehavior [ RunTime:0.020443s ]
INFO: [ view_parse ] --END-- [ RunTime:0.020539s ]
INFO: [ view_filter ] --START--
INFO: Run Behavior\WriteHtmlCacheBehavior [ RunTime:0.001988s ]
INFO: [ view_filter ] --END-- [ RunTime:0.002068s ]
INFO: [ app_end ] --START--
INFO: Run Behavior\ShowPageTraceBehavior [ RunTime:0.002072s ]
INFO: [ app_end ] --END-- [ RunTime:0.002162s ]

[ 2017-01-13T11:49:50+08:00 ] 127.0.0.1 /tp/index.php/News/index
INFO: [ app_init ] --START--
INFO: Run Behavior\BuildLiteBehavior [ RunTime:0.000023s ]
INFO: [ app_init ] --END-- [ RunTime:0.001131s ]
INFO: [ app_begin ] --START--
INFO: Run Behavior\ReadHtmlCacheBehavior [ RunTime:0.002043s ]
INFO: [ app_begin ] --END-- [ RunTime:0.002207s ]
SQL: SHOW COLUMNS FROM `think_banner` [ RunTime:0.0079s ]
SQL: SELECT * FROM `think_banner` WHERE `bid` = 1  [ RunTime:0.0004s ]
SQL: SHOW COLUMNS FROM `think_news` [ RunTime:0.0092s ]
SQL: SELECT COUNT(*) AS tp_count FROM `think_news` LIMIT 1   [ RunTime:0.0003s ]
SQL: SELECT * FROM `think_news` ORDER BY id DESC LIMIT 0,5   [ RunTime:0.0004s ]
INFO: [ view_parse ] --START--
INFO: [ template_filter ] --START--
INFO: Run Behavior\ContentReplaceBehavior [ RunTime:0.000059s ]
INFO: [ template_filter ] --END-- [ RunTime:0.000161s ]
INFO: Run Behavior\ParseTemplateBehavior [ RunTime:0.017926s ]
INFO: [ view_parse ] --END-- [ RunTime:0.018033s ]
INFO: [ view_filter ] --START--
INFO: Run Behavior\WriteHtmlCacheBehavior [ RunTime:0.001708s ]
INFO: [ view_filter ] --END-- [ RunTime:0.001781s ]
INFO: [ view_parse ] --START--
INFO: [ template_filter ] --START--
INFO: Run Behavior\ContentReplaceBehavior [ RunTime:0.000047s ]
INFO: [ template_filter ] --END-- [ RunTime:-0.012713s ]
INFO: Run Behavior\ParseTemplateBehavior [ RunTime:0.009030s ]
INFO: [ view_parse ] --END-- [ RunTime:-0.003216s ]
INFO: [ view_filter ] --START--
INFO: Run Behavior\WriteHtmlCacheBehavior [ RunTime:0.000023s ]
INFO: [ view_filter ] --END-- [ RunTime:-0.010559s ]
INFO: [ view_parse ] --START--
INFO: [ template_filter ] --START--
INFO: Run Behavior\ContentReplaceBehavior [ RunTime:0.000043s ]
INFO: [ template_filter ] --END-- [ RunTime:-0.022683s ]
INFO: Run Behavior\ParseTemplateBehavior [ RunTime:0.008512s ]
INFO: [ view_parse ] --END-- [ RunTime:-0.013688s ]
INFO: [ view_filter ] --START--
INFO: Run Behavior\WriteHtmlCacheBehavior [ RunTime:0.000024s ]
INFO: [ view_filter ] --END-- [ RunTime:-0.020505s ]
INFO: [ app_end ] --START--
INFO: Run Behavior\ShowPageTraceBehavior [ RunTime:0.002260s ]
INFO: [ app_end ] --END-- [ RunTime:0.002362s ]

[ 2017-01-13T11:49:52+08:00 ] 127.0.0.1 /tp/index.php/Product/index
INFO: [ app_init ] --START--
INFO: Run Behavior\BuildLiteBehavior [ RunTime:0.000027s ]
INFO: [ app_init ] --END-- [ RunTime:0.001828s ]
INFO: [ app_begin ] --START--
INFO: Run Behavior\ReadHtmlCacheBehavior [ RunTime:0.003053s ]
INFO: [ app_begin ] --END-- [ RunTime:0.003179s ]
SQL: SHOW COLUMNS FROM `think_banner` [ RunTime:0.0075s ]
SQL: SELECT * FROM `think_banner` WHERE `bid` = 1  [ RunTime:0.0004s ]
SQL: SHOW COLUMNS FROM `think_category` [ RunTime:0.0089s ]
SQL: SELECT * FROM `think_category` WHERE `pid` = 1  [ RunTime:0.0004s ]
SQL: SHOW COLUMNS FROM `think_product` [ RunTime:0.0092s ]
SQL: SELECT COUNT(*) AS tp_count FROM `think_product` LIMIT 1   [ RunTime:0.0003s ]
SQL: SELECT * FROM `think_product` ORDER BY id DESC LIMIT 0,5   [ RunTime:0.0004s ]
INFO: [ view_parse ] --START--
INFO: [ template_filter ] --START--
INFO: Run Behavior\ContentReplaceBehavior [ RunTime:0.000062s ]
INFO: [ template_filter ] --END-- [ RunTime:0.000154s ]
INFO: Run Behavior\ParseTemplateBehavior [ RunTime:0.026007s ]
INFO: [ view_parse ] --END-- [ RunTime:0.026102s ]
INFO: [ view_filter ] --START--
INFO: Run Behavior\WriteHtmlCacheBehavior [ RunTime:0.002470s ]
INFO: [ view_filter ] --END-- [ RunTime:0.002556s ]
INFO: [ view_parse ] --START--
INFO: [ template_filter ] --START--
INFO: Run Behavior\ContentReplaceBehavior [ RunTime:0.000055s ]
INFO: [ template_filter ] --END-- [ RunTime:-0.017280s ]
NOTIC: [8] Undefined index: id C:\wamp\www\tp\Application\Home\Runtime\Cache\Home\fe47ede11d4708d379be084d03f0503c.php 第 8 行.
NOTIC: [8] Undefined index: id C:\wamp\www\tp\Application\Home\Runtime\Cache\Home\fe47ede11d4708d379be084d03f0503c.php 第 8 行.
NOTIC: [8] Undefined index: id C:\wamp\www\tp\Application\Home\Runtime\Cache\Home\fe47ede11d4708d379be084d03f0503c.php 第 8 行.
NOTIC: [8] Undefined index: id C:\wamp\www\tp\Application\Home\Runtime\Cache\Home\fe47ede11d4708d379be084d03f0503c.php 第 8 行.
INFO: Run Behavior\ParseTemplateBehavior [ RunTime:0.013562s ]
INFO: [ view_parse ] --END-- [ RunTime:-0.003949s ]
INFO: [ view_filter ] --START--
INFO: Run Behavior\WriteHtmlCacheBehavior [ RunTime:0.000030s ]
INFO: [ view_filter ] --END-- [ RunTime:-0.015090s ]
INFO: [ view_parse ] --START--
INFO: [ template_filter ] --START--
INFO: Run Behavior\ContentReplaceBehavior [ RunTime:0.000041s ]
INFO: [ template_filter ] --END-- [ RunTime:-0.030925s ]
INFO: Run Behavior\ParseTemplateBehavior [ RunTime:0.007476s ]
INFO: [ view_parse ] --END-- [ RunTime:-0.020219s ]
INFO: [ view_filter ] --START--
INFO: Run Behavior\WriteHtmlCacheBehavior [ RunTime:0.000025s ]
INFO: [ view_filter ] --END-- [ RunTime:-0.025251s ]
INFO: [ app_end ] --START--
INFO: Run Behavior\ShowPageTraceBehavior [ RunTime:0.004368s ]
INFO: [ app_end ] --END-- [ RunTime:0.004461s ]

[ 2017-01-13T11:49:55+08:00 ] 127.0.0.1 /tp/index.php/Product/pro_details/id/53
INFO: [ app_init ] --START--
INFO: Run Behavior\BuildLiteBehavior [ RunTime:0.000027s ]
INFO: [ app_init ] --END-- [ RunTime:0.002692s ]
INFO: [ app_begin ] --START--
INFO: Run Behavior\ReadHtmlCacheBehavior [ RunTime:0.002901s ]
INFO: [ app_begin ] --END-- [ RunTime:0.003005s ]
SQL: SHOW COLUMNS FROM `think_banner` [ RunTime:0.0094s ]
SQL: SELECT * FROM `think_banner` WHERE `bid` = 1  [ RunTime:0.0056s ]
SQL: SHOW COLUMNS FROM `think_category` [ RunTime:0.0073s ]
SQL: SELECT * FROM `think_category` WHERE `pid` = 1  [ RunTime:0.0024s ]
SQL: SHOW COLUMNS FROM `think_product` [ RunTime:0.0101s ]
SQL: SELECT * FROM `think_product` WHERE `id` = 53 LIMIT 1   [ RunTime:0.0038s ]
SQL: SELECT * FROM `think_product` WHERE `id` = 53 LIMIT 1   [ RunTime:0.0005s ]
INFO: [ view_parse ] --START--
INFO: [ template_filter ] --START--
INFO: Run Behavior\ContentReplaceBehavior [ RunTime:0.000061s ]
INFO: [ template_filter ] --END-- [ RunTime:0.000154s ]
INFO: Run Behavior\ParseTemplateBehavior [ RunTime:0.022928s ]
INFO: [ view_parse ] --END-- [ RunTime:0.023079s ]
INFO: [ view_filter ] --START--
INFO: Run Behavior\WriteHtmlCacheBehavior [ RunTime:0.002883s ]
INFO: [ view_filter ] --END-- [ RunTime:0.002971s ]
INFO: [ view_parse ] --START--
INFO: [ template_filter ] --START--
INFO: Run Behavior\ContentReplaceBehavior [ RunTime:0.000081s ]
INFO: [ template_filter ] --END-- [ RunTime:-0.015134s ]
INFO: Run Behavior\ParseTemplateBehavior [ RunTime:0.009751s ]
INFO: [ view_parse ] --END-- [ RunTime:-0.004338s ]
INFO: [ view_filter ] --START--
INFO: Run Behavior\WriteHtmlCacheBehavior [ RunTime:0.000022s ]
INFO: [ view_filter ] --END-- [ RunTime:-0.011205s ]
INFO: [ view_parse ] --START--
INFO: [ template_filter ] --START--
INFO: Run Behavior\ContentReplaceBehavior [ RunTime:0.000059s ]
INFO: [ template_filter ] --END-- [ RunTime:-0.024018s ]
INFO: Run Behavior\ParseTemplateBehavior [ RunTime:0.007221s ]
INFO: [ view_parse ] --END-- [ RunTime:-0.015497s ]
INFO: [ view_filter ] --START--
INFO: Run Behavior\WriteHtmlCacheBehavior [ RunTime:0.000024s ]
INFO: [ view_filter ] --END-- [ RunTime:-0.019860s ]
INFO: [ app_end ] --START--
INFO: Run Behavior\ShowPageTraceBehavior [ RunTime:0.002688s ]
INFO: [ app_end ] --END-- [ RunTime:0.002763s ]

[ 2017-01-13T11:50:00+08:00 ] 127.0.0.1 /tp/index.php/Cart/addCart
INFO: [ app_init ] --START--
INFO: Run Behavior\BuildLiteBehavior [ RunTime:0.000023s ]
INFO: [ app_init ] --END-- [ RunTime:0.001488s ]
INFO: [ app_begin ] --START--
INFO: Run Behavior\ReadHtmlCacheBehavior [ RunTime:0.003923s ]
INFO: [ app_begin ] --END-- [ RunTime:0.004075s ]
SQL: SHOW COLUMNS FROM `think_product` [ RunTime:0.0075s ]
SQL: SELECT * FROM `think_product` WHERE `id` = 53 LIMIT 1   [ RunTime:0.0004s ]

[ 2017-01-13T11:50:01+08:00 ] 127.0.0.1 /tp/index.php/Cart/index.html
INFO: [ app_init ] --START--
INFO: Run Behavior\BuildLiteBehavior [ RunTime:0.000022s ]
INFO: [ app_init ] --END-- [ RunTime:0.001123s ]
INFO: [ app_begin ] --START--
INFO: Run Behavior\ReadHtmlCacheBehavior [ RunTime:0.002640s ]
INFO: [ app_begin ] --END-- [ RunTime:0.002766s ]
INFO: [ view_parse ] --START--
INFO: [ template_filter ] --START--
INFO: Run Behavior\ContentReplaceBehavior [ RunTime:0.000157s ]
INFO: [ template_filter ] --END-- [ RunTime:0.000452s ]
INFO: Run Behavior\ParseTemplateBehavior [ RunTime:0.020955s ]
INFO: [ view_parse ] --END-- [ RunTime:0.021054s ]
INFO: [ view_filter ] --START--
INFO: Run Behavior\WriteHtmlCacheBehavior [ RunTime:0.001828s ]
INFO: [ view_filter ] --END-- [ RunTime:0.001922s ]
INFO: [ app_end ] --START--
INFO: Run Behavior\ShowPageTraceBehavior [ RunTime:0.002094s ]
INFO: [ app_end ] --END-- [ RunTime:0.002180s ]

[ 2017-01-13T11:50:05+08:00 ] 127.0.0.1 /tp/index.php/order/orderAdd.html
INFO: [ app_init ] --START--
INFO: Run Behavior\BuildLiteBehavior [ RunTime:0.000022s ]
INFO: [ app_init ] --END-- [ RunTime:0.001135s ]
INFO: [ app_begin ] --START--
INFO: Run Behavior\ReadHtmlCacheBehavior [ RunTime:0.001958s ]
INFO: [ app_begin ] --END-- [ RunTime:0.002056s ]

[ 2017-01-13T11:50:05+08:00 ] 127.0.0.1 /tp/index.php/order/index.html
INFO: [ app_init ] --START--
INFO: Run Behavior\BuildLiteBehavior [ RunTime:0.000022s ]
INFO: [ app_init ] --END-- [ RunTime:0.001148s ]
INFO: [ app_begin ] --START--
INFO: Run Behavior\ReadHtmlCacheBehavior [ RunTime:0.002017s ]
INFO: [ app_begin ] --END-- [ RunTime:0.002126s ]
INFO: [ view_parse ] --START--
INFO: [ template_filter ] --START--
INFO: Run Behavior\ContentReplaceBehavior [ RunTime:0.000066s ]
INFO: [ template_filter ] --END-- [ RunTime:0.000153s ]
NOTIC: [8] Use of undefined constant pro_img - assumed 'pro_img' C:\wamp\www\tp\Application\Home\Runtime\Cache\Home\6c2dddfbcc6a1df9e1ce42a50bacb259.php 第 76 行.
INFO: Run Behavior\ParseTemplateBehavior [ RunTime:0.018499s ]
INFO: [ view_parse ] --END-- [ RunTime:0.018585s ]
INFO: [ view_filter ] --START--
INFO: Run Behavior\WriteHtmlCacheBehavior [ RunTime:0.001996s ]
INFO: [ view_filter ] --END-- [ RunTime:0.002078s ]
INFO: [ app_end ] --START--
INFO: Run Behavior\ShowPageTraceBehavior [ RunTime:0.002111s ]
INFO: [ app_end ] --END-- [ RunTime:0.002201s ]

[ 2017-01-13T11:50:08+08:00 ] 127.0.0.1 /tp/index.php/order/index.html
INFO: [ app_init ] --START--
INFO: Run Behavior\BuildLiteBehavior [ RunTime:0.000022s ]
INFO: [ app_init ] --END-- [ RunTime:0.001177s ]
INFO: [ app_begin ] --START--
INFO: Run Behavior\ReadHtmlCacheBehavior [ RunTime:0.001971s ]
INFO: [ app_begin ] --END-- [ RunTime:0.002086s ]
SQL: SHOW COLUMNS FROM `think_order` [ RunTime:0.0072s ]
SQL: INSERT INTO `think_order` (`user_info`,`product_info`,`order_id`,`total`,`member_id`,`time`,`status`) VALUES ('{\"name\":\"\",\"address\":\"\",\"phone\":\"\"}','[{\"id\":\"53\",\"pro_name\":\"\\u7ea2\\u8336\",\"pro_img\":\"\\/tp\\/Uploads\\/Public\\/Uploads\\/2016-12-27\\/58627825e533e.png\",\"shop_price\":\"99\",\"num\":\"1\",\"total\":99}]','1484279408903','99','hhhhh','2017-01-13 11:50:08','1') [ RunTime:0.0493s ]
SQL: SHOW COLUMNS FROM `think_order` [ RunTime:0.0090s ]

[ 2017-01-13T11:50:08+08:00 ] 127.0.0.1 /tp/index.php/Order/pay.html
INFO: [ app_init ] --START--
INFO: Run Behavior\BuildLiteBehavior [ RunTime:0.000056s ]
INFO: [ app_init ] --END-- [ RunTime:0.001704s ]
INFO: [ app_begin ] --START--
INFO: Run Behavior\ReadHtmlCacheBehavior [ RunTime:0.001992s ]
INFO: [ app_begin ] --END-- [ RunTime:0.002100s ]
SQL: SHOW COLUMNS FROM `think_order` [ RunTime:0.0072s ]
SQL: SELECT * FROM `think_order` WHERE `id` = 94 LIMIT 1   [ RunTime:0.0004s ]
INFO: [ view_parse ] --START--
INFO: [ template_filter ] --START--
INFO: Run Behavior\ContentReplaceBehavior [ RunTime:0.000072s ]
INFO: [ template_filter ] --END-- [ RunTime:0.000165s ]
INFO: Run Behavior\ParseTemplateBehavior [ RunTime:0.019397s ]
INFO: [ view_parse ] --END-- [ RunTime:0.019505s ]
INFO: [ view_filter ] --START--
INFO: Run Behavior\WriteHtmlCacheBehavior [ RunTime:0.001756s ]
INFO: [ view_filter ] --END-- [ RunTime:0.001828s ]
INFO: [ app_end ] --START--
INFO: Run Behavior\ShowPageTraceBehavior [ RunTime:0.001939s ]
INFO: [ app_end ] --END-- [ RunTime:0.002014s ]

[ 2017-01-13T11:50:11+08:00 ] 127.0.0.1 /tp/index.php/Cart/index
INFO: [ app_init ] --START--
INFO: Run Behavior\BuildLiteBehavior [ RunTime:0.000025s ]
INFO: [ app_init ] --END-- [ RunTime:0.001820s ]
INFO: [ app_begin ] --START--
INFO: Run Behavior\ReadHtmlCacheBehavior [ RunTime:0.001997s ]
INFO: [ app_begin ] --END-- [ RunTime:0.002105s ]
INFO: [ view_parse ] --START--
INFO: [ template_filter ] --START--
INFO: Run Behavior\ContentReplaceBehavior [ RunTime:0.000074s ]
INFO: [ template_filter ] --END-- [ RunTime:0.000158s ]
INFO: Run Behavior\ParseTemplateBehavior [ RunTime:0.020094s ]
INFO: [ view_parse ] --END-- [ RunTime:0.020233s ]
INFO: [ view_filter ] --START--
INFO: Run Behavior\WriteHtmlCacheBehavior [ RunTime:0.001687s ]
INFO: [ view_filter ] --END-- [ RunTime:0.001794s ]
INFO: [ app_end ] --START--
INFO: Run Behavior\ShowPageTraceBehavior [ RunTime:0.002005s ]
INFO: [ app_end ] --END-- [ RunTime:0.002082s ]

