[ 2017-06-20T17:52:57+08:00 ] ::1 /tp2/index.php
INFO: [ app_init ] --START--
INFO: Run Behavior\BuildLiteBehavior [ RunTime:0.000012s ]
INFO: [ app_init ] --END-- [ RunTime:0.000482s ]
INFO: [ app_begin ] --START--
INFO: Run Behavior\ReadHtmlCacheBehavior [ RunTime:0.000706s ]
INFO: [ app_begin ] --END-- [ RunTime:0.000761s ]
SQL: SHOW COLUMNS FROM `think_banner` [ RunTime:0.0042s ]
SQL: SELECT * FROM `think_banner` WHERE `bid` = 1  [ RunTime:0.0004s ]
SQL: SHOW COLUMNS FROM `think_product` [ RunTime:0.1049s ]
SQL: SELECT * FROM `think_product` ORDER BY id DESC LIMIT 3   [ RunTime:0.0005s ]
SQL: SHOW COLUMNS FROM `think_product` [ RunTime:0.0044s ]
SQL: SHOW COLUMNS FROM `think_category` [ RunTime:0.0501s ]
NOTIC: [2] Invalid argument supplied for foreach() D:\phpStudy\WWW\tp2\ThinkPHP\Library\Think\Db\Driver.class.php 第 504 行.
SQL: SELECT Product.id AS id,Product.pro_name AS pro_name,Product.market_price AS market_price,Product.shop_price AS shop_price,Product.pro_num AS pro_num,Product.pro_cate AS pro_cate,Product.description AS description,Product.pro_img AS pro_img,Product.img_path AS img_path,Product.pro_time AS pro_time,Category.name AS name FROM think_product Product  JOIN think_category Category ON Product.pro_cate=Category.id ORDER BY Product.id ASC LIMIT 3   [ RunTime:0.0185s ]
SQL: SHOW COLUMNS FROM `think_brand` [ RunTime:0.0793s ]
SQL: SELECT * FROM `think_brand` WHERE `id` = 1 LIMIT 1   [ RunTime:0.0003s ]
SQL: SELECT * FROM `think_brand` ORDER BY id ASC LIMIT 1,3   [ RunTime:0.0003s ]
INFO: [ view_parse ] --START--
INFO: [ template_filter ] --START--
INFO: Run Behavior\ContentReplaceBehavior [ RunTime:0.000053s ]
INFO: [ template_filter ] --END-- [ RunTime:0.000112s ]
NOTIC: [8] Undefined index: vip_name D:\phpStudy\WWW\tp2\Application\Home\Runtime\Cache\Home\e889839820909ebce868b8f174bc544a.php 第 36 行.
INFO: Run Behavior\ParseTemplateBehavior [ RunTime:0.008157s ]
INFO: [ view_parse ] --END-- [ RunTime:0.008208s ]
INFO: [ view_filter ] --START--
INFO: Run Behavior\WriteHtmlCacheBehavior [ RunTime:0.000415s ]
INFO: [ view_filter ] --END-- [ RunTime:0.000450s ]
INFO: [ view_parse ] --START--
INFO: [ template_filter ] --START--
INFO: Run Behavior\ContentReplaceBehavior [ RunTime:0.000071s ]
INFO: [ template_filter ] --END-- [ RunTime:-0.017301s ]
INFO: Run Behavior\ParseTemplateBehavior [ RunTime:0.015772s ]
INFO: [ view_parse ] --END-- [ RunTime:-0.001285s ]
INFO: [ view_filter ] --START--
INFO: Run Behavior\WriteHtmlCacheBehavior [ RunTime:0.000009s ]
INFO: [ view_filter ] --END-- [ RunTime:-0.016664s ]
INFO: [ view_parse ] --START--
INFO: [ template_filter ] --START--
INFO: Run Behavior\ContentReplaceBehavior [ RunTime:0.000020s ]
INFO: [ template_filter ] --END-- [ RunTime:-0.020032s ]
INFO: Run Behavior\ParseTemplateBehavior [ RunTime:0.001253s ]
INFO: [ view_parse ] --END-- [ RunTime:-0.017386s ]
INFO: [ view_filter ] --START--
INFO: Run Behavior\WriteHtmlCacheBehavior [ RunTime:0.000010s ]
INFO: [ view_filter ] --END-- [ RunTime:-0.018222s ]
NOTIC: [2] Cannot modify header information - headers already sent by (output started at D:\phpStudy\WWW\tp2\ThinkPHP\Library\Think\View.class.php:95) D:\phpStudy\WWW\tp2\ThinkPHP\Library\Think\View.class.php 第 91 行.
NOTIC: [2] Cannot modify header information - headers already sent by (output started at D:\phpStudy\WWW\tp2\ThinkPHP\Library\Think\View.class.php:95) D:\phpStudy\WWW\tp2\ThinkPHP\Library\Think\View.class.php 第 92 行.
NOTIC: [2] Cannot modify header information - headers already sent by (output started at D:\phpStudy\WWW\tp2\ThinkPHP\Library\Think\View.class.php:95) D:\phpStudy\WWW\tp2\ThinkPHP\Library\Think\View.class.php 第 93 行.
INFO: [ app_end ] --START--
INFO: Run Behavior\ShowPageTraceBehavior [ RunTime:0.000557s ]
INFO: [ app_end ] --END-- [ RunTime:0.000589s ]

[ 2017-06-20T17:52:59+08:00 ] ::1 /tp2/index.php/Contact/index
INFO: [ app_init ] --START--
INFO: Run Behavior\BuildLiteBehavior [ RunTime:0.000012s ]
INFO: [ app_init ] --END-- [ RunTime:0.000408s ]
INFO: [ app_begin ] --START--
INFO: Run Behavior\ReadHtmlCacheBehavior [ RunTime:0.000538s ]
INFO: [ app_begin ] --END-- [ RunTime:0.000586s ]
SQL: SHOW COLUMNS FROM `think_banner` [ RunTime:0.0036s ]
SQL: SELECT * FROM `think_banner` WHERE `bid` = 1  [ RunTime:0.0003s ]
SQL: SHOW COLUMNS FROM `think_contact` [ RunTime:0.0805s ]
SQL: SELECT * FROM `think_contact`  [ RunTime:0.0003s ]
INFO: [ view_parse ] --START--
INFO: [ template_filter ] --START--
INFO: Run Behavior\ContentReplaceBehavior [ RunTime:0.000047s ]
INFO: [ template_filter ] --END-- [ RunTime:0.000087s ]
NOTIC: [8] Undefined index: vip_name D:\phpStudy\WWW\tp2\Application\Home\Runtime\Cache\Home\e889839820909ebce868b8f174bc544a.php 第 36 行.
INFO: Run Behavior\ParseTemplateBehavior [ RunTime:0.005748s ]
INFO: [ view_parse ] --END-- [ RunTime:0.005788s ]
INFO: [ view_filter ] --START--
INFO: Run Behavior\WriteHtmlCacheBehavior [ RunTime:0.000432s ]
INFO: [ view_filter ] --END-- [ RunTime:0.000463s ]
INFO: [ view_parse ] --START--
INFO: [ template_filter ] --START--
INFO: Run Behavior\ContentReplaceBehavior [ RunTime:0.000030s ]
INFO: [ template_filter ] --END-- [ RunTime:-0.019638s ]
INFO: Run Behavior\ParseTemplateBehavior [ RunTime:0.029979s ]
INFO: [ view_parse ] --END-- [ RunTime:-0.000726s ]
INFO: [ view_filter ] --START--
INFO: Run Behavior\WriteHtmlCacheBehavior [ RunTime:0.000009s ]
INFO: [ view_filter ] --END-- [ RunTime:-0.030286s ]
INFO: [ view_parse ] --START--
INFO: [ template_filter ] --START--
INFO: Run Behavior\ContentReplaceBehavior [ RunTime:0.000019s ]
INFO: [ template_filter ] --END-- [ RunTime:-0.032657s ]
INFO: Run Behavior\ParseTemplateBehavior [ RunTime:0.001427s ]
INFO: [ view_parse ] --END-- [ RunTime:-0.031049s ]
INFO: [ view_filter ] --START--
INFO: Run Behavior\WriteHtmlCacheBehavior [ RunTime:0.000008s ]
INFO: [ view_filter ] --END-- [ RunTime:-0.032047s ]
NOTIC: [2] Cannot modify header information - headers already sent by (output started at D:\phpStudy\WWW\tp2\ThinkPHP\Library\Think\View.class.php:95) D:\phpStudy\WWW\tp2\ThinkPHP\Library\Think\View.class.php 第 91 行.
NOTIC: [2] Cannot modify header information - headers already sent by (output started at D:\phpStudy\WWW\tp2\ThinkPHP\Library\Think\View.class.php:95) D:\phpStudy\WWW\tp2\ThinkPHP\Library\Think\View.class.php 第 92 行.
NOTIC: [2] Cannot modify header information - headers already sent by (output started at D:\phpStudy\WWW\tp2\ThinkPHP\Library\Think\View.class.php:95) D:\phpStudy\WWW\tp2\ThinkPHP\Library\Think\View.class.php 第 93 行.
INFO: [ app_end ] --START--
INFO: Run Behavior\ShowPageTraceBehavior [ RunTime:0.000586s ]
INFO: [ app_end ] --END-- [ RunTime:0.000620s ]

[ 2017-06-20T17:53:00+08:00 ] ::1 /tp2/index.php/Contact/VerifyCode
INFO: [ app_init ] --START--
INFO: Run Behavior\BuildLiteBehavior [ RunTime:0.000012s ]
INFO: [ app_init ] --END-- [ RunTime:0.000396s ]
INFO: [ app_begin ] --START--
INFO: Run Behavior\ReadHtmlCacheBehavior [ RunTime:0.000722s ]
INFO: [ app_begin ] --END-- [ RunTime:0.000788s ]
INFO: [ app_end ] --START--
INFO: Run Behavior\ShowPageTraceBehavior [ RunTime:0.000673s ]
INFO: [ app_end ] --END-- [ RunTime:0.000728s ]

[ 2017-06-20T17:53:05+08:00 ] ::1 /tp2/index.php/Product/index
INFO: [ app_init ] --START--
INFO: Run Behavior\BuildLiteBehavior [ RunTime:0.000011s ]
INFO: [ app_init ] --END-- [ RunTime:0.000346s ]
INFO: [ app_begin ] --START--
INFO: Run Behavior\ReadHtmlCacheBehavior [ RunTime:0.000678s ]
INFO: [ app_begin ] --END-- [ RunTime:0.000740s ]
SQL: SHOW COLUMNS FROM `think_banner` [ RunTime:0.0087s ]
SQL: SELECT * FROM `think_banner` WHERE `bid` = 1  [ RunTime:0.0005s ]
SQL: SHOW COLUMNS FROM `think_category` [ RunTime:0.0042s ]
SQL: SELECT * FROM `think_category` WHERE `pid` = 1  [ RunTime:0.0004s ]
SQL: SHOW COLUMNS FROM `think_product` [ RunTime:0.0600s ]
SQL: SELECT COUNT(*) AS tp_count FROM `think_product` LIMIT 1   [ RunTime:0.0005s ]
SQL: SELECT * FROM `think_product` ORDER BY id DESC LIMIT 0,5   [ RunTime:0.0004s ]
INFO: [ view_parse ] --START--
INFO: [ template_filter ] --START--
INFO: Run Behavior\ContentReplaceBehavior [ RunTime:0.000037s ]
INFO: [ template_filter ] --END-- [ RunTime:0.000080s ]
NOTIC: [8] Undefined index: vip_name D:\phpStudy\WWW\tp2\Application\Home\Runtime\Cache\Home\e889839820909ebce868b8f174bc544a.php 第 36 行.
INFO: Run Behavior\ParseTemplateBehavior [ RunTime:0.006649s ]
INFO: [ view_parse ] --END-- [ RunTime:0.006689s ]
INFO: [ view_filter ] --START--
INFO: Run Behavior\WriteHtmlCacheBehavior [ RunTime:0.000410s ]
INFO: [ view_filter ] --END-- [ RunTime:0.000442s ]
INFO: [ view_parse ] --START--
INFO: [ template_filter ] --START--
INFO: Run Behavior\ContentReplaceBehavior [ RunTime:0.000033s ]
INFO: [ template_filter ] --END-- [ RunTime:-0.005761s ]
NOTIC: [8] Undefined index: id D:\phpStudy\WWW\tp2\Application\Home\Runtime\Cache\Home\fe47ede11d4708d379be084d03f0503c.php 第 8 行.
NOTIC: [8] Undefined index: id D:\phpStudy\WWW\tp2\Application\Home\Runtime\Cache\Home\fe47ede11d4708d379be084d03f0503c.php 第 8 行.
NOTIC: [8] Undefined index: id D:\phpStudy\WWW\tp2\Application\Home\Runtime\Cache\Home\fe47ede11d4708d379be084d03f0503c.php 第 8 行.
NOTIC: [8] Undefined index: id D:\phpStudy\WWW\tp2\Application\Home\Runtime\Cache\Home\fe47ede11d4708d379be084d03f0503c.php 第 8 行.
INFO: Run Behavior\ParseTemplateBehavior [ RunTime:0.005629s ]
INFO: [ view_parse ] --END-- [ RunTime:-0.000706s ]
INFO: [ view_filter ] --START--
INFO: Run Behavior\WriteHtmlCacheBehavior [ RunTime:0.000014s ]
INFO: [ view_filter ] --END-- [ RunTime:-0.005940s ]
INFO: [ view_parse ] --START--
INFO: [ template_filter ] --START--
INFO: Run Behavior\ContentReplaceBehavior [ RunTime:0.000019s ]
INFO: [ template_filter ] --END-- [ RunTime:-0.008479s ]
INFO: Run Behavior\ParseTemplateBehavior [ RunTime:0.001485s ]
INFO: [ view_parse ] --END-- [ RunTime:-0.006677s ]
INFO: [ view_filter ] --START--
INFO: Run Behavior\WriteHtmlCacheBehavior [ RunTime:0.000008s ]
INFO: [ view_filter ] --END-- [ RunTime:-0.007756s ]
NOTIC: [2] Cannot modify header information - headers already sent by (output started at D:\phpStudy\WWW\tp2\ThinkPHP\Library\Think\View.class.php:95) D:\phpStudy\WWW\tp2\ThinkPHP\Library\Think\View.class.php 第 91 行.
NOTIC: [2] Cannot modify header information - headers already sent by (output started at D:\phpStudy\WWW\tp2\ThinkPHP\Library\Think\View.class.php:95) D:\phpStudy\WWW\tp2\ThinkPHP\Library\Think\View.class.php 第 92 行.
NOTIC: [2] Cannot modify header information - headers already sent by (output started at D:\phpStudy\WWW\tp2\ThinkPHP\Library\Think\View.class.php:95) D:\phpStudy\WWW\tp2\ThinkPHP\Library\Think\View.class.php 第 93 行.
INFO: [ app_end ] --START--
INFO: Run Behavior\ShowPageTraceBehavior [ RunTime:0.000595s ]
INFO: [ app_end ] --END-- [ RunTime:0.000629s ]

[ 2017-06-20T17:53:11+08:00 ] ::1 /tp2/index.php/Product/index/id/3
INFO: [ app_init ] --START--
INFO: Run Behavior\BuildLiteBehavior [ RunTime:0.000010s ]
INFO: [ app_init ] --END-- [ RunTime:0.000429s ]
INFO: [ app_begin ] --START--
INFO: Run Behavior\ReadHtmlCacheBehavior [ RunTime:0.000582s ]
INFO: [ app_begin ] --END-- [ RunTime:0.000629s ]
SQL: SHOW COLUMNS FROM `think_banner` [ RunTime:0.0072s ]
SQL: SELECT * FROM `think_banner` WHERE `bid` = 1  [ RunTime:0.0003s ]
SQL: SHOW COLUMNS FROM `think_category` [ RunTime:0.0038s ]
SQL: SELECT * FROM `think_category` WHERE `pid` = 1  [ RunTime:0.0003s ]
SQL: SHOW COLUMNS FROM `think_product` [ RunTime:0.0589s ]
SQL: SHOW COLUMNS FROM `think_product` [ RunTime:0.0049s ]
SQL: SELECT COUNT(*) AS tp_count FROM `think_product` WHERE `pro_cate` = 3 LIMIT 1   [ RunTime:0.0005s ]
SQL: SELECT * FROM `think_product` WHERE `pro_cate` = 3 ORDER BY id DESC LIMIT 0,3   [ RunTime:0.0006s ]
INFO: [ view_parse ] --START--
INFO: [ template_filter ] --START--
INFO: Run Behavior\ContentReplaceBehavior [ RunTime:0.000034s ]
INFO: [ template_filter ] --END-- [ RunTime:0.000074s ]
NOTIC: [8] Undefined index: vip_name D:\phpStudy\WWW\tp2\Application\Home\Runtime\Cache\Home\e889839820909ebce868b8f174bc544a.php 第 36 行.
INFO: Run Behavior\ParseTemplateBehavior [ RunTime:0.006281s ]
INFO: [ view_parse ] --END-- [ RunTime:0.006330s ]
INFO: [ view_filter ] --START--
INFO: Run Behavior\WriteHtmlCacheBehavior [ RunTime:0.000412s ]
INFO: [ view_filter ] --END-- [ RunTime:0.000443s ]
INFO: [ view_parse ] --START--
INFO: [ template_filter ] --START--
INFO: Run Behavior\ContentReplaceBehavior [ RunTime:0.000029s ]
INFO: [ template_filter ] --END-- [ RunTime:-0.003630s ]
INFO: Run Behavior\ParseTemplateBehavior [ RunTime:0.003230s ]
INFO: [ view_parse ] --END-- [ RunTime:-0.000657s ]
INFO: [ view_filter ] --START--
INFO: Run Behavior\WriteHtmlCacheBehavior [ RunTime:0.000008s ]
INFO: [ view_filter ] --END-- [ RunTime:-0.003482s ]
INFO: [ view_parse ] --START--
INFO: [ template_filter ] --START--
INFO: Run Behavior\ContentReplaceBehavior [ RunTime:0.000018s ]
INFO: [ template_filter ] --END-- [ RunTime:-0.005845s ]
INFO: Run Behavior\ParseTemplateBehavior [ RunTime:0.001612s ]
INFO: [ view_parse ] --END-- [ RunTime:-0.004191s ]
INFO: [ view_filter ] --START--
INFO: Run Behavior\WriteHtmlCacheBehavior [ RunTime:0.000020s ]
INFO: [ view_filter ] --END-- [ RunTime:-0.005422s ]
NOTIC: [2] Cannot modify header information - headers already sent by (output started at D:\phpStudy\WWW\tp2\ThinkPHP\Library\Think\View.class.php:95) D:\phpStudy\WWW\tp2\ThinkPHP\Library\Think\View.class.php 第 91 行.
NOTIC: [2] Cannot modify header information - headers already sent by (output started at D:\phpStudy\WWW\tp2\ThinkPHP\Library\Think\View.class.php:95) D:\phpStudy\WWW\tp2\ThinkPHP\Library\Think\View.class.php 第 92 行.
NOTIC: [2] Cannot modify header information - headers already sent by (output started at D:\phpStudy\WWW\tp2\ThinkPHP\Library\Think\View.class.php:95) D:\phpStudy\WWW\tp2\ThinkPHP\Library\Think\View.class.php 第 93 行.
INFO: [ app_end ] --START--
INFO: Run Behavior\ShowPageTraceBehavior [ RunTime:0.001025s ]
INFO: [ app_end ] --END-- [ RunTime:0.001080s ]

[ 2017-06-20T17:53:12+08:00 ] ::1 /tp2/index.php/Product/pro_details/id/55
INFO: [ app_init ] --START--
INFO: Run Behavior\BuildLiteBehavior [ RunTime:0.000014s ]
INFO: [ app_init ] --END-- [ RunTime:0.000493s ]
INFO: [ app_begin ] --START--
INFO: Run Behavior\ReadHtmlCacheBehavior [ RunTime:0.000514s ]
INFO: [ app_begin ] --END-- [ RunTime:0.000561s ]
SQL: SHOW COLUMNS FROM `think_banner` [ RunTime:0.0076s ]
SQL: SELECT * FROM `think_banner` WHERE `bid` = 1  [ RunTime:0.0005s ]
SQL: SHOW COLUMNS FROM `think_category` [ RunTime:0.0068s ]
SQL: SELECT * FROM `think_category` WHERE `pid` = 1  [ RunTime:0.0004s ]
SQL: SHOW COLUMNS FROM `think_product` [ RunTime:0.0062s ]
SQL: SELECT * FROM `think_product` WHERE `id` = 55 LIMIT 1   [ RunTime:0.0003s ]
SQL: SELECT * FROM `think_product` WHERE `id` = 55 LIMIT 1   [ RunTime:0.0003s ]
INFO: [ view_parse ] --START--
INFO: [ template_filter ] --START--
INFO: Run Behavior\ContentReplaceBehavior [ RunTime:0.000343s ]
INFO: [ template_filter ] --END-- [ RunTime:0.000603s ]
NOTIC: [8] Undefined index: vip_name D:\phpStudy\WWW\tp2\Application\Home\Runtime\Cache\Home\e889839820909ebce868b8f174bc544a.php 第 36 行.
INFO: Run Behavior\ParseTemplateBehavior [ RunTime:0.010692s ]
INFO: [ view_parse ] --END-- [ RunTime:0.010758s ]
INFO: [ view_filter ] --START--
INFO: Run Behavior\WriteHtmlCacheBehavior [ RunTime:0.000426s ]
INFO: [ view_filter ] --END-- [ RunTime:0.000473s ]
INFO: [ view_parse ] --START--
INFO: [ template_filter ] --START--
INFO: Run Behavior\ContentReplaceBehavior [ RunTime:0.000036s ]
INFO: [ template_filter ] --END-- [ RunTime:-0.071460s ]
INFO: Run Behavior\ParseTemplateBehavior [ RunTime:0.103477s ]
INFO: [ view_parse ] --END-- [ RunTime:-0.000691s ]
INFO: [ view_filter ] --START--
INFO: Run Behavior\WriteHtmlCacheBehavior [ RunTime:0.000013s ]
INFO: [ view_filter ] --END-- [ RunTime:-0.103756s ]
INFO: [ view_parse ] --START--
INFO: [ template_filter ] --START--
INFO: Run Behavior\ContentReplaceBehavior [ RunTime:0.000021s ]
INFO: [ template_filter ] --END-- [ RunTime:-0.106835s ]
INFO: Run Behavior\ParseTemplateBehavior [ RunTime:0.001481s ]
INFO: [ view_parse ] --END-- [ RunTime:-0.104573s ]
INFO: [ view_filter ] --START--
INFO: Run Behavior\WriteHtmlCacheBehavior [ RunTime:0.000008s ]
INFO: [ view_filter ] --END-- [ RunTime:-0.105625s ]
NOTIC: [2] Cannot modify header information - headers already sent by (output started at D:\phpStudy\WWW\tp2\ThinkPHP\Library\Think\View.class.php:95) D:\phpStudy\WWW\tp2\ThinkPHP\Library\Think\View.class.php 第 91 行.
NOTIC: [2] Cannot modify header information - headers already sent by (output started at D:\phpStudy\WWW\tp2\ThinkPHP\Library\Think\View.class.php:95) D:\phpStudy\WWW\tp2\ThinkPHP\Library\Think\View.class.php 第 92 行.
NOTIC: [2] Cannot modify header information - headers already sent by (output started at D:\phpStudy\WWW\tp2\ThinkPHP\Library\Think\View.class.php:95) D:\phpStudy\WWW\tp2\ThinkPHP\Library\Think\View.class.php 第 93 行.
INFO: [ app_end ] --START--
INFO: Run Behavior\ShowPageTraceBehavior [ RunTime:0.000829s ]
INFO: [ app_end ] --END-- [ RunTime:0.000883s ]

[ 2017-06-20T17:53:16+08:00 ] ::1 /tp2/index.php/Product/index
INFO: [ app_init ] --START--
INFO: Run Behavior\BuildLiteBehavior [ RunTime:0.000016s ]
INFO: [ app_init ] --END-- [ RunTime:0.000466s ]
INFO: [ app_begin ] --START--
INFO: Run Behavior\ReadHtmlCacheBehavior [ RunTime:0.000492s ]
INFO: [ app_begin ] --END-- [ RunTime:0.000537s ]
SQL: SHOW COLUMNS FROM `think_banner` [ RunTime:0.0064s ]
SQL: SELECT * FROM `think_banner` WHERE `bid` = 1  [ RunTime:0.0003s ]
SQL: SHOW COLUMNS FROM `think_category` [ RunTime:0.0620s ]
SQL: SELECT * FROM `think_category` WHERE `pid` = 1  [ RunTime:0.0003s ]
SQL: SHOW COLUMNS FROM `think_product` [ RunTime:0.0044s ]
SQL: SELECT COUNT(*) AS tp_count FROM `think_product` LIMIT 1   [ RunTime:0.0004s ]
SQL: SELECT * FROM `think_product` ORDER BY id DESC LIMIT 0,5   [ RunTime:0.0005s ]
INFO: [ view_parse ] --START--
INFO: [ template_filter ] --START--
INFO: Run Behavior\ContentReplaceBehavior [ RunTime:0.000062s ]
INFO: [ template_filter ] --END-- [ RunTime:0.000140s ]
NOTIC: [8] Undefined index: vip_name D:\phpStudy\WWW\tp2\Application\Home\Runtime\Cache\Home\e889839820909ebce868b8f174bc544a.php 第 36 行.
INFO: Run Behavior\ParseTemplateBehavior [ RunTime:0.007571s ]
INFO: [ view_parse ] --END-- [ RunTime:0.007634s ]
INFO: [ view_filter ] --START--
INFO: Run Behavior\WriteHtmlCacheBehavior [ RunTime:0.000506s ]
INFO: [ view_filter ] --END-- [ RunTime:0.000548s ]
INFO: [ view_parse ] --START--
INFO: [ template_filter ] --START--
INFO: Run Behavior\ContentReplaceBehavior [ RunTime:0.000037s ]
INFO: [ template_filter ] --END-- [ RunTime:-0.004231s ]
NOTIC: [8] Undefined index: id D:\phpStudy\WWW\tp2\Application\Home\Runtime\Cache\Home\fe47ede11d4708d379be084d03f0503c.php 第 8 行.
NOTIC: [8] Undefined index: id D:\phpStudy\WWW\tp2\Application\Home\Runtime\Cache\Home\fe47ede11d4708d379be084d03f0503c.php 第 8 行.
NOTIC: [8] Undefined index: id D:\phpStudy\WWW\tp2\Application\Home\Runtime\Cache\Home\fe47ede11d4708d379be084d03f0503c.php 第 8 行.
NOTIC: [8] Undefined index: id D:\phpStudy\WWW\tp2\Application\Home\Runtime\Cache\Home\fe47ede11d4708d379be084d03f0503c.php 第 8 行.
INFO: Run Behavior\ParseTemplateBehavior [ RunTime:0.003569s ]
INFO: [ view_parse ] --END-- [ RunTime:-0.000767s ]
INFO: [ view_filter ] --START--
INFO: Run Behavior\WriteHtmlCacheBehavior [ RunTime:0.000009s ]
INFO: [ view_filter ] --END-- [ RunTime:-0.003825s ]
INFO: [ view_parse ] --START--
INFO: [ template_filter ] --START--
INFO: Run Behavior\ContentReplaceBehavior [ RunTime:0.000025s ]
INFO: [ template_filter ] --END-- [ RunTime:-0.006534s ]
INFO: Run Behavior\ParseTemplateBehavior [ RunTime:0.001519s ]
INFO: [ view_parse ] --END-- [ RunTime:-0.004621s ]
INFO: [ view_filter ] --START--
INFO: Run Behavior\WriteHtmlCacheBehavior [ RunTime:0.000011s ]
INFO: [ view_filter ] --END-- [ RunTime:-0.005628s ]
NOTIC: [2] Cannot modify header information - headers already sent by (output started at D:\phpStudy\WWW\tp2\ThinkPHP\Library\Think\View.class.php:95) D:\phpStudy\WWW\tp2\ThinkPHP\Library\Think\View.class.php 第 91 行.
NOTIC: [2] Cannot modify header information - headers already sent by (output started at D:\phpStudy\WWW\tp2\ThinkPHP\Library\Think\View.class.php:95) D:\phpStudy\WWW\tp2\ThinkPHP\Library\Think\View.class.php 第 92 行.
NOTIC: [2] Cannot modify header information - headers already sent by (output started at D:\phpStudy\WWW\tp2\ThinkPHP\Library\Think\View.class.php:95) D:\phpStudy\WWW\tp2\ThinkPHP\Library\Think\View.class.php 第 93 行.
INFO: [ app_end ] --START--
INFO: Run Behavior\ShowPageTraceBehavior [ RunTime:0.000536s ]
INFO: [ app_end ] --END-- [ RunTime:0.000575s ]

[ 2017-06-20T17:53:20+08:00 ] ::1 /tp2/index.php/Product/pro_details/id/50
INFO: [ app_init ] --START--
INFO: Run Behavior\BuildLiteBehavior [ RunTime:0.000014s ]
INFO: [ app_init ] --END-- [ RunTime:0.000469s ]
INFO: [ app_begin ] --START--
INFO: Run Behavior\ReadHtmlCacheBehavior [ RunTime:0.000737s ]
INFO: [ app_begin ] --END-- [ RunTime:0.000801s ]
SQL: SHOW COLUMNS FROM `think_banner` [ RunTime:0.0080s ]
SQL: SELECT * FROM `think_banner` WHERE `bid` = 1  [ RunTime:0.0004s ]
SQL: SHOW COLUMNS FROM `think_category` [ RunTime:0.0093s ]
SQL: SELECT * FROM `think_category` WHERE `pid` = 1  [ RunTime:0.0003s ]
SQL: SHOW COLUMNS FROM `think_product` [ RunTime:0.0055s ]
SQL: SELECT * FROM `think_product` WHERE `id` = 50 LIMIT 1   [ RunTime:0.0004s ]
SQL: SELECT * FROM `think_product` WHERE `id` = 50 LIMIT 1   [ RunTime:0.0003s ]
INFO: [ view_parse ] --START--
INFO: [ template_filter ] --START--
INFO: Run Behavior\ContentReplaceBehavior [ RunTime:0.000064s ]
INFO: [ template_filter ] --END-- [ RunTime:0.000129s ]
NOTIC: [8] Undefined index: vip_name D:\phpStudy\WWW\tp2\Application\Home\Runtime\Cache\Home\e889839820909ebce868b8f174bc544a.php 第 36 行.
INFO: Run Behavior\ParseTemplateBehavior [ RunTime:0.008961s ]
INFO: [ view_parse ] --END-- [ RunTime:0.009026s ]
INFO: [ view_filter ] --START--
INFO: Run Behavior\WriteHtmlCacheBehavior [ RunTime:0.000414s ]
INFO: [ view_filter ] --END-- [ RunTime:0.000457s ]
INFO: [ view_parse ] --START--
INFO: [ template_filter ] --START--
INFO: Run Behavior\ContentReplaceBehavior [ RunTime:0.000049s ]
INFO: [ template_filter ] --END-- [ RunTime:-0.005632s ]
INFO: Run Behavior\ParseTemplateBehavior [ RunTime:0.017015s ]
INFO: [ view_parse ] --END-- [ RunTime:-0.000810s ]
INFO: [ view_filter ] --START--
INFO: Run Behavior\WriteHtmlCacheBehavior [ RunTime:0.000012s ]
INFO: [ view_filter ] --END-- [ RunTime:-0.017431s ]
INFO: [ view_parse ] --START--
INFO: [ template_filter ] --START--
INFO: Run Behavior\ContentReplaceBehavior [ RunTime:0.000026s ]
INFO: [ template_filter ] --END-- [ RunTime:-0.020318s ]
INFO: Run Behavior\ParseTemplateBehavior [ RunTime:0.002062s ]
INFO: [ view_parse ] --END-- [ RunTime:-0.018212s ]
INFO: [ view_filter ] --START--
INFO: Run Behavior\WriteHtmlCacheBehavior [ RunTime:0.000012s ]
INFO: [ view_filter ] --END-- [ RunTime:-0.019871s ]
NOTIC: [2] Cannot modify header information - headers already sent by (output started at D:\phpStudy\WWW\tp2\ThinkPHP\Library\Think\View.class.php:95) D:\phpStudy\WWW\tp2\ThinkPHP\Library\Think\View.class.php 第 91 行.
NOTIC: [2] Cannot modify header information - headers already sent by (output started at D:\phpStudy\WWW\tp2\ThinkPHP\Library\Think\View.class.php:95) D:\phpStudy\WWW\tp2\ThinkPHP\Library\Think\View.class.php 第 92 行.
NOTIC: [2] Cannot modify header information - headers already sent by (output started at D:\phpStudy\WWW\tp2\ThinkPHP\Library\Think\View.class.php:95) D:\phpStudy\WWW\tp2\ThinkPHP\Library\Think\View.class.php 第 93 行.
INFO: [ app_end ] --START--
INFO: Run Behavior\ShowPageTraceBehavior [ RunTime:0.000729s ]
INFO: [ app_end ] --END-- [ RunTime:0.000773s ]

[ 2017-06-20T17:53:23+08:00 ] ::1 /tp2/index.php/Order/buy_now
INFO: [ app_init ] --START--
INFO: Run Behavior\BuildLiteBehavior [ RunTime:0.000010s ]
INFO: [ app_init ] --END-- [ RunTime:0.000438s ]
INFO: [ app_begin ] --START--
INFO: Run Behavior\ReadHtmlCacheBehavior [ RunTime:0.000539s ]
INFO: [ app_begin ] --END-- [ RunTime:0.000579s ]

[ 2017-06-20T17:53:23+08:00 ] ::1 /tp2/index.php/Login/login.html
INFO: [ app_init ] --START--
INFO: Run Behavior\BuildLiteBehavior [ RunTime:0.000011s ]
INFO: [ app_init ] --END-- [ RunTime:0.000418s ]
INFO: [ app_begin ] --START--
INFO: Run Behavior\ReadHtmlCacheBehavior [ RunTime:0.000488s ]
INFO: [ app_begin ] --END-- [ RunTime:0.000528s ]
INFO: [ view_parse ] --START--
INFO: [ template_filter ] --START--
INFO: Run Behavior\ContentReplaceBehavior [ RunTime:0.000048s ]
INFO: [ template_filter ] --END-- [ RunTime:0.000109s ]
INFO: Run Behavior\ParseTemplateBehavior [ RunTime:0.006591s ]
INFO: [ view_parse ] --END-- [ RunTime:0.006651s ]
INFO: [ view_filter ] --START--
INFO: Run Behavior\WriteHtmlCacheBehavior [ RunTime:0.000432s ]
INFO: [ view_filter ] --END-- [ RunTime:0.000465s ]
INFO: [ app_end ] --START--
INFO: Run Behavior\ShowPageTraceBehavior [ RunTime:0.000584s ]
INFO: [ app_end ] --END-- [ RunTime:0.000618s ]

[ 2017-06-20T18:00:43+08:00 ] ::1 /tp2/index.php/Index/index
INFO: [ app_init ] --START--
INFO: Run Behavior\BuildLiteBehavior [ RunTime:0.000010s ]
INFO: [ app_init ] --END-- [ RunTime:0.000419s ]
INFO: [ app_begin ] --START--
INFO: Run Behavior\ReadHtmlCacheBehavior [ RunTime:0.000587s ]
INFO: [ app_begin ] --END-- [ RunTime:0.000629s ]
SQL: SHOW COLUMNS FROM `think_banner` [ RunTime:0.0054s ]
SQL: SELECT * FROM `think_banner` WHERE `bid` = 1  [ RunTime:0.0005s ]
SQL: SHOW COLUMNS FROM `think_product` [ RunTime:0.0045s ]
SQL: SELECT * FROM `think_product` ORDER BY id DESC LIMIT 3   [ RunTime:0.0004s ]
SQL: SHOW COLUMNS FROM `think_product` [ RunTime:0.0048s ]
SQL: SHOW COLUMNS FROM `think_category` [ RunTime:0.0036s ]
NOTIC: [2] Invalid argument supplied for foreach() D:\phpStudy\WWW\tp2\ThinkPHP\Library\Think\Db\Driver.class.php 第 504 行.
SQL: SELECT Product.id AS id,Product.pro_name AS pro_name,Product.market_price AS market_price,Product.shop_price AS shop_price,Product.pro_num AS pro_num,Product.pro_cate AS pro_cate,Product.description AS description,Product.pro_img AS pro_img,Product.img_path AS img_path,Product.pro_time AS pro_time,Category.name AS name FROM think_product Product  JOIN think_category Category ON Product.pro_cate=Category.id ORDER BY Product.id ASC LIMIT 3   [ RunTime:0.0004s ]
SQL: SHOW COLUMNS FROM `think_brand` [ RunTime:0.0049s ]
SQL: SELECT * FROM `think_brand` WHERE `id` = 1 LIMIT 1   [ RunTime:0.0003s ]
SQL: SELECT * FROM `think_brand` ORDER BY id ASC LIMIT 1,3   [ RunTime:0.0003s ]
INFO: [ view_parse ] --START--
INFO: [ template_filter ] --START--
INFO: Run Behavior\ContentReplaceBehavior [ RunTime:0.000037s ]
INFO: [ template_filter ] --END-- [ RunTime:0.000075s ]
NOTIC: [8] Undefined index: vip_name D:\phpStudy\WWW\tp2\Application\Home\Runtime\Cache\Home\e889839820909ebce868b8f174bc544a.php 第 36 行.
INFO: Run Behavior\ParseTemplateBehavior [ RunTime:0.006235s ]
INFO: [ view_parse ] --END-- [ RunTime:0.006272s ]
INFO: [ view_filter ] --START--
INFO: Run Behavior\WriteHtmlCacheBehavior [ RunTime:0.000480s ]
INFO: [ view_filter ] --END-- [ RunTime:0.000512s ]
INFO: [ view_parse ] --START--
INFO: [ template_filter ] --START--
INFO: Run Behavior\ContentReplaceBehavior [ RunTime:0.000043s ]
INFO: [ template_filter ] --END-- [ RunTime:-0.004718s ]
INFO: Run Behavior\ParseTemplateBehavior [ RunTime:0.004566s ]
INFO: [ view_parse ] --END-- [ RunTime:-0.000730s ]
INFO: [ view_filter ] --START--
INFO: Run Behavior\WriteHtmlCacheBehavior [ RunTime:0.000008s ]
INFO: [ view_filter ] --END-- [ RunTime:-0.004794s ]
INFO: [ view_parse ] --START--
INFO: [ template_filter ] --START--
INFO: Run Behavior\ContentReplaceBehavior [ RunTime:0.000026s ]
INFO: [ template_filter ] --END-- [ RunTime:-0.007215s ]
INFO: Run Behavior\ParseTemplateBehavior [ RunTime:0.001552s ]
INFO: [ view_parse ] --END-- [ RunTime:-0.005607s ]
INFO: [ view_filter ] --START--
INFO: Run Behavior\WriteHtmlCacheBehavior [ RunTime:0.000014s ]
INFO: [ view_filter ] --END-- [ RunTime:-0.006686s ]
NOTIC: [2] Cannot modify header information - headers already sent by (output started at D:\phpStudy\WWW\tp2\ThinkPHP\Library\Think\View.class.php:95) D:\phpStudy\WWW\tp2\ThinkPHP\Library\Think\View.class.php 第 91 行.
NOTIC: [2] Cannot modify header information - headers already sent by (output started at D:\phpStudy\WWW\tp2\ThinkPHP\Library\Think\View.class.php:95) D:\phpStudy\WWW\tp2\ThinkPHP\Library\Think\View.class.php 第 92 行.
NOTIC: [2] Cannot modify header information - headers already sent by (output started at D:\phpStudy\WWW\tp2\ThinkPHP\Library\Think\View.class.php:95) D:\phpStudy\WWW\tp2\ThinkPHP\Library\Think\View.class.php 第 93 行.
INFO: [ app_end ] --START--
INFO: Run Behavior\ShowPageTraceBehavior [ RunTime:0.000810s ]
INFO: [ app_end ] --END-- [ RunTime:0.000858s ]

