[ 2017-06-29T14:07:19+08:00 ] ::1 /tp2/
INFO: [ app_init ] --START--
INFO: Run Behavior\BuildLiteBehavior [ RunTime:0.000023s ]
INFO: [ app_init ] --END-- [ RunTime:0.001946s ]
INFO: [ app_begin ] --START--
INFO: Run Behavior\ReadHtmlCacheBehavior [ RunTime:0.001622s ]
INFO: [ app_begin ] --END-- [ RunTime:0.001708s ]
SQL: SHOW COLUMNS FROM `think_banner` [ RunTime:0.1420s ]
SQL: SELECT * FROM `think_banner` WHERE `bid` = 1  [ RunTime:0.0011s ]
SQL: SHOW COLUMNS FROM `think_product` [ RunTime:0.0169s ]
SQL: SELECT * FROM `think_product` ORDER BY id DESC LIMIT 3   [ RunTime:0.0005s ]
SQL: SHOW COLUMNS FROM `think_product` [ RunTime:0.0041s ]
SQL: SHOW COLUMNS FROM `think_category` [ RunTime:0.0059s ]
NOTIC: [2] Invalid argument supplied for foreach() D:\phpStudy\WWW\tp2\ThinkPHP\Library\Think\Db\Driver.class.php 第 504 行.
SQL: SELECT Product.id AS id,Product.pro_name AS pro_name,Product.market_price AS market_price,Product.shop_price AS shop_price,Product.pro_num AS pro_num,Product.pro_cate AS pro_cate,Product.description AS description,Product.pro_img AS pro_img,Product.img_path AS img_path,Product.pro_time AS pro_time,Category.name AS name FROM think_product Product  JOIN think_category Category ON Product.pro_cate=Category.id ORDER BY Product.id ASC LIMIT 3   [ RunTime:0.0004s ]
SQL: SHOW COLUMNS FROM `think_brand` [ RunTime:0.0056s ]
SQL: SELECT * FROM `think_brand` WHERE `id` = 1 LIMIT 1   [ RunTime:0.0003s ]
SQL: SELECT * FROM `think_brand` ORDER BY id ASC LIMIT 1,3   [ RunTime:0.0002s ]
INFO: [ view_parse ] --START--
INFO: [ template_filter ] --START--
INFO: Run Behavior\ContentReplaceBehavior [ RunTime:0.000035s ]
INFO: [ template_filter ] --END-- [ RunTime:0.000076s ]
NOTIC: [8] Undefined index: vip_name D:\phpStudy\WWW\tp2\Application\Home\Runtime\Cache\Home\e889839820909ebce868b8f174bc544a.php 第 36 行.
INFO: Run Behavior\ParseTemplateBehavior [ RunTime:0.035189s ]
INFO: [ view_parse ] --END-- [ RunTime:0.035231s ]
INFO: [ view_filter ] --START--
INFO: Run Behavior\WriteHtmlCacheBehavior [ RunTime:0.029032s ]
INFO: [ view_filter ] --END-- [ RunTime:0.029076s ]
INFO: [ view_parse ] --START--
INFO: [ template_filter ] --START--
INFO: Run Behavior\ContentReplaceBehavior [ RunTime:0.000148s ]
INFO: [ template_filter ] --END-- [ RunTime:-0.048206s ]
INFO: Run Behavior\ParseTemplateBehavior [ RunTime:0.022848s ]
INFO: [ view_parse ] --END-- [ RunTime:-0.029444s ]
INFO: [ view_filter ] --START--
INFO: Run Behavior\WriteHtmlCacheBehavior [ RunTime:0.000032s ]
INFO: [ view_filter ] --END-- [ RunTime:-0.023378s ]
INFO: [ view_parse ] --START--
INFO: [ template_filter ] --START--
INFO: Run Behavior\ContentReplaceBehavior [ RunTime:0.000073s ]
INFO: [ template_filter ] --END-- [ RunTime:-0.060290s ]
INFO: Run Behavior\ParseTemplateBehavior [ RunTime:0.007114s ]
INFO: [ view_parse ] --END-- [ RunTime:-0.053994s ]
INFO: [ view_filter ] --START--
INFO: Run Behavior\WriteHtmlCacheBehavior [ RunTime:0.000044s ]
INFO: [ view_filter ] --END-- [ RunTime:-0.032292s ]
NOTIC: [2] Cannot modify header information - headers already sent by (output started at D:\phpStudy\WWW\tp2\ThinkPHP\Library\Think\View.class.php:95) D:\phpStudy\WWW\tp2\ThinkPHP\Library\Think\View.class.php 第 91 行.
NOTIC: [2] Cannot modify header information - headers already sent by (output started at D:\phpStudy\WWW\tp2\ThinkPHP\Library\Think\View.class.php:95) D:\phpStudy\WWW\tp2\ThinkPHP\Library\Think\View.class.php 第 92 行.
NOTIC: [2] Cannot modify header information - headers already sent by (output started at D:\phpStudy\WWW\tp2\ThinkPHP\Library\Think\View.class.php:95) D:\phpStudy\WWW\tp2\ThinkPHP\Library\Think\View.class.php 第 93 行.
INFO: [ app_end ] --START--
INFO: Run Behavior\ShowPageTraceBehavior [ RunTime:0.003774s ]
INFO: [ app_end ] --END-- [ RunTime:0.003935s ]

[ 2017-06-29T14:07:23+08:00 ] ::1 /tp2/index.php/Product/index
INFO: [ app_init ] --START--
INFO: Run Behavior\BuildLiteBehavior [ RunTime:0.000012s ]
INFO: [ app_init ] --END-- [ RunTime:0.000523s ]
INFO: [ app_begin ] --START--
INFO: Run Behavior\ReadHtmlCacheBehavior [ RunTime:0.000587s ]
INFO: [ app_begin ] --END-- [ RunTime:0.000632s ]
SQL: SHOW COLUMNS FROM `think_banner` [ RunTime:0.0126s ]
SQL: SELECT * FROM `think_banner` WHERE `bid` = 1  [ RunTime:0.0009s ]
SQL: SHOW COLUMNS FROM `think_category` [ RunTime:0.0138s ]
SQL: SELECT * FROM `think_category` WHERE `pid` = 1  [ RunTime:0.0006s ]
SQL: SHOW COLUMNS FROM `think_product` [ RunTime:0.0102s ]
SQL: SELECT COUNT(*) AS tp_count FROM `think_product` LIMIT 1   [ RunTime:0.0007s ]
SQL: SELECT * FROM `think_product` ORDER BY id DESC LIMIT 0,5   [ RunTime:0.0008s ]
INFO: [ view_parse ] --START--
INFO: [ template_filter ] --START--
INFO: Run Behavior\ContentReplaceBehavior [ RunTime:0.000101s ]
INFO: [ template_filter ] --END-- [ RunTime:0.000209s ]
NOTIC: [8] Undefined index: vip_name D:\phpStudy\WWW\tp2\Application\Home\Runtime\Cache\Home\e889839820909ebce868b8f174bc544a.php 第 36 行.
INFO: Run Behavior\ParseTemplateBehavior [ RunTime:0.015334s ]
INFO: [ view_parse ] --END-- [ RunTime:0.015417s ]
INFO: [ view_filter ] --START--
INFO: Run Behavior\WriteHtmlCacheBehavior [ RunTime:0.000683s ]
INFO: [ view_filter ] --END-- [ RunTime:0.000734s ]
INFO: [ view_parse ] --START--
INFO: [ template_filter ] --START--
INFO: Run Behavior\ContentReplaceBehavior [ RunTime:0.000045s ]
INFO: [ template_filter ] --END-- [ RunTime:-0.007710s ]
NOTIC: [8] Undefined index: id D:\phpStudy\WWW\tp2\Application\Home\Runtime\Cache\Home\fe47ede11d4708d379be084d03f0503c.php 第 8 行.
NOTIC: [8] Undefined index: id D:\phpStudy\WWW\tp2\Application\Home\Runtime\Cache\Home\fe47ede11d4708d379be084d03f0503c.php 第 8 行.
NOTIC: [8] Undefined index: id D:\phpStudy\WWW\tp2\Application\Home\Runtime\Cache\Home\fe47ede11d4708d379be084d03f0503c.php 第 8 行.
NOTIC: [8] Undefined index: id D:\phpStudy\WWW\tp2\Application\Home\Runtime\Cache\Home\fe47ede11d4708d379be084d03f0503c.php 第 8 行.
INFO: Run Behavior\ParseTemplateBehavior [ RunTime:0.006132s ]
INFO: [ view_parse ] --END-- [ RunTime:-0.001063s ]
INFO: [ view_filter ] --START--
INFO: Run Behavior\WriteHtmlCacheBehavior [ RunTime:0.000010s ]
INFO: [ view_filter ] --END-- [ RunTime:-0.006496s ]
INFO: [ view_parse ] --START--
INFO: [ template_filter ] --START--
INFO: Run Behavior\ContentReplaceBehavior [ RunTime:0.000029s ]
INFO: [ template_filter ] --END-- [ RunTime:-0.010487s ]
INFO: Run Behavior\ParseTemplateBehavior [ RunTime:0.001920s ]
INFO: [ view_parse ] --END-- [ RunTime:-0.007533s ]
INFO: [ view_filter ] --START--
INFO: Run Behavior\WriteHtmlCacheBehavior [ RunTime:0.000011s ]
INFO: [ view_filter ] --END-- [ RunTime:-0.008758s ]
NOTIC: [2] Cannot modify header information - headers already sent by (output started at D:\phpStudy\WWW\tp2\ThinkPHP\Library\Think\View.class.php:95) D:\phpStudy\WWW\tp2\ThinkPHP\Library\Think\View.class.php 第 91 行.
NOTIC: [2] Cannot modify header information - headers already sent by (output started at D:\phpStudy\WWW\tp2\ThinkPHP\Library\Think\View.class.php:95) D:\phpStudy\WWW\tp2\ThinkPHP\Library\Think\View.class.php 第 92 行.
NOTIC: [2] Cannot modify header information - headers already sent by (output started at D:\phpStudy\WWW\tp2\ThinkPHP\Library\Think\View.class.php:95) D:\phpStudy\WWW\tp2\ThinkPHP\Library\Think\View.class.php 第 93 行.
INFO: [ app_end ] --START--
INFO: Run Behavior\ShowPageTraceBehavior [ RunTime:0.000722s ]
INFO: [ app_end ] --END-- [ RunTime:0.000763s ]

[ 2017-06-29T14:07:30+08:00 ] ::1 /tp2/index.php/Product/index/id/4
INFO: [ app_init ] --START--
INFO: Run Behavior\BuildLiteBehavior [ RunTime:0.000010s ]
INFO: [ app_init ] --END-- [ RunTime:0.000363s ]
INFO: [ app_begin ] --START--
INFO: Run Behavior\ReadHtmlCacheBehavior [ RunTime:0.000577s ]
INFO: [ app_begin ] --END-- [ RunTime:0.000620s ]
SQL: SHOW COLUMNS FROM `think_banner` [ RunTime:0.0147s ]
SQL: SELECT * FROM `think_banner` WHERE `bid` = 1  [ RunTime:0.0011s ]
SQL: SHOW COLUMNS FROM `think_category` [ RunTime:0.0160s ]
SQL: SELECT * FROM `think_category` WHERE `pid` = 1  [ RunTime:0.0012s ]
SQL: SHOW COLUMNS FROM `think_product` [ RunTime:0.0175s ]
SQL: SHOW COLUMNS FROM `think_product` [ RunTime:0.0226s ]
SQL: SELECT COUNT(*) AS tp_count FROM `think_product` WHERE `pro_cate` = 4 LIMIT 1   [ RunTime:0.0010s ]
SQL: SELECT * FROM `think_product` WHERE `pro_cate` = 4 ORDER BY id DESC LIMIT 0,3   [ RunTime:0.0019s ]
INFO: [ view_parse ] --START--
INFO: [ template_filter ] --START--
INFO: Run Behavior\ContentReplaceBehavior [ RunTime:0.000083s ]
INFO: [ template_filter ] --END-- [ RunTime:0.000187s ]
NOTIC: [8] Undefined index: vip_name D:\phpStudy\WWW\tp2\Application\Home\Runtime\Cache\Home\e889839820909ebce868b8f174bc544a.php 第 36 行.
INFO: Run Behavior\ParseTemplateBehavior [ RunTime:0.024175s ]
INFO: [ view_parse ] --END-- [ RunTime:0.024324s ]
INFO: [ view_filter ] --START--
INFO: Run Behavior\WriteHtmlCacheBehavior [ RunTime:0.001056s ]
INFO: [ view_filter ] --END-- [ RunTime:0.001124s ]
INFO: [ view_parse ] --START--
INFO: [ template_filter ] --START--
INFO: Run Behavior\ContentReplaceBehavior [ RunTime:0.000057s ]
INFO: [ template_filter ] --END-- [ RunTime:-0.008411s ]
INFO: Run Behavior\ParseTemplateBehavior [ RunTime:0.006701s ]
INFO: [ view_parse ] --END-- [ RunTime:-0.001426s ]
INFO: [ view_filter ] --START--
INFO: Run Behavior\WriteHtmlCacheBehavior [ RunTime:0.000017s ]
INFO: [ view_filter ] --END-- [ RunTime:-0.007074s ]
INFO: [ view_parse ] --START--
INFO: [ template_filter ] --START--
INFO: Run Behavior\ContentReplaceBehavior [ RunTime:0.000031s ]
INFO: [ template_filter ] --END-- [ RunTime:-0.013076s ]
INFO: Run Behavior\ParseTemplateBehavior [ RunTime:0.002796s ]
INFO: [ view_parse ] --END-- [ RunTime:-0.008656s ]
INFO: [ view_filter ] --START--
INFO: Run Behavior\WriteHtmlCacheBehavior [ RunTime:0.000012s ]
INFO: [ view_filter ] --END-- [ RunTime:-0.010381s ]
NOTIC: [2] Cannot modify header information - headers already sent by (output started at D:\phpStudy\WWW\tp2\ThinkPHP\Library\Think\View.class.php:95) D:\phpStudy\WWW\tp2\ThinkPHP\Library\Think\View.class.php 第 91 行.
NOTIC: [2] Cannot modify header information - headers already sent by (output started at D:\phpStudy\WWW\tp2\ThinkPHP\Library\Think\View.class.php:95) D:\phpStudy\WWW\tp2\ThinkPHP\Library\Think\View.class.php 第 92 行.
NOTIC: [2] Cannot modify header information - headers already sent by (output started at D:\phpStudy\WWW\tp2\ThinkPHP\Library\Think\View.class.php:95) D:\phpStudy\WWW\tp2\ThinkPHP\Library\Think\View.class.php 第 93 行.
INFO: [ app_end ] --START--
INFO: Run Behavior\ShowPageTraceBehavior [ RunTime:0.000833s ]
INFO: [ app_end ] --END-- [ RunTime:0.000884s ]

[ 2017-06-29T14:07:35+08:00 ] ::1 /tp2/index.php/Product/index/id/5
INFO: [ app_init ] --START--
INFO: Run Behavior\BuildLiteBehavior [ RunTime:0.000014s ]
INFO: [ app_init ] --END-- [ RunTime:0.000449s ]
INFO: [ app_begin ] --START--
INFO: Run Behavior\ReadHtmlCacheBehavior [ RunTime:0.001014s ]
INFO: [ app_begin ] --END-- [ RunTime:0.001091s ]
SQL: SHOW COLUMNS FROM `think_banner` [ RunTime:0.0156s ]
SQL: SELECT * FROM `think_banner` WHERE `bid` = 1  [ RunTime:0.0012s ]
SQL: SHOW COLUMNS FROM `think_category` [ RunTime:0.0125s ]
SQL: SELECT * FROM `think_category` WHERE `pid` = 1  [ RunTime:0.0010s ]
SQL: SHOW COLUMNS FROM `think_product` [ RunTime:0.0124s ]
SQL: SHOW COLUMNS FROM `think_product` [ RunTime:0.0128s ]
SQL: SELECT COUNT(*) AS tp_count FROM `think_product` WHERE `pro_cate` = 5 LIMIT 1   [ RunTime:0.0008s ]
SQL: SELECT * FROM `think_product` WHERE `pro_cate` = 5 ORDER BY id DESC LIMIT 0,3   [ RunTime:0.0010s ]
INFO: [ view_parse ] --START--
INFO: [ template_filter ] --START--
INFO: Run Behavior\ContentReplaceBehavior [ RunTime:0.000111s ]
INFO: [ template_filter ] --END-- [ RunTime:0.000244s ]
NOTIC: [8] Undefined index: vip_name D:\phpStudy\WWW\tp2\Application\Home\Runtime\Cache\Home\e889839820909ebce868b8f174bc544a.php 第 36 行.
INFO: Run Behavior\ParseTemplateBehavior [ RunTime:0.019350s ]
INFO: [ view_parse ] --END-- [ RunTime:0.019470s ]
INFO: [ view_filter ] --START--
INFO: Run Behavior\WriteHtmlCacheBehavior [ RunTime:0.001314s ]
INFO: [ view_filter ] --END-- [ RunTime:0.001429s ]
INFO: [ view_parse ] --START--
INFO: [ template_filter ] --START--
INFO: Run Behavior\ContentReplaceBehavior [ RunTime:0.000136s ]
INFO: [ template_filter ] --END-- [ RunTime:-0.012763s ]
INFO: Run Behavior\ParseTemplateBehavior [ RunTime:0.012298s ]
INFO: [ view_parse ] --END-- [ RunTime:-0.002129s ]
INFO: [ view_filter ] --START--
INFO: Run Behavior\WriteHtmlCacheBehavior [ RunTime:0.000064s ]
INFO: [ view_filter ] --END-- [ RunTime:-0.013155s ]
INFO: [ view_parse ] --START--
INFO: [ template_filter ] --START--
INFO: Run Behavior\ContentReplaceBehavior [ RunTime:0.000058s ]
INFO: [ template_filter ] --END-- [ RunTime:-0.020793s ]
INFO: Run Behavior\ParseTemplateBehavior [ RunTime:0.004537s ]
INFO: [ view_parse ] --END-- [ RunTime:-0.015551s ]
INFO: [ view_filter ] --START--
INFO: Run Behavior\WriteHtmlCacheBehavior [ RunTime:0.000026s ]
INFO: [ view_filter ] --END-- [ RunTime:-0.018772s ]
NOTIC: [2] Cannot modify header information - headers already sent by (output started at D:\phpStudy\WWW\tp2\ThinkPHP\Library\Think\View.class.php:95) D:\phpStudy\WWW\tp2\ThinkPHP\Library\Think\View.class.php 第 91 行.
NOTIC: [2] Cannot modify header information - headers already sent by (output started at D:\phpStudy\WWW\tp2\ThinkPHP\Library\Think\View.class.php:95) D:\phpStudy\WWW\tp2\ThinkPHP\Library\Think\View.class.php 第 92 行.
NOTIC: [2] Cannot modify header information - headers already sent by (output started at D:\phpStudy\WWW\tp2\ThinkPHP\Library\Think\View.class.php:95) D:\phpStudy\WWW\tp2\ThinkPHP\Library\Think\View.class.php 第 93 行.
INFO: [ app_end ] --START--
INFO: Run Behavior\ShowPageTraceBehavior [ RunTime:0.001826s ]
INFO: [ app_end ] --END-- [ RunTime:0.001932s ]

[ 2017-06-29T14:07:39+08:00 ] ::1 /tp2/index.php/Product/index/id/6
INFO: [ app_init ] --START--
INFO: Run Behavior\BuildLiteBehavior [ RunTime:0.000012s ]
INFO: [ app_init ] --END-- [ RunTime:0.000471s ]
INFO: [ app_begin ] --START--
INFO: Run Behavior\ReadHtmlCacheBehavior [ RunTime:0.000601s ]
INFO: [ app_begin ] --END-- [ RunTime:0.000646s ]
SQL: SHOW COLUMNS FROM `think_banner` [ RunTime:0.0147s ]
SQL: SELECT * FROM `think_banner` WHERE `bid` = 1  [ RunTime:0.0010s ]
SQL: SHOW COLUMNS FROM `think_category` [ RunTime:0.0159s ]
SQL: SELECT * FROM `think_category` WHERE `pid` = 1  [ RunTime:0.0010s ]
SQL: SHOW COLUMNS FROM `think_product` [ RunTime:0.0107s ]
SQL: SHOW COLUMNS FROM `think_product` [ RunTime:0.0068s ]
SQL: SELECT COUNT(*) AS tp_count FROM `think_product` WHERE `pro_cate` = 6 LIMIT 1   [ RunTime:0.0005s ]
SQL: SELECT * FROM `think_product` WHERE `pro_cate` = 6 ORDER BY id DESC LIMIT 0,3   [ RunTime:0.0006s ]
INFO: [ view_parse ] --START--
INFO: [ template_filter ] --START--
INFO: Run Behavior\ContentReplaceBehavior [ RunTime:0.000042s ]
INFO: [ template_filter ] --END-- [ RunTime:0.000091s ]
NOTIC: [8] Undefined index: vip_name D:\phpStudy\WWW\tp2\Application\Home\Runtime\Cache\Home\e889839820909ebce868b8f174bc544a.php 第 36 行.
INFO: Run Behavior\ParseTemplateBehavior [ RunTime:0.007376s ]
INFO: [ view_parse ] --END-- [ RunTime:0.007433s ]
INFO: [ view_filter ] --START--
INFO: Run Behavior\WriteHtmlCacheBehavior [ RunTime:0.000552s ]
INFO: [ view_filter ] --END-- [ RunTime:0.000592s ]
INFO: [ view_parse ] --START--
INFO: [ template_filter ] --START--
INFO: Run Behavior\ContentReplaceBehavior [ RunTime:0.000037s ]
INFO: [ template_filter ] --END-- [ RunTime:-0.004722s ]
INFO: Run Behavior\ParseTemplateBehavior [ RunTime:0.004113s ]
INFO: [ view_parse ] --END-- [ RunTime:-0.000797s ]
INFO: [ view_filter ] --START--
INFO: Run Behavior\WriteHtmlCacheBehavior [ RunTime:0.000010s ]
INFO: [ view_filter ] --END-- [ RunTime:-0.004365s ]
INFO: [ view_parse ] --START--
INFO: [ template_filter ] --START--
INFO: Run Behavior\ContentReplaceBehavior [ RunTime:0.000023s ]
INFO: [ template_filter ] --END-- [ RunTime:-0.007456s ]
INFO: Run Behavior\ParseTemplateBehavior [ RunTime:0.002054s ]
INFO: [ view_parse ] --END-- [ RunTime:-0.005228s ]
INFO: [ view_filter ] --START--
INFO: Run Behavior\WriteHtmlCacheBehavior [ RunTime:0.000013s ]
INFO: [ view_filter ] --END-- [ RunTime:-0.006795s ]
NOTIC: [2] Cannot modify header information - headers already sent by (output started at D:\phpStudy\WWW\tp2\ThinkPHP\Library\Think\View.class.php:95) D:\phpStudy\WWW\tp2\ThinkPHP\Library\Think\View.class.php 第 91 行.
NOTIC: [2] Cannot modify header information - headers already sent by (output started at D:\phpStudy\WWW\tp2\ThinkPHP\Library\Think\View.class.php:95) D:\phpStudy\WWW\tp2\ThinkPHP\Library\Think\View.class.php 第 92 行.
NOTIC: [2] Cannot modify header information - headers already sent by (output started at D:\phpStudy\WWW\tp2\ThinkPHP\Library\Think\View.class.php:95) D:\phpStudy\WWW\tp2\ThinkPHP\Library\Think\View.class.php 第 93 行.
INFO: [ app_end ] --START--
INFO: Run Behavior\ShowPageTraceBehavior [ RunTime:0.000804s ]
INFO: [ app_end ] --END-- [ RunTime:0.000852s ]

[ 2017-06-29T14:07:42+08:00 ] ::1 /tp2/index.php/Product/index/id/3
INFO: [ app_init ] --START--
INFO: Run Behavior\BuildLiteBehavior [ RunTime:0.000014s ]
INFO: [ app_init ] --END-- [ RunTime:0.000620s ]
INFO: [ app_begin ] --START--
INFO: Run Behavior\ReadHtmlCacheBehavior [ RunTime:0.000767s ]
INFO: [ app_begin ] --END-- [ RunTime:0.000828s ]
SQL: SHOW COLUMNS FROM `think_banner` [ RunTime:0.0096s ]
SQL: SELECT * FROM `think_banner` WHERE `bid` = 1  [ RunTime:0.0005s ]
SQL: SHOW COLUMNS FROM `think_category` [ RunTime:0.0111s ]
SQL: SELECT * FROM `think_category` WHERE `pid` = 1  [ RunTime:0.0002s ]
SQL: SHOW COLUMNS FROM `think_product` [ RunTime:0.0045s ]
SQL: SHOW COLUMNS FROM `think_product` [ RunTime:0.0421s ]
SQL: SELECT COUNT(*) AS tp_count FROM `think_product` WHERE `pro_cate` = 3 LIMIT 1   [ RunTime:0.0003s ]
SQL: SELECT * FROM `think_product` WHERE `pro_cate` = 3 ORDER BY id DESC LIMIT 0,3   [ RunTime:0.0004s ]
INFO: [ view_parse ] --START--
INFO: [ template_filter ] --START--
INFO: Run Behavior\ContentReplaceBehavior [ RunTime:0.000049s ]
INFO: [ template_filter ] --END-- [ RunTime:0.000101s ]
NOTIC: [8] Undefined index: vip_name D:\phpStudy\WWW\tp2\Application\Home\Runtime\Cache\Home\e889839820909ebce868b8f174bc544a.php 第 36 行.
INFO: Run Behavior\ParseTemplateBehavior [ RunTime:0.005932s ]
INFO: [ view_parse ] --END-- [ RunTime:0.005970s ]
INFO: [ view_filter ] --START--
INFO: Run Behavior\WriteHtmlCacheBehavior [ RunTime:0.000457s ]
INFO: [ view_filter ] --END-- [ RunTime:0.000489s ]
INFO: [ view_parse ] --START--
INFO: [ template_filter ] --START--
INFO: Run Behavior\ContentReplaceBehavior [ RunTime:0.000030s ]
INFO: [ template_filter ] --END-- [ RunTime:-0.003904s ]
INFO: Run Behavior\ParseTemplateBehavior [ RunTime:0.003225s ]
INFO: [ view_parse ] --END-- [ RunTime:-0.000646s ]
INFO: [ view_filter ] --START--
INFO: Run Behavior\WriteHtmlCacheBehavior [ RunTime:0.000008s ]
INFO: [ view_filter ] --END-- [ RunTime:-0.003418s ]
INFO: [ view_parse ] --START--
INFO: [ template_filter ] --START--
INFO: Run Behavior\ContentReplaceBehavior [ RunTime:0.000017s ]
INFO: [ template_filter ] --END-- [ RunTime:-0.006045s ]
INFO: Run Behavior\ParseTemplateBehavior [ RunTime:0.001399s ]
INFO: [ view_parse ] --END-- [ RunTime:-0.004122s ]
INFO: [ view_filter ] --START--
INFO: Run Behavior\WriteHtmlCacheBehavior [ RunTime:0.000008s ]
INFO: [ view_filter ] --END-- [ RunTime:-0.005068s ]
NOTIC: [2] Cannot modify header information - headers already sent by (output started at D:\phpStudy\WWW\tp2\ThinkPHP\Library\Think\View.class.php:95) D:\phpStudy\WWW\tp2\ThinkPHP\Library\Think\View.class.php 第 91 行.
NOTIC: [2] Cannot modify header information - headers already sent by (output started at D:\phpStudy\WWW\tp2\ThinkPHP\Library\Think\View.class.php:95) D:\phpStudy\WWW\tp2\ThinkPHP\Library\Think\View.class.php 第 92 行.
NOTIC: [2] Cannot modify header information - headers already sent by (output started at D:\phpStudy\WWW\tp2\ThinkPHP\Library\Think\View.class.php:95) D:\phpStudy\WWW\tp2\ThinkPHP\Library\Think\View.class.php 第 93 行.
INFO: [ app_end ] --START--
INFO: Run Behavior\ShowPageTraceBehavior [ RunTime:0.000605s ]
INFO: [ app_end ] --END-- [ RunTime:0.000636s ]

[ 2017-06-29T14:07:48+08:00 ] ::1 /tp2/index.php/Product/index/id/4
INFO: [ app_init ] --START--
INFO: Run Behavior\BuildLiteBehavior [ RunTime:0.000012s ]
INFO: [ app_init ] --END-- [ RunTime:0.000487s ]
INFO: [ app_begin ] --START--
INFO: Run Behavior\ReadHtmlCacheBehavior [ RunTime:0.000707s ]
INFO: [ app_begin ] --END-- [ RunTime:0.000761s ]
SQL: SHOW COLUMNS FROM `think_banner` [ RunTime:0.0148s ]
SQL: SELECT * FROM `think_banner` WHERE `bid` = 1  [ RunTime:0.0010s ]
SQL: SHOW COLUMNS FROM `think_category` [ RunTime:0.0142s ]
SQL: SELECT * FROM `think_category` WHERE `pid` = 1  [ RunTime:0.0009s ]
SQL: SHOW COLUMNS FROM `think_product` [ RunTime:0.0178s ]
SQL: SHOW COLUMNS FROM `think_product` [ RunTime:0.0183s ]
SQL: SELECT COUNT(*) AS tp_count FROM `think_product` WHERE `pro_cate` = 4 LIMIT 1   [ RunTime:0.0012s ]
SQL: SELECT * FROM `think_product` WHERE `pro_cate` = 4 ORDER BY id DESC LIMIT 0,3   [ RunTime:0.0011s ]
INFO: [ view_parse ] --START--
INFO: [ template_filter ] --START--
INFO: Run Behavior\ContentReplaceBehavior [ RunTime:0.000124s ]
INFO: [ template_filter ] --END-- [ RunTime:0.000267s ]
NOTIC: [8] Undefined index: vip_name D:\phpStudy\WWW\tp2\Application\Home\Runtime\Cache\Home\e889839820909ebce868b8f174bc544a.php 第 36 行.
INFO: Run Behavior\ParseTemplateBehavior [ RunTime:0.028081s ]
INFO: [ view_parse ] --END-- [ RunTime:0.028294s ]
INFO: [ view_filter ] --START--
INFO: Run Behavior\WriteHtmlCacheBehavior [ RunTime:0.001642s ]
INFO: [ view_filter ] --END-- [ RunTime:0.001767s ]
INFO: [ view_parse ] --START--
INFO: [ template_filter ] --START--
INFO: Run Behavior\ContentReplaceBehavior [ RunTime:0.000193s ]
INFO: [ template_filter ] --END-- [ RunTime:-0.017904s ]
INFO: Run Behavior\ParseTemplateBehavior [ RunTime:0.016321s ]
INFO: [ view_parse ] --END-- [ RunTime:-0.002487s ]
INFO: [ view_filter ] --START--
INFO: Run Behavior\WriteHtmlCacheBehavior [ RunTime:0.000032s ]
INFO: [ view_filter ] --END-- [ RunTime:-0.017260s ]
INFO: [ view_parse ] --START--
INFO: [ template_filter ] --START--
INFO: Run Behavior\ContentReplaceBehavior [ RunTime:0.000083s ]
INFO: [ template_filter ] --END-- [ RunTime:-0.029066s ]
INFO: Run Behavior\ParseTemplateBehavior [ RunTime:0.005402s ]
INFO: [ view_parse ] --END-- [ RunTime:-0.019879s ]
INFO: [ view_filter ] --START--
INFO: Run Behavior\WriteHtmlCacheBehavior [ RunTime:0.000031s ]
INFO: [ view_filter ] --END-- [ RunTime:-0.023655s ]
NOTIC: [2] Cannot modify header information - headers already sent by (output started at D:\phpStudy\WWW\tp2\ThinkPHP\Library\Think\View.class.php:95) D:\phpStudy\WWW\tp2\ThinkPHP\Library\Think\View.class.php 第 91 行.
NOTIC: [2] Cannot modify header information - headers already sent by (output started at D:\phpStudy\WWW\tp2\ThinkPHP\Library\Think\View.class.php:95) D:\phpStudy\WWW\tp2\ThinkPHP\Library\Think\View.class.php 第 92 行.
NOTIC: [2] Cannot modify header information - headers already sent by (output started at D:\phpStudy\WWW\tp2\ThinkPHP\Library\Think\View.class.php:95) D:\phpStudy\WWW\tp2\ThinkPHP\Library\Think\View.class.php 第 93 行.
INFO: [ app_end ] --START--
INFO: Run Behavior\ShowPageTraceBehavior [ RunTime:0.003039s ]
INFO: [ app_end ] --END-- [ RunTime:0.003293s ]

[ 2017-06-29T14:08:49+08:00 ] ::1 /tp2/index.php/Index/index
INFO: [ app_init ] --START--
INFO: Run Behavior\BuildLiteBehavior [ RunTime:0.000013s ]
INFO: [ app_init ] --END-- [ RunTime:0.000621s ]
INFO: [ app_begin ] --START--
INFO: Run Behavior\ReadHtmlCacheBehavior [ RunTime:0.000686s ]
INFO: [ app_begin ] --END-- [ RunTime:0.000736s ]
SQL: SHOW COLUMNS FROM `think_banner` [ RunTime:0.0103s ]
SQL: SELECT * FROM `think_banner` WHERE `bid` = 1  [ RunTime:0.0010s ]
SQL: SHOW COLUMNS FROM `think_product` [ RunTime:0.0163s ]
SQL: SELECT * FROM `think_product` ORDER BY id DESC LIMIT 3   [ RunTime:0.0012s ]
SQL: SHOW COLUMNS FROM `think_product` [ RunTime:0.0162s ]
SQL: SHOW COLUMNS FROM `think_category` [ RunTime:0.0124s ]
NOTIC: [2] Invalid argument supplied for foreach() D:\phpStudy\WWW\tp2\ThinkPHP\Library\Think\Db\Driver.class.php 第 504 行.
SQL: SELECT Product.id AS id,Product.pro_name AS pro_name,Product.market_price AS market_price,Product.shop_price AS shop_price,Product.pro_num AS pro_num,Product.pro_cate AS pro_cate,Product.description AS description,Product.pro_img AS pro_img,Product.img_path AS img_path,Product.pro_time AS pro_time,Category.name AS name FROM think_product Product  JOIN think_category Category ON Product.pro_cate=Category.id ORDER BY Product.id ASC LIMIT 3   [ RunTime:0.0008s ]
SQL: SHOW COLUMNS FROM `think_brand` [ RunTime:0.0097s ]
SQL: SELECT * FROM `think_brand` WHERE `id` = 1 LIMIT 1   [ RunTime:0.0006s ]
SQL: SELECT * FROM `think_brand` ORDER BY id ASC LIMIT 1,3   [ RunTime:0.0004s ]
INFO: [ view_parse ] --START--
INFO: [ template_filter ] --START--
INFO: Run Behavior\ContentReplaceBehavior [ RunTime:0.000049s ]
INFO: [ template_filter ] --END-- [ RunTime:0.000103s ]
NOTIC: [8] Undefined index: vip_name D:\phpStudy\WWW\tp2\Application\Home\Runtime\Cache\Home\e889839820909ebce868b8f174bc544a.php 第 36 行.
INFO: Run Behavior\ParseTemplateBehavior [ RunTime:0.008197s ]
INFO: [ view_parse ] --END-- [ RunTime:0.008271s ]
INFO: [ view_filter ] --START--
INFO: Run Behavior\WriteHtmlCacheBehavior [ RunTime:0.000691s ]
INFO: [ view_filter ] --END-- [ RunTime:0.000739s ]
INFO: [ view_parse ] --START--
INFO: [ template_filter ] --START--
INFO: Run Behavior\ContentReplaceBehavior [ RunTime:0.000067s ]
INFO: [ template_filter ] --END-- [ RunTime:-0.006722s ]
INFO: Run Behavior\ParseTemplateBehavior [ RunTime:0.007028s ]
INFO: [ view_parse ] --END-- [ RunTime:-0.001012s ]
INFO: [ view_filter ] --START--
INFO: Run Behavior\WriteHtmlCacheBehavior [ RunTime:0.000010s ]
INFO: [ view_filter ] --END-- [ RunTime:-0.007351s ]
INFO: [ view_parse ] --START--
INFO: [ template_filter ] --START--
INFO: Run Behavior\ContentReplaceBehavior [ RunTime:0.000020s ]
INFO: [ template_filter ] --END-- [ RunTime:-0.010445s ]
INFO: Run Behavior\ParseTemplateBehavior [ RunTime:0.001602s ]
INFO: [ view_parse ] --END-- [ RunTime:-0.008345s ]
INFO: [ view_filter ] --START--
INFO: Run Behavior\WriteHtmlCacheBehavior [ RunTime:0.000009s ]
INFO: [ view_filter ] --END-- [ RunTime:-0.009238s ]
NOTIC: [2] Cannot modify header information - headers already sent by (output started at D:\phpStudy\WWW\tp2\ThinkPHP\Library\Think\View.class.php:95) D:\phpStudy\WWW\tp2\ThinkPHP\Library\Think\View.class.php 第 91 行.
NOTIC: [2] Cannot modify header information - headers already sent by (output started at D:\phpStudy\WWW\tp2\ThinkPHP\Library\Think\View.class.php:95) D:\phpStudy\WWW\tp2\ThinkPHP\Library\Think\View.class.php 第 92 行.
NOTIC: [2] Cannot modify header information - headers already sent by (output started at D:\phpStudy\WWW\tp2\ThinkPHP\Library\Think\View.class.php:95) D:\phpStudy\WWW\tp2\ThinkPHP\Library\Think\View.class.php 第 93 行.
INFO: [ app_end ] --START--
INFO: Run Behavior\ShowPageTraceBehavior [ RunTime:0.000587s ]
INFO: [ app_end ] --END-- [ RunTime:0.000624s ]

